# lattice-best-path --lm-scale=16 --word-symbol-table=exp/tri1/graph/words.txt "ark:gunzip -c exp/tri1/decode/lat.*.gz|" ark,t:exp/tri1/decode/scoring/16.tra 
# Started at Thứ ba, 17 Tháng 5 năm 2022 12:23:08 +07
#
lattice-best-path --lm-scale=16 --word-symbol-table=exp/tri1/graph/words.txt 'ark:gunzip -c exp/tri1/decode/lat.*.gz|' ark,t:exp/tri1/decode/scoring/16.tra 
LOG (lattice-best-path[5.5.1023~1-d673]:main():lattice-best-path.cc:99) For utterance S_S17_W_ba_01, best cost 129.579 + 1255.17 = 1384.75 over 14 frames.
S_S17_W_ba_01 ba 
LOG (lattice-best-path[5.5.1023~1-d673]:main():lattice-best-path.cc:99) For utterance S_S17_W_ba_02, best cost 152.745 + 3479.28 = 3632.03 over 35 frames.
S_S17_W_ba_02 lẻ 
LOG (lattice-best-path[5.5.1023~1-d673]:main():lattice-best-path.cc:99) For utterance S_S17_W_ba_03, best cost 130.87 + 1696.16 = 1827.03 over 17 frames.
S_S17_W_ba_03 ba 
LOG (lattice-best-path[5.5.1023~1-d673]:main():lattice-best-path.cc:99) For utterance S_S17_W_ba_04, best cost 147.854 + 2223.32 = 2371.18 over 23 frames.
S_S17_W_ba_04 lẻ 
LOG (lattice-best-path[5.5.1023~1-d673]:main():lattice-best-path.cc:99) For utterance S_S17_W_ba_05, best cost 144.635 + 3337.59 = 3482.23 over 37 frames.
S_S17_W_ba_05 ba 
LOG (lattice-best-path[5.5.1023~1-d673]:main():lattice-best-path.cc:99) For utterance S_S17_W_ba_06, best cost 130.414 + 3273.3 = 3403.72 over 39 frames.
S_S17_W_ba_06 ba 
LOG (lattice-best-path[5.5.1023~1-d673]:main():lattice-best-path.cc:99) For utterance S_S17_W_ba_07, best cost 138.705 + 2229.39 = 2368.1 over 21 frames.
S_S17_W_ba_07 bảy 
LOG (lattice-best-path[5.5.1023~1-d673]:main():lattice-best-path.cc:99) For utterance S_S17_W_ba_08, best cost 127.121 + 1229.49 = 1356.62 over 14 frames.
S_S17_W_ba_08 tám 
LOG (lattice-best-path[5.5.1023~1-d673]:main():lattice-best-path.cc:99) For utterance S_S17_W_ba_09, best cost 131.933 + 1681.81 = 1813.74 over 17 frames.
S_S17_W_ba_09 tám 
LOG (lattice-best-path[5.5.1023~1-d673]:main():lattice-best-path.cc:99) For utterance S_S17_W_ba_10, best cost 193.958 + 3542.08 = 3736.04 over 41 frames.
S_S17_W_ba_10 ba ba 
LOG (lattice-best-path[5.5.1023~1-d673]:main():lattice-best-path.cc:99) For utterance S_S17_W_ba_11, best cost 136.948 + 2641.08 = 2778.03 over 34 frames.
S_S17_W_ba_11 ba 
LOG (lattice-best-path[5.5.1023~1-d673]:main():lattice-best-path.cc:99) For utterance S_S17_W_bayr_01, best cost 133.062 + 1930.98 = 2064.04 over 19 frames.
S_S17_W_bayr_01 bảy 
LOG (lattice-best-path[5.5.1023~1-d673]:main():lattice-best-path.cc:99) For utterance S_S17_W_bayr_02, best cost 133.401 + 2075.23 = 2208.63 over 20 frames.
S_S17_W_bayr_02 bảy 
LOG (lattice-best-path[5.5.1023~1-d673]:main():lattice-best-path.cc:99) For utterance S_S17_W_bayr_03, best cost 132.737 + 2129.74 = 2262.48 over 21 frames.
S_S17_W_bayr_03 bảy 
LOG (lattice-best-path[5.5.1023~1-d673]:main():lattice-best-path.cc:99) For utterance S_S17_W_bayr_04, best cost 133.442 + 2012.58 = 2146.02 over 19 frames.
S_S17_W_bayr_04 bảy 
LOG (lattice-best-path[5.5.1023~1-d673]:main():lattice-best-path.cc:99) For utterance S_S17_W_bayr_05, best cost 131.062 + 2366.09 = 2497.15 over 25 frames.
S_S17_W_bayr_05 bảy 
LOG (lattice-best-path[5.5.1023~1-d673]:main():lattice-best-path.cc:99) For utterance S_S17_W_bayr_06, best cost 140.218 + 3155.12 = 3295.34 over 32 frames.
S_S17_W_bayr_06 bảy 
LOG (lattice-best-path[5.5.1023~1-d673]:main():lattice-best-path.cc:99) For utterance S_S17_W_bayr_07, best cost 139.971 + 3133.02 = 3272.99 over 32 frames.
S_S17_W_bayr_07 bảy 
LOG (lattice-best-path[5.5.1023~1-d673]:main():lattice-best-path.cc:99) For utterance S_S17_W_bayr_08, best cost 138.051 + 2325.1 = 2463.15 over 22 frames.
S_S17_W_bayr_08 bảy 
LOG (lattice-best-path[5.5.1023~1-d673]:main():lattice-best-path.cc:99) For utterance S_S17_W_bayr_09, best cost 126.306 + 1449.77 = 1576.08 over 15 frames.
S_S17_W_bayr_09 bảy 
LOG (lattice-best-path[5.5.1023~1-d673]:main():lattice-best-path.cc:99) For utterance S_S17_W_boons_01, best cost 142.109 + 1227.15 = 1369.26 over 14 frames.
S_S17_W_boons_01 bốn 
LOG (lattice-best-path[5.5.1023~1-d673]:main():lattice-best-path.cc:99) For utterance S_S17_W_boons_02, best cost 145.981 + 2290.21 = 2436.19 over 23 frames.
S_S17_W_boons_02 một 
LOG (lattice-best-path[5.5.1023~1-d673]:main():lattice-best-path.cc:99) For utterance S_S17_W_chins_01, best cost 150.333 + 2794.36 = 2944.7 over 27 frames.
S_S17_W_chins_01 chín 
LOG (lattice-best-path[5.5.1023~1-d673]:main():lattice-best-path.cc:99) For utterance S_S17_W_chins_02, best cost 139.047 + 2007.86 = 2146.91 over 19 frames.
S_S17_W_chins_02 chín 
LOG (lattice-best-path[5.5.1023~1-d673]:main():lattice-best-path.cc:99) For utterance S_S17_W_chins_03, best cost 140.7 + 2074.63 = 2215.33 over 21 frames.
S_S17_W_chins_03 chín 
LOG (lattice-best-path[5.5.1023~1-d673]:main():lattice-best-path.cc:99) For utterance S_S17_W_chins_04, best cost 137.407 + 1541.01 = 1678.41 over 16 frames.
S_S17_W_chins_04 chín 
LOG (lattice-best-path[5.5.1023~1-d673]:main():lattice-best-path.cc:99) For utterance S_S17_W_hai_01, best cost 139.266 + 4249.17 = 4388.44 over 49 frames.
S_S17_W_hai_01 hai 
LOG (lattice-best-path[5.5.1023~1-d673]:main():lattice-best-path.cc:99) For utterance S_S17_W_hai_02, best cost 131.636 + 2428.9 = 2560.54 over 27 frames.
S_S17_W_hai_02 hai 
LOG (lattice-best-path[5.5.1023~1-d673]:main():lattice-best-path.cc:99) For utterance S_S17_W_hai_03, best cost 128.257 + 1488.9 = 1617.15 over 16 frames.
S_S17_W_hai_03 hai 
LOG (lattice-best-path[5.5.1023~1-d673]:main():lattice-best-path.cc:99) For utterance S_S17_W_hai_04, best cost 125.476 + 806.665 = 932.142 over 9 frames.
S_S17_W_hai_04 hai 
LOG (lattice-best-path[5.5.1023~1-d673]:main():lattice-best-path.cc:99) For utterance S_S17_W_hai_05, best cost 139.29 + 4306.71 = 4446 over 50 frames.
S_S17_W_hai_05 hai 
LOG (lattice-best-path[5.5.1023~1-d673]:main():lattice-best-path.cc:99) For utterance S_S17_W_hai_06, best cost 130.138 + 1445.75 = 1575.89 over 15 frames.
S_S17_W_hai_06 hai 
LOG (lattice-best-path[5.5.1023~1-d673]:main():lattice-best-path.cc:99) For utterance S_S17_W_hai_07, best cost 135.66 + 3071.4 = 3207.06 over 39 frames.
S_S17_W_hai_07 hai 
LOG (lattice-best-path[5.5.1023~1-d673]:main():lattice-best-path.cc:99) For utterance S_S17_W_hai_08, best cost 86.3122 + 2186.41 = 2272.72 over 25 frames.
S_S17_W_hai_08 
LOG (lattice-best-path[5.5.1023~1-d673]:main():lattice-best-path.cc:99) For utterance S_S17_W_hai_09, best cost 131.485 + 2490.92 = 2622.4 over 26 frames.
S_S17_W_hai_09 hai 
LOG (lattice-best-path[5.5.1023~1-d673]:main():lattice-best-path.cc:99) For utterance S_S17_W_hai_10, best cost 138.433 + 2382.57 = 2521 over 25 frames.
S_S17_W_hai_10 hai 
LOG (lattice-best-path[5.5.1023~1-d673]:main():lattice-best-path.cc:99) For utterance S_S17_W_lawm_01, best cost 180.122 + 3728.03 = 3908.15 over 43 frames.
S_S17_W_lawm_01 lăm 
LOG (lattice-best-path[5.5.1023~1-d673]:main():lattice-best-path.cc:99) For utterance S_S17_W_ler_01, best cost 89.0805 + 2715.13 = 2804.21 over 23 frames.
S_S17_W_ler_01 
LOG (lattice-best-path[5.5.1023~1-d673]:main():lattice-best-path.cc:99) For utterance S_S17_W_mootj_01, best cost 78.1713 + 1860.33 = 1938.5 over 17 frames.
S_S17_W_mootj_01 
LOG (lattice-best-path[5.5.1023~1-d673]:main():lattice-best-path.cc:99) For utterance S_S17_W_mootj_02, best cost 136.384 + 1581.04 = 1717.42 over 16 frames.
S_S17_W_mootj_02 một 
LOG (lattice-best-path[5.5.1023~1-d673]:main():lattice-best-path.cc:99) For utterance S_S17_W_mootj_03, best cost 142.12 + 2276.42 = 2418.54 over 22 frames.
S_S17_W_mootj_03 một 
LOG (lattice-best-path[5.5.1023~1-d673]:main():lattice-best-path.cc:99) For utterance S_S17_W_mootj_04, best cost 146.295 + 2641.82 = 2788.12 over 25 frames.
S_S17_W_mootj_04 một 
LOG (lattice-best-path[5.5.1023~1-d673]:main():lattice-best-path.cc:99) For utterance S_S17_W_mootj_05, best cost 137.527 + 1773.14 = 1910.67 over 19 frames.
S_S17_W_mootj_05 một 
LOG (lattice-best-path[5.5.1023~1-d673]:main():lattice-best-path.cc:99) For utterance S_S17_W_mootj_06, best cost 158.499 + 1709.33 = 1867.82 over 18 frames.
S_S17_W_mootj_06 mốt 
LOG (lattice-best-path[5.5.1023~1-d673]:main():lattice-best-path.cc:99) For utterance S_S17_W_moots_01, best cost 158.033 + 2244.93 = 2402.96 over 26 frames.
S_S17_W_moots_01 mốt 
LOG (lattice-best-path[5.5.1023~1-d673]:main():lattice-best-path.cc:99) For utterance S_S17_W_muowi_01, best cost 119.423 + 2024.06 = 2143.48 over 20 frames.
S_S17_W_muowi_01 mươi 
LOG (lattice-best-path[5.5.1023~1-d673]:main():lattice-best-path.cc:99) For utterance S_S17_W_muowi_02, best cost 116.278 + 1544.49 = 1660.77 over 17 frames.
S_S17_W_muowi_02 mươi 
LOG (lattice-best-path[5.5.1023~1-d673]:main():lattice-best-path.cc:99) For utterance S_S17_W_muowi_03, best cost 117.104 + 1921.39 = 2038.49 over 20 frames.
S_S17_W_muowi_03 mươi 
LOG (lattice-best-path[5.5.1023~1-d673]:main():lattice-best-path.cc:99) For utterance S_S17_W_muowi_04, best cost 116.198 + 1821.63 = 1937.83 over 18 frames.
S_S17_W_muowi_04 mươi 
LOG (lattice-best-path[5.5.1023~1-d673]:main():lattice-best-path.cc:99) For utterance S_S17_W_muowi_05, best cost 118.106 + 1805.54 = 1923.64 over 19 frames.
S_S17_W_muowi_05 mươi 
LOG (lattice-best-path[5.5.1023~1-d673]:main():lattice-best-path.cc:99) For utterance S_S17_W_muowi_06, best cost 117.056 + 1588.08 = 1705.14 over 17 frames.
S_S17_W_muowi_06 mươi 
LOG (lattice-best-path[5.5.1023~1-d673]:main():lattice-best-path.cc:99) For utterance S_S17_W_muowi_07, best cost 113.16 + 1296.83 = 1410 over 13 frames.
S_S17_W_muowi_07 mươi 
LOG (lattice-best-path[5.5.1023~1-d673]:main():lattice-best-path.cc:99) For utterance S_S17_W_muowi_08, best cost 115.214 + 1509.55 = 1624.77 over 15 frames.
S_S17_W_muowi_08 mươi 
LOG (lattice-best-path[5.5.1023~1-d673]:main():lattice-best-path.cc:99) For utterance S_S17_W_muowi_09, best cost 114.025 + 1169.63 = 1283.66 over 13 frames.
S_S17_W_muowi_09 mươi 
LOG (lattice-best-path[5.5.1023~1-d673]:main():lattice-best-path.cc:99) For utterance S_S17_W_muowi_10, best cost 112.588 + 1296.83 = 1409.42 over 13 frames.
S_S17_W_muowi_10 mươi 
LOG (lattice-best-path[5.5.1023~1-d673]:main():lattice-best-path.cc:99) For utterance S_S17_W_muowi_11, best cost 116.694 + 1787.22 = 1903.91 over 20 frames.
S_S17_W_muowi_11 mươi 
LOG (lattice-best-path[5.5.1023~1-d673]:main():lattice-best-path.cc:99) For utterance S_S17_W_muowi_12, best cost 117.205 + 1887.14 = 2004.34 over 20 frames.
S_S17_W_muowi_12 mươi 
LOG (lattice-best-path[5.5.1023~1-d673]:main():lattice-best-path.cc:99) For utterance S_S17_W_muowi_13, best cost 115.291 + 1546.68 = 1661.98 over 16 frames.
S_S17_W_muowi_13 mươi 
LOG (lattice-best-path[5.5.1023~1-d673]:main():lattice-best-path.cc:99) For utterance S_S17_W_muowi_14, best cost 113.493 + 1436.25 = 1549.74 over 15 frames.
S_S17_W_muowi_14 mươi 
LOG (lattice-best-path[5.5.1023~1-d673]:main():lattice-best-path.cc:99) For utterance S_S17_W_muowi_15, best cost 117.549 + 1787.02 = 1904.57 over 21 frames.
S_S17_W_muowi_15 mươi 
LOG (lattice-best-path[5.5.1023~1-d673]:main():lattice-best-path.cc:99) For utterance S_S17_W_muowi_16, best cost 115.445 + 1677.41 = 1792.86 over 18 frames.
S_S17_W_muowi_16 mươi 
LOG (lattice-best-path[5.5.1023~1-d673]:main():lattice-best-path.cc:99) For utterance S_S17_W_muowi_17, best cost 112.044 + 1121.47 = 1233.51 over 12 frames.
S_S17_W_muowi_17 mươi 
LOG (lattice-best-path[5.5.1023~1-d673]:main():lattice-best-path.cc:99) For utterance S_S17_W_muowi_18, best cost 121.405 + 2305.51 = 2426.92 over 25 frames.
S_S17_W_muowi_18 mươi 
LOG (lattice-best-path[5.5.1023~1-d673]:main():lattice-best-path.cc:99) For utterance S_S17_W_muowi_19, best cost 113.434 + 1338.17 = 1451.6 over 15 frames.
S_S17_W_muowi_19 mươi 
LOG (lattice-best-path[5.5.1023~1-d673]:main():lattice-best-path.cc:99) For utterance S_S17_W_muowi_20, best cost 118.975 + 2483.03 = 2602 over 27 frames.
S_S17_W_muowi_20 mươi 
LOG (lattice-best-path[5.5.1023~1-d673]:main():lattice-best-path.cc:99) For utterance S_S17_W_muowi_21, best cost 70.0018 + 1158.49 = 1228.49 over 10 frames.
S_S17_W_muowi_21 
LOG (lattice-best-path[5.5.1023~1-d673]:main():lattice-best-path.cc:99) For utterance S_S17_W_muowif_01, best cost 120.76 + 2818.96 = 2939.72 over 32 frames.
S_S17_W_muowif_01 mươi 
LOG (lattice-best-path[5.5.1023~1-d673]:main():lattice-best-path.cc:99) For utterance S_S17_W_nawm_01, best cost 161.825 + 3403.14 = 3564.97 over 36 frames.
S_S17_W_nawm_01 năm 
LOG (lattice-best-path[5.5.1023~1-d673]:main():lattice-best-path.cc:99) For utterance S_S17_W_nawm_02, best cost 153.524 + 2329.74 = 2483.27 over 25 frames.
S_S17_W_nawm_02 năm 
LOG (lattice-best-path[5.5.1023~1-d673]:main():lattice-best-path.cc:99) For utterance S_S17_W_nawm_03, best cost 159.359 + 2264.03 = 2423.38 over 26 frames.
S_S17_W_nawm_03 năm 
LOG (lattice-best-path[5.5.1023~1-d673]:main():lattice-best-path.cc:99) For utterance S_S17_W_saus_01, best cost 131 + 3002.91 = 3133.91 over 31 frames.
S_S17_W_saus_01 sáu 
LOG (lattice-best-path[5.5.1023~1-d673]:main():lattice-best-path.cc:99) For utterance S_S17_W_saus_02, best cost 131.905 + 3940.85 = 4072.76 over 42 frames.
S_S17_W_saus_02 sáu 
LOG (lattice-best-path[5.5.1023~1-d673]:main():lattice-best-path.cc:99) For utterance S_S17_W_saus_03, best cost 138.331 + 3671.65 = 3809.99 over 41 frames.
S_S17_W_saus_03 sáu 
LOG (lattice-best-path[5.5.1023~1-d673]:main():lattice-best-path.cc:99) For utterance S_S17_W_saus_04, best cost 139.952 + 3992.05 = 4132 over 44 frames.
S_S17_W_saus_04 sáu 
LOG (lattice-best-path[5.5.1023~1-d673]:main():lattice-best-path.cc:99) For utterance S_S17_W_saus_05, best cost 142.999 + 4403.7 = 4546.7 over 47 frames.
S_S17_W_saus_05 sáu 
LOG (lattice-best-path[5.5.1023~1-d673]:main():lattice-best-path.cc:99) For utterance S_S17_W_saus_06, best cost 137.029 + 2374.17 = 2511.2 over 24 frames.
S_S17_W_saus_06 sáu 
LOG (lattice-best-path[5.5.1023~1-d673]:main():lattice-best-path.cc:99) For utterance S_S17_W_saus_07, best cost 129.578 + 2292.38 = 2421.96 over 24 frames.
S_S17_W_saus_07 sáu 
LOG (lattice-best-path[5.5.1023~1-d673]:main():lattice-best-path.cc:99) For utterance S_S17_W_saus_08, best cost 133.666 + 2300.27 = 2433.93 over 23 frames.
S_S17_W_saus_08 sáu 
LOG (lattice-best-path[5.5.1023~1-d673]:main():lattice-best-path.cc:99) For utterance S_S17_W_saus_09, best cost 127.515 + 1501.59 = 1629.1 over 15 frames.
S_S17_W_saus_09 sáu 
LOG (lattice-best-path[5.5.1023~1-d673]:main():lattice-best-path.cc:99) For utterance S_S17_W_saus_10, best cost 129.93 + 2629.86 = 2759.79 over 28 frames.
S_S17_W_saus_10 sáu 
LOG (lattice-best-path[5.5.1023~1-d673]:main():lattice-best-path.cc:99) For utterance S_S17_W_saus_11, best cost 131.228 + 3140.42 = 3271.65 over 36 frames.
S_S17_W_saus_11 sáu 
LOG (lattice-best-path[5.5.1023~1-d673]:main():lattice-best-path.cc:99) For utterance S_S17_W_tams_01, best cost 134.132 + 2107.89 = 2242.03 over 23 frames.
S_S17_W_tams_01 tám 
LOG (lattice-best-path[5.5.1023~1-d673]:main():lattice-best-path.cc:99) For utterance S_S17_W_tams_02, best cost 142.876 + 2945.09 = 3087.97 over 33 frames.
S_S17_W_tams_02 tám 
LOG (lattice-best-path[5.5.1023~1-d673]:main():lattice-best-path.cc:99) For utterance S_S17_W_tams_03, best cost 136.086 + 2029.43 = 2165.52 over 22 frames.
S_S17_W_tams_03 tám 
LOG (lattice-best-path[5.5.1023~1-d673]:main():lattice-best-path.cc:99) For utterance S_S17_W_tams_04, best cost 132.268 + 1802.74 = 1935.01 over 18 frames.
S_S17_W_tams_04 tám 
LOG (lattice-best-path[5.5.1023~1-d673]:main():lattice-best-path.cc:99) For utterance S_S17_W_tams_05, best cost 131.764 + 1815.6 = 1947.36 over 18 frames.
S_S17_W_tams_05 tám 
LOG (lattice-best-path[5.5.1023~1-d673]:main():lattice-best-path.cc:99) For utterance S_S17_W_tams_06, best cost 131.62 + 1677.39 = 1809.01 over 17 frames.
S_S17_W_tams_06 tám 
LOG (lattice-best-path[5.5.1023~1-d673]:main():lattice-best-path.cc:99) For utterance S_S17_W_tams_07, best cost 130.654 + 1733.91 = 1864.57 over 19 frames.
S_S17_W_tams_07 tám 
LOG (lattice-best-path[5.5.1023~1-d673]:main():lattice-best-path.cc:99) For utterance S_S17_W_tams_08, best cost 131.244 + 1763.17 = 1894.41 over 20 frames.
S_S17_W_tams_08 tám 
LOG (lattice-best-path[5.5.1023~1-d673]:main():lattice-best-path.cc:99) For utterance S_S17_W_trawm_01, best cost 145.425 + 2830.65 = 2976.08 over 27 frames.
S_S17_W_trawm_01 tám 
LOG (lattice-best-path[5.5.1023~1-d673]:main():lattice-best-path.cc:99) For utterance S_S17_W_trawm_02, best cost 136.594 + 2971.67 = 3108.26 over 32 frames.
S_S17_W_trawm_02 trăm 
LOG (lattice-best-path[5.5.1023~1-d673]:main():lattice-best-path.cc:99) For utterance S_S17_W_trawm_03, best cost 115.107 + 1455.83 = 1570.94 over 15 frames.
S_S17_W_trawm_03 trăm 
LOG (lattice-best-path[5.5.1023~1-d673]:main():lattice-best-path.cc:99) For utterance S_S17_W_trawm_04, best cost 132.523 + 1937.59 = 2070.11 over 17 frames.
S_S17_W_trawm_04 tám 
LOG (lattice-best-path[5.5.1023~1-d673]:main():lattice-best-path.cc:99) For utterance S_S17_W_trawm_05, best cost 130.242 + 3464.83 = 3595.07 over 32 frames.
S_S17_W_trawm_05 trăm 
LOG (lattice-best-path[5.5.1023~1-d673]:main():lattice-best-path.cc:99) For utterance S_S17_W_trawm_06, best cost 117.678 + 1589.6 = 1707.28 over 17 frames.
S_S17_W_trawm_06 trăm 
LOG (lattice-best-path[5.5.1023~1-d673]:main():lattice-best-path.cc:99) For utterance S_S17_W_trawm_07, best cost 127.035 + 2268.96 = 2395.99 over 24 frames.
S_S17_W_trawm_07 trăm 
LOG (lattice-best-path[5.5.1023~1-d673]:main():lattice-best-path.cc:99) For utterance S_S17_W_trawm_08, best cost 141.551 + 2570.6 = 2712.15 over 24 frames.
S_S17_W_trawm_08 tám 
LOG (lattice-best-path[5.5.1023~1-d673]:main():lattice-best-path.cc:99) For utterance S_S17_W_trawm_09, best cost 121.653 + 2251.36 = 2373.01 over 20 frames.
S_S17_W_trawm_09 trăm 
LOG (lattice-best-path[5.5.1023~1-d673]:main():lattice-best-path.cc:99) For utterance S_S17_W_trawm_10, best cost 114.833 + 1395.92 = 1510.75 over 14 frames.
S_S17_W_trawm_10 trăm 
LOG (lattice-best-path[5.5.1023~1-d673]:main():lattice-best-path.cc:99) For utterance S_S17_W_trawm_11, best cost 124.023 + 1839.61 = 1963.63 over 20 frames.
S_S17_W_trawm_11 trăm 
LOG (lattice-best-path[5.5.1023~1-d673]:main():lattice-best-path.cc:99) For utterance S_S17_W_trawm_12, best cost 136.739 + 2187.18 = 2323.92 over 22 frames.
S_S17_W_trawm_12 tám 
LOG (lattice-best-path[5.5.1023~1-d673]:main():lattice-best-path.cc:99) For utterance S_S17_W_trawm_13, best cost 124.009 + 2074.09 = 2198.1 over 23 frames.
S_S17_W_trawm_13 trăm 
LOG (lattice-best-path[5.5.1023~1-d673]:main():lattice-best-path.cc:99) For utterance S_S17_W_trawm_14, best cost 125.597 + 2551.56 = 2677.16 over 25 frames.
S_S17_W_trawm_14 trăm 
LOG (lattice-best-path[5.5.1023~1-d673]:main():lattice-best-path.cc:99) For utterance S_S17_W_trawm_15, best cost 117.488 + 1632.16 = 1749.65 over 17 frames.
S_S17_W_trawm_15 trăm 
LOG (lattice-best-path[5.5.1023~1-d673]:main():lattice-best-path.cc:99) For utterance S_S17_W_trawm_16, best cost 138.51 + 2469.55 = 2608.06 over 23 frames.
S_S17_W_trawm_16 tám 
LOG (lattice-best-path[5.5.1023~1-d673]:main():lattice-best-path.cc:99) For utterance S_S17_W_trawm_17, best cost 125.616 + 2565.16 = 2690.77 over 26 frames.
S_S17_W_trawm_17 trăm 
LOG (lattice-best-path[5.5.1023~1-d673]:main():lattice-best-path.cc:99) For utterance S_S17_W_trawm_18, best cost 118.493 + 1689.24 = 1807.74 over 17 frames.
S_S17_W_trawm_18 trăm 
LOG (lattice-best-path[5.5.1023~1-d673]:main():lattice-best-path.cc:99) For utterance S_S17_W_trawm_19, best cost 120.265 + 1402.19 = 1522.46 over 17 frames.
S_S17_W_trawm_19 trăm 
LOG (lattice-best-path[5.5.1023~1-d673]:main():lattice-best-path.cc:99) For utterance S_S17_W_trawm_20, best cost 116.298 + 1643.14 = 1759.44 over 18 frames.
S_S17_W_trawm_20 trăm 
LOG (lattice-best-path[5.5.1023~1-d673]:main():lattice-best-path.cc:99) For utterance S_S17_W_trawm_21, best cost 126.045 + 2143.76 = 2269.8 over 24 frames.
S_S17_W_trawm_21 trăm 
LOG (lattice-best-path[5.5.1023~1-d673]:main():lattice-best-path.cc:99) For utterance S_S17_W_trawm_22, best cost 119.083 + 1592.17 = 1711.25 over 17 frames.
S_S17_W_trawm_22 trăm 
LOG (lattice-best-path[5.5.1023~1-d673]:main():lattice-best-path.cc:99) For utterance S_S19_W_ba_01, best cost 129.579 + 1254.13 = 1383.71 over 14 frames.
S_S19_W_ba_01 ba 
LOG (lattice-best-path[5.5.1023~1-d673]:main():lattice-best-path.cc:99) For utterance S_S19_W_ba_02, best cost 152.745 + 3482.51 = 3635.26 over 35 frames.
S_S19_W_ba_02 lẻ 
LOG (lattice-best-path[5.5.1023~1-d673]:main():lattice-best-path.cc:99) For utterance S_S19_W_ba_03, best cost 130.87 + 1694.44 = 1825.31 over 17 frames.
S_S19_W_ba_03 ba 
LOG (lattice-best-path[5.5.1023~1-d673]:main():lattice-best-path.cc:99) For utterance S_S19_W_ba_04, best cost 147.854 + 2224.98 = 2372.83 over 23 frames.
S_S19_W_ba_04 lẻ 
LOG (lattice-best-path[5.5.1023~1-d673]:main():lattice-best-path.cc:99) For utterance S_S19_W_ba_05, best cost 144.635 + 3338.89 = 3483.53 over 37 frames.
S_S19_W_ba_05 ba 
LOG (lattice-best-path[5.5.1023~1-d673]:main():lattice-best-path.cc:99) For utterance S_S19_W_ba_06, best cost 130.414 + 3271.1 = 3401.51 over 39 frames.
S_S19_W_ba_06 ba 
LOG (lattice-best-path[5.5.1023~1-d673]:main():lattice-best-path.cc:99) For utterance S_S19_W_ba_07, best cost 138.759 + 2229.73 = 2368.49 over 21 frames.
S_S19_W_ba_07 bảy 
LOG (lattice-best-path[5.5.1023~1-d673]:main():lattice-best-path.cc:99) For utterance S_S19_W_ba_08, best cost 127.121 + 1228.55 = 1355.67 over 14 frames.
S_S19_W_ba_08 tám 
LOG (lattice-best-path[5.5.1023~1-d673]:main():lattice-best-path.cc:99) For utterance S_S19_W_ba_09, best cost 133.25 + 1688.13 = 1821.38 over 17 frames.
S_S19_W_ba_09 tám 
LOG (lattice-best-path[5.5.1023~1-d673]:main():lattice-best-path.cc:99) For utterance S_S19_W_ba_10, best cost 193.958 + 3527.49 = 3721.45 over 41 frames.
S_S19_W_ba_10 ba ba 
LOG (lattice-best-path[5.5.1023~1-d673]:main():lattice-best-path.cc:99) For utterance S_S19_W_ba_11, best cost 136.948 + 2639.7 = 2776.65 over 34 frames.
S_S19_W_ba_11 ba 
LOG (lattice-best-path[5.5.1023~1-d673]:main():lattice-best-path.cc:99) For utterance S_S19_W_bayr_01, best cost 133.062 + 1928.81 = 2061.87 over 19 frames.
S_S19_W_bayr_01 bảy 
LOG (lattice-best-path[5.5.1023~1-d673]:main():lattice-best-path.cc:99) For utterance S_S19_W_bayr_02, best cost 133.401 + 2076.21 = 2209.61 over 20 frames.
S_S19_W_bayr_02 bảy 
LOG (lattice-best-path[5.5.1023~1-d673]:main():lattice-best-path.cc:99) For utterance S_S19_W_bayr_03, best cost 132.737 + 2132.07 = 2264.81 over 21 frames.
S_S19_W_bayr_03 bảy 
LOG (lattice-best-path[5.5.1023~1-d673]:main():lattice-best-path.cc:99) For utterance S_S19_W_bayr_04, best cost 133.442 + 2013.68 = 2147.12 over 19 frames.
S_S19_W_bayr_04 bảy 
LOG (lattice-best-path[5.5.1023~1-d673]:main():lattice-best-path.cc:99) For utterance S_S19_W_bayr_05, best cost 131.062 + 2370.18 = 2501.24 over 25 frames.
S_S19_W_bayr_05 bảy 
LOG (lattice-best-path[5.5.1023~1-d673]:main():lattice-best-path.cc:99) For utterance S_S19_W_bayr_06, best cost 140.218 + 3156.4 = 3296.62 over 32 frames.
S_S19_W_bayr_06 bảy 
LOG (lattice-best-path[5.5.1023~1-d673]:main():lattice-best-path.cc:99) For utterance S_S19_W_bayr_07, best cost 139.971 + 3127.79 = 3267.76 over 32 frames.
S_S19_W_bayr_07 bảy 
LOG (lattice-best-path[5.5.1023~1-d673]:main():lattice-best-path.cc:99) For utterance S_S19_W_bayr_08, best cost 138.051 + 2324.93 = 2462.99 over 22 frames.
S_S19_W_bayr_08 bảy 
LOG (lattice-best-path[5.5.1023~1-d673]:main():lattice-best-path.cc:99) For utterance S_S19_W_bayr_09, best cost 126.306 + 1451.05 = 1577.35 over 15 frames.
S_S19_W_bayr_09 bảy 
LOG (lattice-best-path[5.5.1023~1-d673]:main():lattice-best-path.cc:99) For utterance S_S19_W_boons_01, best cost 142.109 + 1227.33 = 1369.44 over 14 frames.
S_S19_W_boons_01 bốn 
LOG (lattice-best-path[5.5.1023~1-d673]:main():lattice-best-path.cc:99) For utterance S_S19_W_boons_02, best cost 145.981 + 2285.25 = 2431.23 over 23 frames.
S_S19_W_boons_02 một 
LOG (lattice-best-path[5.5.1023~1-d673]:main():lattice-best-path.cc:99) For utterance S_S19_W_chins_01, best cost 150.333 + 2801.91 = 2952.24 over 27 frames.
S_S19_W_chins_01 chín 
LOG (lattice-best-path[5.5.1023~1-d673]:main():lattice-best-path.cc:99) For utterance S_S19_W_chins_02, best cost 139.047 + 2008.81 = 2147.86 over 19 frames.
S_S19_W_chins_02 chín 
LOG (lattice-best-path[5.5.1023~1-d673]:main():lattice-best-path.cc:99) For utterance S_S19_W_chins_03, best cost 140.7 + 2076.05 = 2216.75 over 21 frames.
S_S19_W_chins_03 chín 
LOG (lattice-best-path[5.5.1023~1-d673]:main():lattice-best-path.cc:99) For utterance S_S19_W_chins_04, best cost 137.407 + 1536.24 = 1673.64 over 16 frames.
S_S19_W_chins_04 chín 
LOG (lattice-best-path[5.5.1023~1-d673]:main():lattice-best-path.cc:99) For utterance S_S19_W_hai_01, best cost 139.289 + 4243.09 = 4382.38 over 49 frames.
S_S19_W_hai_01 hai 
LOG (lattice-best-path[5.5.1023~1-d673]:main():lattice-best-path.cc:99) For utterance S_S19_W_hai_02, best cost 131.636 + 2432.91 = 2564.54 over 27 frames.
S_S19_W_hai_02 hai 
LOG (lattice-best-path[5.5.1023~1-d673]:main():lattice-best-path.cc:99) For utterance S_S19_W_hai_03, best cost 128.257 + 1489.4 = 1617.65 over 16 frames.
S_S19_W_hai_03 hai 
LOG (lattice-best-path[5.5.1023~1-d673]:main():lattice-best-path.cc:99) For utterance S_S19_W_hai_04, best cost 125.476 + 806.309 = 931.786 over 9 frames.
S_S19_W_hai_04 hai 
LOG (lattice-best-path[5.5.1023~1-d673]:main():lattice-best-path.cc:99) For utterance S_S19_W_hai_05, best cost 139.29 + 4304.48 = 4443.77 over 50 frames.
S_S19_W_hai_05 hai 
LOG (lattice-best-path[5.5.1023~1-d673]:main():lattice-best-path.cc:99) For utterance S_S19_W_hai_06, best cost 130.138 + 1446.38 = 1576.52 over 15 frames.
S_S19_W_hai_06 hai 
LOG (lattice-best-path[5.5.1023~1-d673]:main():lattice-best-path.cc:99) For utterance S_S19_W_hai_07, best cost 135.684 + 3068.18 = 3203.86 over 39 frames.
S_S19_W_hai_07 hai 
LOG (lattice-best-path[5.5.1023~1-d673]:main():lattice-best-path.cc:99) For utterance S_S19_W_hai_08, best cost 86.3122 + 2185 = 2271.31 over 25 frames.
S_S19_W_hai_08 
LOG (lattice-best-path[5.5.1023~1-d673]:main():lattice-best-path.cc:99) For utterance S_S19_W_hai_09, best cost 131.485 + 2489.99 = 2621.47 over 26 frames.
S_S19_W_hai_09 hai 
LOG (lattice-best-path[5.5.1023~1-d673]:main():lattice-best-path.cc:99) For utterance S_S19_W_hai_10, best cost 138.433 + 2384.51 = 2522.94 over 25 frames.
S_S19_W_hai_10 hai 
LOG (lattice-best-path[5.5.1023~1-d673]:main():lattice-best-path.cc:99) For utterance S_S19_W_lawm_01, best cost 181.257 + 3725.74 = 3907 over 43 frames.
S_S19_W_lawm_01 lăm 
LOG (lattice-best-path[5.5.1023~1-d673]:main():lattice-best-path.cc:99) For utterance S_S19_W_ler_01, best cost 89.0805 + 2710.81 = 2799.89 over 23 frames.
S_S19_W_ler_01 
LOG (lattice-best-path[5.5.1023~1-d673]:main():lattice-best-path.cc:99) For utterance S_S19_W_mootj_01, best cost 78.1713 + 1861.21 = 1939.38 over 17 frames.
S_S19_W_mootj_01 
LOG (lattice-best-path[5.5.1023~1-d673]:main():lattice-best-path.cc:99) For utterance S_S19_W_mootj_02, best cost 136.384 + 1579.42 = 1715.8 over 16 frames.
S_S19_W_mootj_02 một 
LOG (lattice-best-path[5.5.1023~1-d673]:main():lattice-best-path.cc:99) For utterance S_S19_W_mootj_03, best cost 142.506 + 2273.67 = 2416.17 over 22 frames.
S_S19_W_mootj_03 một 
LOG (lattice-best-path[5.5.1023~1-d673]:main():lattice-best-path.cc:99) For utterance S_S19_W_mootj_04, best cost 146.295 + 2642.31 = 2788.61 over 25 frames.
S_S19_W_mootj_04 một 
LOG (lattice-best-path[5.5.1023~1-d673]:main():lattice-best-path.cc:99) For utterance S_S19_W_mootj_05, best cost 137.527 + 1773.2 = 1910.72 over 19 frames.
S_S19_W_mootj_05 một 
LOG (lattice-best-path[5.5.1023~1-d673]:main():lattice-best-path.cc:99) For utterance S_S19_W_mootj_06, best cost 158.499 + 1714.92 = 1873.42 over 18 frames.
S_S19_W_mootj_06 mốt 
LOG (lattice-best-path[5.5.1023~1-d673]:main():lattice-best-path.cc:99) For utterance S_S19_W_moots_01, best cost 156.517 + 2252.32 = 2408.84 over 26 frames.
S_S19_W_moots_01 mốt 
LOG (lattice-best-path[5.5.1023~1-d673]:main():lattice-best-path.cc:99) For utterance S_S19_W_muowi_01, best cost 119.423 + 2020.63 = 2140.05 over 20 frames.
S_S19_W_muowi_01 mươi 
LOG (lattice-best-path[5.5.1023~1-d673]:main():lattice-best-path.cc:99) For utterance S_S19_W_muowi_02, best cost 116.278 + 1545.01 = 1661.28 over 17 frames.
S_S19_W_muowi_02 mươi 
LOG (lattice-best-path[5.5.1023~1-d673]:main():lattice-best-path.cc:99) For utterance S_S19_W_muowi_03, best cost 117.104 + 1918.86 = 2035.96 over 20 frames.
S_S19_W_muowi_03 mươi 
LOG (lattice-best-path[5.5.1023~1-d673]:main():lattice-best-path.cc:99) For utterance S_S19_W_muowi_04, best cost 116.198 + 1820.97 = 1937.16 over 18 frames.
S_S19_W_muowi_04 mươi 
LOG (lattice-best-path[5.5.1023~1-d673]:main():lattice-best-path.cc:99) For utterance S_S19_W_muowi_05, best cost 118.106 + 1805.03 = 1923.13 over 19 frames.
S_S19_W_muowi_05 mươi 
LOG (lattice-best-path[5.5.1023~1-d673]:main():lattice-best-path.cc:99) For utterance S_S19_W_muowi_06, best cost 117.124 + 1586.96 = 1704.09 over 17 frames.
S_S19_W_muowi_06 mươi 
LOG (lattice-best-path[5.5.1023~1-d673]:main():lattice-best-path.cc:99) For utterance S_S19_W_muowi_07, best cost 113.16 + 1301.83 = 1414.99 over 13 frames.
S_S19_W_muowi_07 mươi 
LOG (lattice-best-path[5.5.1023~1-d673]:main():lattice-best-path.cc:99) For utterance S_S19_W_muowi_08, best cost 115.214 + 1516.07 = 1631.29 over 15 frames.
S_S19_W_muowi_08 mươi 
LOG (lattice-best-path[5.5.1023~1-d673]:main():lattice-best-path.cc:99) For utterance S_S19_W_muowi_09, best cost 114.025 + 1170.01 = 1284.04 over 13 frames.
S_S19_W_muowi_09 mươi 
LOG (lattice-best-path[5.5.1023~1-d673]:main():lattice-best-path.cc:99) For utterance S_S19_W_muowi_10, best cost 112.588 + 1296.33 = 1408.92 over 13 frames.
S_S19_W_muowi_10 mươi 
LOG (lattice-best-path[5.5.1023~1-d673]:main():lattice-best-path.cc:99) For utterance S_S19_W_muowi_11, best cost 116.694 + 1787.41 = 1904.11 over 20 frames.
S_S19_W_muowi_11 mươi 
LOG (lattice-best-path[5.5.1023~1-d673]:main():lattice-best-path.cc:99) For utterance S_S19_W_muowi_12, best cost 117.205 + 1889.78 = 2006.99 over 20 frames.
S_S19_W_muowi_12 mươi 
LOG (lattice-best-path[5.5.1023~1-d673]:main():lattice-best-path.cc:99) For utterance S_S19_W_muowi_13, best cost 115.36 + 1550.8 = 1666.16 over 16 frames.
S_S19_W_muowi_13 mươi 
LOG (lattice-best-path[5.5.1023~1-d673]:main():lattice-best-path.cc:99) For utterance S_S19_W_muowi_14, best cost 113.493 + 1436 = 1549.49 over 15 frames.
S_S19_W_muowi_14 mươi 
LOG (lattice-best-path[5.5.1023~1-d673]:main():lattice-best-path.cc:99) For utterance S_S19_W_muowi_15, best cost 117.549 + 1793.14 = 1910.69 over 21 frames.
S_S19_W_muowi_15 mươi 
LOG (lattice-best-path[5.5.1023~1-d673]:main():lattice-best-path.cc:99) For utterance S_S19_W_muowi_16, best cost 115.445 + 1676.65 = 1792.09 over 18 frames.
S_S19_W_muowi_16 mươi 
LOG (lattice-best-path[5.5.1023~1-d673]:main():lattice-best-path.cc:99) For utterance S_S19_W_muowi_17, best cost 112.044 + 1124.21 = 1236.25 over 12 frames.
S_S19_W_muowi_17 mươi 
LOG (lattice-best-path[5.5.1023~1-d673]:main():lattice-best-path.cc:99) For utterance S_S19_W_muowi_18, best cost 121.405 + 2303.09 = 2424.5 over 25 frames.
S_S19_W_muowi_18 mươi 
LOG (lattice-best-path[5.5.1023~1-d673]:main():lattice-best-path.cc:99) For utterance S_S19_W_muowi_19, best cost 113.434 + 1331.61 = 1445.04 over 15 frames.
S_S19_W_muowi_19 mươi 
LOG (lattice-best-path[5.5.1023~1-d673]:main():lattice-best-path.cc:99) For utterance S_S19_W_muowi_20, best cost 118.403 + 2478.51 = 2596.92 over 27 frames.
S_S19_W_muowi_20 mươi 
LOG (lattice-best-path[5.5.1023~1-d673]:main():lattice-best-path.cc:99) For utterance S_S19_W_muowi_21, best cost 70.0018 + 1158.93 = 1228.93 over 10 frames.
S_S19_W_muowi_21 
LOG (lattice-best-path[5.5.1023~1-d673]:main():lattice-best-path.cc:99) For utterance S_S19_W_muowif_01, best cost 120.76 + 2819.62 = 2940.38 over 32 frames.
S_S19_W_muowif_01 mươi 
LOG (lattice-best-path[5.5.1023~1-d673]:main():lattice-best-path.cc:99) For utterance S_S19_W_nawm_01, best cost 161.688 + 3403.56 = 3565.25 over 36 frames.
S_S19_W_nawm_01 năm 
LOG (lattice-best-path[5.5.1023~1-d673]:main():lattice-best-path.cc:99) For utterance S_S19_W_nawm_02, best cost 153.524 + 2324.53 = 2478.06 over 25 frames.
S_S19_W_nawm_02 năm 
LOG (lattice-best-path[5.5.1023~1-d673]:main():lattice-best-path.cc:99) For utterance S_S19_W_nawm_03, best cost 159.359 + 2271.28 = 2430.63 over 26 frames.
S_S19_W_nawm_03 năm 
LOG (lattice-best-path[5.5.1023~1-d673]:main():lattice-best-path.cc:99) For utterance S_S19_W_saus_01, best cost 131 + 3005.67 = 3136.67 over 31 frames.
S_S19_W_saus_01 sáu 
LOG (lattice-best-path[5.5.1023~1-d673]:main():lattice-best-path.cc:99) For utterance S_S19_W_saus_02, best cost 131.905 + 3928.93 = 4060.83 over 42 frames.
S_S19_W_saus_02 sáu 
LOG (lattice-best-path[5.5.1023~1-d673]:main():lattice-best-path.cc:99) For utterance S_S19_W_saus_03, best cost 137.521 + 3669.26 = 3806.78 over 41 frames.
S_S19_W_saus_03 sáu 
LOG (lattice-best-path[5.5.1023~1-d673]:main():lattice-best-path.cc:99) For utterance S_S19_W_saus_04, best cost 139.952 + 3993.02 = 4132.98 over 44 frames.
S_S19_W_saus_04 sáu 
LOG (lattice-best-path[5.5.1023~1-d673]:main():lattice-best-path.cc:99) For utterance S_S19_W_saus_05, best cost 142.942 + 4410.21 = 4553.15 over 47 frames.
S_S19_W_saus_05 sáu 
LOG (lattice-best-path[5.5.1023~1-d673]:main():lattice-best-path.cc:99) For utterance S_S19_W_saus_06, best cost 137.029 + 2373.55 = 2510.58 over 24 frames.
S_S19_W_saus_06 sáu 
LOG (lattice-best-path[5.5.1023~1-d673]:main():lattice-best-path.cc:99) For utterance S_S19_W_saus_07, best cost 129.578 + 2284.43 = 2414.01 over 24 frames.
S_S19_W_saus_07 sáu 
LOG (lattice-best-path[5.5.1023~1-d673]:main():lattice-best-path.cc:99) For utterance S_S19_W_saus_08, best cost 133.666 + 2299.7 = 2433.37 over 23 frames.
S_S19_W_saus_08 sáu 
LOG (lattice-best-path[5.5.1023~1-d673]:main():lattice-best-path.cc:99) For utterance S_S19_W_saus_09, best cost 127.515 + 1498.54 = 1626.06 over 15 frames.
S_S19_W_saus_09 sáu 
LOG (lattice-best-path[5.5.1023~1-d673]:main():lattice-best-path.cc:99) For utterance S_S19_W_saus_10, best cost 129.93 + 2631.15 = 2761.08 over 28 frames.
S_S19_W_saus_10 sáu 
LOG (lattice-best-path[5.5.1023~1-d673]:main():lattice-best-path.cc:99) For utterance S_S19_W_saus_11, best cost 131.228 + 3136.82 = 3268.05 over 36 frames.
S_S19_W_saus_11 sáu 
LOG (lattice-best-path[5.5.1023~1-d673]:main():lattice-best-path.cc:99) For utterance S_S19_W_tams_01, best cost 134.132 + 2107.37 = 2241.5 over 23 frames.
S_S19_W_tams_01 tám 
LOG (lattice-best-path[5.5.1023~1-d673]:main():lattice-best-path.cc:99) For utterance S_S19_W_tams_02, best cost 142.876 + 2937.74 = 3080.61 over 33 frames.
S_S19_W_tams_02 tám 
LOG (lattice-best-path[5.5.1023~1-d673]:main():lattice-best-path.cc:99) For utterance S_S19_W_tams_03, best cost 136.086 + 2032.87 = 2168.96 over 22 frames.
S_S19_W_tams_03 tám 
LOG (lattice-best-path[5.5.1023~1-d673]:main():lattice-best-path.cc:99) For utterance S_S19_W_tams_04, best cost 132.268 + 1804.8 = 1937.07 over 18 frames.
S_S19_W_tams_04 tám 
LOG (lattice-best-path[5.5.1023~1-d673]:main():lattice-best-path.cc:99) For utterance S_S19_W_tams_05, best cost 131.764 + 1823.11 = 1954.88 over 18 frames.
S_S19_W_tams_05 tám 
LOG (lattice-best-path[5.5.1023~1-d673]:main():lattice-best-path.cc:99) For utterance S_S19_W_tams_06, best cost 131.62 + 1681.65 = 1813.27 over 17 frames.
S_S19_W_tams_06 tám 
LOG (lattice-best-path[5.5.1023~1-d673]:main():lattice-best-path.cc:99) For utterance S_S19_W_tams_07, best cost 130.654 + 1737.58 = 1868.23 over 19 frames.
S_S19_W_tams_07 tám 
LOG (lattice-best-path[5.5.1023~1-d673]:main():lattice-best-path.cc:99) For utterance S_S19_W_tams_08, best cost 131.244 + 1761.24 = 1892.48 over 20 frames.
S_S19_W_tams_08 tám 
LOG (lattice-best-path[5.5.1023~1-d673]:main():lattice-best-path.cc:99) For utterance S_S19_W_trawm_01, best cost 145.425 + 2832.25 = 2977.67 over 27 frames.
S_S19_W_trawm_01 tám 
LOG (lattice-best-path[5.5.1023~1-d673]:main():lattice-best-path.cc:99) For utterance S_S19_W_trawm_02, best cost 134.124 + 2969.84 = 3103.96 over 32 frames.
S_S19_W_trawm_02 trăm 
LOG (lattice-best-path[5.5.1023~1-d673]:main():lattice-best-path.cc:99) For utterance S_S19_W_trawm_03, best cost 114.871 + 1458.1 = 1572.97 over 15 frames.
S_S19_W_trawm_03 trăm 
LOG (lattice-best-path[5.5.1023~1-d673]:main():lattice-best-path.cc:99) For utterance S_S19_W_trawm_04, best cost 132.523 + 1939.75 = 2072.27 over 17 frames.
S_S19_W_trawm_04 tám 
LOG (lattice-best-path[5.5.1023~1-d673]:main():lattice-best-path.cc:99) For utterance S_S19_W_trawm_05, best cost 130.242 + 3461.47 = 3591.71 over 32 frames.
S_S19_W_trawm_05 trăm 
LOG (lattice-best-path[5.5.1023~1-d673]:main():lattice-best-path.cc:99) For utterance S_S19_W_trawm_06, best cost 117.678 + 1588.57 = 1706.25 over 17 frames.
S_S19_W_trawm_06 trăm 
LOG (lattice-best-path[5.5.1023~1-d673]:main():lattice-best-path.cc:99) For utterance S_S19_W_trawm_07, best cost 125.772 + 2273.62 = 2399.39 over 24 frames.
S_S19_W_trawm_07 trăm 
LOG (lattice-best-path[5.5.1023~1-d673]:main():lattice-best-path.cc:99) For utterance S_S19_W_trawm_08, best cost 141.551 + 2575.3 = 2716.85 over 24 frames.
S_S19_W_trawm_08 tám 
LOG (lattice-best-path[5.5.1023~1-d673]:main():lattice-best-path.cc:99) For utterance S_S19_W_trawm_09, best cost 121.653 + 2255.41 = 2377.06 over 20 frames.
S_S19_W_trawm_09 trăm 
LOG (lattice-best-path[5.5.1023~1-d673]:main():lattice-best-path.cc:99) For utterance S_S19_W_trawm_10, best cost 114.833 + 1399.49 = 1514.33 over 14 frames.
S_S19_W_trawm_10 trăm 
LOG (lattice-best-path[5.5.1023~1-d673]:main():lattice-best-path.cc:99) For utterance S_S19_W_trawm_11, best cost 124.023 + 1839.53 = 1963.56 over 20 frames.
S_S19_W_trawm_11 trăm 
LOG (lattice-best-path[5.5.1023~1-d673]:main():lattice-best-path.cc:99) For utterance S_S19_W_trawm_12, best cost 136.739 + 2188.31 = 2325.04 over 22 frames.
S_S19_W_trawm_12 tám 
LOG (lattice-best-path[5.5.1023~1-d673]:main():lattice-best-path.cc:99) For utterance S_S19_W_trawm_13, best cost 124.009 + 2066.72 = 2190.73 over 23 frames.
S_S19_W_trawm_13 trăm 
LOG (lattice-best-path[5.5.1023~1-d673]:main():lattice-best-path.cc:99) For utterance S_S19_W_trawm_14, best cost 125.597 + 2552.99 = 2678.59 over 25 frames.
S_S19_W_trawm_14 trăm 
LOG (lattice-best-path[5.5.1023~1-d673]:main():lattice-best-path.cc:99) For utterance S_S19_W_trawm_15, best cost 117.152 + 1632.27 = 1749.42 over 17 frames.
S_S19_W_trawm_15 trăm 
LOG (lattice-best-path[5.5.1023~1-d673]:main():lattice-best-path.cc:99) For utterance S_S19_W_trawm_16, best cost 138.319 + 2484.62 = 2622.94 over 23 frames.
S_S19_W_trawm_16 tám 
LOG (lattice-best-path[5.5.1023~1-d673]:main():lattice-best-path.cc:99) For utterance S_S19_W_trawm_17, best cost 123.753 + 2559.75 = 2683.5 over 26 frames.
S_S19_W_trawm_17 trăm 
LOG (lattice-best-path[5.5.1023~1-d673]:main():lattice-best-path.cc:99) For utterance S_S19_W_trawm_18, best cost 118.493 + 1685.8 = 1804.29 over 17 frames.
S_S19_W_trawm_18 trăm 
LOG (lattice-best-path[5.5.1023~1-d673]:main():lattice-best-path.cc:99) For utterance S_S19_W_trawm_19, best cost 120.265 + 1400.82 = 1521.09 over 17 frames.
S_S19_W_trawm_19 trăm 
LOG (lattice-best-path[5.5.1023~1-d673]:main():lattice-best-path.cc:99) For utterance S_S19_W_trawm_20, best cost 116.298 + 1642.25 = 1758.54 over 18 frames.
S_S19_W_trawm_20 trăm 
LOG (lattice-best-path[5.5.1023~1-d673]:main():lattice-best-path.cc:99) For utterance S_S19_W_trawm_21, best cost 126.045 + 2146.17 = 2272.21 over 24 frames.
S_S19_W_trawm_21 trăm 
LOG (lattice-best-path[5.5.1023~1-d673]:main():lattice-best-path.cc:99) For utterance S_S19_W_trawm_22, best cost 119.083 + 1595.96 = 1715.05 over 17 frames.
S_S19_W_trawm_22 trăm 
LOG (lattice-best-path[5.5.1023~1-d673]:main():lattice-best-path.cc:99) For utterance S_S22_W_ba_01, best cost 122.792 + 915.341 = 1038.13 over 10 frames.
S_S22_W_ba_01 ba 
LOG (lattice-best-path[5.5.1023~1-d673]:main():lattice-best-path.cc:99) For utterance S_S22_W_ba_02, best cost 130.634 + 2477.49 = 2608.12 over 27 frames.
S_S22_W_ba_02 ba 
LOG (lattice-best-path[5.5.1023~1-d673]:main():lattice-best-path.cc:99) For utterance S_S22_W_ba_03, best cost 122.329 + 791.614 = 913.943 over 9 frames.
S_S22_W_ba_03 ba 
LOG (lattice-best-path[5.5.1023~1-d673]:main():lattice-best-path.cc:99) For utterance S_S22_W_ba_04, best cost 129.167 + 2358.57 = 2487.74 over 27 frames.
S_S22_W_ba_04 ba 
LOG (lattice-best-path[5.5.1023~1-d673]:main():lattice-best-path.cc:99) For utterance S_S22_W_ba_05, best cost 129.728 + 2089.67 = 2219.4 over 23 frames.
S_S22_W_ba_05 ba 
LOG (lattice-best-path[5.5.1023~1-d673]:main():lattice-best-path.cc:99) For utterance S_S22_W_ba_06, best cost 127.38 + 2339.1 = 2466.48 over 28 frames.
S_S22_W_ba_06 ba 
LOG (lattice-best-path[5.5.1023~1-d673]:main():lattice-best-path.cc:99) For utterance S_S22_W_ba_07, best cost 126.819 + 1149.84 = 1276.66 over 11 frames.
S_S22_W_ba_07 bảy 
LOG (lattice-best-path[5.5.1023~1-d673]:main():lattice-best-path.cc:99) For utterance S_S22_W_ba_08, best cost 65.5915 + 521.025 = 586.617 over 5 frames.
S_S22_W_ba_08 
LOG (lattice-best-path[5.5.1023~1-d673]:main():lattice-best-path.cc:99) For utterance S_S22_W_ba_09, best cost 127.888 + 1311.41 = 1439.3 over 13 frames.
S_S22_W_ba_09 ba 
LOG (lattice-best-path[5.5.1023~1-d673]:main():lattice-best-path.cc:99) For utterance S_S22_W_ba_10, best cost 129.05 + 2106.15 = 2235.2 over 24 frames.
S_S22_W_ba_10 ba 
LOG (lattice-best-path[5.5.1023~1-d673]:main():lattice-best-path.cc:99) For utterance S_S22_W_ba_11, best cost 130.098 + 2394.48 = 2524.58 over 26 frames.
S_S22_W_ba_11 ba 
LOG (lattice-best-path[5.5.1023~1-d673]:main():lattice-best-path.cc:99) For utterance S_S22_W_bayr_01, best cost 126.856 + 1341.62 = 1468.48 over 12 frames.
S_S22_W_bayr_01 bảy 
LOG (lattice-best-path[5.5.1023~1-d673]:main():lattice-best-path.cc:99) For utterance S_S22_W_bayr_02, best cost 127.266 + 1737.43 = 1864.7 over 18 frames.
S_S22_W_bayr_02 bảy 
LOG (lattice-best-path[5.5.1023~1-d673]:main():lattice-best-path.cc:99) For utterance S_S22_W_bayr_03, best cost 123.499 + 752.966 = 876.465 over 8 frames.
S_S22_W_bayr_03 bảy 
LOG (lattice-best-path[5.5.1023~1-d673]:main():lattice-best-path.cc:99) For utterance S_S22_W_bayr_04, best cost 123.873 + 817 = 940.873 over 9 frames.
S_S22_W_bayr_04 bảy 
LOG (lattice-best-path[5.5.1023~1-d673]:main():lattice-best-path.cc:99) For utterance S_S22_W_bayr_05, best cost 132.022 + 2456.12 = 2588.14 over 26 frames.
S_S22_W_bayr_05 bảy 
LOG (lattice-best-path[5.5.1023~1-d673]:main():lattice-best-path.cc:99) For utterance S_S22_W_bayr_06, best cost 134.711 + 2720.49 = 2855.2 over 29 frames.
S_S22_W_bayr_06 bảy 
LOG (lattice-best-path[5.5.1023~1-d673]:main():lattice-best-path.cc:99) For utterance S_S22_W_bayr_07, best cost 135.889 + 2443.58 = 2579.47 over 25 frames.
S_S22_W_bayr_07 bảy 
LOG (lattice-best-path[5.5.1023~1-d673]:main():lattice-best-path.cc:99) For utterance S_S22_W_bayr_08, best cost 126.519 + 1636.65 = 1763.17 over 16 frames.
S_S22_W_bayr_08 bảy 
LOG (lattice-best-path[5.5.1023~1-d673]:main():lattice-best-path.cc:99) For utterance S_S22_W_bayr_09, best cost 124.668 + 1202.19 = 1326.85 over 11 frames.
S_S22_W_bayr_09 bảy 
LOG (lattice-best-path[5.5.1023~1-d673]:main():lattice-best-path.cc:99) For utterance S_S22_W_boons_01, best cost 143.013 + 1356.24 = 1499.25 over 14 frames.
S_S22_W_boons_01 bốn 
LOG (lattice-best-path[5.5.1023~1-d673]:main():lattice-best-path.cc:99) For utterance S_S22_W_boons_02, best cost 137.957 + 2004.28 = 2142.24 over 19 frames.
S_S22_W_boons_02 một 
LOG (lattice-best-path[5.5.1023~1-d673]:main():lattice-best-path.cc:99) For utterance S_S22_W_chins_01, best cost 145.373 + 2076.76 = 2222.13 over 21 frames.
S_S22_W_chins_01 chín 
LOG (lattice-best-path[5.5.1023~1-d673]:main():lattice-best-path.cc:99) For utterance S_S22_W_chins_02, best cost 137.601 + 1433.66 = 1571.26 over 14 frames.
S_S22_W_chins_02 chín 
LOG (lattice-best-path[5.5.1023~1-d673]:main():lattice-best-path.cc:99) For utterance S_S22_W_chins_03, best cost 140.797 + 1881.86 = 2022.65 over 18 frames.
S_S22_W_chins_03 chín 
LOG (lattice-best-path[5.5.1023~1-d673]:main():lattice-best-path.cc:99) For utterance S_S22_W_chins_04, best cost 134.075 + 1017.27 = 1151.35 over 10 frames.
S_S22_W_chins_04 chín 
LOG (lattice-best-path[5.5.1023~1-d673]:main():lattice-best-path.cc:99) For utterance S_S22_W_hai_01, best cost 151.521 + 5438.33 = 5589.85 over 56 frames.
S_S22_W_hai_01 hai 
LOG (lattice-best-path[5.5.1023~1-d673]:main():lattice-best-path.cc:99) For utterance S_S22_W_hai_02, best cost 135.687 + 2863.14 = 2998.83 over 35 frames.
S_S22_W_hai_02 hai 
LOG (lattice-best-path[5.5.1023~1-d673]:main():lattice-best-path.cc:99) For utterance S_S22_W_hai_03, best cost 133.076 + 1898.93 = 2032.01 over 19 frames.
S_S22_W_hai_03 hai 
LOG (lattice-best-path[5.5.1023~1-d673]:main():lattice-best-path.cc:99) For utterance S_S22_W_hai_04, best cost 130.75 + 1553.97 = 1684.72 over 15 frames.
S_S22_W_hai_04 hai 
LOG (lattice-best-path[5.5.1023~1-d673]:main():lattice-best-path.cc:99) For utterance S_S22_W_hai_05, best cost 133.525 + 3092.18 = 3225.7 over 35 frames.
S_S22_W_hai_05 hai 
LOG (lattice-best-path[5.5.1023~1-d673]:main():lattice-best-path.cc:99) For utterance S_S22_W_hai_06, best cost 130.543 + 1664.21 = 1794.76 over 16 frames.
S_S22_W_hai_06 hai 
LOG (lattice-best-path[5.5.1023~1-d673]:main():lattice-best-path.cc:99) For utterance S_S22_W_hai_07, best cost 132.249 + 2933.74 = 3065.98 over 32 frames.
S_S22_W_hai_07 hai 
LOG (lattice-best-path[5.5.1023~1-d673]:main():lattice-best-path.cc:99) For utterance S_S22_W_hai_08, best cost 137.818 + 2807.89 = 2945.71 over 30 frames.
S_S22_W_hai_08 hai 
LOG (lattice-best-path[5.5.1023~1-d673]:main():lattice-best-path.cc:99) For utterance S_S22_W_hai_09, best cost 131.714 + 1952.22 = 2083.93 over 19 frames.
S_S22_W_hai_09 hai 
LOG (lattice-best-path[5.5.1023~1-d673]:main():lattice-best-path.cc:99) For utterance S_S22_W_hai_10, best cost 132.529 + 1941.76 = 2074.29 over 18 frames.
S_S22_W_hai_10 hai 
LOG (lattice-best-path[5.5.1023~1-d673]:main():lattice-best-path.cc:99) For utterance S_S22_W_lawm_01, best cost 166.715 + 2753.11 = 2919.83 over 28 frames.
S_S22_W_lawm_01 lăm 
LOG (lattice-best-path[5.5.1023~1-d673]:main():lattice-best-path.cc:99) For utterance S_S22_W_ler_01, best cost 148.457 + 1789.13 = 1937.58 over 18 frames.
S_S22_W_ler_01 lẻ 
LOG (lattice-best-path[5.5.1023~1-d673]:main():lattice-best-path.cc:99) For utterance S_S22_W_mootj_01, best cost 137.985 + 2117.28 = 2255.27 over 20 frames.
S_S22_W_mootj_01 một 
LOG (lattice-best-path[5.5.1023~1-d673]:main():lattice-best-path.cc:99) For utterance S_S22_W_mootj_02, best cost 132.08 + 1381.51 = 1513.59 over 14 frames.
S_S22_W_mootj_02 một 
LOG (lattice-best-path[5.5.1023~1-d673]:main():lattice-best-path.cc:99) For utterance S_S22_W_mootj_03, best cost 65.7696 + 695.424 = 761.193 over 6 frames.
S_S22_W_mootj_03 
LOG (lattice-best-path[5.5.1023~1-d673]:main():lattice-best-path.cc:99) For utterance S_S22_W_mootj_04, best cost 67.0432 + 816.966 = 884.009 over 7 frames.
S_S22_W_mootj_04 
LOG (lattice-best-path[5.5.1023~1-d673]:main():lattice-best-path.cc:99) For utterance S_S22_W_mootj_05, best cost 130.646 + 1374.05 = 1504.69 over 13 frames.
S_S22_W_mootj_05 một 
LOG (lattice-best-path[5.5.1023~1-d673]:main():lattice-best-path.cc:99) For utterance S_S22_W_mootj_06, best cost 134.302 + 1836.19 = 1970.49 over 18 frames.
S_S22_W_mootj_06 một 
LOG (lattice-best-path[5.5.1023~1-d673]:main():lattice-best-path.cc:99) For utterance S_S22_W_moots_01, best cost 139.259 + 2170.29 = 2309.55 over 22 frames.
S_S22_W_moots_01 một 
LOG (lattice-best-path[5.5.1023~1-d673]:main():lattice-best-path.cc:99) For utterance S_S22_W_muowi_01, best cost 120.637 + 2035.85 = 2156.49 over 20 frames.
S_S22_W_muowi_01 mươi 
LOG (lattice-best-path[5.5.1023~1-d673]:main():lattice-best-path.cc:99) For utterance S_S22_W_muowi_02, best cost 117.166 + 1722.52 = 1839.68 over 18 frames.
S_S22_W_muowi_02 mươi 
LOG (lattice-best-path[5.5.1023~1-d673]:main():lattice-best-path.cc:99) For utterance S_S22_W_muowi_03, best cost 117.248 + 1999.17 = 2116.42 over 20 frames.
S_S22_W_muowi_03 mươi 
LOG (lattice-best-path[5.5.1023~1-d673]:main():lattice-best-path.cc:99) For utterance S_S22_W_muowi_04, best cost 113.918 + 1656.94 = 1770.86 over 16 frames.
S_S22_W_muowi_04 mươi 
LOG (lattice-best-path[5.5.1023~1-d673]:main():lattice-best-path.cc:99) For utterance S_S22_W_muowi_05, best cost 110.778 + 941.26 = 1052.04 over 9 frames.
S_S22_W_muowi_05 mươi 
LOG (lattice-best-path[5.5.1023~1-d673]:main():lattice-best-path.cc:99) For utterance S_S22_W_muowi_06, best cost 113.273 + 1104.19 = 1217.47 over 12 frames.
S_S22_W_muowi_06 mươi 
LOG (lattice-best-path[5.5.1023~1-d673]:main():lattice-best-path.cc:99) For utterance S_S22_W_muowi_07, best cost 116.265 + 1895.31 = 2011.58 over 18 frames.
S_S22_W_muowi_07 mươi 
LOG (lattice-best-path[5.5.1023~1-d673]:main():lattice-best-path.cc:99) For utterance S_S22_W_muowi_08, best cost 116.042 + 1520.52 = 1636.57 over 15 frames.
S_S22_W_muowi_08 mươi 
LOG (lattice-best-path[5.5.1023~1-d673]:main():lattice-best-path.cc:99) For utterance S_S22_W_muowi_09, best cost 115.336 + 1760 = 1875.34 over 18 frames.
S_S22_W_muowi_09 mươi 
LOG (lattice-best-path[5.5.1023~1-d673]:main():lattice-best-path.cc:99) For utterance S_S22_W_muowi_10, best cost 72.6117 + 1421.42 = 1494.03 over 12 frames.
S_S22_W_muowi_10 
LOG (lattice-best-path[5.5.1023~1-d673]:main():lattice-best-path.cc:99) For utterance S_S22_W_muowi_11, best cost 114.883 + 1844.12 = 1959 over 18 frames.
S_S22_W_muowi_11 mươi 
LOG (lattice-best-path[5.5.1023~1-d673]:main():lattice-best-path.cc:99) For utterance S_S22_W_muowi_12, best cost 116.947 + 1827.87 = 1944.82 over 17 frames.
S_S22_W_muowi_12 mươi 
LOG (lattice-best-path[5.5.1023~1-d673]:main():lattice-best-path.cc:99) For utterance S_S22_W_muowi_13, best cost 115.921 + 1823.13 = 1939.05 over 18 frames.
S_S22_W_muowi_13 mươi 
LOG (lattice-best-path[5.5.1023~1-d673]:main():lattice-best-path.cc:99) For utterance S_S22_W_muowi_14, best cost 111.32 + 1074.31 = 1185.63 over 10 frames.
S_S22_W_muowi_14 mươi 
LOG (lattice-best-path[5.5.1023~1-d673]:main():lattice-best-path.cc:99) For utterance S_S22_W_muowi_15, best cost 115.654 + 1721.67 = 1837.32 over 18 frames.
S_S22_W_muowi_15 mươi 
LOG (lattice-best-path[5.5.1023~1-d673]:main():lattice-best-path.cc:99) For utterance S_S22_W_muowi_16, best cost 114.058 + 1316.2 = 1430.26 over 14 frames.
S_S22_W_muowi_16 mươi 
LOG (lattice-best-path[5.5.1023~1-d673]:main():lattice-best-path.cc:99) For utterance S_S22_W_muowi_17, best cost 115.321 + 1571.21 = 1686.53 over 16 frames.
S_S22_W_muowi_17 mươi 
LOG (lattice-best-path[5.5.1023~1-d673]:main():lattice-best-path.cc:99) For utterance S_S22_W_muowi_18, best cost 115.15 + 1789.05 = 1904.2 over 17 frames.
S_S22_W_muowi_18 mươi 
LOG (lattice-best-path[5.5.1023~1-d673]:main():lattice-best-path.cc:99) For utterance S_S22_W_muowi_19, best cost 114 + 1513.5 = 1627.5 over 14 frames.
S_S22_W_muowi_19 mươi 
LOG (lattice-best-path[5.5.1023~1-d673]:main():lattice-best-path.cc:99) For utterance S_S22_W_muowi_20, best cost 124.759 + 2499.73 = 2624.48 over 26 frames.
S_S22_W_muowi_20 mươi 
LOG (lattice-best-path[5.5.1023~1-d673]:main():lattice-best-path.cc:99) For utterance S_S22_W_muowi_21, best cost 110.415 + 824.7 = 935.115 over 8 frames.
S_S22_W_muowi_21 mươi 
LOG (lattice-best-path[5.5.1023~1-d673]:main():lattice-best-path.cc:99) For utterance S_S22_W_muowif_01, best cost 120.563 + 2491.73 = 2612.29 over 26 frames.
S_S22_W_muowif_01 mươi 
LOG (lattice-best-path[5.5.1023~1-d673]:main():lattice-best-path.cc:99) For utterance S_S22_W_nawm_01, best cost 150.417 + 2001.77 = 2152.19 over 20 frames.
S_S22_W_nawm_01 năm 
LOG (lattice-best-path[5.5.1023~1-d673]:main():lattice-best-path.cc:99) For utterance S_S22_W_nawm_02, best cost 145.99 + 1639.7 = 1785.69 over 16 frames.
S_S22_W_nawm_02 năm 
LOG (lattice-best-path[5.5.1023~1-d673]:main():lattice-best-path.cc:99) For utterance S_S22_W_nawm_03, best cost 143.968 + 1506.32 = 1650.28 over 15 frames.
S_S22_W_nawm_03 năm 
LOG (lattice-best-path[5.5.1023~1-d673]:main():lattice-best-path.cc:99) For utterance S_S22_W_saus_01, best cost 132.446 + 3664.43 = 3796.88 over 36 frames.
S_S22_W_saus_01 sáu 
LOG (lattice-best-path[5.5.1023~1-d673]:main():lattice-best-path.cc:99) For utterance S_S22_W_saus_02, best cost 137.348 + 4341.92 = 4479.27 over 43 frames.
S_S22_W_saus_02 sáu 
LOG (lattice-best-path[5.5.1023~1-d673]:main():lattice-best-path.cc:99) For utterance S_S22_W_saus_03, best cost 131.877 + 3393.97 = 3525.85 over 34 frames.
S_S22_W_saus_03 sáu 
LOG (lattice-best-path[5.5.1023~1-d673]:main():lattice-best-path.cc:99) For utterance S_S22_W_saus_04, best cost 130.42 + 3274.5 = 3404.92 over 34 frames.
S_S22_W_saus_04 sáu 
LOG (lattice-best-path[5.5.1023~1-d673]:main():lattice-best-path.cc:99) For utterance S_S22_W_saus_05, best cost 132.305 + 3109.11 = 3241.42 over 33 frames.
S_S22_W_saus_05 sáu 
LOG (lattice-best-path[5.5.1023~1-d673]:main():lattice-best-path.cc:99) For utterance S_S22_W_saus_06, best cost 134.087 + 1990.88 = 2124.96 over 18 frames.
S_S22_W_saus_06 sáu 
LOG (lattice-best-path[5.5.1023~1-d673]:main():lattice-best-path.cc:99) For utterance S_S22_W_saus_07, best cost 128.932 + 2221.27 = 2350.2 over 21 frames.
S_S22_W_saus_07 sáu 
LOG (lattice-best-path[5.5.1023~1-d673]:main():lattice-best-path.cc:99) For utterance S_S22_W_saus_08, best cost 132.982 + 2262.49 = 2395.48 over 22 frames.
S_S22_W_saus_08 sáu 
LOG (lattice-best-path[5.5.1023~1-d673]:main():lattice-best-path.cc:99) For utterance S_S22_W_saus_09, best cost 130.867 + 1466.9 = 1597.77 over 14 frames.
S_S22_W_saus_09 sáu 
LOG (lattice-best-path[5.5.1023~1-d673]:main():lattice-best-path.cc:99) For utterance S_S22_W_saus_10, best cost 127.835 + 1835.45 = 1963.28 over 17 frames.
S_S22_W_saus_10 sáu 
LOG (lattice-best-path[5.5.1023~1-d673]:main():lattice-best-path.cc:99) For utterance S_S22_W_saus_11, best cost 133.228 + 2666.23 = 2799.46 over 27 frames.
S_S22_W_saus_11 sáu 
LOG (lattice-best-path[5.5.1023~1-d673]:main():lattice-best-path.cc:99) For utterance S_S22_W_tams_01, best cost 133.075 + 2062.84 = 2195.92 over 20 frames.
S_S22_W_tams_01 tám 
LOG (lattice-best-path[5.5.1023~1-d673]:main():lattice-best-path.cc:99) For utterance S_S22_W_tams_02, best cost 139.374 + 2878.97 = 3018.35 over 31 frames.
S_S22_W_tams_02 ba 
LOG (lattice-best-path[5.5.1023~1-d673]:main():lattice-best-path.cc:99) For utterance S_S22_W_tams_03, best cost 137.753 + 2181.87 = 2319.62 over 22 frames.
S_S22_W_tams_03 tám 
LOG (lattice-best-path[5.5.1023~1-d673]:main():lattice-best-path.cc:99) For utterance S_S22_W_tams_04, best cost 133.112 + 1889.46 = 2022.57 over 19 frames.
S_S22_W_tams_04 tám 
LOG (lattice-best-path[5.5.1023~1-d673]:main():lattice-best-path.cc:99) For utterance S_S22_W_tams_05, best cost 126.088 + 1176.99 = 1303.08 over 13 frames.
S_S22_W_tams_05 tám 
LOG (lattice-best-path[5.5.1023~1-d673]:main():lattice-best-path.cc:99) For utterance S_S22_W_tams_06, best cost 124.127 + 957.473 = 1081.6 over 11 frames.
S_S22_W_tams_06 tám 
LOG (lattice-best-path[5.5.1023~1-d673]:main():lattice-best-path.cc:99) For utterance S_S22_W_tams_07, best cost 128.972 + 1586.66 = 1715.64 over 16 frames.
S_S22_W_tams_07 tám 
LOG (lattice-best-path[5.5.1023~1-d673]:main():lattice-best-path.cc:99) For utterance S_S22_W_tams_08, best cost 127.464 + 1192.62 = 1320.08 over 13 frames.
S_S22_W_tams_08 tám 
LOG (lattice-best-path[5.5.1023~1-d673]:main():lattice-best-path.cc:99) For utterance S_S22_W_trawm_01, best cost 145.175 + 4454.79 = 4599.96 over 43 frames.
S_S22_W_trawm_01 trăm 
LOG (lattice-best-path[5.5.1023~1-d673]:main():lattice-best-path.cc:99) For utterance S_S22_W_trawm_02, best cost 129.926 + 2673.56 = 2803.48 over 26 frames.
S_S22_W_trawm_02 trăm 
LOG (lattice-best-path[5.5.1023~1-d673]:main():lattice-best-path.cc:99) For utterance S_S22_W_trawm_03, best cost 139.705 + 2566.88 = 2706.59 over 25 frames.
S_S22_W_trawm_03 tám 
LOG (lattice-best-path[5.5.1023~1-d673]:main():lattice-best-path.cc:99) For utterance S_S22_W_trawm_04, best cost 120.349 + 2069.24 = 2189.59 over 20 frames.
S_S22_W_trawm_04 trăm 
LOG (lattice-best-path[5.5.1023~1-d673]:main():lattice-best-path.cc:99) For utterance S_S22_W_trawm_05, best cost 134.396 + 1880.1 = 2014.5 over 18 frames.
S_S22_W_trawm_05 tám 
LOG (lattice-best-path[5.5.1023~1-d673]:main():lattice-best-path.cc:99) For utterance S_S22_W_trawm_06, best cost 124.336 + 2111.4 = 2235.74 over 22 frames.
S_S22_W_trawm_06 trăm 
LOG (lattice-best-path[5.5.1023~1-d673]:main():lattice-best-path.cc:99) For utterance S_S22_W_trawm_07, best cost 117.546 + 1665.59 = 1783.14 over 17 frames.
S_S22_W_trawm_07 trăm 
LOG (lattice-best-path[5.5.1023~1-d673]:main():lattice-best-path.cc:99) For utterance S_S22_W_trawm_08, best cost 118.396 + 1740.45 = 1858.84 over 17 frames.
S_S22_W_trawm_08 trăm 
LOG (lattice-best-path[5.5.1023~1-d673]:main():lattice-best-path.cc:99) For utterance S_S22_W_trawm_09, best cost 122.312 + 1900.31 = 2022.62 over 19 frames.
S_S22_W_trawm_09 trăm 
LOG (lattice-best-path[5.5.1023~1-d673]:main():lattice-best-path.cc:99) For utterance S_S22_W_trawm_10, best cost 112.727 + 1081.88 = 1194.61 over 11 frames.
S_S22_W_trawm_10 trăm 
LOG (lattice-best-path[5.5.1023~1-d673]:main():lattice-best-path.cc:99) For utterance S_S22_W_trawm_11, best cost 120.806 + 1986.42 = 2107.22 over 20 frames.
S_S22_W_trawm_11 trăm 
LOG (lattice-best-path[5.5.1023~1-d673]:main():lattice-best-path.cc:99) For utterance S_S22_W_trawm_12, best cost 133.379 + 1648 = 1781.38 over 16 frames.
S_S22_W_trawm_12 tám 
LOG (lattice-best-path[5.5.1023~1-d673]:main():lattice-best-path.cc:99) For utterance S_S22_W_trawm_13, best cost 113.296 + 1476.52 = 1589.82 over 16 frames.
S_S22_W_trawm_13 trăm 
LOG (lattice-best-path[5.5.1023~1-d673]:main():lattice-best-path.cc:99) For utterance S_S22_W_trawm_14, best cost 116.681 + 1533.57 = 1650.25 over 16 frames.
S_S22_W_trawm_14 trăm 
LOG (lattice-best-path[5.5.1023~1-d673]:main():lattice-best-path.cc:99) For utterance S_S22_W_trawm_15, best cost 114.853 + 1575.74 = 1690.59 over 14 frames.
S_S22_W_trawm_15 trăm 
LOG (lattice-best-path[5.5.1023~1-d673]:main():lattice-best-path.cc:99) For utterance S_S22_W_trawm_16, best cost 121.428 + 2098.2 = 2219.63 over 20 frames.
S_S22_W_trawm_16 trăm 
LOG (lattice-best-path[5.5.1023~1-d673]:main():lattice-best-path.cc:99) For utterance S_S22_W_trawm_17, best cost 124.716 + 1215.43 = 1340.14 over 11 frames.
S_S22_W_trawm_17 tám 
LOG (lattice-best-path[5.5.1023~1-d673]:main():lattice-best-path.cc:99) For utterance S_S22_W_trawm_18, best cost 118.212 + 1680.29 = 1798.5 over 16 frames.
S_S22_W_trawm_18 trăm 
LOG (lattice-best-path[5.5.1023~1-d673]:main():lattice-best-path.cc:99) For utterance S_S22_W_trawm_19, best cost 146.133 + 1734.31 = 1880.44 over 17 frames.
S_S22_W_trawm_19 năm 
LOG (lattice-best-path[5.5.1023~1-d673]:main():lattice-best-path.cc:99) For utterance S_S22_W_trawm_20, best cost 113.233 + 1155.27 = 1268.5 over 11 frames.
S_S22_W_trawm_20 trăm 
LOG (lattice-best-path[5.5.1023~1-d673]:main():lattice-best-path.cc:99) For utterance S_S22_W_trawm_21, best cost 113.308 + 1315.6 = 1428.91 over 12 frames.
S_S22_W_trawm_21 trăm 
LOG (lattice-best-path[5.5.1023~1-d673]:main():lattice-best-path.cc:99) For utterance S_S22_W_trawm_22, best cost 115.48 + 1673.75 = 1789.23 over 15 frames.
S_S22_W_trawm_22 trăm 
LOG (lattice-best-path[5.5.1023~1-d673]:main():lattice-best-path.cc:124) Overall cost per frame is 102.027 = 5.8679 [graph] + 96.1588 [acoustic] over 7303 frames.
LOG (lattice-best-path[5.5.1023~1-d673]:main():lattice-best-path.cc:128) Done 333 lattices, failed for 0
# Accounting: time=0 threads=1
# Ended (code 0) at Thứ ba, 17 Tháng 5 năm 2022 12:23:08 +07, elapsed time 0 seconds
