# lattice-best-path --lm-scale=11 --word-symbol-table=exp/tri1/graph/words.txt "ark:gunzip -c exp/tri1/decode/lat.*.gz|" ark,t:exp/tri1/decode/scoring/11.tra 
# Started at Thứ ba, 17 Tháng 5 năm 2022 11:04:39 +07
#
lattice-best-path --lm-scale=11 --word-symbol-table=exp/tri1/graph/words.txt 'ark:gunzip -c exp/tri1/decode/lat.*.gz|' ark,t:exp/tri1/decode/scoring/11.tra 
LOG (lattice-best-path[5.5.1023~1-d673]:main():lattice-best-path.cc:99) For utterance S_S17_W_ba_01, best cost 51.538 + 1411.33 = 1462.87 over 14 frames.
S_S17_W_ba_01 
LOG (lattice-best-path[5.5.1023~1-d673]:main():lattice-best-path.cc:99) For utterance S_S17_W_ba_02, best cost 97.0706 + 3374.74 = 3471.81 over 35 frames.
S_S17_W_ba_02 bảy 
LOG (lattice-best-path[5.5.1023~1-d673]:main():lattice-best-path.cc:99) For utterance S_S17_W_ba_03, best cost 53.3139 + 1817.16 = 1870.47 over 17 frames.
S_S17_W_ba_03 
LOG (lattice-best-path[5.5.1023~1-d673]:main():lattice-best-path.cc:99) For utterance S_S17_W_ba_04, best cost 94.0727 + 2210.16 = 2304.23 over 23 frames.
S_S17_W_ba_04 tám 
LOG (lattice-best-path[5.5.1023~1-d673]:main():lattice-best-path.cc:99) For utterance S_S17_W_ba_05, best cost 106.746 + 3436.03 = 3542.77 over 37 frames.
S_S17_W_ba_05 bảy 
LOG (lattice-best-path[5.5.1023~1-d673]:main():lattice-best-path.cc:99) For utterance S_S17_W_ba_06, best cost 102.427 + 3342.63 = 3445.06 over 39 frames.
S_S17_W_ba_06 bảy 
LOG (lattice-best-path[5.5.1023~1-d673]:main():lattice-best-path.cc:99) For utterance S_S17_W_ba_07, best cost 56.4201 + 2325.93 = 2382.35 over 21 frames.
S_S17_W_ba_07 
LOG (lattice-best-path[5.5.1023~1-d673]:main():lattice-best-path.cc:99) For utterance S_S17_W_ba_08, best cost 91.2247 + 1356.41 = 1447.63 over 14 frames.
S_S17_W_ba_08 tám 
LOG (lattice-best-path[5.5.1023~1-d673]:main():lattice-best-path.cc:99) For utterance S_S17_W_ba_09, best cost 54.064 + 1867.16 = 1921.22 over 17 frames.
S_S17_W_ba_09 
LOG (lattice-best-path[5.5.1023~1-d673]:main():lattice-best-path.cc:99) For utterance S_S17_W_ba_10, best cost 99.7688 + 3760.97 = 3860.74 over 41 frames.
S_S17_W_ba_10 tám 
LOG (lattice-best-path[5.5.1023~1-d673]:main():lattice-best-path.cc:99) For utterance S_S17_W_ba_11, best cost 95.9442 + 2927.23 = 3023.18 over 34 frames.
S_S17_W_ba_11 bảy 
LOG (lattice-best-path[5.5.1023~1-d673]:main():lattice-best-path.cc:99) For utterance S_S17_W_bayr_01, best cost 93.0247 + 2121.01 = 2214.04 over 19 frames.
S_S17_W_bayr_01 bảy 
LOG (lattice-best-path[5.5.1023~1-d673]:main():lattice-best-path.cc:99) For utterance S_S17_W_bayr_02, best cost 55.8692 + 2412.66 = 2468.53 over 20 frames.
S_S17_W_bayr_02 
LOG (lattice-best-path[5.5.1023~1-d673]:main():lattice-best-path.cc:99) For utterance S_S17_W_bayr_03, best cost 88.2024 + 2387.81 = 2476.02 over 21 frames.
S_S17_W_bayr_03 bảy 
LOG (lattice-best-path[5.5.1023~1-d673]:main():lattice-best-path.cc:99) For utterance S_S17_W_bayr_04, best cost 54.4919 + 2367 = 2421.5 over 19 frames.
S_S17_W_bayr_04 
LOG (lattice-best-path[5.5.1023~1-d673]:main():lattice-best-path.cc:99) For utterance S_S17_W_bayr_05, best cost 94.7056 + 2624.85 = 2719.56 over 25 frames.
S_S17_W_bayr_05 tám 
LOG (lattice-best-path[5.5.1023~1-d673]:main():lattice-best-path.cc:99) For utterance S_S17_W_bayr_06, best cost 96.9208 + 3485.56 = 3582.48 over 32 frames.
S_S17_W_bayr_06 tám 
LOG (lattice-best-path[5.5.1023~1-d673]:main():lattice-best-path.cc:99) For utterance S_S17_W_bayr_07, best cost 103.459 + 3451.73 = 3555.19 over 32 frames.
S_S17_W_bayr_07 bảy 
LOG (lattice-best-path[5.5.1023~1-d673]:main():lattice-best-path.cc:99) For utterance S_S17_W_bayr_08, best cost 57.0414 + 2782.17 = 2839.22 over 22 frames.
S_S17_W_bayr_08 
LOG (lattice-best-path[5.5.1023~1-d673]:main():lattice-best-path.cc:99) For utterance S_S17_W_bayr_09, best cost 52.8801 + 1632.54 = 1685.42 over 15 frames.
S_S17_W_bayr_09 
LOG (lattice-best-path[5.5.1023~1-d673]:main():lattice-best-path.cc:99) For utterance S_S17_W_boons_01, best cost 89.7838 + 1351.95 = 1441.74 over 14 frames.
S_S17_W_boons_01 một 
LOG (lattice-best-path[5.5.1023~1-d673]:main():lattice-best-path.cc:99) For utterance S_S17_W_boons_02, best cost 107.623 + 2602.69 = 2710.31 over 23 frames.
S_S17_W_boons_02 mốt 
LOG (lattice-best-path[5.5.1023~1-d673]:main():lattice-best-path.cc:99) For utterance S_S17_W_chins_01, best cost 105.986 + 3310.87 = 3416.86 over 27 frames.
S_S17_W_chins_01 chín 
LOG (lattice-best-path[5.5.1023~1-d673]:main():lattice-best-path.cc:99) For utterance S_S17_W_chins_02, best cost 103.216 + 2317.74 = 2420.96 over 19 frames.
S_S17_W_chins_02 chín 
LOG (lattice-best-path[5.5.1023~1-d673]:main():lattice-best-path.cc:99) For utterance S_S17_W_chins_03, best cost 98.2791 + 2454.85 = 2553.12 over 21 frames.
S_S17_W_chins_03 chín 
LOG (lattice-best-path[5.5.1023~1-d673]:main():lattice-best-path.cc:99) For utterance S_S17_W_chins_04, best cost 97.3149 + 1778.15 = 1875.47 over 16 frames.
S_S17_W_chins_04 chín 
LOG (lattice-best-path[5.5.1023~1-d673]:main():lattice-best-path.cc:99) For utterance S_S17_W_hai_01, best cost 102.3 + 4310.32 = 4412.62 over 49 frames.
S_S17_W_hai_01 tám 
LOG (lattice-best-path[5.5.1023~1-d673]:main():lattice-best-path.cc:99) For utterance S_S17_W_hai_02, best cost 95.3385 + 2432.4 = 2527.74 over 27 frames.
S_S17_W_hai_02 tám 
LOG (lattice-best-path[5.5.1023~1-d673]:main():lattice-best-path.cc:99) For utterance S_S17_W_hai_03, best cost 53.4779 + 1654.78 = 1708.26 over 16 frames.
S_S17_W_hai_03 
LOG (lattice-best-path[5.5.1023~1-d673]:main():lattice-best-path.cc:99) For utterance S_S17_W_hai_04, best cost 48.9651 + 884.516 = 933.481 over 9 frames.
S_S17_W_hai_04 
LOG (lattice-best-path[5.5.1023~1-d673]:main():lattice-best-path.cc:99) For utterance S_S17_W_hai_05, best cost 102.617 + 4402.09 = 4504.71 over 50 frames.
S_S17_W_hai_05 tám 
LOG (lattice-best-path[5.5.1023~1-d673]:main():lattice-best-path.cc:99) For utterance S_S17_W_hai_06, best cost 52.8449 + 1572.42 = 1625.27 over 15 frames.
S_S17_W_hai_06 
LOG (lattice-best-path[5.5.1023~1-d673]:main():lattice-best-path.cc:99) For utterance S_S17_W_hai_07, best cost 99.1359 + 3350.8 = 3449.94 over 39 frames.
S_S17_W_hai_07 tám 
LOG (lattice-best-path[5.5.1023~1-d673]:main():lattice-best-path.cc:99) For utterance S_S17_W_hai_08, best cost 50.3256 + 2234.65 = 2284.97 over 25 frames.
S_S17_W_hai_08 
LOG (lattice-best-path[5.5.1023~1-d673]:main():lattice-best-path.cc:99) For utterance S_S17_W_hai_09, best cost 95.0221 + 2631.48 = 2726.5 over 26 frames.
S_S17_W_hai_09 tám 
LOG (lattice-best-path[5.5.1023~1-d673]:main():lattice-best-path.cc:99) For utterance S_S17_W_hai_10, best cost 94.7056 + 2723.62 = 2818.33 over 25 frames.
S_S17_W_hai_10 tám 
LOG (lattice-best-path[5.5.1023~1-d673]:main():lattice-best-path.cc:99) For utterance S_S17_W_lawm_01, best cost 100.402 + 4067.04 = 4167.44 over 43 frames.
S_S17_W_lawm_01 tám 
LOG (lattice-best-path[5.5.1023~1-d673]:main():lattice-best-path.cc:99) For utterance S_S17_W_ler_01, best cost 57.6509 + 2993.28 = 3050.93 over 23 frames.
S_S17_W_ler_01 
LOG (lattice-best-path[5.5.1023~1-d673]:main():lattice-best-path.cc:99) For utterance S_S17_W_mootj_01, best cost 54.0288 + 2066.7 = 2120.73 over 17 frames.
S_S17_W_mootj_01 
LOG (lattice-best-path[5.5.1023~1-d673]:main():lattice-best-path.cc:99) For utterance S_S17_W_mootj_02, best cost 90.9753 + 1796.66 = 1887.64 over 16 frames.
S_S17_W_mootj_02 một 
LOG (lattice-best-path[5.5.1023~1-d673]:main():lattice-best-path.cc:99) For utterance S_S17_W_mootj_03, best cost 92.1652 + 2537.24 = 2629.41 over 22 frames.
S_S17_W_mootj_03 một 
LOG (lattice-best-path[5.5.1023~1-d673]:main():lattice-best-path.cc:99) For utterance S_S17_W_mootj_04, best cost 139.8 + 2851.41 = 2991.21 over 25 frames.
S_S17_W_mootj_04 tám một 
LOG (lattice-best-path[5.5.1023~1-d673]:main():lattice-best-path.cc:99) For utterance S_S17_W_mootj_05, best cost 91.2355 + 1948.67 = 2039.91 over 19 frames.
S_S17_W_mootj_05 một 
LOG (lattice-best-path[5.5.1023~1-d673]:main():lattice-best-path.cc:99) For utterance S_S17_W_mootj_06, best cost 97.3507 + 1890.8 = 1988.15 over 18 frames.
S_S17_W_mootj_06 tám 
LOG (lattice-best-path[5.5.1023~1-d673]:main():lattice-best-path.cc:99) For utterance S_S17_W_moots_01, best cost 95.0221 + 2547.34 = 2642.36 over 26 frames.
S_S17_W_moots_01 tám 
LOG (lattice-best-path[5.5.1023~1-d673]:main():lattice-best-path.cc:99) For utterance S_S17_W_muowi_01, best cost 55.8751 + 2392.7 = 2448.58 over 20 frames.
S_S17_W_muowi_01 
LOG (lattice-best-path[5.5.1023~1-d673]:main():lattice-best-path.cc:99) For utterance S_S17_W_muowi_02, best cost 79.8588 + 1754.31 = 1834.16 over 17 frames.
S_S17_W_muowi_02 mươi 
LOG (lattice-best-path[5.5.1023~1-d673]:main():lattice-best-path.cc:99) For utterance S_S17_W_muowi_03, best cost 55.8399 + 2136.48 = 2192.32 over 20 frames.
S_S17_W_muowi_03 
LOG (lattice-best-path[5.5.1023~1-d673]:main():lattice-best-path.cc:99) For utterance S_S17_W_muowi_04, best cost 54.6735 + 2197.97 = 2252.64 over 18 frames.
S_S17_W_muowi_04 
LOG (lattice-best-path[5.5.1023~1-d673]:main():lattice-best-path.cc:99) For utterance S_S17_W_muowi_05, best cost 54.5095 + 2135.13 = 2189.64 over 19 frames.
S_S17_W_muowi_05 
LOG (lattice-best-path[5.5.1023~1-d673]:main():lattice-best-path.cc:99) For utterance S_S17_W_muowi_06, best cost 80.3907 + 1915.64 = 1996.03 over 17 frames.
S_S17_W_muowi_06 mươi 
LOG (lattice-best-path[5.5.1023~1-d673]:main():lattice-best-path.cc:99) For utterance S_S17_W_muowi_07, best cost 51.7021 + 1441.86 = 1493.57 over 13 frames.
S_S17_W_muowi_07 
LOG (lattice-best-path[5.5.1023~1-d673]:main():lattice-best-path.cc:99) For utterance S_S17_W_muowi_08, best cost 52.8449 + 1775.17 = 1828.02 over 15 frames.
S_S17_W_muowi_08 
LOG (lattice-best-path[5.5.1023~1-d673]:main():lattice-best-path.cc:99) For utterance S_S17_W_muowi_09, best cost 51.7021 + 1359.97 = 1411.67 over 13 frames.
S_S17_W_muowi_09 
LOG (lattice-best-path[5.5.1023~1-d673]:main():lattice-best-path.cc:99) For utterance S_S17_W_muowi_10, best cost 51.6962 + 1582.76 = 1634.45 over 13 frames.
S_S17_W_muowi_10 
LOG (lattice-best-path[5.5.1023~1-d673]:main():lattice-best-path.cc:99) For utterance S_S17_W_muowi_11, best cost 80.7701 + 2069.53 = 2150.3 over 20 frames.
S_S17_W_muowi_11 mươi 
LOG (lattice-best-path[5.5.1023~1-d673]:main():lattice-best-path.cc:99) For utterance S_S17_W_muowi_12, best cost 55.7929 + 2165.06 = 2220.85 over 20 frames.
S_S17_W_muowi_12 
LOG (lattice-best-path[5.5.1023~1-d673]:main():lattice-best-path.cc:99) For utterance S_S17_W_muowi_13, best cost 80.1665 + 1912.96 = 1993.12 over 16 frames.
S_S17_W_muowi_13 mươi 
LOG (lattice-best-path[5.5.1023~1-d673]:main():lattice-best-path.cc:99) For utterance S_S17_W_muowi_14, best cost 91.5411 + 1644.55 = 1736.09 over 15 frames.
S_S17_W_muowi_14 tám 
LOG (lattice-best-path[5.5.1023~1-d673]:main():lattice-best-path.cc:99) For utterance S_S17_W_muowi_15, best cost 87.158 + 2097.34 = 2184.5 over 21 frames.
S_S17_W_muowi_15 mươi 
LOG (lattice-best-path[5.5.1023~1-d673]:main():lattice-best-path.cc:99) For utterance S_S17_W_muowi_16, best cost 54.6031 + 2083 = 2137.6 over 18 frames.
S_S17_W_muowi_16 
LOG (lattice-best-path[5.5.1023~1-d673]:main():lattice-best-path.cc:99) For utterance S_S17_W_muowi_17, best cost 90.5918 + 1312.48 = 1403.08 over 12 frames.
S_S17_W_muowi_17 tám 
LOG (lattice-best-path[5.5.1023~1-d673]:main():lattice-best-path.cc:99) For utterance S_S17_W_muowi_18, best cost 89.9823 + 2662.71 = 2752.7 over 25 frames.
S_S17_W_muowi_18 mươi 
LOG (lattice-best-path[5.5.1023~1-d673]:main():lattice-best-path.cc:99) For utterance S_S17_W_muowi_19, best cost 52.8449 + 1591.36 = 1644.21 over 15 frames.
S_S17_W_muowi_19 
LOG (lattice-best-path[5.5.1023~1-d673]:main():lattice-best-path.cc:99) For utterance S_S17_W_muowi_20, best cost 95.3385 + 2742.23 = 2837.57 over 27 frames.
S_S17_W_muowi_20 tám 
LOG (lattice-best-path[5.5.1023~1-d673]:main():lattice-best-path.cc:99) For utterance S_S17_W_muowi_21, best cost 49.9203 + 1300.81 = 1350.73 over 10 frames.
S_S17_W_muowi_21 
LOG (lattice-best-path[5.5.1023~1-d673]:main():lattice-best-path.cc:99) For utterance S_S17_W_muowif_01, best cost 96.9208 + 3039.83 = 3136.75 over 32 frames.
S_S17_W_muowif_01 tám 
LOG (lattice-best-path[5.5.1023~1-d673]:main():lattice-best-path.cc:99) For utterance S_S17_W_nawm_01, best cost 65.1996 + 3852.07 = 3917.27 over 36 frames.
S_S17_W_nawm_01 
LOG (lattice-best-path[5.5.1023~1-d673]:main():lattice-best-path.cc:99) For utterance S_S17_W_nawm_02, best cost 58.7527 + 2609.23 = 2667.98 over 25 frames.
S_S17_W_nawm_02 
LOG (lattice-best-path[5.5.1023~1-d673]:main():lattice-best-path.cc:99) For utterance S_S17_W_nawm_03, best cost 102.91 + 2568.8 = 2671.71 over 26 frames.
S_S17_W_nawm_03 tám 
LOG (lattice-best-path[5.5.1023~1-d673]:main():lattice-best-path.cc:99) For utterance S_S17_W_saus_01, best cost 87.8726 + 3225.83 = 3313.7 over 31 frames.
S_S17_W_saus_01 sáu 
LOG (lattice-best-path[5.5.1023~1-d673]:main():lattice-best-path.cc:99) For utterance S_S17_W_saus_02, best cost 98.0511 + 4147.42 = 4245.47 over 42 frames.
S_S17_W_saus_02 sáu 
LOG (lattice-best-path[5.5.1023~1-d673]:main():lattice-best-path.cc:99) For utterance S_S17_W_saus_03, best cost 96.5032 + 4009.83 = 4106.34 over 41 frames.
S_S17_W_saus_03 sáu 
LOG (lattice-best-path[5.5.1023~1-d673]:main():lattice-best-path.cc:99) For utterance S_S17_W_saus_04, best cost 97.998 + 4243.87 = 4341.86 over 44 frames.
S_S17_W_saus_04 sáu 
LOG (lattice-best-path[5.5.1023~1-d673]:main():lattice-best-path.cc:99) For utterance S_S17_W_saus_05, best cost 99.0451 + 4875.94 = 4974.98 over 47 frames.
S_S17_W_saus_05 sáu 
LOG (lattice-best-path[5.5.1023~1-d673]:main():lattice-best-path.cc:99) For utterance S_S17_W_saus_06, best cost 93.6149 + 2726.16 = 2819.77 over 24 frames.
S_S17_W_saus_06 sáu 
LOG (lattice-best-path[5.5.1023~1-d673]:main():lattice-best-path.cc:99) For utterance S_S17_W_saus_07, best cost 87.2284 + 2569.87 = 2657.1 over 24 frames.
S_S17_W_saus_07 sáu 
LOG (lattice-best-path[5.5.1023~1-d673]:main():lattice-best-path.cc:99) For utterance S_S17_W_saus_08, best cost 57.5922 + 2702.36 = 2759.95 over 23 frames.
S_S17_W_saus_08 
LOG (lattice-best-path[5.5.1023~1-d673]:main():lattice-best-path.cc:99) For utterance S_S17_W_saus_09, best cost 85.7514 + 1722.55 = 1808.3 over 15 frames.
S_S17_W_saus_09 sáu 
LOG (lattice-best-path[5.5.1023~1-d673]:main():lattice-best-path.cc:99) For utterance S_S17_W_saus_10, best cost 93.147 + 2878.74 = 2971.89 over 28 frames.
S_S17_W_saus_10 sáu 
LOG (lattice-best-path[5.5.1023~1-d673]:main():lattice-best-path.cc:99) For utterance S_S17_W_saus_11, best cost 89.7973 + 3436.92 = 3526.71 over 36 frames.
S_S17_W_saus_11 sáu 
LOG (lattice-best-path[5.5.1023~1-d673]:main():lattice-best-path.cc:99) For utterance S_S17_W_tams_01, best cost 57.557 + 2459.85 = 2517.41 over 23 frames.
S_S17_W_tams_01 
LOG (lattice-best-path[5.5.1023~1-d673]:main():lattice-best-path.cc:99) For utterance S_S17_W_tams_02, best cost 103.973 + 3071.34 = 3175.31 over 33 frames.
S_S17_W_tams_02 tám 
LOG (lattice-best-path[5.5.1023~1-d673]:main():lattice-best-path.cc:99) For utterance S_S17_W_tams_03, best cost 93.8304 + 2142.18 = 2236.01 over 22 frames.
S_S17_W_tams_03 tám 
LOG (lattice-best-path[5.5.1023~1-d673]:main():lattice-best-path.cc:99) For utterance S_S17_W_tams_04, best cost 54.6325 + 2196.08 = 2250.72 over 18 frames.
S_S17_W_tams_04 
LOG (lattice-best-path[5.5.1023~1-d673]:main():lattice-best-path.cc:99) For utterance S_S17_W_tams_05, best cost 54.6735 + 2052.9 = 2107.58 over 18 frames.
S_S17_W_tams_05 
LOG (lattice-best-path[5.5.1023~1-d673]:main():lattice-best-path.cc:99) For utterance S_S17_W_tams_06, best cost 54.064 + 1958.3 = 2012.36 over 17 frames.
S_S17_W_tams_06 
LOG (lattice-best-path[5.5.1023~1-d673]:main():lattice-best-path.cc:99) For utterance S_S17_W_tams_07, best cost 55.1951 + 1840.77 = 1895.97 over 19 frames.
S_S17_W_tams_07 
LOG (lattice-best-path[5.5.1023~1-d673]:main():lattice-best-path.cc:99) For utterance S_S17_W_tams_08, best cost 93.1234 + 1989.24 = 2082.37 over 20 frames.
S_S17_W_tams_08 tám 
LOG (lattice-best-path[5.5.1023~1-d673]:main():lattice-best-path.cc:99) For utterance S_S17_W_trawm_01, best cost 59.9307 + 3209.98 = 3269.91 over 27 frames.
S_S17_W_trawm_01 
LOG (lattice-best-path[5.5.1023~1-d673]:main():lattice-best-path.cc:99) For utterance S_S17_W_trawm_02, best cost 106.245 + 3331.64 = 3437.89 over 32 frames.
S_S17_W_trawm_02 tám 
LOG (lattice-best-path[5.5.1023~1-d673]:main():lattice-best-path.cc:99) For utterance S_S17_W_trawm_03, best cost 91.5411 + 1601.21 = 1692.75 over 15 frames.
S_S17_W_trawm_03 tám 
LOG (lattice-best-path[5.5.1023~1-d673]:main():lattice-best-path.cc:99) For utterance S_S17_W_trawm_04, best cost 54.0523 + 2162.15 = 2216.2 over 17 frames.
S_S17_W_trawm_04 
LOG (lattice-best-path[5.5.1023~1-d673]:main():lattice-best-path.cc:99) For utterance S_S17_W_trawm_05, best cost 105.837 + 3908.34 = 4014.17 over 32 frames.
S_S17_W_trawm_05 chín 
LOG (lattice-best-path[5.5.1023~1-d673]:main():lattice-best-path.cc:99) For utterance S_S17_W_trawm_06, best cost 79.8452 + 1740.17 = 1820.02 over 17 frames.
S_S17_W_trawm_06 trăm 
LOG (lattice-best-path[5.5.1023~1-d673]:main():lattice-best-path.cc:99) For utterance S_S17_W_trawm_07, best cost 101.209 + 2549.83 = 2651.04 over 24 frames.
S_S17_W_trawm_07 tám 
LOG (lattice-best-path[5.5.1023~1-d673]:main():lattice-best-path.cc:99) For utterance S_S17_W_trawm_08, best cost 58.1783 + 2970.38 = 3028.56 over 24 frames.
S_S17_W_trawm_08 
LOG (lattice-best-path[5.5.1023~1-d673]:main():lattice-best-path.cc:99) For utterance S_S17_W_trawm_09, best cost 55.8399 + 2661.88 = 2717.72 over 20 frames.
S_S17_W_trawm_09 
LOG (lattice-best-path[5.5.1023~1-d673]:main():lattice-best-path.cc:99) For utterance S_S17_W_trawm_10, best cost 52.294 + 1597.32 = 1649.62 over 14 frames.
S_S17_W_trawm_10 
LOG (lattice-best-path[5.5.1023~1-d673]:main():lattice-best-path.cc:99) For utterance S_S17_W_trawm_11, best cost 80.7391 + 2058.08 = 2138.82 over 20 frames.
S_S17_W_trawm_11 trăm 
LOG (lattice-best-path[5.5.1023~1-d673]:main():lattice-best-path.cc:99) For utterance S_S17_W_trawm_12, best cost 56.9475 + 2530.77 = 2587.72 over 22 frames.
S_S17_W_trawm_12 
LOG (lattice-best-path[5.5.1023~1-d673]:main():lattice-best-path.cc:99) For utterance S_S17_W_trawm_13, best cost 81.7626 + 2328.1 = 2409.87 over 23 frames.
S_S17_W_trawm_13 trăm 
LOG (lattice-best-path[5.5.1023~1-d673]:main():lattice-best-path.cc:99) For utterance S_S17_W_trawm_14, best cost 88.7129 + 2831.14 = 2919.86 over 25 frames.
S_S17_W_trawm_14 trăm 
LOG (lattice-best-path[5.5.1023~1-d673]:main():lattice-best-path.cc:99) For utterance S_S17_W_trawm_15, best cost 54.0405 + 1878.6 = 1932.64 over 17 frames.
S_S17_W_trawm_15 
LOG (lattice-best-path[5.5.1023~1-d673]:main():lattice-best-path.cc:99) For utterance S_S17_W_trawm_16, best cost 100.55 + 2869.98 = 2970.53 over 23 frames.
S_S17_W_trawm_16 tám 
LOG (lattice-best-path[5.5.1023~1-d673]:main():lattice-best-path.cc:99) For utterance S_S17_W_trawm_17, best cost 59.3212 + 2962.74 = 3022.06 over 26 frames.
S_S17_W_trawm_17 
LOG (lattice-best-path[5.5.1023~1-d673]:main():lattice-best-path.cc:99) For utterance S_S17_W_trawm_18, best cost 54.0405 + 1857.79 = 1911.83 over 17 frames.
S_S17_W_trawm_18 
LOG (lattice-best-path[5.5.1023~1-d673]:main():lattice-best-path.cc:99) For utterance S_S17_W_trawm_19, best cost 79.7156 + 1602.78 = 1682.49 over 17 frames.
S_S17_W_trawm_19 trăm 
LOG (lattice-best-path[5.5.1023~1-d673]:main():lattice-best-path.cc:99) For utterance S_S17_W_trawm_20, best cost 92.4905 + 1852.06 = 1944.55 over 18 frames.
S_S17_W_trawm_20 tám 
LOG (lattice-best-path[5.5.1023~1-d673]:main():lattice-best-path.cc:99) For utterance S_S17_W_trawm_21, best cost 93.3735 + 2608.49 = 2701.86 over 24 frames.
S_S17_W_trawm_21 sáu 
LOG (lattice-best-path[5.5.1023~1-d673]:main():lattice-best-path.cc:99) For utterance S_S17_W_trawm_22, best cost 79.7156 + 1917.59 = 1997.31 over 17 frames.
S_S17_W_trawm_22 trăm 
LOG (lattice-best-path[5.5.1023~1-d673]:main():lattice-best-path.cc:99) For utterance S_S19_W_ba_01, best cost 51.1513 + 1407.88 = 1459.04 over 14 frames.
S_S19_W_ba_01 
LOG (lattice-best-path[5.5.1023~1-d673]:main():lattice-best-path.cc:99) For utterance S_S19_W_ba_02, best cost 97.0706 + 3379.46 = 3476.53 over 35 frames.
S_S19_W_ba_02 bảy 
LOG (lattice-best-path[5.5.1023~1-d673]:main():lattice-best-path.cc:99) For utterance S_S19_W_ba_03, best cost 53.3139 + 1817.7 = 1871.01 over 17 frames.
S_S19_W_ba_03 
LOG (lattice-best-path[5.5.1023~1-d673]:main():lattice-best-path.cc:99) For utterance S_S19_W_ba_04, best cost 94.0727 + 2210.14 = 2304.21 over 23 frames.
S_S19_W_ba_04 tám 
LOG (lattice-best-path[5.5.1023~1-d673]:main():lattice-best-path.cc:99) For utterance S_S19_W_ba_05, best cost 106.72 + 3442.45 = 3549.17 over 37 frames.
S_S19_W_ba_05 bảy 
LOG (lattice-best-path[5.5.1023~1-d673]:main():lattice-best-path.cc:99) For utterance S_S19_W_ba_06, best cost 102.427 + 3338.98 = 3441.4 over 39 frames.
S_S19_W_ba_06 bảy 
LOG (lattice-best-path[5.5.1023~1-d673]:main():lattice-best-path.cc:99) For utterance S_S19_W_ba_07, best cost 56.4201 + 2328.71 = 2385.13 over 21 frames.
S_S19_W_ba_07 
LOG (lattice-best-path[5.5.1023~1-d673]:main():lattice-best-path.cc:99) For utterance S_S19_W_ba_08, best cost 91.2247 + 1356.5 = 1447.73 over 14 frames.
S_S19_W_ba_08 tám 
LOG (lattice-best-path[5.5.1023~1-d673]:main():lattice-best-path.cc:99) For utterance S_S19_W_ba_09, best cost 54.0816 + 1874.29 = 1928.38 over 17 frames.
S_S19_W_ba_09 
LOG (lattice-best-path[5.5.1023~1-d673]:main():lattice-best-path.cc:99) For utterance S_S19_W_ba_10, best cost 99.7688 + 3752.17 = 3851.94 over 41 frames.
S_S19_W_ba_10 tám 
LOG (lattice-best-path[5.5.1023~1-d673]:main():lattice-best-path.cc:99) For utterance S_S19_W_ba_11, best cost 95.9442 + 2924.57 = 3020.51 over 34 frames.
S_S19_W_ba_11 bảy 
LOG (lattice-best-path[5.5.1023~1-d673]:main():lattice-best-path.cc:99) For utterance S_S19_W_bayr_01, best cost 93.0247 + 2115.29 = 2208.31 over 19 frames.
S_S19_W_bayr_01 bảy 
LOG (lattice-best-path[5.5.1023~1-d673]:main():lattice-best-path.cc:99) For utterance S_S19_W_bayr_02, best cost 55.8692 + 2412.38 = 2468.25 over 20 frames.
S_S19_W_bayr_02 
LOG (lattice-best-path[5.5.1023~1-d673]:main():lattice-best-path.cc:99) For utterance S_S19_W_bayr_03, best cost 88.2024 + 2390.53 = 2478.74 over 21 frames.
S_S19_W_bayr_03 bảy 
LOG (lattice-best-path[5.5.1023~1-d673]:main():lattice-best-path.cc:99) For utterance S_S19_W_bayr_04, best cost 54.4919 + 2368.98 = 2423.47 over 19 frames.
S_S19_W_bayr_04 
LOG (lattice-best-path[5.5.1023~1-d673]:main():lattice-best-path.cc:99) For utterance S_S19_W_bayr_05, best cost 94.7056 + 2625.21 = 2719.91 over 25 frames.
S_S19_W_bayr_05 tám 
LOG (lattice-best-path[5.5.1023~1-d673]:main():lattice-best-path.cc:99) For utterance S_S19_W_bayr_06, best cost 96.9208 + 3494.43 = 3591.35 over 32 frames.
S_S19_W_bayr_06 tám 
LOG (lattice-best-path[5.5.1023~1-d673]:main():lattice-best-path.cc:99) For utterance S_S19_W_bayr_07, best cost 103.459 + 3454.17 = 3557.63 over 32 frames.
S_S19_W_bayr_07 bảy 
LOG (lattice-best-path[5.5.1023~1-d673]:main():lattice-best-path.cc:99) For utterance S_S19_W_bayr_08, best cost 57.0414 + 2783.82 = 2840.86 over 22 frames.
S_S19_W_bayr_08 
LOG (lattice-best-path[5.5.1023~1-d673]:main():lattice-best-path.cc:99) For utterance S_S19_W_bayr_09, best cost 52.8801 + 1635.29 = 1688.17 over 15 frames.
S_S19_W_bayr_09 
LOG (lattice-best-path[5.5.1023~1-d673]:main():lattice-best-path.cc:99) For utterance S_S19_W_boons_01, best cost 89.7838 + 1353 = 1442.78 over 14 frames.
S_S19_W_boons_01 một 
LOG (lattice-best-path[5.5.1023~1-d673]:main():lattice-best-path.cc:99) For utterance S_S19_W_boons_02, best cost 107.623 + 2597.17 = 2704.79 over 23 frames.
S_S19_W_boons_02 mốt 
LOG (lattice-best-path[5.5.1023~1-d673]:main():lattice-best-path.cc:99) For utterance S_S19_W_chins_01, best cost 105.986 + 3322.61 = 3428.6 over 27 frames.
S_S19_W_chins_01 chín 
LOG (lattice-best-path[5.5.1023~1-d673]:main():lattice-best-path.cc:99) For utterance S_S19_W_chins_02, best cost 103.216 + 2320.83 = 2424.05 over 19 frames.
S_S19_W_chins_02 chín 
LOG (lattice-best-path[5.5.1023~1-d673]:main():lattice-best-path.cc:99) For utterance S_S19_W_chins_03, best cost 98.2791 + 2459.49 = 2557.77 over 21 frames.
S_S19_W_chins_03 chín 
LOG (lattice-best-path[5.5.1023~1-d673]:main():lattice-best-path.cc:99) For utterance S_S19_W_chins_04, best cost 97.3149 + 1775.54 = 1872.86 over 16 frames.
S_S19_W_chins_04 chín 
LOG (lattice-best-path[5.5.1023~1-d673]:main():lattice-best-path.cc:99) For utterance S_S19_W_hai_01, best cost 102.3 + 4308.62 = 4410.92 over 49 frames.
S_S19_W_hai_01 tám 
LOG (lattice-best-path[5.5.1023~1-d673]:main():lattice-best-path.cc:99) For utterance S_S19_W_hai_02, best cost 95.3385 + 2435.78 = 2531.12 over 27 frames.
S_S19_W_hai_02 tám 
LOG (lattice-best-path[5.5.1023~1-d673]:main():lattice-best-path.cc:99) For utterance S_S19_W_hai_03, best cost 53.472 + 1656.65 = 1710.12 over 16 frames.
S_S19_W_hai_03 
LOG (lattice-best-path[5.5.1023~1-d673]:main():lattice-best-path.cc:99) For utterance S_S19_W_hai_04, best cost 48.9651 + 883.082 = 932.047 over 9 frames.
S_S19_W_hai_04 
LOG (lattice-best-path[5.5.1023~1-d673]:main():lattice-best-path.cc:99) For utterance S_S19_W_hai_05, best cost 102.617 + 4402.3 = 4504.92 over 50 frames.
S_S19_W_hai_05 tám 
LOG (lattice-best-path[5.5.1023~1-d673]:main():lattice-best-path.cc:99) For utterance S_S19_W_hai_06, best cost 52.8449 + 1572.88 = 1625.72 over 15 frames.
S_S19_W_hai_06 
LOG (lattice-best-path[5.5.1023~1-d673]:main():lattice-best-path.cc:99) For utterance S_S19_W_hai_07, best cost 99.1359 + 3351.34 = 3450.48 over 39 frames.
S_S19_W_hai_07 tám 
LOG (lattice-best-path[5.5.1023~1-d673]:main():lattice-best-path.cc:99) For utterance S_S19_W_hai_08, best cost 50.3256 + 2233.48 = 2283.8 over 25 frames.
S_S19_W_hai_08 
LOG (lattice-best-path[5.5.1023~1-d673]:main():lattice-best-path.cc:99) For utterance S_S19_W_hai_09, best cost 95.0221 + 2634.18 = 2729.2 over 26 frames.
S_S19_W_hai_09 tám 
LOG (lattice-best-path[5.5.1023~1-d673]:main():lattice-best-path.cc:99) For utterance S_S19_W_hai_10, best cost 94.7056 + 2725.87 = 2820.58 over 25 frames.
S_S19_W_hai_10 tám 
LOG (lattice-best-path[5.5.1023~1-d673]:main():lattice-best-path.cc:99) For utterance S_S19_W_lawm_01, best cost 100.402 + 4066.54 = 4166.94 over 43 frames.
S_S19_W_lawm_01 tám 
LOG (lattice-best-path[5.5.1023~1-d673]:main():lattice-best-path.cc:99) For utterance S_S19_W_ler_01, best cost 57.6509 + 2983.93 = 3041.58 over 23 frames.
S_S19_W_ler_01 
LOG (lattice-best-path[5.5.1023~1-d673]:main():lattice-best-path.cc:99) For utterance S_S19_W_mootj_01, best cost 54.0288 + 2069.47 = 2123.49 over 17 frames.
S_S19_W_mootj_01 
LOG (lattice-best-path[5.5.1023~1-d673]:main():lattice-best-path.cc:99) For utterance S_S19_W_mootj_02, best cost 97.5391 + 1790.72 = 1888.26 over 16 frames.
S_S19_W_mootj_02 tám 
LOG (lattice-best-path[5.5.1023~1-d673]:main():lattice-best-path.cc:99) For utterance S_S19_W_mootj_03, best cost 92.2992 + 2532.05 = 2624.35 over 22 frames.
S_S19_W_mootj_03 một 
LOG (lattice-best-path[5.5.1023~1-d673]:main():lattice-best-path.cc:99) For utterance S_S19_W_mootj_04, best cost 139.8 + 2857.5 = 2997.3 over 25 frames.
S_S19_W_mootj_04 tám một 
LOG (lattice-best-path[5.5.1023~1-d673]:main():lattice-best-path.cc:99) For utterance S_S19_W_mootj_05, best cost 91.2355 + 1946.58 = 2037.81 over 19 frames.
S_S19_W_mootj_05 một 
LOG (lattice-best-path[5.5.1023~1-d673]:main():lattice-best-path.cc:99) For utterance S_S19_W_mootj_06, best cost 97.3507 + 1896.09 = 1993.44 over 18 frames.
S_S19_W_mootj_06 tám 
LOG (lattice-best-path[5.5.1023~1-d673]:main():lattice-best-path.cc:99) For utterance S_S19_W_moots_01, best cost 95.0221 + 2549.45 = 2644.47 over 26 frames.
S_S19_W_moots_01 tám 
LOG (lattice-best-path[5.5.1023~1-d673]:main():lattice-best-path.cc:99) For utterance S_S19_W_muowi_01, best cost 55.8751 + 2394.3 = 2450.17 over 20 frames.
S_S19_W_muowi_01 
LOG (lattice-best-path[5.5.1023~1-d673]:main():lattice-best-path.cc:99) For utterance S_S19_W_muowi_02, best cost 79.8588 + 1759.14 = 1839 over 17 frames.
S_S19_W_muowi_02 mươi 
LOG (lattice-best-path[5.5.1023~1-d673]:main():lattice-best-path.cc:99) For utterance S_S19_W_muowi_03, best cost 55.8399 + 2130.35 = 2186.19 over 20 frames.
S_S19_W_muowi_03 
LOG (lattice-best-path[5.5.1023~1-d673]:main():lattice-best-path.cc:99) For utterance S_S19_W_muowi_04, best cost 54.6735 + 2199.62 = 2254.29 over 18 frames.
S_S19_W_muowi_04 
LOG (lattice-best-path[5.5.1023~1-d673]:main():lattice-best-path.cc:99) For utterance S_S19_W_muowi_05, best cost 54.1227 + 2127.04 = 2181.16 over 19 frames.
S_S19_W_muowi_05 
LOG (lattice-best-path[5.5.1023~1-d673]:main():lattice-best-path.cc:99) For utterance S_S19_W_muowi_06, best cost 79.9853 + 1912.1 = 1992.08 over 17 frames.
S_S19_W_muowi_06 mươi 
LOG (lattice-best-path[5.5.1023~1-d673]:main():lattice-best-path.cc:99) For utterance S_S19_W_muowi_07, best cost 51.7021 + 1438.28 = 1489.98 over 13 frames.
S_S19_W_muowi_07 
LOG (lattice-best-path[5.5.1023~1-d673]:main():lattice-best-path.cc:99) For utterance S_S19_W_muowi_08, best cost 52.8449 + 1780.5 = 1833.35 over 15 frames.
S_S19_W_muowi_08 
LOG (lattice-best-path[5.5.1023~1-d673]:main():lattice-best-path.cc:99) For utterance S_S19_W_muowi_09, best cost 51.3153 + 1355.13 = 1406.45 over 13 frames.
S_S19_W_muowi_09 
LOG (lattice-best-path[5.5.1023~1-d673]:main():lattice-best-path.cc:99) For utterance S_S19_W_muowi_10, best cost 51.6962 + 1577.67 = 1629.37 over 13 frames.
S_S19_W_muowi_10 
LOG (lattice-best-path[5.5.1023~1-d673]:main():lattice-best-path.cc:99) For utterance S_S19_W_muowi_11, best cost 80.7701 + 2071.11 = 2151.88 over 20 frames.
S_S19_W_muowi_11 mươi 
LOG (lattice-best-path[5.5.1023~1-d673]:main():lattice-best-path.cc:99) For utterance S_S19_W_muowi_12, best cost 55.7929 + 2164.84 = 2220.63 over 20 frames.
S_S19_W_muowi_12 
LOG (lattice-best-path[5.5.1023~1-d673]:main():lattice-best-path.cc:99) For utterance S_S19_W_muowi_13, best cost 80.1665 + 1921.69 = 2001.85 over 16 frames.
S_S19_W_muowi_13 mươi 
LOG (lattice-best-path[5.5.1023~1-d673]:main():lattice-best-path.cc:99) For utterance S_S19_W_muowi_14, best cost 91.5411 + 1644.43 = 1735.97 over 15 frames.
S_S19_W_muowi_14 tám 
LOG (lattice-best-path[5.5.1023~1-d673]:main():lattice-best-path.cc:99) For utterance S_S19_W_muowi_15, best cost 87.1231 + 2098.49 = 2185.62 over 21 frames.
S_S19_W_muowi_15 mươi 
LOG (lattice-best-path[5.5.1023~1-d673]:main():lattice-best-path.cc:99) For utterance S_S19_W_muowi_16, best cost 54.6031 + 2078.92 = 2133.52 over 18 frames.
S_S19_W_muowi_16 
LOG (lattice-best-path[5.5.1023~1-d673]:main():lattice-best-path.cc:99) For utterance S_S19_W_muowi_17, best cost 90.5918 + 1316.43 = 1407.02 over 12 frames.
S_S19_W_muowi_17 tám 
LOG (lattice-best-path[5.5.1023~1-d673]:main():lattice-best-path.cc:99) For utterance S_S19_W_muowi_18, best cost 89.9823 + 2661.23 = 2751.21 over 25 frames.
S_S19_W_muowi_18 mươi 
LOG (lattice-best-path[5.5.1023~1-d673]:main():lattice-best-path.cc:99) For utterance S_S19_W_muowi_19, best cost 52.8449 + 1592.4 = 1645.25 over 15 frames.
S_S19_W_muowi_19 
LOG (lattice-best-path[5.5.1023~1-d673]:main():lattice-best-path.cc:99) For utterance S_S19_W_muowi_20, best cost 95.3385 + 2738.98 = 2834.32 over 27 frames.
S_S19_W_muowi_20 tám 
LOG (lattice-best-path[5.5.1023~1-d673]:main():lattice-best-path.cc:99) For utterance S_S19_W_muowi_21, best cost 49.9145 + 1302.34 = 1352.25 over 10 frames.
S_S19_W_muowi_21 
LOG (lattice-best-path[5.5.1023~1-d673]:main():lattice-best-path.cc:99) For utterance S_S19_W_muowif_01, best cost 96.9455 + 3042.43 = 3139.38 over 32 frames.
S_S19_W_muowif_01 tám 
LOG (lattice-best-path[5.5.1023~1-d673]:main():lattice-best-path.cc:99) For utterance S_S19_W_nawm_01, best cost 65.1996 + 3850.7 = 3915.9 over 36 frames.
S_S19_W_nawm_01 
LOG (lattice-best-path[5.5.1023~1-d673]:main():lattice-best-path.cc:99) For utterance S_S19_W_nawm_02, best cost 58.7527 + 2606.14 = 2664.89 over 25 frames.
S_S19_W_nawm_02 
LOG (lattice-best-path[5.5.1023~1-d673]:main():lattice-best-path.cc:99) For utterance S_S19_W_nawm_03, best cost 102.861 + 2572.91 = 2675.77 over 26 frames.
S_S19_W_nawm_03 tám 
LOG (lattice-best-path[5.5.1023~1-d673]:main():lattice-best-path.cc:99) For utterance S_S19_W_saus_01, best cost 87.8726 + 3223.45 = 3311.33 over 31 frames.
S_S19_W_saus_01 sáu 
LOG (lattice-best-path[5.5.1023~1-d673]:main():lattice-best-path.cc:99) For utterance S_S19_W_saus_02, best cost 98.0511 + 4129 = 4227.05 over 42 frames.
S_S19_W_saus_02 sáu 
LOG (lattice-best-path[5.5.1023~1-d673]:main():lattice-best-path.cc:99) For utterance S_S19_W_saus_03, best cost 96.5032 + 4014.23 = 4110.73 over 41 frames.
S_S19_W_saus_03 sáu 
LOG (lattice-best-path[5.5.1023~1-d673]:main():lattice-best-path.cc:99) For utterance S_S19_W_saus_04, best cost 97.998 + 4236.82 = 4334.81 over 44 frames.
S_S19_W_saus_04 sáu 
LOG (lattice-best-path[5.5.1023~1-d673]:main():lattice-best-path.cc:99) For utterance S_S19_W_saus_05, best cost 99.0451 + 4866.94 = 4965.99 over 47 frames.
S_S19_W_saus_05 sáu 
LOG (lattice-best-path[5.5.1023~1-d673]:main():lattice-best-path.cc:99) For utterance S_S19_W_saus_06, best cost 93.6149 + 2721.77 = 2815.39 over 24 frames.
S_S19_W_saus_06 sáu 
LOG (lattice-best-path[5.5.1023~1-d673]:main():lattice-best-path.cc:99) For utterance S_S19_W_saus_07, best cost 87.2284 + 2559.19 = 2646.42 over 24 frames.
S_S19_W_saus_07 sáu 
LOG (lattice-best-path[5.5.1023~1-d673]:main():lattice-best-path.cc:99) For utterance S_S19_W_saus_08, best cost 57.5922 + 2702.85 = 2760.44 over 23 frames.
S_S19_W_saus_08 
LOG (lattice-best-path[5.5.1023~1-d673]:main():lattice-best-path.cc:99) For utterance S_S19_W_saus_09, best cost 85.7514 + 1721.9 = 1807.65 over 15 frames.
S_S19_W_saus_09 sáu 
LOG (lattice-best-path[5.5.1023~1-d673]:main():lattice-best-path.cc:99) For utterance S_S19_W_saus_10, best cost 93.147 + 2878.21 = 2971.36 over 28 frames.
S_S19_W_saus_10 sáu 
LOG (lattice-best-path[5.5.1023~1-d673]:main():lattice-best-path.cc:99) For utterance S_S19_W_saus_11, best cost 89.7973 + 3428.66 = 3518.46 over 36 frames.
S_S19_W_saus_11 sáu 
LOG (lattice-best-path[5.5.1023~1-d673]:main():lattice-best-path.cc:99) For utterance S_S19_W_tams_01, best cost 57.557 + 2461.76 = 2519.31 over 23 frames.
S_S19_W_tams_01 
LOG (lattice-best-path[5.5.1023~1-d673]:main():lattice-best-path.cc:99) For utterance S_S19_W_tams_02, best cost 103.973 + 3074.53 = 3178.5 over 33 frames.
S_S19_W_tams_02 tám 
LOG (lattice-best-path[5.5.1023~1-d673]:main():lattice-best-path.cc:99) For utterance S_S19_W_tams_03, best cost 93.8304 + 2147.69 = 2241.52 over 22 frames.
S_S19_W_tams_03 tám 
LOG (lattice-best-path[5.5.1023~1-d673]:main():lattice-best-path.cc:99) For utterance S_S19_W_tams_04, best cost 54.6325 + 2196.61 = 2251.24 over 18 frames.
S_S19_W_tams_04 
LOG (lattice-best-path[5.5.1023~1-d673]:main():lattice-best-path.cc:99) For utterance S_S19_W_tams_05, best cost 54.6735 + 2056.21 = 2110.89 over 18 frames.
S_S19_W_tams_05 
LOG (lattice-best-path[5.5.1023~1-d673]:main():lattice-best-path.cc:99) For utterance S_S19_W_tams_06, best cost 54.0581 + 1961.67 = 2015.73 over 17 frames.
S_S19_W_tams_06 
LOG (lattice-best-path[5.5.1023~1-d673]:main():lattice-best-path.cc:99) For utterance S_S19_W_tams_07, best cost 55.1951 + 1841.8 = 1897 over 19 frames.
S_S19_W_tams_07 
LOG (lattice-best-path[5.5.1023~1-d673]:main():lattice-best-path.cc:99) For utterance S_S19_W_tams_08, best cost 55.7753 + 2025.54 = 2081.31 over 20 frames.
S_S19_W_tams_08 
LOG (lattice-best-path[5.5.1023~1-d673]:main():lattice-best-path.cc:99) For utterance S_S19_W_trawm_01, best cost 59.9307 + 3216.85 = 3276.79 over 27 frames.
S_S19_W_trawm_01 
LOG (lattice-best-path[5.5.1023~1-d673]:main():lattice-best-path.cc:99) For utterance S_S19_W_trawm_02, best cost 106.245 + 3327.4 = 3433.64 over 32 frames.
S_S19_W_trawm_02 tám 
LOG (lattice-best-path[5.5.1023~1-d673]:main():lattice-best-path.cc:99) For utterance S_S19_W_trawm_03, best cost 91.5411 + 1601.57 = 1693.11 over 15 frames.
S_S19_W_trawm_03 tám 
LOG (lattice-best-path[5.5.1023~1-d673]:main():lattice-best-path.cc:99) For utterance S_S19_W_trawm_04, best cost 54.0523 + 2164.11 = 2218.16 over 17 frames.
S_S19_W_trawm_04 
LOG (lattice-best-path[5.5.1023~1-d673]:main():lattice-best-path.cc:99) For utterance S_S19_W_trawm_05, best cost 105.837 + 3903.62 = 4009.46 over 32 frames.
S_S19_W_trawm_05 chín 
LOG (lattice-best-path[5.5.1023~1-d673]:main():lattice-best-path.cc:99) For utterance S_S19_W_trawm_06, best cost 79.8452 + 1737.41 = 1817.26 over 17 frames.
S_S19_W_trawm_06 trăm 
LOG (lattice-best-path[5.5.1023~1-d673]:main():lattice-best-path.cc:99) For utterance S_S19_W_trawm_07, best cost 101.479 + 2554.75 = 2656.23 over 24 frames.
S_S19_W_trawm_07 tám 
LOG (lattice-best-path[5.5.1023~1-d673]:main():lattice-best-path.cc:99) For utterance S_S19_W_trawm_08, best cost 58.1783 + 2977.24 = 3035.42 over 24 frames.
S_S19_W_trawm_08 
LOG (lattice-best-path[5.5.1023~1-d673]:main():lattice-best-path.cc:99) For utterance S_S19_W_trawm_09, best cost 55.8399 + 2664.29 = 2720.13 over 20 frames.
S_S19_W_trawm_09 
LOG (lattice-best-path[5.5.1023~1-d673]:main():lattice-best-path.cc:99) For utterance S_S19_W_trawm_10, best cost 52.294 + 1598.98 = 1651.27 over 14 frames.
S_S19_W_trawm_10 
LOG (lattice-best-path[5.5.1023~1-d673]:main():lattice-best-path.cc:99) For utterance S_S19_W_trawm_11, best cost 80.7391 + 2053.46 = 2134.2 over 20 frames.
S_S19_W_trawm_11 trăm 
LOG (lattice-best-path[5.5.1023~1-d673]:main():lattice-best-path.cc:99) For utterance S_S19_W_trawm_12, best cost 56.9475 + 2531.42 = 2588.37 over 22 frames.
S_S19_W_trawm_12 
LOG (lattice-best-path[5.5.1023~1-d673]:main():lattice-best-path.cc:99) For utterance S_S19_W_trawm_13, best cost 81.8922 + 2325.17 = 2407.06 over 23 frames.
S_S19_W_trawm_13 trăm 
LOG (lattice-best-path[5.5.1023~1-d673]:main():lattice-best-path.cc:99) For utterance S_S19_W_trawm_14, best cost 88.7129 + 2833.86 = 2922.57 over 25 frames.
S_S19_W_trawm_14 trăm 
LOG (lattice-best-path[5.5.1023~1-d673]:main():lattice-best-path.cc:99) For utterance S_S19_W_trawm_15, best cost 54.0405 + 1877.19 = 1931.23 over 17 frames.
S_S19_W_trawm_15 
LOG (lattice-best-path[5.5.1023~1-d673]:main():lattice-best-path.cc:99) For utterance S_S19_W_trawm_16, best cost 100.55 + 2896.33 = 2996.88 over 23 frames.
S_S19_W_trawm_16 tám 
LOG (lattice-best-path[5.5.1023~1-d673]:main():lattice-best-path.cc:99) For utterance S_S19_W_trawm_17, best cost 59.3153 + 2952.77 = 3012.08 over 26 frames.
S_S19_W_trawm_17 
LOG (lattice-best-path[5.5.1023~1-d673]:main():lattice-best-path.cc:99) For utterance S_S19_W_trawm_18, best cost 54.0405 + 1854.92 = 1908.96 over 17 frames.
S_S19_W_trawm_18 
LOG (lattice-best-path[5.5.1023~1-d673]:main():lattice-best-path.cc:99) For utterance S_S19_W_trawm_19, best cost 79.7156 + 1604.85 = 1684.56 over 17 frames.
S_S19_W_trawm_19 trăm 
LOG (lattice-best-path[5.5.1023~1-d673]:main():lattice-best-path.cc:99) For utterance S_S19_W_trawm_20, best cost 92.4905 + 1850.57 = 1943.06 over 18 frames.
S_S19_W_trawm_20 tám 
LOG (lattice-best-path[5.5.1023~1-d673]:main():lattice-best-path.cc:99) For utterance S_S19_W_trawm_21, best cost 93.3735 + 2608.35 = 2701.72 over 24 frames.
S_S19_W_trawm_21 sáu 
LOG (lattice-best-path[5.5.1023~1-d673]:main():lattice-best-path.cc:99) For utterance S_S19_W_trawm_22, best cost 79.7156 + 1918.65 = 1998.37 over 17 frames.
S_S19_W_trawm_22 trăm 
LOG (lattice-best-path[5.5.1023~1-d673]:main():lattice-best-path.cc:99) For utterance S_S22_W_ba_01, best cost 49.9497 + 1005.98 = 1055.93 over 10 frames.
S_S22_W_ba_01 
LOG (lattice-best-path[5.5.1023~1-d673]:main():lattice-best-path.cc:99) For utterance S_S22_W_ba_02, best cost 100.737 + 2644.71 = 2745.44 over 27 frames.
S_S22_W_ba_02 tám 
LOG (lattice-best-path[5.5.1023~1-d673]:main():lattice-best-path.cc:99) For utterance S_S22_W_ba_03, best cost 49.3518 + 899.687 = 949.039 over 9 frames.
S_S22_W_ba_03 
LOG (lattice-best-path[5.5.1023~1-d673]:main():lattice-best-path.cc:99) For utterance S_S22_W_ba_04, best cost 95.7154 + 2466.93 = 2562.64 over 27 frames.
S_S22_W_ba_04 ba 
LOG (lattice-best-path[5.5.1023~1-d673]:main():lattice-best-path.cc:99) For utterance S_S22_W_ba_05, best cost 93.6534 + 2168.62 = 2262.28 over 23 frames.
S_S22_W_ba_05 ba 
LOG (lattice-best-path[5.5.1023~1-d673]:main():lattice-best-path.cc:99) For utterance S_S22_W_ba_06, best cost 95.655 + 2531.01 = 2626.67 over 28 frames.
S_S22_W_ba_06 tám 
LOG (lattice-best-path[5.5.1023~1-d673]:main():lattice-best-path.cc:99) For utterance S_S22_W_ba_07, best cost 50.5182 + 1308.69 = 1359.21 over 11 frames.
S_S22_W_ba_07 
LOG (lattice-best-path[5.5.1023~1-d673]:main():lattice-best-path.cc:99) For utterance S_S22_W_ba_08, best cost 46.9899 + 512.611 = 559.601 over 5 frames.
S_S22_W_ba_08 
LOG (lattice-best-path[5.5.1023~1-d673]:main():lattice-best-path.cc:99) For utterance S_S22_W_ba_09, best cost 51.7138 + 1589.88 = 1641.59 over 13 frames.
S_S22_W_ba_09 
LOG (lattice-best-path[5.5.1023~1-d673]:main():lattice-best-path.cc:99) For utterance S_S22_W_ba_10, best cost 94.6263 + 2234.66 = 2329.29 over 24 frames.
S_S22_W_ba_10 ba 
LOG (lattice-best-path[5.5.1023~1-d673]:main():lattice-best-path.cc:99) For utterance S_S22_W_ba_11, best cost 95.0221 + 2512.23 = 2607.25 over 26 frames.
S_S22_W_ba_11 tám 
LOG (lattice-best-path[5.5.1023~1-d673]:main():lattice-best-path.cc:99) For utterance S_S22_W_bayr_01, best cost 85.8448 + 1658.06 = 1743.9 over 12 frames.
S_S22_W_bayr_01 bảy 
LOG (lattice-best-path[5.5.1023~1-d673]:main():lattice-best-path.cc:99) For utterance S_S22_W_bayr_02, best cost 54.6149 + 2138.63 = 2193.25 over 18 frames.
S_S22_W_bayr_02 
LOG (lattice-best-path[5.5.1023~1-d673]:main():lattice-best-path.cc:99) For utterance S_S22_W_bayr_03, best cost 84.3015 + 884.906 = 969.207 over 8 frames.
S_S22_W_bayr_03 bảy 
LOG (lattice-best-path[5.5.1023~1-d673]:main():lattice-best-path.cc:99) For utterance S_S22_W_bayr_04, best cost 84.4628 + 923.278 = 1007.74 over 9 frames.
S_S22_W_bayr_04 bảy 
LOG (lattice-best-path[5.5.1023~1-d673]:main():lattice-best-path.cc:99) For utterance S_S22_W_bayr_05, best cost 88.198 + 2845.16 = 2933.36 over 26 frames.
S_S22_W_bayr_05 bảy 
LOG (lattice-best-path[5.5.1023~1-d673]:main():lattice-best-path.cc:99) For utterance S_S22_W_bayr_06, best cost 97.1062 + 3153.76 = 3250.87 over 29 frames.
S_S22_W_bayr_06 bảy 
LOG (lattice-best-path[5.5.1023~1-d673]:main():lattice-best-path.cc:99) For utterance S_S22_W_bayr_07, best cost 95.3126 + 2965.49 = 3060.8 over 25 frames.
S_S22_W_bayr_07 bảy 
LOG (lattice-best-path[5.5.1023~1-d673]:main():lattice-best-path.cc:99) For utterance S_S22_W_bayr_08, best cost 92.5283 + 1970.03 = 2062.56 over 16 frames.
S_S22_W_bayr_08 bảy 
LOG (lattice-best-path[5.5.1023~1-d673]:main():lattice-best-path.cc:99) For utterance S_S22_W_bayr_09, best cost 50.5299 + 1344.84 = 1395.37 over 11 frames.
S_S22_W_bayr_09 
LOG (lattice-best-path[5.5.1023~1-d673]:main():lattice-best-path.cc:99) For utterance S_S22_W_boons_01, best cost 52.2705 + 1562.39 = 1614.66 over 14 frames.
S_S22_W_boons_01 
LOG (lattice-best-path[5.5.1023~1-d673]:main():lattice-best-path.cc:99) For utterance S_S22_W_boons_02, best cost 92.8069 + 2314.24 = 2407.05 over 19 frames.
S_S22_W_boons_02 tám 
LOG (lattice-best-path[5.5.1023~1-d673]:main():lattice-best-path.cc:99) For utterance S_S22_W_chins_01, best cost 56.3907 + 2645.16 = 2701.55 over 21 frames.
S_S22_W_chins_01 
LOG (lattice-best-path[5.5.1023~1-d673]:main():lattice-best-path.cc:99) For utterance S_S22_W_chins_02, best cost 96.1064 + 1628.6 = 1724.71 over 14 frames.
S_S22_W_chins_02 chín 
LOG (lattice-best-path[5.5.1023~1-d673]:main():lattice-best-path.cc:99) For utterance S_S22_W_chins_03, best cost 96.6247 + 2295.98 = 2392.6 over 18 frames.
S_S22_W_chins_03 chín 
LOG (lattice-best-path[5.5.1023~1-d673]:main():lattice-best-path.cc:99) For utterance S_S22_W_chins_04, best cost 49.9379 + 1401.43 = 1451.37 over 10 frames.
S_S22_W_chins_04 
LOG (lattice-best-path[5.5.1023~1-d673]:main():lattice-best-path.cc:99) For utterance S_S22_W_hai_01, best cost 104.516 + 5623.22 = 5727.74 over 56 frames.
S_S22_W_hai_01 tám 
LOG (lattice-best-path[5.5.1023~1-d673]:main():lattice-best-path.cc:99) For utterance S_S22_W_hai_02, best cost 97.8701 + 3325.2 = 3423.07 over 35 frames.
S_S22_W_hai_02 tám 
LOG (lattice-best-path[5.5.1023~1-d673]:main():lattice-best-path.cc:99) For utterance S_S22_W_hai_03, best cost 94.9775 + 2076.14 = 2171.11 over 19 frames.
S_S22_W_hai_03 bảy 
LOG (lattice-best-path[5.5.1023~1-d673]:main():lattice-best-path.cc:99) For utterance S_S22_W_hai_04, best cost 52.8977 + 1658.38 = 1711.28 over 15 frames.
S_S22_W_hai_04 
LOG (lattice-best-path[5.5.1023~1-d673]:main():lattice-best-path.cc:99) For utterance S_S22_W_hai_05, best cost 97.8701 + 3496.42 = 3594.29 over 35 frames.
S_S22_W_hai_05 tám 
LOG (lattice-best-path[5.5.1023~1-d673]:main():lattice-best-path.cc:99) For utterance S_S22_W_hai_06, best cost 53.4779 + 1801.44 = 1854.92 over 16 frames.
S_S22_W_hai_06 
LOG (lattice-best-path[5.5.1023~1-d673]:main():lattice-best-path.cc:99) For utterance S_S22_W_hai_07, best cost 96.9208 + 3131.98 = 3228.9 over 32 frames.
S_S22_W_hai_07 tám 
LOG (lattice-best-path[5.5.1023~1-d673]:main():lattice-best-path.cc:99) For utterance S_S22_W_hai_08, best cost 99.3376 + 3011.19 = 3110.53 over 30 frames.
S_S22_W_hai_08 bảy 
LOG (lattice-best-path[5.5.1023~1-d673]:main():lattice-best-path.cc:99) For utterance S_S22_W_hai_09, best cost 55.2772 + 2192.85 = 2248.13 over 19 frames.
S_S22_W_hai_09 
LOG (lattice-best-path[5.5.1023~1-d673]:main():lattice-best-path.cc:99) For utterance S_S22_W_hai_10, best cost 54.6794 + 2186.03 = 2240.7 over 18 frames.
S_S22_W_hai_10 
LOG (lattice-best-path[5.5.1023~1-d673]:main():lattice-best-path.cc:99) For utterance S_S22_W_lawm_01, best cost 103.768 + 3018.32 = 3122.08 over 28 frames.
S_S22_W_lawm_01 tám 
LOG (lattice-best-path[5.5.1023~1-d673]:main():lattice-best-path.cc:99) For utterance S_S22_W_ler_01, best cost 92.4905 + 1983.49 = 2075.98 over 18 frames.
S_S22_W_ler_01 tám 
LOG (lattice-best-path[5.5.1023~1-d673]:main():lattice-best-path.cc:99) For utterance S_S22_W_mootj_01, best cost 93.1234 + 2341.87 = 2435 over 20 frames.
S_S22_W_mootj_01 tám 
LOG (lattice-best-path[5.5.1023~1-d673]:main():lattice-best-path.cc:99) For utterance S_S22_W_mootj_02, best cost 52.2588 + 1843.81 = 1896.07 over 14 frames.
S_S22_W_mootj_02 
LOG (lattice-best-path[5.5.1023~1-d673]:main():lattice-best-path.cc:99) For utterance S_S22_W_mootj_03, best cost 47.5819 + 707.356 = 754.938 over 6 frames.
S_S22_W_mootj_03 
LOG (lattice-best-path[5.5.1023~1-d673]:main():lattice-best-path.cc:99) For utterance S_S22_W_mootj_04, best cost 48.1679 + 900.754 = 948.922 over 7 frames.
S_S22_W_mootj_04 
LOG (lattice-best-path[5.5.1023~1-d673]:main():lattice-best-path.cc:99) For utterance S_S22_W_mootj_05, best cost 51.6903 + 1743.15 = 1794.84 over 13 frames.
S_S22_W_mootj_05 
LOG (lattice-best-path[5.5.1023~1-d673]:main():lattice-best-path.cc:99) For utterance S_S22_W_mootj_06, best cost 54.6031 + 2176.5 = 2231.11 over 18 frames.
S_S22_W_mootj_06 
LOG (lattice-best-path[5.5.1023~1-d673]:main():lattice-best-path.cc:99) For utterance S_S22_W_moots_01, best cost 107.025 + 2560.89 = 2667.92 over 22 frames.
S_S22_W_moots_01 mốt 
LOG (lattice-best-path[5.5.1023~1-d673]:main():lattice-best-path.cc:99) For utterance S_S22_W_muowi_01, best cost 55.7753 + 2442.09 = 2497.86 over 20 frames.
S_S22_W_muowi_01 
LOG (lattice-best-path[5.5.1023~1-d673]:main():lattice-best-path.cc:99) For utterance S_S22_W_muowi_02, best cost 54.6031 + 2158.83 = 2213.43 over 18 frames.
S_S22_W_muowi_02 
LOG (lattice-best-path[5.5.1023~1-d673]:main():lattice-best-path.cc:99) For utterance S_S22_W_muowi_03, best cost 93.1234 + 2323.61 = 2416.73 over 20 frames.
S_S22_W_muowi_03 tám 
LOG (lattice-best-path[5.5.1023~1-d673]:main():lattice-best-path.cc:99) For utterance S_S22_W_muowi_04, best cost 53.431 + 2066.86 = 2120.29 over 16 frames.
S_S22_W_muowi_04 
LOG (lattice-best-path[5.5.1023~1-d673]:main():lattice-best-path.cc:99) For utterance S_S22_W_muowi_05, best cost 49.3284 + 1124.58 = 1173.91 over 9 frames.
S_S22_W_muowi_05 
LOG (lattice-best-path[5.5.1023~1-d673]:main():lattice-best-path.cc:99) For utterance S_S22_W_muowi_06, best cost 51.0866 + 1296.63 = 1347.72 over 12 frames.
S_S22_W_muowi_06 
LOG (lattice-best-path[5.5.1023~1-d673]:main():lattice-best-path.cc:99) For utterance S_S22_W_muowi_07, best cost 54.2809 + 2295.16 = 2349.44 over 18 frames.
S_S22_W_muowi_07 
LOG (lattice-best-path[5.5.1023~1-d673]:main():lattice-best-path.cc:99) For utterance S_S22_W_muowi_08, best cost 52.0831 + 1828.38 = 1880.46 over 15 frames.
S_S22_W_muowi_08 
LOG (lattice-best-path[5.5.1023~1-d673]:main():lattice-best-path.cc:99) For utterance S_S22_W_muowi_09, best cost 86.6078 + 2201.62 = 2288.23 over 18 frames.
S_S22_W_muowi_09 mươi 
LOG (lattice-best-path[5.5.1023~1-d673]:main():lattice-best-path.cc:99) For utterance S_S22_W_muowi_10, best cost 90.5918 + 1779.61 = 1870.2 over 12 frames.
S_S22_W_muowi_10 tám 
LOG (lattice-best-path[5.5.1023~1-d673]:main():lattice-best-path.cc:99) For utterance S_S22_W_muowi_11, best cost 54.6031 + 2313.52 = 2368.12 over 18 frames.
S_S22_W_muowi_11 
LOG (lattice-best-path[5.5.1023~1-d673]:main():lattice-best-path.cc:99) For utterance S_S22_W_muowi_12, best cost 54.0171 + 2203.63 = 2257.65 over 17 frames.
S_S22_W_muowi_12 
LOG (lattice-best-path[5.5.1023~1-d673]:main():lattice-best-path.cc:99) For utterance S_S22_W_muowi_13, best cost 54.6031 + 2246.65 = 2301.25 over 18 frames.
S_S22_W_muowi_13 
LOG (lattice-best-path[5.5.1023~1-d673]:main():lattice-best-path.cc:99) For utterance S_S22_W_muowi_14, best cost 49.9145 + 1445.12 = 1495.03 over 10 frames.
S_S22_W_muowi_14 
LOG (lattice-best-path[5.5.1023~1-d673]:main():lattice-best-path.cc:99) For utterance S_S22_W_muowi_15, best cost 54.2222 + 2129.39 = 2183.61 over 18 frames.
S_S22_W_muowi_15 
LOG (lattice-best-path[5.5.1023~1-d673]:main():lattice-best-path.cc:99) For utterance S_S22_W_muowi_16, best cost 52.2588 + 1692.36 = 1744.61 over 14 frames.
S_S22_W_muowi_16 
LOG (lattice-best-path[5.5.1023~1-d673]:main():lattice-best-path.cc:99) For utterance S_S22_W_muowi_17, best cost 53.431 + 2044.39 = 2097.82 over 16 frames.
S_S22_W_muowi_17 
LOG (lattice-best-path[5.5.1023~1-d673]:main():lattice-best-path.cc:99) For utterance S_S22_W_muowi_18, best cost 54.0171 + 2201.82 = 2255.84 over 17 frames.
S_S22_W_muowi_18 
LOG (lattice-best-path[5.5.1023~1-d673]:main():lattice-best-path.cc:99) For utterance S_S22_W_muowi_19, best cost 52.294 + 1852.77 = 1905.07 over 14 frames.
S_S22_W_muowi_19 
LOG (lattice-best-path[5.5.1023~1-d673]:main():lattice-best-path.cc:99) For utterance S_S22_W_muowi_20, best cost 95.0221 + 2912.16 = 3007.18 over 26 frames.
S_S22_W_muowi_20 tám 
LOG (lattice-best-path[5.5.1023~1-d673]:main():lattice-best-path.cc:99) For utterance S_S22_W_muowi_21, best cost 48.7716 + 976.515 = 1025.29 over 8 frames.
S_S22_W_muowi_21 
LOG (lattice-best-path[5.5.1023~1-d673]:main():lattice-best-path.cc:99) For utterance S_S22_W_muowif_01, best cost 95.0221 + 2804.22 = 2899.24 over 26 frames.
S_S22_W_muowif_01 tám 
LOG (lattice-best-path[5.5.1023~1-d673]:main():lattice-best-path.cc:99) For utterance S_S22_W_nawm_01, best cost 55.8105 + 2387.3 = 2443.11 over 20 frames.
S_S22_W_nawm_01 
LOG (lattice-best-path[5.5.1023~1-d673]:main():lattice-best-path.cc:99) For utterance S_S22_W_nawm_02, best cost 53.4486 + 1844.44 = 1897.89 over 16 frames.
S_S22_W_nawm_02 
LOG (lattice-best-path[5.5.1023~1-d673]:main():lattice-best-path.cc:99) For utterance S_S22_W_nawm_03, best cost 52.886 + 1803.51 = 1856.4 over 15 frames.
S_S22_W_nawm_03 
LOG (lattice-best-path[5.5.1023~1-d673]:main():lattice-best-path.cc:99) For utterance S_S22_W_saus_01, best cost 98.1866 + 4212.03 = 4310.21 over 36 frames.
S_S22_W_saus_01 tám 
LOG (lattice-best-path[5.5.1023~1-d673]:main():lattice-best-path.cc:99) For utterance S_S22_W_saus_02, best cost 100.402 + 4820.01 = 4920.41 over 43 frames.
S_S22_W_saus_02 tám 
LOG (lattice-best-path[5.5.1023~1-d673]:main():lattice-best-path.cc:99) For utterance S_S22_W_saus_03, best cost 102.671 + 3961.73 = 4064.4 over 34 frames.
S_S22_W_saus_03 tám 
LOG (lattice-best-path[5.5.1023~1-d673]:main():lattice-best-path.cc:99) For utterance S_S22_W_saus_04, best cost 105.624 + 3831.75 = 3937.37 over 34 frames.
S_S22_W_saus_04 sáu 
LOG (lattice-best-path[5.5.1023~1-d673]:main():lattice-best-path.cc:99) For utterance S_S22_W_saus_05, best cost 103.496 + 3554.4 = 3657.9 over 33 frames.
S_S22_W_saus_05 sáu 
LOG (lattice-best-path[5.5.1023~1-d673]:main():lattice-best-path.cc:99) For utterance S_S22_W_saus_06, best cost 54.6677 + 2578.81 = 2633.48 over 18 frames.
S_S22_W_saus_06 
LOG (lattice-best-path[5.5.1023~1-d673]:main():lattice-best-path.cc:99) For utterance S_S22_W_saus_07, best cost 56.4318 + 2647.62 = 2704.06 over 21 frames.
S_S22_W_saus_07 
LOG (lattice-best-path[5.5.1023~1-d673]:main():lattice-best-path.cc:99) For utterance S_S22_W_saus_08, best cost 57.0355 + 2689.03 = 2746.07 over 22 frames.
S_S22_W_saus_08 
LOG (lattice-best-path[5.5.1023~1-d673]:main():lattice-best-path.cc:99) For utterance S_S22_W_saus_09, best cost 52.3175 + 2002.8 = 2055.12 over 14 frames.
S_S22_W_saus_09 
LOG (lattice-best-path[5.5.1023~1-d673]:main():lattice-best-path.cc:99) For utterance S_S22_W_saus_10, best cost 54.0757 + 2202.4 = 2256.47 over 17 frames.
S_S22_W_saus_10 
LOG (lattice-best-path[5.5.1023~1-d673]:main():lattice-best-path.cc:99) For utterance S_S22_W_saus_11, best cost 95.3385 + 3018.79 = 3114.13 over 27 frames.
S_S22_W_saus_11 tám 
LOG (lattice-best-path[5.5.1023~1-d673]:main():lattice-best-path.cc:99) For utterance S_S22_W_tams_01, best cost 93.1234 + 2069.34 = 2162.46 over 20 frames.
S_S22_W_tams_01 tám 
LOG (lattice-best-path[5.5.1023~1-d673]:main():lattice-best-path.cc:99) For utterance S_S22_W_tams_02, best cost 101.019 + 2933.33 = 3034.35 over 31 frames.
S_S22_W_tams_02 bảy 
LOG (lattice-best-path[5.5.1023~1-d673]:main():lattice-best-path.cc:99) For utterance S_S22_W_tams_03, best cost 56.9768 + 2389.94 = 2446.92 over 22 frames.
S_S22_W_tams_03 
LOG (lattice-best-path[5.5.1023~1-d673]:main():lattice-best-path.cc:99) For utterance S_S22_W_tams_04, best cost 55.242 + 2117.78 = 2173.03 over 19 frames.
S_S22_W_tams_04 
LOG (lattice-best-path[5.5.1023~1-d673]:main():lattice-best-path.cc:99) For utterance S_S22_W_tams_05, best cost 51.6962 + 1320.28 = 1371.97 over 13 frames.
S_S22_W_tams_05 
LOG (lattice-best-path[5.5.1023~1-d673]:main():lattice-best-path.cc:99) For utterance S_S22_W_tams_06, best cost 50.1255 + 1092.43 = 1142.56 over 11 frames.
S_S22_W_tams_06 
LOG (lattice-best-path[5.5.1023~1-d673]:main():lattice-best-path.cc:99) For utterance S_S22_W_tams_07, best cost 53.4662 + 1867.23 = 1920.7 over 16 frames.
S_S22_W_tams_07 
LOG (lattice-best-path[5.5.1023~1-d673]:main():lattice-best-path.cc:99) For utterance S_S22_W_tams_08, best cost 51.6845 + 1324.23 = 1375.92 over 13 frames.
S_S22_W_tams_08 
LOG (lattice-best-path[5.5.1023~1-d673]:main():lattice-best-path.cc:99) For utterance S_S22_W_trawm_01, best cost 115.004 + 5159.6 = 5274.61 over 43 frames.
S_S22_W_trawm_01 tám 
LOG (lattice-best-path[5.5.1023~1-d673]:main():lattice-best-path.cc:99) For utterance S_S22_W_trawm_02, best cost 95.0221 + 3042.25 = 3137.27 over 26 frames.
S_S22_W_trawm_02 tám 
LOG (lattice-best-path[5.5.1023~1-d673]:main():lattice-best-path.cc:99) For utterance S_S22_W_trawm_03, best cost 58.7468 + 2861.2 = 2919.94 over 25 frames.
S_S22_W_trawm_03 
LOG (lattice-best-path[5.5.1023~1-d673]:main():lattice-best-path.cc:99) For utterance S_S22_W_trawm_04, best cost 55.8164 + 2379.01 = 2434.83 over 20 frames.
S_S22_W_trawm_04 
LOG (lattice-best-path[5.5.1023~1-d673]:main():lattice-best-path.cc:99) For utterance S_S22_W_trawm_05, best cost 54.6325 + 2172.94 = 2227.58 over 18 frames.
S_S22_W_trawm_05 
LOG (lattice-best-path[5.5.1023~1-d673]:main():lattice-best-path.cc:99) For utterance S_S22_W_trawm_06, best cost 56.9886 + 2392.15 = 2449.14 over 22 frames.
S_S22_W_trawm_06 
LOG (lattice-best-path[5.5.1023~1-d673]:main():lattice-best-path.cc:99) For utterance S_S22_W_trawm_07, best cost 54.0464 + 2001.49 = 2055.54 over 17 frames.
S_S22_W_trawm_07 
LOG (lattice-best-path[5.5.1023~1-d673]:main():lattice-best-path.cc:99) For utterance S_S22_W_trawm_08, best cost 54.0523 + 1949.24 = 2003.29 over 17 frames.
S_S22_W_trawm_08 
LOG (lattice-best-path[5.5.1023~1-d673]:main():lattice-best-path.cc:99) For utterance S_S22_W_trawm_09, best cost 55.2186 + 2149.71 = 2204.93 over 19 frames.
S_S22_W_trawm_09 
LOG (lattice-best-path[5.5.1023~1-d673]:main():lattice-best-path.cc:99) For utterance S_S22_W_trawm_10, best cost 50.5123 + 1159.47 = 1209.99 over 11 frames.
S_S22_W_trawm_10 
LOG (lattice-best-path[5.5.1023~1-d673]:main():lattice-best-path.cc:99) For utterance S_S22_W_trawm_11, best cost 55.8047 + 2249.88 = 2305.68 over 20 frames.
S_S22_W_trawm_11 
LOG (lattice-best-path[5.5.1023~1-d673]:main():lattice-best-path.cc:99) For utterance S_S22_W_trawm_12, best cost 53.4603 + 1802.58 = 1856.04 over 16 frames.
S_S22_W_trawm_12 
LOG (lattice-best-path[5.5.1023~1-d673]:main():lattice-best-path.cc:99) For utterance S_S22_W_trawm_13, best cost 53.4486 + 1668.63 = 1722.08 over 16 frames.
S_S22_W_trawm_13 
LOG (lattice-best-path[5.5.1023~1-d673]:main():lattice-best-path.cc:99) For utterance S_S22_W_trawm_14, best cost 53.4544 + 1846.93 = 1900.38 over 16 frames.
S_S22_W_trawm_14 
LOG (lattice-best-path[5.5.1023~1-d673]:main():lattice-best-path.cc:99) For utterance S_S22_W_trawm_15, best cost 52.294 + 1803.82 = 1856.12 over 14 frames.
S_S22_W_trawm_15 
LOG (lattice-best-path[5.5.1023~1-d673]:main():lattice-best-path.cc:99) For utterance S_S22_W_trawm_16, best cost 55.8164 + 2283.31 = 2339.13 over 20 frames.
S_S22_W_trawm_16 
LOG (lattice-best-path[5.5.1023~1-d673]:main():lattice-best-path.cc:99) For utterance S_S22_W_trawm_17, best cost 50.524 + 1405.3 = 1455.82 over 11 frames.
S_S22_W_trawm_17 
LOG (lattice-best-path[5.5.1023~1-d673]:main():lattice-best-path.cc:99) For utterance S_S22_W_trawm_18, best cost 53.4838 + 1837.37 = 1890.86 over 16 frames.
S_S22_W_trawm_18 
LOG (lattice-best-path[5.5.1023~1-d673]:main():lattice-best-path.cc:99) For utterance S_S22_W_trawm_19, best cost 54.0464 + 2051.66 = 2105.71 over 17 frames.
S_S22_W_trawm_19 
LOG (lattice-best-path[5.5.1023~1-d673]:main():lattice-best-path.cc:99) For utterance S_S22_W_trawm_20, best cost 50.524 + 1325.76 = 1376.28 over 11 frames.
S_S22_W_trawm_20 
LOG (lattice-best-path[5.5.1023~1-d673]:main():lattice-best-path.cc:99) For utterance S_S22_W_trawm_21, best cost 51.1042 + 1484.59 = 1535.7 over 12 frames.
S_S22_W_trawm_21 
LOG (lattice-best-path[5.5.1023~1-d673]:main():lattice-best-path.cc:99) For utterance S_S22_W_trawm_22, best cost 52.8684 + 2026.49 = 2079.36 over 15 frames.
S_S22_W_trawm_22 
LOG (lattice-best-path[5.5.1023~1-d673]:main():lattice-best-path.cc:124) Overall cost per frame is 111.678 = 3.45365 [graph] + 108.224 [acoustic] over 7303 frames.
LOG (lattice-best-path[5.5.1023~1-d673]:main():lattice-best-path.cc:128) Done 333 lattices, failed for 0
# Accounting: time=0 threads=1
# Ended (code 0) at Thứ ba, 17 Tháng 5 năm 2022 11:04:39 +07, elapsed time 0 seconds
