# lattice-best-path --lm-scale=7 --word-symbol-table=exp/tri1/graph/words.txt "ark:gunzip -c exp/tri1/decode/lat.*.gz|" ark,t:exp/tri1/decode/scoring/7.tra 
# Started at Thứ ba, 17 Tháng 5 năm 2022 12:23:07 +07
#
lattice-best-path --lm-scale=7 --word-symbol-table=exp/tri1/graph/words.txt 'ark:gunzip -c exp/tri1/decode/lat.*.gz|' ark,t:exp/tri1/decode/scoring/7.tra 
LOG (lattice-best-path[5.5.1023~1-d673]:main():lattice-best-path.cc:99) For utterance S_S17_W_ba_01, best cost 56.6908 + 1255.17 = 1311.86 over 14 frames.
S_S17_W_ba_01 ba 
LOG (lattice-best-path[5.5.1023~1-d673]:main():lattice-best-path.cc:99) For utterance S_S17_W_ba_02, best cost 66.8261 + 3479.28 = 3546.11 over 35 frames.
S_S17_W_ba_02 lẻ 
LOG (lattice-best-path[5.5.1023~1-d673]:main():lattice-best-path.cc:99) For utterance S_S17_W_ba_03, best cost 65.1402 + 1686.89 = 1752.03 over 17 frames.
S_S17_W_ba_03 năm 
LOG (lattice-best-path[5.5.1023~1-d673]:main():lattice-best-path.cc:99) For utterance S_S17_W_ba_04, best cost 64.6862 + 2223.32 = 2288.01 over 23 frames.
S_S17_W_ba_04 lẻ 
LOG (lattice-best-path[5.5.1023~1-d673]:main():lattice-best-path.cc:99) For utterance S_S17_W_ba_05, best cost 63.278 + 3337.59 = 3400.87 over 37 frames.
S_S17_W_ba_05 ba 
LOG (lattice-best-path[5.5.1023~1-d673]:main():lattice-best-path.cc:99) For utterance S_S17_W_ba_06, best cost 85.9644 + 3241.88 = 3327.84 over 39 frames.
S_S17_W_ba_06 ba hai 
LOG (lattice-best-path[5.5.1023~1-d673]:main():lattice-best-path.cc:99) For utterance S_S17_W_ba_07, best cost 60.6835 + 2229.39 = 2290.07 over 21 frames.
S_S17_W_ba_07 bảy 
LOG (lattice-best-path[5.5.1023~1-d673]:main():lattice-best-path.cc:99) For utterance S_S17_W_ba_08, best cost 55.6156 + 1229.49 = 1285.11 over 14 frames.
S_S17_W_ba_08 tám 
LOG (lattice-best-path[5.5.1023~1-d673]:main():lattice-best-path.cc:99) For utterance S_S17_W_ba_09, best cost 57.7208 + 1681.81 = 1739.53 over 17 frames.
S_S17_W_ba_09 tám 
LOG (lattice-best-path[5.5.1023~1-d673]:main():lattice-best-path.cc:99) For utterance S_S17_W_ba_10, best cost 84.8567 + 3542.08 = 3626.94 over 41 frames.
S_S17_W_ba_10 ba ba 
LOG (lattice-best-path[5.5.1023~1-d673]:main():lattice-best-path.cc:99) For utterance S_S17_W_ba_11, best cost 59.9149 + 2641.08 = 2701 over 34 frames.
S_S17_W_ba_11 ba 
LOG (lattice-best-path[5.5.1023~1-d673]:main():lattice-best-path.cc:99) For utterance S_S17_W_bayr_01, best cost 58.2145 + 1930.98 = 1989.19 over 19 frames.
S_S17_W_bayr_01 bảy 
LOG (lattice-best-path[5.5.1023~1-d673]:main():lattice-best-path.cc:99) For utterance S_S17_W_bayr_02, best cost 58.3632 + 2075.23 = 2133.59 over 20 frames.
S_S17_W_bayr_02 bảy 
LOG (lattice-best-path[5.5.1023~1-d673]:main():lattice-best-path.cc:99) For utterance S_S17_W_bayr_03, best cost 58.0725 + 2129.74 = 2187.82 over 21 frames.
S_S17_W_bayr_03 bảy 
LOG (lattice-best-path[5.5.1023~1-d673]:main():lattice-best-path.cc:99) For utterance S_S17_W_bayr_04, best cost 58.3808 + 2012.58 = 2070.96 over 19 frames.
S_S17_W_bayr_04 bảy 
LOG (lattice-best-path[5.5.1023~1-d673]:main():lattice-best-path.cc:99) For utterance S_S17_W_bayr_05, best cost 57.3397 + 2366.09 = 2423.43 over 25 frames.
S_S17_W_bayr_05 bảy 
LOG (lattice-best-path[5.5.1023~1-d673]:main():lattice-best-path.cc:99) For utterance S_S17_W_bayr_06, best cost 61.3453 + 3155.12 = 3216.47 over 32 frames.
S_S17_W_bayr_06 bảy 
LOG (lattice-best-path[5.5.1023~1-d673]:main():lattice-best-path.cc:99) For utterance S_S17_W_bayr_07, best cost 61.2374 + 3133.02 = 3194.26 over 32 frames.
S_S17_W_bayr_07 bảy 
LOG (lattice-best-path[5.5.1023~1-d673]:main():lattice-best-path.cc:99) For utterance S_S17_W_bayr_08, best cost 60.3973 + 2325.1 = 2385.5 over 22 frames.
S_S17_W_bayr_08 bảy 
LOG (lattice-best-path[5.5.1023~1-d673]:main():lattice-best-path.cc:99) For utterance S_S17_W_bayr_09, best cost 55.2591 + 1449.77 = 1505.03 over 15 frames.
S_S17_W_bayr_09 bảy 
LOG (lattice-best-path[5.5.1023~1-d673]:main():lattice-best-path.cc:99) For utterance S_S17_W_boons_01, best cost 62.1725 + 1227.15 = 1289.32 over 14 frames.
S_S17_W_boons_01 bốn 
LOG (lattice-best-path[5.5.1023~1-d673]:main():lattice-best-path.cc:99) For utterance S_S17_W_boons_02, best cost 67.2438 + 2286.42 = 2353.66 over 23 frames.
S_S17_W_boons_02 bốn 
LOG (lattice-best-path[5.5.1023~1-d673]:main():lattice-best-path.cc:99) For utterance S_S17_W_chins_01, best cost 65.7705 + 2794.36 = 2860.13 over 27 frames.
S_S17_W_chins_01 chín 
LOG (lattice-best-path[5.5.1023~1-d673]:main():lattice-best-path.cc:99) For utterance S_S17_W_chins_02, best cost 60.8331 + 2007.86 = 2068.7 over 19 frames.
S_S17_W_chins_02 chín 
LOG (lattice-best-path[5.5.1023~1-d673]:main():lattice-best-path.cc:99) For utterance S_S17_W_chins_03, best cost 61.5564 + 2074.63 = 2136.19 over 21 frames.
S_S17_W_chins_03 chín 
LOG (lattice-best-path[5.5.1023~1-d673]:main():lattice-best-path.cc:99) For utterance S_S17_W_chins_04, best cost 60.1154 + 1541.01 = 1601.12 over 16 frames.
S_S17_W_chins_04 chín 
LOG (lattice-best-path[5.5.1023~1-d673]:main():lattice-best-path.cc:99) For utterance S_S17_W_hai_01, best cost 60.9287 + 4249.17 = 4310.1 over 49 frames.
S_S17_W_hai_01 hai 
LOG (lattice-best-path[5.5.1023~1-d673]:main():lattice-best-path.cc:99) For utterance S_S17_W_hai_02, best cost 57.591 + 2428.9 = 2486.49 over 27 frames.
S_S17_W_hai_02 hai 
LOG (lattice-best-path[5.5.1023~1-d673]:main():lattice-best-path.cc:99) For utterance S_S17_W_hai_03, best cost 56.1126 + 1488.9 = 1545.01 over 16 frames.
S_S17_W_hai_03 hai 
LOG (lattice-best-path[5.5.1023~1-d673]:main():lattice-best-path.cc:99) For utterance S_S17_W_hai_04, best cost 54.896 + 806.665 = 861.561 over 9 frames.
S_S17_W_hai_04 hai 
LOG (lattice-best-path[5.5.1023~1-d673]:main():lattice-best-path.cc:99) For utterance S_S17_W_hai_05, best cost 60.9395 + 4306.71 = 4367.65 over 50 frames.
S_S17_W_hai_05 hai 
LOG (lattice-best-path[5.5.1023~1-d673]:main():lattice-best-path.cc:99) For utterance S_S17_W_hai_06, best cost 56.9354 + 1445.75 = 1502.68 over 15 frames.
S_S17_W_hai_06 hai 
LOG (lattice-best-path[5.5.1023~1-d673]:main():lattice-best-path.cc:99) For utterance S_S17_W_hai_07, best cost 59.3514 + 3071.4 = 3130.76 over 39 frames.
S_S17_W_hai_07 hai 
LOG (lattice-best-path[5.5.1023~1-d673]:main():lattice-best-path.cc:99) For utterance S_S17_W_hai_08, best cost 37.7616 + 2186.41 = 2224.17 over 25 frames.
S_S17_W_hai_08 
LOG (lattice-best-path[5.5.1023~1-d673]:main():lattice-best-path.cc:99) For utterance S_S17_W_hai_09, best cost 57.5247 + 2490.92 = 2548.44 over 26 frames.
S_S17_W_hai_09 hai 
LOG (lattice-best-path[5.5.1023~1-d673]:main():lattice-best-path.cc:99) For utterance S_S17_W_hai_10, best cost 60.5645 + 2382.57 = 2443.14 over 25 frames.
S_S17_W_hai_10 hai 
LOG (lattice-best-path[5.5.1023~1-d673]:main():lattice-best-path.cc:99) For utterance S_S17_W_lawm_01, best cost 78.8036 + 3728.03 = 3806.83 over 43 frames.
S_S17_W_lawm_01 lăm 
LOG (lattice-best-path[5.5.1023~1-d673]:main():lattice-best-path.cc:99) For utterance S_S17_W_ler_01, best cost 38.9727 + 2715.13 = 2754.1 over 23 frames.
S_S17_W_ler_01 
LOG (lattice-best-path[5.5.1023~1-d673]:main():lattice-best-path.cc:99) For utterance S_S17_W_mootj_01, best cost 34.1999 + 1860.33 = 1894.53 over 17 frames.
S_S17_W_mootj_01 
LOG (lattice-best-path[5.5.1023~1-d673]:main():lattice-best-path.cc:99) For utterance S_S17_W_mootj_02, best cost 59.668 + 1581.04 = 1640.71 over 16 frames.
S_S17_W_mootj_02 một 
LOG (lattice-best-path[5.5.1023~1-d673]:main():lattice-best-path.cc:99) For utterance S_S17_W_mootj_03, best cost 62.1775 + 2276.42 = 2338.6 over 22 frames.
S_S17_W_mootj_03 một 
LOG (lattice-best-path[5.5.1023~1-d673]:main():lattice-best-path.cc:99) For utterance S_S17_W_mootj_04, best cost 64.0043 + 2641.82 = 2705.83 over 25 frames.
S_S17_W_mootj_04 một 
LOG (lattice-best-path[5.5.1023~1-d673]:main():lattice-best-path.cc:99) For utterance S_S17_W_mootj_05, best cost 69.0255 + 1758.94 = 1827.96 over 19 frames.
S_S17_W_mootj_05 mốt 
LOG (lattice-best-path[5.5.1023~1-d673]:main():lattice-best-path.cc:99) For utterance S_S17_W_mootj_06, best cost 69.3433 + 1709.33 = 1778.67 over 18 frames.
S_S17_W_mootj_06 mốt 
LOG (lattice-best-path[5.5.1023~1-d673]:main():lattice-best-path.cc:99) For utterance S_S17_W_moots_01, best cost 69.1392 + 2244.93 = 2314.07 over 26 frames.
S_S17_W_moots_01 mốt 
LOG (lattice-best-path[5.5.1023~1-d673]:main():lattice-best-path.cc:99) For utterance S_S17_W_muowi_01, best cost 52.2474 + 2024.06 = 2076.3 over 20 frames.
S_S17_W_muowi_01 mươi 
LOG (lattice-best-path[5.5.1023~1-d673]:main():lattice-best-path.cc:99) For utterance S_S17_W_muowi_02, best cost 50.8716 + 1544.49 = 1595.36 over 17 frames.
S_S17_W_muowi_02 mươi 
LOG (lattice-best-path[5.5.1023~1-d673]:main():lattice-best-path.cc:99) For utterance S_S17_W_muowi_03, best cost 51.233 + 1921.39 = 1972.62 over 20 frames.
S_S17_W_muowi_03 mươi 
LOG (lattice-best-path[5.5.1023~1-d673]:main():lattice-best-path.cc:99) For utterance S_S17_W_muowi_04, best cost 50.8368 + 1821.63 = 1872.47 over 18 frames.
S_S17_W_muowi_04 mươi 
LOG (lattice-best-path[5.5.1023~1-d673]:main():lattice-best-path.cc:99) For utterance S_S17_W_muowi_05, best cost 51.6712 + 1805.54 = 1857.21 over 19 frames.
S_S17_W_muowi_05 mươi 
LOG (lattice-best-path[5.5.1023~1-d673]:main():lattice-best-path.cc:99) For utterance S_S17_W_muowi_06, best cost 51.2121 + 1588.08 = 1639.3 over 17 frames.
S_S17_W_muowi_06 mươi 
LOG (lattice-best-path[5.5.1023~1-d673]:main():lattice-best-path.cc:99) For utterance S_S17_W_muowi_07, best cost 49.5076 + 1296.83 = 1346.34 over 13 frames.
S_S17_W_muowi_07 mươi 
LOG (lattice-best-path[5.5.1023~1-d673]:main():lattice-best-path.cc:99) For utterance S_S17_W_muowi_08, best cost 50.4061 + 1509.55 = 1559.96 over 15 frames.
S_S17_W_muowi_08 mươi 
LOG (lattice-best-path[5.5.1023~1-d673]:main():lattice-best-path.cc:99) For utterance S_S17_W_muowi_09, best cost 49.8857 + 1169.63 = 1219.52 over 13 frames.
S_S17_W_muowi_09 mươi 
LOG (lattice-best-path[5.5.1023~1-d673]:main():lattice-best-path.cc:99) For utterance S_S17_W_muowi_10, best cost 49.257 + 1296.83 = 1346.09 over 13 frames.
S_S17_W_muowi_10 mươi 
LOG (lattice-best-path[5.5.1023~1-d673]:main():lattice-best-path.cc:99) For utterance S_S17_W_muowi_11, best cost 51.0537 + 1787.22 = 1838.27 over 20 frames.
S_S17_W_muowi_11 mươi 
LOG (lattice-best-path[5.5.1023~1-d673]:main():lattice-best-path.cc:99) For utterance S_S17_W_muowi_12, best cost 51.2774 + 1887.14 = 1938.41 over 20 frames.
S_S17_W_muowi_12 mươi 
LOG (lattice-best-path[5.5.1023~1-d673]:main():lattice-best-path.cc:99) For utterance S_S17_W_muowi_13, best cost 50.44 + 1546.68 = 1597.12 over 16 frames.
S_S17_W_muowi_13 mươi 
LOG (lattice-best-path[5.5.1023~1-d673]:main():lattice-best-path.cc:99) For utterance S_S17_W_muowi_14, best cost 49.6533 + 1436.25 = 1485.9 over 15 frames.
S_S17_W_muowi_14 mươi 
LOG (lattice-best-path[5.5.1023~1-d673]:main():lattice-best-path.cc:99) For utterance S_S17_W_muowi_15, best cost 51.4275 + 1787.02 = 1838.45 over 21 frames.
S_S17_W_muowi_15 mươi 
LOG (lattice-best-path[5.5.1023~1-d673]:main():lattice-best-path.cc:99) For utterance S_S17_W_muowi_16, best cost 50.5074 + 1677.41 = 1727.92 over 18 frames.
S_S17_W_muowi_16 mươi 
LOG (lattice-best-path[5.5.1023~1-d673]:main():lattice-best-path.cc:99) For utterance S_S17_W_muowi_17, best cost 49.0193 + 1121.47 = 1170.49 over 12 frames.
S_S17_W_muowi_17 mươi 
LOG (lattice-best-path[5.5.1023~1-d673]:main():lattice-best-path.cc:99) For utterance S_S17_W_muowi_18, best cost 53.1147 + 2305.51 = 2358.63 over 25 frames.
S_S17_W_muowi_18 mươi 
LOG (lattice-best-path[5.5.1023~1-d673]:main():lattice-best-path.cc:99) For utterance S_S17_W_muowi_19, best cost 49.6274 + 1338.17 = 1387.8 over 15 frames.
S_S17_W_muowi_19 mươi 
LOG (lattice-best-path[5.5.1023~1-d673]:main():lattice-best-path.cc:99) For utterance S_S17_W_muowi_20, best cost 52.0516 + 2483.03 = 2535.08 over 27 frames.
S_S17_W_muowi_20 mươi 
LOG (lattice-best-path[5.5.1023~1-d673]:main():lattice-best-path.cc:99) For utterance S_S17_W_muowi_21, best cost 48.9449 + 1121.22 = 1170.16 over 10 frames.
S_S17_W_muowi_21 mươi 
LOG (lattice-best-path[5.5.1023~1-d673]:main():lattice-best-path.cc:99) For utterance S_S17_W_muowif_01, best cost 68.6554 + 2784.16 = 2852.82 over 32 frames.
S_S17_W_muowif_01 mười 
LOG (lattice-best-path[5.5.1023~1-d673]:main():lattice-best-path.cc:99) For utterance S_S17_W_nawm_01, best cost 70.7985 + 3403.14 = 3473.94 over 36 frames.
S_S17_W_nawm_01 năm 
LOG (lattice-best-path[5.5.1023~1-d673]:main():lattice-best-path.cc:99) For utterance S_S17_W_nawm_02, best cost 67.1669 + 2329.74 = 2396.91 over 25 frames.
S_S17_W_nawm_02 năm 
LOG (lattice-best-path[5.5.1023~1-d673]:main():lattice-best-path.cc:99) For utterance S_S17_W_nawm_03, best cost 69.7195 + 2264.03 = 2333.74 over 26 frames.
S_S17_W_nawm_03 năm 
LOG (lattice-best-path[5.5.1023~1-d673]:main():lattice-best-path.cc:99) For utterance S_S17_W_saus_01, best cost 57.3127 + 3002.91 = 3060.22 over 31 frames.
S_S17_W_saus_01 sáu 
LOG (lattice-best-path[5.5.1023~1-d673]:main():lattice-best-path.cc:99) For utterance S_S17_W_saus_02, best cost 57.7086 + 3940.85 = 3998.56 over 42 frames.
S_S17_W_saus_02 sáu 
LOG (lattice-best-path[5.5.1023~1-d673]:main():lattice-best-path.cc:99) For utterance S_S17_W_saus_03, best cost 60.52 + 3671.65 = 3732.17 over 41 frames.
S_S17_W_saus_03 sáu 
LOG (lattice-best-path[5.5.1023~1-d673]:main():lattice-best-path.cc:99) For utterance S_S17_W_saus_04, best cost 61.2291 + 3992.05 = 4053.28 over 44 frames.
S_S17_W_saus_04 sáu 
LOG (lattice-best-path[5.5.1023~1-d673]:main():lattice-best-path.cc:99) For utterance S_S17_W_saus_05, best cost 93.6941 + 4366.61 = 4460.31 over 47 frames.
S_S17_W_saus_05 sáu một 
LOG (lattice-best-path[5.5.1023~1-d673]:main():lattice-best-path.cc:99) For utterance S_S17_W_saus_06, best cost 59.9504 + 2374.17 = 2434.12 over 24 frames.
S_S17_W_saus_06 sáu 
LOG (lattice-best-path[5.5.1023~1-d673]:main():lattice-best-path.cc:99) For utterance S_S17_W_saus_07, best cost 56.6904 + 2292.38 = 2349.07 over 24 frames.
S_S17_W_saus_07 sáu 
LOG (lattice-best-path[5.5.1023~1-d673]:main():lattice-best-path.cc:99) For utterance S_S17_W_saus_08, best cost 58.4787 + 2300.27 = 2358.75 over 23 frames.
S_S17_W_saus_08 sáu 
LOG (lattice-best-path[5.5.1023~1-d673]:main():lattice-best-path.cc:99) For utterance S_S17_W_saus_09, best cost 55.7878 + 1501.59 = 1557.37 over 15 frames.
S_S17_W_saus_09 sáu 
LOG (lattice-best-path[5.5.1023~1-d673]:main():lattice-best-path.cc:99) For utterance S_S17_W_saus_10, best cost 98.1111 + 2577.54 = 2675.65 over 28 frames.
S_S17_W_saus_10 sáu mười 
LOG (lattice-best-path[5.5.1023~1-d673]:main():lattice-best-path.cc:99) For utterance S_S17_W_saus_11, best cost 57.4123 + 3140.42 = 3197.83 over 36 frames.
S_S17_W_saus_11 sáu 
LOG (lattice-best-path[5.5.1023~1-d673]:main():lattice-best-path.cc:99) For utterance S_S17_W_tams_01, best cost 58.6828 + 2107.89 = 2166.58 over 23 frames.
S_S17_W_tams_01 tám 
LOG (lattice-best-path[5.5.1023~1-d673]:main():lattice-best-path.cc:99) For utterance S_S17_W_tams_02, best cost 62.5082 + 2945.09 = 3007.6 over 33 frames.
S_S17_W_tams_02 tám 
LOG (lattice-best-path[5.5.1023~1-d673]:main():lattice-best-path.cc:99) For utterance S_S17_W_tams_03, best cost 59.5378 + 2029.43 = 2088.97 over 22 frames.
S_S17_W_tams_03 tám 
LOG (lattice-best-path[5.5.1023~1-d673]:main():lattice-best-path.cc:99) For utterance S_S17_W_tams_04, best cost 57.8673 + 1802.74 = 1860.61 over 18 frames.
S_S17_W_tams_04 tám 
LOG (lattice-best-path[5.5.1023~1-d673]:main():lattice-best-path.cc:99) For utterance S_S17_W_tams_05, best cost 57.6469 + 1815.6 = 1873.25 over 18 frames.
S_S17_W_tams_05 tám 
LOG (lattice-best-path[5.5.1023~1-d673]:main():lattice-best-path.cc:99) For utterance S_S17_W_tams_06, best cost 57.5837 + 1677.39 = 1734.97 over 17 frames.
S_S17_W_tams_06 tám 
LOG (lattice-best-path[5.5.1023~1-d673]:main():lattice-best-path.cc:99) For utterance S_S17_W_tams_07, best cost 57.161 + 1733.91 = 1791.07 over 19 frames.
S_S17_W_tams_07 tám 
LOG (lattice-best-path[5.5.1023~1-d673]:main():lattice-best-path.cc:99) For utterance S_S17_W_tams_08, best cost 57.4194 + 1763.17 = 1820.58 over 20 frames.
S_S17_W_tams_08 tám 
LOG (lattice-best-path[5.5.1023~1-d673]:main():lattice-best-path.cc:99) For utterance S_S17_W_trawm_01, best cost 63.6233 + 2830.65 = 2894.27 over 27 frames.
S_S17_W_trawm_01 tám 
LOG (lattice-best-path[5.5.1023~1-d673]:main():lattice-best-path.cc:99) For utterance S_S17_W_trawm_02, best cost 59.7598 + 2971.67 = 3031.43 over 32 frames.
S_S17_W_trawm_02 trăm 
LOG (lattice-best-path[5.5.1023~1-d673]:main():lattice-best-path.cc:99) For utterance S_S17_W_trawm_03, best cost 50.3592 + 1455.83 = 1506.19 over 15 frames.
S_S17_W_trawm_03 trăm 
LOG (lattice-best-path[5.5.1023~1-d673]:main():lattice-best-path.cc:99) For utterance S_S17_W_trawm_04, best cost 57.9788 + 1937.59 = 1995.57 over 17 frames.
S_S17_W_trawm_04 tám 
LOG (lattice-best-path[5.5.1023~1-d673]:main():lattice-best-path.cc:99) For utterance S_S17_W_trawm_05, best cost 56.9809 + 3464.83 = 3521.81 over 32 frames.
S_S17_W_trawm_05 trăm 
LOG (lattice-best-path[5.5.1023~1-d673]:main():lattice-best-path.cc:99) For utterance S_S17_W_trawm_06, best cost 51.484 + 1589.6 = 1641.08 over 17 frames.
S_S17_W_trawm_06 trăm 
LOG (lattice-best-path[5.5.1023~1-d673]:main():lattice-best-path.cc:99) For utterance S_S17_W_trawm_07, best cost 55.5777 + 2268.96 = 2324.53 over 24 frames.
S_S17_W_trawm_07 trăm 
LOG (lattice-best-path[5.5.1023~1-d673]:main():lattice-best-path.cc:99) For utterance S_S17_W_trawm_08, best cost 61.9287 + 2570.6 = 2632.53 over 24 frames.
S_S17_W_trawm_08 tám 
LOG (lattice-best-path[5.5.1023~1-d673]:main():lattice-best-path.cc:99) For utterance S_S17_W_trawm_09, best cost 53.2233 + 2251.36 = 2304.58 over 20 frames.
S_S17_W_trawm_09 trăm 
LOG (lattice-best-path[5.5.1023~1-d673]:main():lattice-best-path.cc:99) For utterance S_S17_W_trawm_10, best cost 56.0673 + 1386.76 = 1442.83 over 14 frames.
S_S17_W_trawm_10 tám 
LOG (lattice-best-path[5.5.1023~1-d673]:main():lattice-best-path.cc:99) For utterance S_S17_W_trawm_11, best cost 54.2599 + 1839.61 = 1893.87 over 20 frames.
S_S17_W_trawm_11 trăm 
LOG (lattice-best-path[5.5.1023~1-d673]:main():lattice-best-path.cc:99) For utterance S_S17_W_trawm_12, best cost 59.8231 + 2187.18 = 2247.01 over 22 frames.
S_S17_W_trawm_12 tám 
LOG (lattice-best-path[5.5.1023~1-d673]:main():lattice-best-path.cc:99) For utterance S_S17_W_trawm_13, best cost 54.254 + 2074.09 = 2128.34 over 23 frames.
S_S17_W_trawm_13 trăm 
LOG (lattice-best-path[5.5.1023~1-d673]:main():lattice-best-path.cc:99) For utterance S_S17_W_trawm_14, best cost 54.9486 + 2551.56 = 2606.51 over 25 frames.
S_S17_W_trawm_14 trăm 
LOG (lattice-best-path[5.5.1023~1-d673]:main():lattice-best-path.cc:99) For utterance S_S17_W_trawm_15, best cost 51.4009 + 1632.16 = 1683.56 over 17 frames.
S_S17_W_trawm_15 trăm 
LOG (lattice-best-path[5.5.1023~1-d673]:main():lattice-best-path.cc:99) For utterance S_S17_W_trawm_16, best cost 60.598 + 2469.55 = 2530.14 over 23 frames.
S_S17_W_trawm_16 tám 
LOG (lattice-best-path[5.5.1023~1-d673]:main():lattice-best-path.cc:99) For utterance S_S17_W_trawm_17, best cost 54.9569 + 2565.16 = 2620.12 over 26 frames.
S_S17_W_trawm_17 trăm 
LOG (lattice-best-path[5.5.1023~1-d673]:main():lattice-best-path.cc:99) For utterance S_S17_W_trawm_18, best cost 51.8405 + 1689.24 = 1741.08 over 17 frames.
S_S17_W_trawm_18 trăm 
LOG (lattice-best-path[5.5.1023~1-d673]:main():lattice-best-path.cc:99) For utterance S_S17_W_trawm_19, best cost 52.6159 + 1402.19 = 1454.81 over 17 frames.
S_S17_W_trawm_19 trăm 
LOG (lattice-best-path[5.5.1023~1-d673]:main():lattice-best-path.cc:99) For utterance S_S17_W_trawm_20, best cost 50.8804 + 1643.14 = 1694.02 over 18 frames.
S_S17_W_trawm_20 trăm 
LOG (lattice-best-path[5.5.1023~1-d673]:main():lattice-best-path.cc:99) For utterance S_S17_W_trawm_21, best cost 55.1445 + 2143.76 = 2198.91 over 24 frames.
S_S17_W_trawm_21 trăm 
LOG (lattice-best-path[5.5.1023~1-d673]:main():lattice-best-path.cc:99) For utterance S_S17_W_trawm_22, best cost 52.0987 + 1592.17 = 1644.27 over 17 frames.
S_S17_W_trawm_22 trăm 
LOG (lattice-best-path[5.5.1023~1-d673]:main():lattice-best-path.cc:99) For utterance S_S19_W_ba_01, best cost 56.6908 + 1254.13 = 1310.83 over 14 frames.
S_S19_W_ba_01 ba 
LOG (lattice-best-path[5.5.1023~1-d673]:main():lattice-best-path.cc:99) For utterance S_S19_W_ba_02, best cost 66.8261 + 3482.51 = 3549.34 over 35 frames.
S_S19_W_ba_02 lẻ 
LOG (lattice-best-path[5.5.1023~1-d673]:main():lattice-best-path.cc:99) For utterance S_S19_W_ba_03, best cost 57.2558 + 1694.44 = 1751.69 over 17 frames.
S_S19_W_ba_03 ba 
LOG (lattice-best-path[5.5.1023~1-d673]:main():lattice-best-path.cc:99) For utterance S_S19_W_ba_04, best cost 64.6862 + 2224.98 = 2289.67 over 23 frames.
S_S19_W_ba_04 lẻ 
LOG (lattice-best-path[5.5.1023~1-d673]:main():lattice-best-path.cc:99) For utterance S_S19_W_ba_05, best cost 63.278 + 3338.89 = 3402.17 over 37 frames.
S_S19_W_ba_05 ba 
LOG (lattice-best-path[5.5.1023~1-d673]:main():lattice-best-path.cc:99) For utterance S_S19_W_ba_06, best cost 85.8786 + 3241.18 = 3327.06 over 39 frames.
S_S19_W_ba_06 ba hai 
LOG (lattice-best-path[5.5.1023~1-d673]:main():lattice-best-path.cc:99) For utterance S_S19_W_ba_07, best cost 60.7071 + 2229.73 = 2290.44 over 21 frames.
S_S19_W_ba_07 bảy 
LOG (lattice-best-path[5.5.1023~1-d673]:main():lattice-best-path.cc:99) For utterance S_S19_W_ba_08, best cost 55.6156 + 1228.55 = 1284.16 over 14 frames.
S_S19_W_ba_08 tám 
LOG (lattice-best-path[5.5.1023~1-d673]:main():lattice-best-path.cc:99) For utterance S_S19_W_ba_09, best cost 58.297 + 1688.13 = 1746.42 over 17 frames.
S_S19_W_ba_09 tám 
LOG (lattice-best-path[5.5.1023~1-d673]:main():lattice-best-path.cc:99) For utterance S_S19_W_ba_10, best cost 84.8567 + 3527.49 = 3612.35 over 41 frames.
S_S19_W_ba_10 ba ba 
LOG (lattice-best-path[5.5.1023~1-d673]:main():lattice-best-path.cc:99) For utterance S_S19_W_ba_11, best cost 59.9149 + 2639.7 = 2699.62 over 34 frames.
S_S19_W_ba_11 ba 
LOG (lattice-best-path[5.5.1023~1-d673]:main():lattice-best-path.cc:99) For utterance S_S19_W_bayr_01, best cost 58.2145 + 1928.81 = 1987.02 over 19 frames.
S_S19_W_bayr_01 bảy 
LOG (lattice-best-path[5.5.1023~1-d673]:main():lattice-best-path.cc:99) For utterance S_S19_W_bayr_02, best cost 58.3632 + 2076.21 = 2134.57 over 20 frames.
S_S19_W_bayr_02 bảy 
LOG (lattice-best-path[5.5.1023~1-d673]:main():lattice-best-path.cc:99) For utterance S_S19_W_bayr_03, best cost 58.0725 + 2132.07 = 2190.15 over 21 frames.
S_S19_W_bayr_03 bảy 
LOG (lattice-best-path[5.5.1023~1-d673]:main():lattice-best-path.cc:99) For utterance S_S19_W_bayr_04, best cost 58.3808 + 2013.68 = 2072.06 over 19 frames.
S_S19_W_bayr_04 bảy 
LOG (lattice-best-path[5.5.1023~1-d673]:main():lattice-best-path.cc:99) For utterance S_S19_W_bayr_05, best cost 57.3397 + 2370.18 = 2427.52 over 25 frames.
S_S19_W_bayr_05 bảy 
LOG (lattice-best-path[5.5.1023~1-d673]:main():lattice-best-path.cc:99) For utterance S_S19_W_bayr_06, best cost 61.3453 + 3156.4 = 3217.75 over 32 frames.
S_S19_W_bayr_06 bảy 
LOG (lattice-best-path[5.5.1023~1-d673]:main():lattice-best-path.cc:99) For utterance S_S19_W_bayr_07, best cost 61.2374 + 3127.79 = 3189.02 over 32 frames.
S_S19_W_bayr_07 bảy 
LOG (lattice-best-path[5.5.1023~1-d673]:main():lattice-best-path.cc:99) For utterance S_S19_W_bayr_08, best cost 60.3973 + 2324.93 = 2385.33 over 22 frames.
S_S19_W_bayr_08 bảy 
LOG (lattice-best-path[5.5.1023~1-d673]:main():lattice-best-path.cc:99) For utterance S_S19_W_bayr_09, best cost 55.2591 + 1451.05 = 1506.31 over 15 frames.
S_S19_W_bayr_09 bảy 
LOG (lattice-best-path[5.5.1023~1-d673]:main():lattice-best-path.cc:99) For utterance S_S19_W_boons_01, best cost 62.1725 + 1227.33 = 1289.5 over 14 frames.
S_S19_W_boons_01 bốn 
LOG (lattice-best-path[5.5.1023~1-d673]:main():lattice-best-path.cc:99) For utterance S_S19_W_boons_02, best cost 67.2438 + 2280.61 = 2347.86 over 23 frames.
S_S19_W_boons_02 bốn 
LOG (lattice-best-path[5.5.1023~1-d673]:main():lattice-best-path.cc:99) For utterance S_S19_W_chins_01, best cost 65.7705 + 2801.91 = 2867.68 over 27 frames.
S_S19_W_chins_01 chín 
LOG (lattice-best-path[5.5.1023~1-d673]:main():lattice-best-path.cc:99) For utterance S_S19_W_chins_02, best cost 60.8331 + 2008.81 = 2069.65 over 19 frames.
S_S19_W_chins_02 chín 
LOG (lattice-best-path[5.5.1023~1-d673]:main():lattice-best-path.cc:99) For utterance S_S19_W_chins_03, best cost 61.5564 + 2076.05 = 2137.61 over 21 frames.
S_S19_W_chins_03 chín 
LOG (lattice-best-path[5.5.1023~1-d673]:main():lattice-best-path.cc:99) For utterance S_S19_W_chins_04, best cost 60.1154 + 1536.24 = 1596.35 over 16 frames.
S_S19_W_chins_04 chín 
LOG (lattice-best-path[5.5.1023~1-d673]:main():lattice-best-path.cc:99) For utterance S_S19_W_hai_01, best cost 60.9391 + 4243.09 = 4304.03 over 49 frames.
S_S19_W_hai_01 hai 
LOG (lattice-best-path[5.5.1023~1-d673]:main():lattice-best-path.cc:99) For utterance S_S19_W_hai_02, best cost 57.591 + 2432.91 = 2490.5 over 27 frames.
S_S19_W_hai_02 hai 
LOG (lattice-best-path[5.5.1023~1-d673]:main():lattice-best-path.cc:99) For utterance S_S19_W_hai_03, best cost 56.1126 + 1489.4 = 1545.51 over 16 frames.
S_S19_W_hai_03 hai 
LOG (lattice-best-path[5.5.1023~1-d673]:main():lattice-best-path.cc:99) For utterance S_S19_W_hai_04, best cost 54.896 + 806.309 = 861.205 over 9 frames.
S_S19_W_hai_04 hai 
LOG (lattice-best-path[5.5.1023~1-d673]:main():lattice-best-path.cc:99) For utterance S_S19_W_hai_05, best cost 60.9395 + 4304.48 = 4365.42 over 50 frames.
S_S19_W_hai_05 hai 
LOG (lattice-best-path[5.5.1023~1-d673]:main():lattice-best-path.cc:99) For utterance S_S19_W_hai_06, best cost 56.9354 + 1446.38 = 1503.32 over 15 frames.
S_S19_W_hai_06 hai 
LOG (lattice-best-path[5.5.1023~1-d673]:main():lattice-best-path.cc:99) For utterance S_S19_W_hai_07, best cost 59.3618 + 3068.18 = 3127.54 over 39 frames.
S_S19_W_hai_07 hai 
LOG (lattice-best-path[5.5.1023~1-d673]:main():lattice-best-path.cc:99) For utterance S_S19_W_hai_08, best cost 37.7616 + 2185 = 2222.76 over 25 frames.
S_S19_W_hai_08 
LOG (lattice-best-path[5.5.1023~1-d673]:main():lattice-best-path.cc:99) For utterance S_S19_W_hai_09, best cost 57.5247 + 2489.99 = 2547.51 over 26 frames.
S_S19_W_hai_09 hai 
LOG (lattice-best-path[5.5.1023~1-d673]:main():lattice-best-path.cc:99) For utterance S_S19_W_hai_10, best cost 60.5645 + 2384.51 = 2445.08 over 25 frames.
S_S19_W_hai_10 hai 
LOG (lattice-best-path[5.5.1023~1-d673]:main():lattice-best-path.cc:99) For utterance S_S19_W_lawm_01, best cost 79.3 + 3725.74 = 3805.04 over 43 frames.
S_S19_W_lawm_01 lăm 
LOG (lattice-best-path[5.5.1023~1-d673]:main():lattice-best-path.cc:99) For utterance S_S19_W_ler_01, best cost 38.9727 + 2710.81 = 2749.79 over 23 frames.
S_S19_W_ler_01 
LOG (lattice-best-path[5.5.1023~1-d673]:main():lattice-best-path.cc:99) For utterance S_S19_W_mootj_01, best cost 34.1999 + 1861.21 = 1895.41 over 17 frames.
S_S19_W_mootj_01 
LOG (lattice-best-path[5.5.1023~1-d673]:main():lattice-best-path.cc:99) For utterance S_S19_W_mootj_02, best cost 59.668 + 1579.42 = 1639.09 over 16 frames.
S_S19_W_mootj_02 một 
LOG (lattice-best-path[5.5.1023~1-d673]:main():lattice-best-path.cc:99) For utterance S_S19_W_mootj_03, best cost 62.3464 + 2273.67 = 2336.01 over 22 frames.
S_S19_W_mootj_03 một 
LOG (lattice-best-path[5.5.1023~1-d673]:main():lattice-best-path.cc:99) For utterance S_S19_W_mootj_04, best cost 64.0043 + 2642.31 = 2706.31 over 25 frames.
S_S19_W_mootj_04 một 
LOG (lattice-best-path[5.5.1023~1-d673]:main():lattice-best-path.cc:99) For utterance S_S19_W_mootj_05, best cost 69.0255 + 1758.05 = 1827.08 over 19 frames.
S_S19_W_mootj_05 mốt 
LOG (lattice-best-path[5.5.1023~1-d673]:main():lattice-best-path.cc:99) For utterance S_S19_W_mootj_06, best cost 69.3433 + 1714.92 = 1784.27 over 18 frames.
S_S19_W_mootj_06 mốt 
LOG (lattice-best-path[5.5.1023~1-d673]:main():lattice-best-path.cc:99) For utterance S_S19_W_moots_01, best cost 68.476 + 2252.32 = 2320.8 over 26 frames.
S_S19_W_moots_01 mốt 
LOG (lattice-best-path[5.5.1023~1-d673]:main():lattice-best-path.cc:99) For utterance S_S19_W_muowi_01, best cost 52.2474 + 2020.63 = 2072.87 over 20 frames.
S_S19_W_muowi_01 mươi 
LOG (lattice-best-path[5.5.1023~1-d673]:main():lattice-best-path.cc:99) For utterance S_S19_W_muowi_02, best cost 50.8716 + 1545.01 = 1595.88 over 17 frames.
S_S19_W_muowi_02 mươi 
LOG (lattice-best-path[5.5.1023~1-d673]:main():lattice-best-path.cc:99) For utterance S_S19_W_muowi_03, best cost 51.233 + 1918.86 = 1970.09 over 20 frames.
S_S19_W_muowi_03 mươi 
LOG (lattice-best-path[5.5.1023~1-d673]:main():lattice-best-path.cc:99) For utterance S_S19_W_muowi_04, best cost 50.8368 + 1820.97 = 1871.8 over 18 frames.
S_S19_W_muowi_04 mươi 
LOG (lattice-best-path[5.5.1023~1-d673]:main():lattice-best-path.cc:99) For utterance S_S19_W_muowi_05, best cost 51.6712 + 1805.03 = 1856.7 over 19 frames.
S_S19_W_muowi_05 mươi 
LOG (lattice-best-path[5.5.1023~1-d673]:main():lattice-best-path.cc:99) For utterance S_S19_W_muowi_06, best cost 51.2419 + 1586.96 = 1638.2 over 17 frames.
S_S19_W_muowi_06 mươi 
LOG (lattice-best-path[5.5.1023~1-d673]:main():lattice-best-path.cc:99) For utterance S_S19_W_muowi_07, best cost 49.5076 + 1301.83 = 1351.33 over 13 frames.
S_S19_W_muowi_07 mươi 
LOG (lattice-best-path[5.5.1023~1-d673]:main():lattice-best-path.cc:99) For utterance S_S19_W_muowi_08, best cost 50.4061 + 1516.07 = 1566.48 over 15 frames.
S_S19_W_muowi_08 mươi 
LOG (lattice-best-path[5.5.1023~1-d673]:main():lattice-best-path.cc:99) For utterance S_S19_W_muowi_09, best cost 49.8857 + 1170.01 = 1219.9 over 13 frames.
S_S19_W_muowi_09 mươi 
LOG (lattice-best-path[5.5.1023~1-d673]:main():lattice-best-path.cc:99) For utterance S_S19_W_muowi_10, best cost 49.257 + 1296.33 = 1345.59 over 13 frames.
S_S19_W_muowi_10 mươi 
LOG (lattice-best-path[5.5.1023~1-d673]:main():lattice-best-path.cc:99) For utterance S_S19_W_muowi_11, best cost 51.0537 + 1787.41 = 1838.47 over 20 frames.
S_S19_W_muowi_11 mươi 
LOG (lattice-best-path[5.5.1023~1-d673]:main():lattice-best-path.cc:99) For utterance S_S19_W_muowi_12, best cost 51.2774 + 1889.78 = 1941.06 over 20 frames.
S_S19_W_muowi_12 mươi 
LOG (lattice-best-path[5.5.1023~1-d673]:main():lattice-best-path.cc:99) For utterance S_S19_W_muowi_13, best cost 50.4698 + 1550.8 = 1601.27 over 16 frames.
S_S19_W_muowi_13 mươi 
LOG (lattice-best-path[5.5.1023~1-d673]:main():lattice-best-path.cc:99) For utterance S_S19_W_muowi_14, best cost 49.6533 + 1436 = 1485.65 over 15 frames.
S_S19_W_muowi_14 mươi 
LOG (lattice-best-path[5.5.1023~1-d673]:main():lattice-best-path.cc:99) For utterance S_S19_W_muowi_15, best cost 51.4275 + 1793.14 = 1844.57 over 21 frames.
S_S19_W_muowi_15 mươi 
LOG (lattice-best-path[5.5.1023~1-d673]:main():lattice-best-path.cc:99) For utterance S_S19_W_muowi_16, best cost 50.5074 + 1676.65 = 1727.15 over 18 frames.
S_S19_W_muowi_16 mươi 
LOG (lattice-best-path[5.5.1023~1-d673]:main():lattice-best-path.cc:99) For utterance S_S19_W_muowi_17, best cost 49.0193 + 1124.21 = 1173.23 over 12 frames.
S_S19_W_muowi_17 mươi 
LOG (lattice-best-path[5.5.1023~1-d673]:main():lattice-best-path.cc:99) For utterance S_S19_W_muowi_18, best cost 53.1147 + 2303.09 = 2356.21 over 25 frames.
S_S19_W_muowi_18 mươi 
LOG (lattice-best-path[5.5.1023~1-d673]:main():lattice-best-path.cc:99) For utterance S_S19_W_muowi_19, best cost 49.6274 + 1331.61 = 1381.23 over 15 frames.
S_S19_W_muowi_19 mươi 
LOG (lattice-best-path[5.5.1023~1-d673]:main():lattice-best-path.cc:99) For utterance S_S19_W_muowi_20, best cost 51.8015 + 2478.51 = 2530.32 over 27 frames.
S_S19_W_muowi_20 mươi 
LOG (lattice-best-path[5.5.1023~1-d673]:main():lattice-best-path.cc:99) For utterance S_S19_W_muowi_21, best cost 48.9449 + 1121.58 = 1170.52 over 10 frames.
S_S19_W_muowi_21 mươi 
LOG (lattice-best-path[5.5.1023~1-d673]:main():lattice-best-path.cc:99) For utterance S_S19_W_muowif_01, best cost 68.6554 + 2785.97 = 2854.62 over 32 frames.
S_S19_W_muowif_01 mười 
LOG (lattice-best-path[5.5.1023~1-d673]:main():lattice-best-path.cc:99) For utterance S_S19_W_nawm_01, best cost 70.7386 + 3403.56 = 3474.3 over 36 frames.
S_S19_W_nawm_01 năm 
LOG (lattice-best-path[5.5.1023~1-d673]:main():lattice-best-path.cc:99) For utterance S_S19_W_nawm_02, best cost 67.1669 + 2324.53 = 2391.7 over 25 frames.
S_S19_W_nawm_02 năm 
LOG (lattice-best-path[5.5.1023~1-d673]:main():lattice-best-path.cc:99) For utterance S_S19_W_nawm_03, best cost 69.7195 + 2271.28 = 2340.99 over 26 frames.
S_S19_W_nawm_03 năm 
LOG (lattice-best-path[5.5.1023~1-d673]:main():lattice-best-path.cc:99) For utterance S_S19_W_saus_01, best cost 57.3127 + 3005.67 = 3062.98 over 31 frames.
S_S19_W_saus_01 sáu 
LOG (lattice-best-path[5.5.1023~1-d673]:main():lattice-best-path.cc:99) For utterance S_S19_W_saus_02, best cost 57.7086 + 3928.93 = 3986.64 over 42 frames.
S_S19_W_saus_02 sáu 
LOG (lattice-best-path[5.5.1023~1-d673]:main():lattice-best-path.cc:99) For utterance S_S19_W_saus_03, best cost 60.1654 + 3669.26 = 3729.42 over 41 frames.
S_S19_W_saus_03 sáu 
LOG (lattice-best-path[5.5.1023~1-d673]:main():lattice-best-path.cc:99) For utterance S_S19_W_saus_04, best cost 61.2291 + 3993.02 = 4054.25 over 44 frames.
S_S19_W_saus_04 sáu 
LOG (lattice-best-path[5.5.1023~1-d673]:main():lattice-best-path.cc:99) For utterance S_S19_W_saus_05, best cost 93.6941 + 4372.12 = 4465.81 over 47 frames.
S_S19_W_saus_05 sáu một 
LOG (lattice-best-path[5.5.1023~1-d673]:main():lattice-best-path.cc:99) For utterance S_S19_W_saus_06, best cost 59.9504 + 2373.55 = 2433.5 over 24 frames.
S_S19_W_saus_06 sáu 
LOG (lattice-best-path[5.5.1023~1-d673]:main():lattice-best-path.cc:99) For utterance S_S19_W_saus_07, best cost 56.6904 + 2284.43 = 2341.12 over 24 frames.
S_S19_W_saus_07 sáu 
LOG (lattice-best-path[5.5.1023~1-d673]:main():lattice-best-path.cc:99) For utterance S_S19_W_saus_08, best cost 58.4787 + 2299.7 = 2358.18 over 23 frames.
S_S19_W_saus_08 sáu 
LOG (lattice-best-path[5.5.1023~1-d673]:main():lattice-best-path.cc:99) For utterance S_S19_W_saus_09, best cost 55.7878 + 1498.54 = 1554.33 over 15 frames.
S_S19_W_saus_09 sáu 
LOG (lattice-best-path[5.5.1023~1-d673]:main():lattice-best-path.cc:99) For utterance S_S19_W_saus_10, best cost 98.1111 + 2579.82 = 2677.93 over 28 frames.
S_S19_W_saus_10 sáu mười 
LOG (lattice-best-path[5.5.1023~1-d673]:main():lattice-best-path.cc:99) For utterance S_S19_W_saus_11, best cost 57.4123 + 3136.82 = 3194.23 over 36 frames.
S_S19_W_saus_11 sáu 
LOG (lattice-best-path[5.5.1023~1-d673]:main():lattice-best-path.cc:99) For utterance S_S19_W_tams_01, best cost 58.6828 + 2107.37 = 2166.05 over 23 frames.
S_S19_W_tams_01 tám 
LOG (lattice-best-path[5.5.1023~1-d673]:main():lattice-best-path.cc:99) For utterance S_S19_W_tams_02, best cost 62.5082 + 2937.74 = 3000.24 over 33 frames.
S_S19_W_tams_02 tám 
LOG (lattice-best-path[5.5.1023~1-d673]:main():lattice-best-path.cc:99) For utterance S_S19_W_tams_03, best cost 59.5378 + 2032.87 = 2092.41 over 22 frames.
S_S19_W_tams_03 tám 
LOG (lattice-best-path[5.5.1023~1-d673]:main():lattice-best-path.cc:99) For utterance S_S19_W_tams_04, best cost 57.8673 + 1804.8 = 1862.67 over 18 frames.
S_S19_W_tams_04 tám 
LOG (lattice-best-path[5.5.1023~1-d673]:main():lattice-best-path.cc:99) For utterance S_S19_W_tams_05, best cost 57.6469 + 1823.11 = 1880.76 over 18 frames.
S_S19_W_tams_05 tám 
LOG (lattice-best-path[5.5.1023~1-d673]:main():lattice-best-path.cc:99) For utterance S_S19_W_tams_06, best cost 57.5837 + 1681.65 = 1739.23 over 17 frames.
S_S19_W_tams_06 tám 
LOG (lattice-best-path[5.5.1023~1-d673]:main():lattice-best-path.cc:99) For utterance S_S19_W_tams_07, best cost 57.161 + 1737.58 = 1794.74 over 19 frames.
S_S19_W_tams_07 tám 
LOG (lattice-best-path[5.5.1023~1-d673]:main():lattice-best-path.cc:99) For utterance S_S19_W_tams_08, best cost 57.4194 + 1761.24 = 1818.66 over 20 frames.
S_S19_W_tams_08 tám 
LOG (lattice-best-path[5.5.1023~1-d673]:main():lattice-best-path.cc:99) For utterance S_S19_W_trawm_01, best cost 63.6233 + 2832.25 = 2895.87 over 27 frames.
S_S19_W_trawm_01 tám 
LOG (lattice-best-path[5.5.1023~1-d673]:main():lattice-best-path.cc:99) For utterance S_S19_W_trawm_02, best cost 58.6794 + 2969.84 = 3028.51 over 32 frames.
S_S19_W_trawm_02 trăm 
LOG (lattice-best-path[5.5.1023~1-d673]:main():lattice-best-path.cc:99) For utterance S_S19_W_trawm_03, best cost 50.2563 + 1458.1 = 1508.35 over 15 frames.
S_S19_W_trawm_03 trăm 
LOG (lattice-best-path[5.5.1023~1-d673]:main():lattice-best-path.cc:99) For utterance S_S19_W_trawm_04, best cost 57.9788 + 1939.75 = 1997.73 over 17 frames.
S_S19_W_trawm_04 tám 
LOG (lattice-best-path[5.5.1023~1-d673]:main():lattice-best-path.cc:99) For utterance S_S19_W_trawm_05, best cost 56.9809 + 3461.47 = 3518.45 over 32 frames.
S_S19_W_trawm_05 trăm 
LOG (lattice-best-path[5.5.1023~1-d673]:main():lattice-best-path.cc:99) For utterance S_S19_W_trawm_06, best cost 51.484 + 1588.57 = 1640.05 over 17 frames.
S_S19_W_trawm_06 trăm 
LOG (lattice-best-path[5.5.1023~1-d673]:main():lattice-best-path.cc:99) For utterance S_S19_W_trawm_07, best cost 55.0251 + 2273.62 = 2328.65 over 24 frames.
S_S19_W_trawm_07 trăm 
LOG (lattice-best-path[5.5.1023~1-d673]:main():lattice-best-path.cc:99) For utterance S_S19_W_trawm_08, best cost 61.9287 + 2575.3 = 2637.22 over 24 frames.
S_S19_W_trawm_08 tám 
LOG (lattice-best-path[5.5.1023~1-d673]:main():lattice-best-path.cc:99) For utterance S_S19_W_trawm_09, best cost 53.2233 + 2255.41 = 2308.63 over 20 frames.
S_S19_W_trawm_09 trăm 
LOG (lattice-best-path[5.5.1023~1-d673]:main():lattice-best-path.cc:99) For utterance S_S19_W_trawm_10, best cost 56.0673 + 1390.07 = 1446.14 over 14 frames.
S_S19_W_trawm_10 tám 
LOG (lattice-best-path[5.5.1023~1-d673]:main():lattice-best-path.cc:99) For utterance S_S19_W_trawm_11, best cost 54.2599 + 1839.53 = 1893.79 over 20 frames.
S_S19_W_trawm_11 trăm 
LOG (lattice-best-path[5.5.1023~1-d673]:main():lattice-best-path.cc:99) For utterance S_S19_W_trawm_12, best cost 59.8231 + 2188.31 = 2248.13 over 22 frames.
S_S19_W_trawm_12 tám 
LOG (lattice-best-path[5.5.1023~1-d673]:main():lattice-best-path.cc:99) For utterance S_S19_W_trawm_13, best cost 54.254 + 2066.72 = 2120.98 over 23 frames.
S_S19_W_trawm_13 trăm 
LOG (lattice-best-path[5.5.1023~1-d673]:main():lattice-best-path.cc:99) For utterance S_S19_W_trawm_14, best cost 54.9486 + 2552.99 = 2607.94 over 25 frames.
S_S19_W_trawm_14 trăm 
LOG (lattice-best-path[5.5.1023~1-d673]:main():lattice-best-path.cc:99) For utterance S_S19_W_trawm_15, best cost 51.2538 + 1632.27 = 1683.52 over 17 frames.
S_S19_W_trawm_15 trăm 
LOG (lattice-best-path[5.5.1023~1-d673]:main():lattice-best-path.cc:99) For utterance S_S19_W_trawm_16, best cost 60.5145 + 2484.62 = 2545.13 over 23 frames.
S_S19_W_trawm_16 tám 
LOG (lattice-best-path[5.5.1023~1-d673]:main():lattice-best-path.cc:99) For utterance S_S19_W_trawm_17, best cost 54.1418 + 2559.75 = 2613.89 over 26 frames.
S_S19_W_trawm_17 trăm 
LOG (lattice-best-path[5.5.1023~1-d673]:main():lattice-best-path.cc:99) For utterance S_S19_W_trawm_18, best cost 51.8405 + 1685.8 = 1737.64 over 17 frames.
S_S19_W_trawm_18 trăm 
LOG (lattice-best-path[5.5.1023~1-d673]:main():lattice-best-path.cc:99) For utterance S_S19_W_trawm_19, best cost 52.6159 + 1400.82 = 1453.44 over 17 frames.
S_S19_W_trawm_19 trăm 
LOG (lattice-best-path[5.5.1023~1-d673]:main():lattice-best-path.cc:99) For utterance S_S19_W_trawm_20, best cost 50.8804 + 1642.25 = 1693.13 over 18 frames.
S_S19_W_trawm_20 trăm 
LOG (lattice-best-path[5.5.1023~1-d673]:main():lattice-best-path.cc:99) For utterance S_S19_W_trawm_21, best cost 55.1445 + 2146.17 = 2201.31 over 24 frames.
S_S19_W_trawm_21 trăm 
LOG (lattice-best-path[5.5.1023~1-d673]:main():lattice-best-path.cc:99) For utterance S_S19_W_trawm_22, best cost 52.0987 + 1595.96 = 1648.06 over 17 frames.
S_S19_W_trawm_22 trăm 
LOG (lattice-best-path[5.5.1023~1-d673]:main():lattice-best-path.cc:99) For utterance S_S22_W_ba_01, best cost 53.7213 + 915.341 = 969.062 over 10 frames.
S_S22_W_ba_01 ba 
LOG (lattice-best-path[5.5.1023~1-d673]:main():lattice-best-path.cc:99) For utterance S_S22_W_ba_02, best cost 57.1525 + 2477.49 = 2534.64 over 27 frames.
S_S22_W_ba_02 ba 
LOG (lattice-best-path[5.5.1023~1-d673]:main():lattice-best-path.cc:99) For utterance S_S22_W_ba_03, best cost 53.5191 + 791.614 = 845.133 over 9 frames.
S_S22_W_ba_03 ba 
LOG (lattice-best-path[5.5.1023~1-d673]:main():lattice-best-path.cc:99) For utterance S_S22_W_ba_04, best cost 56.5106 + 2358.57 = 2415.08 over 27 frames.
S_S22_W_ba_04 ba 
LOG (lattice-best-path[5.5.1023~1-d673]:main():lattice-best-path.cc:99) For utterance S_S22_W_ba_05, best cost 56.7561 + 2089.67 = 2146.42 over 23 frames.
S_S22_W_ba_05 ba 
LOG (lattice-best-path[5.5.1023~1-d673]:main():lattice-best-path.cc:99) For utterance S_S22_W_ba_06, best cost 55.7285 + 2339.1 = 2394.83 over 28 frames.
S_S22_W_ba_06 ba 
LOG (lattice-best-path[5.5.1023~1-d673]:main():lattice-best-path.cc:99) For utterance S_S22_W_ba_07, best cost 55.4832 + 1149.84 = 1205.32 over 11 frames.
S_S22_W_ba_07 bảy 
LOG (lattice-best-path[5.5.1023~1-d673]:main():lattice-best-path.cc:99) For utterance S_S22_W_ba_08, best cost 28.6963 + 521.025 = 549.722 over 5 frames.
S_S22_W_ba_08 
LOG (lattice-best-path[5.5.1023~1-d673]:main():lattice-best-path.cc:99) For utterance S_S22_W_ba_09, best cost 55.951 + 1311.41 = 1367.36 over 13 frames.
S_S22_W_ba_09 ba 
LOG (lattice-best-path[5.5.1023~1-d673]:main():lattice-best-path.cc:99) For utterance S_S22_W_ba_10, best cost 56.4594 + 2106.15 = 2162.61 over 24 frames.
S_S22_W_ba_10 ba 
LOG (lattice-best-path[5.5.1023~1-d673]:main():lattice-best-path.cc:99) For utterance S_S22_W_ba_11, best cost 56.918 + 2394.48 = 2451.4 over 26 frames.
S_S22_W_ba_11 ba 
LOG (lattice-best-path[5.5.1023~1-d673]:main():lattice-best-path.cc:99) For utterance S_S22_W_bayr_01, best cost 55.4995 + 1341.62 = 1397.12 over 12 frames.
S_S22_W_bayr_01 bảy 
LOG (lattice-best-path[5.5.1023~1-d673]:main():lattice-best-path.cc:99) For utterance S_S22_W_bayr_02, best cost 55.6789 + 1737.43 = 1793.11 over 18 frames.
S_S22_W_bayr_02 bảy 
LOG (lattice-best-path[5.5.1023~1-d673]:main():lattice-best-path.cc:99) For utterance S_S22_W_bayr_03, best cost 54.0306 + 752.966 = 806.997 over 8 frames.
S_S22_W_bayr_03 bảy 
LOG (lattice-best-path[5.5.1023~1-d673]:main():lattice-best-path.cc:99) For utterance S_S22_W_bayr_04, best cost 54.1944 + 817 = 871.194 over 9 frames.
S_S22_W_bayr_04 bảy 
LOG (lattice-best-path[5.5.1023~1-d673]:main():lattice-best-path.cc:99) For utterance S_S22_W_bayr_05, best cost 57.7595 + 2456.12 = 2513.88 over 26 frames.
S_S22_W_bayr_05 bảy 
LOG (lattice-best-path[5.5.1023~1-d673]:main():lattice-best-path.cc:99) For utterance S_S22_W_bayr_06, best cost 58.936 + 2720.49 = 2779.43 over 29 frames.
S_S22_W_bayr_06 bảy 
LOG (lattice-best-path[5.5.1023~1-d673]:main():lattice-best-path.cc:99) For utterance S_S22_W_bayr_07, best cost 59.4515 + 2443.58 = 2503.03 over 25 frames.
S_S22_W_bayr_07 bảy 
LOG (lattice-best-path[5.5.1023~1-d673]:main():lattice-best-path.cc:99) For utterance S_S22_W_bayr_08, best cost 55.352 + 1636.65 = 1692 over 16 frames.
S_S22_W_bayr_08 bảy 
LOG (lattice-best-path[5.5.1023~1-d673]:main():lattice-best-path.cc:99) For utterance S_S22_W_bayr_09, best cost 54.5422 + 1202.19 = 1256.73 over 11 frames.
S_S22_W_bayr_09 bảy 
LOG (lattice-best-path[5.5.1023~1-d673]:main():lattice-best-path.cc:99) For utterance S_S22_W_boons_01, best cost 62.5684 + 1356.24 = 1418.81 over 14 frames.
S_S22_W_boons_01 bốn 
LOG (lattice-best-path[5.5.1023~1-d673]:main():lattice-best-path.cc:99) For utterance S_S22_W_boons_02, best cost 60.3563 + 2004.28 = 2064.64 over 19 frames.
S_S22_W_boons_02 một 
LOG (lattice-best-path[5.5.1023~1-d673]:main():lattice-best-path.cc:99) For utterance S_S22_W_chins_01, best cost 63.6006 + 2076.76 = 2140.36 over 21 frames.
S_S22_W_chins_01 chín 
LOG (lattice-best-path[5.5.1023~1-d673]:main():lattice-best-path.cc:99) For utterance S_S22_W_chins_02, best cost 60.2004 + 1433.66 = 1493.86 over 14 frames.
S_S22_W_chins_02 chín 
LOG (lattice-best-path[5.5.1023~1-d673]:main():lattice-best-path.cc:99) For utterance S_S22_W_chins_03, best cost 61.5988 + 1881.86 = 1943.46 over 18 frames.
S_S22_W_chins_03 chín 
LOG (lattice-best-path[5.5.1023~1-d673]:main():lattice-best-path.cc:99) For utterance S_S22_W_chins_04, best cost 58.6577 + 1017.27 = 1075.93 over 10 frames.
S_S22_W_chins_04 chín 
LOG (lattice-best-path[5.5.1023~1-d673]:main():lattice-best-path.cc:99) For utterance S_S22_W_hai_01, best cost 94.2656 + 5377.63 = 5471.9 over 56 frames.
S_S22_W_hai_01 hai hai 
LOG (lattice-best-path[5.5.1023~1-d673]:main():lattice-best-path.cc:99) For utterance S_S22_W_hai_02, best cost 59.3632 + 2863.14 = 2922.5 over 35 frames.
S_S22_W_hai_02 hai 
LOG (lattice-best-path[5.5.1023~1-d673]:main():lattice-best-path.cc:99) For utterance S_S22_W_hai_03, best cost 58.2207 + 1898.93 = 1957.15 over 19 frames.
S_S22_W_hai_03 hai 
LOG (lattice-best-path[5.5.1023~1-d673]:main():lattice-best-path.cc:99) For utterance S_S22_W_hai_04, best cost 57.203 + 1553.97 = 1611.17 over 15 frames.
S_S22_W_hai_04 hai 
LOG (lattice-best-path[5.5.1023~1-d673]:main():lattice-best-path.cc:99) For utterance S_S22_W_hai_05, best cost 58.4173 + 3092.18 = 3150.6 over 35 frames.
S_S22_W_hai_05 hai 
LOG (lattice-best-path[5.5.1023~1-d673]:main():lattice-best-path.cc:99) For utterance S_S22_W_hai_06, best cost 57.1127 + 1664.21 = 1721.33 over 16 frames.
S_S22_W_hai_06 hai 
LOG (lattice-best-path[5.5.1023~1-d673]:main():lattice-best-path.cc:99) For utterance S_S22_W_hai_07, best cost 57.8589 + 2933.74 = 2991.59 over 32 frames.
S_S22_W_hai_07 hai 
LOG (lattice-best-path[5.5.1023~1-d673]:main():lattice-best-path.cc:99) For utterance S_S22_W_hai_08, best cost 60.2955 + 2807.89 = 2868.19 over 30 frames.
S_S22_W_hai_08 hai 
LOG (lattice-best-path[5.5.1023~1-d673]:main():lattice-best-path.cc:99) For utterance S_S22_W_hai_09, best cost 57.6248 + 1952.22 = 2009.84 over 19 frames.
S_S22_W_hai_09 hai 
LOG (lattice-best-path[5.5.1023~1-d673]:main():lattice-best-path.cc:99) For utterance S_S22_W_hai_10, best cost 57.9812 + 1941.76 = 1999.74 over 18 frames.
S_S22_W_hai_10 hai 
LOG (lattice-best-path[5.5.1023~1-d673]:main():lattice-best-path.cc:99) For utterance S_S22_W_lawm_01, best cost 72.9376 + 2753.11 = 2826.05 over 28 frames.
S_S22_W_lawm_01 lăm 
LOG (lattice-best-path[5.5.1023~1-d673]:main():lattice-best-path.cc:99) For utterance S_S22_W_ler_01, best cost 64.9499 + 1789.13 = 1854.08 over 18 frames.
S_S22_W_ler_01 lẻ 
LOG (lattice-best-path[5.5.1023~1-d673]:main():lattice-best-path.cc:99) For utterance S_S22_W_mootj_01, best cost 60.3685 + 2117.28 = 2177.65 over 20 frames.
S_S22_W_mootj_01 một 
LOG (lattice-best-path[5.5.1023~1-d673]:main():lattice-best-path.cc:99) For utterance S_S22_W_mootj_02, best cost 57.7851 + 1381.51 = 1439.3 over 14 frames.
S_S22_W_mootj_02 một 
LOG (lattice-best-path[5.5.1023~1-d673]:main():lattice-best-path.cc:99) For utterance S_S22_W_mootj_03, best cost 28.7742 + 695.424 = 724.198 over 6 frames.
S_S22_W_mootj_03 
LOG (lattice-best-path[5.5.1023~1-d673]:main():lattice-best-path.cc:99) For utterance S_S22_W_mootj_04, best cost 29.3314 + 816.966 = 846.297 over 7 frames.
S_S22_W_mootj_04 
LOG (lattice-best-path[5.5.1023~1-d673]:main():lattice-best-path.cc:99) For utterance S_S22_W_mootj_05, best cost 57.1576 + 1374.05 = 1431.21 over 13 frames.
S_S22_W_mootj_05 một 
LOG (lattice-best-path[5.5.1023~1-d673]:main():lattice-best-path.cc:99) For utterance S_S22_W_mootj_06, best cost 58.7572 + 1836.19 = 1894.94 over 18 frames.
S_S22_W_mootj_06 một 
LOG (lattice-best-path[5.5.1023~1-d673]:main():lattice-best-path.cc:99) For utterance S_S22_W_moots_01, best cost 60.9257 + 2170.29 = 2231.22 over 22 frames.
S_S22_W_moots_01 một 
LOG (lattice-best-path[5.5.1023~1-d673]:main():lattice-best-path.cc:99) For utterance S_S22_W_muowi_01, best cost 52.7787 + 2035.85 = 2088.63 over 20 frames.
S_S22_W_muowi_01 mươi 
LOG (lattice-best-path[5.5.1023~1-d673]:main():lattice-best-path.cc:99) For utterance S_S22_W_muowi_02, best cost 51.2601 + 1722.52 = 1773.78 over 18 frames.
S_S22_W_muowi_02 mươi 
LOG (lattice-best-path[5.5.1023~1-d673]:main():lattice-best-path.cc:99) For utterance S_S22_W_muowi_03, best cost 51.296 + 1999.17 = 2050.47 over 20 frames.
S_S22_W_muowi_03 mươi 
LOG (lattice-best-path[5.5.1023~1-d673]:main():lattice-best-path.cc:99) For utterance S_S22_W_muowi_04, best cost 49.8392 + 1656.94 = 1706.78 over 16 frames.
S_S22_W_muowi_04 mươi 
LOG (lattice-best-path[5.5.1023~1-d673]:main():lattice-best-path.cc:99) For utterance S_S22_W_muowi_05, best cost 48.4655 + 941.26 = 989.725 over 9 frames.
S_S22_W_muowi_05 mươi 
LOG (lattice-best-path[5.5.1023~1-d673]:main():lattice-best-path.cc:99) For utterance S_S22_W_muowi_06, best cost 49.557 + 1104.19 = 1153.75 over 12 frames.
S_S22_W_muowi_06 mươi 
LOG (lattice-best-path[5.5.1023~1-d673]:main():lattice-best-path.cc:99) For utterance S_S22_W_muowi_07, best cost 50.8661 + 1895.31 = 1946.18 over 18 frames.
S_S22_W_muowi_07 mươi 
LOG (lattice-best-path[5.5.1023~1-d673]:main():lattice-best-path.cc:99) For utterance S_S22_W_muowi_08, best cost 50.7682 + 1520.52 = 1571.29 over 15 frames.
S_S22_W_muowi_08 mươi 
LOG (lattice-best-path[5.5.1023~1-d673]:main():lattice-best-path.cc:99) For utterance S_S22_W_muowi_09, best cost 50.4597 + 1760 = 1810.46 over 18 frames.
S_S22_W_muowi_09 mươi 
LOG (lattice-best-path[5.5.1023~1-d673]:main():lattice-best-path.cc:99) For utterance S_S22_W_muowi_10, best cost 49.0721 + 1393.13 = 1442.2 over 12 frames.
S_S22_W_muowi_10 mươi 
LOG (lattice-best-path[5.5.1023~1-d673]:main():lattice-best-path.cc:99) For utterance S_S22_W_muowi_11, best cost 50.2615 + 1844.12 = 1894.38 over 18 frames.
S_S22_W_muowi_11 mươi 
LOG (lattice-best-path[5.5.1023~1-d673]:main():lattice-best-path.cc:99) For utterance S_S22_W_muowi_12, best cost 51.1645 + 1827.87 = 1879.04 over 17 frames.
S_S22_W_muowi_12 mươi 
LOG (lattice-best-path[5.5.1023~1-d673]:main():lattice-best-path.cc:99) For utterance S_S22_W_muowi_13, best cost 50.7155 + 1823.13 = 1873.84 over 18 frames.
S_S22_W_muowi_13 mươi 
LOG (lattice-best-path[5.5.1023~1-d673]:main():lattice-best-path.cc:99) For utterance S_S22_W_muowi_14, best cost 48.7023 + 1074.31 = 1123.02 over 10 frames.
S_S22_W_muowi_14 mươi 
LOG (lattice-best-path[5.5.1023~1-d673]:main():lattice-best-path.cc:99) For utterance S_S22_W_muowi_15, best cost 50.5986 + 1721.67 = 1772.27 over 18 frames.
S_S22_W_muowi_15 mươi 
LOG (lattice-best-path[5.5.1023~1-d673]:main():lattice-best-path.cc:99) For utterance S_S22_W_muowi_16, best cost 49.9004 + 1316.2 = 1366.1 over 14 frames.
S_S22_W_muowi_16 mươi 
LOG (lattice-best-path[5.5.1023~1-d673]:main():lattice-best-path.cc:99) For utterance S_S22_W_muowi_17, best cost 50.4529 + 1571.21 = 1621.66 over 16 frames.
S_S22_W_muowi_17 mươi 
LOG (lattice-best-path[5.5.1023~1-d673]:main():lattice-best-path.cc:99) For utterance S_S22_W_muowi_18, best cost 50.3782 + 1789.05 = 1839.43 over 17 frames.
S_S22_W_muowi_18 mươi 
LOG (lattice-best-path[5.5.1023~1-d673]:main():lattice-best-path.cc:99) For utterance S_S22_W_muowi_19, best cost 49.8749 + 1513.5 = 1563.38 over 14 frames.
S_S22_W_muowi_19 mươi 
LOG (lattice-best-path[5.5.1023~1-d673]:main():lattice-best-path.cc:99) For utterance S_S22_W_muowi_20, best cost 54.5823 + 2499.73 = 2554.31 over 26 frames.
S_S22_W_muowi_20 mươi 
LOG (lattice-best-path[5.5.1023~1-d673]:main():lattice-best-path.cc:99) For utterance S_S22_W_muowi_21, best cost 48.3065 + 824.7 = 873.006 over 8 frames.
S_S22_W_muowi_21 mươi 
LOG (lattice-best-path[5.5.1023~1-d673]:main():lattice-best-path.cc:99) For utterance S_S22_W_muowif_01, best cost 52.7464 + 2491.73 = 2544.47 over 26 frames.
S_S22_W_muowif_01 mươi 
LOG (lattice-best-path[5.5.1023~1-d673]:main():lattice-best-path.cc:99) For utterance S_S22_W_nawm_01, best cost 65.8074 + 2001.77 = 2067.58 over 20 frames.
S_S22_W_nawm_01 năm 
LOG (lattice-best-path[5.5.1023~1-d673]:main():lattice-best-path.cc:99) For utterance S_S22_W_nawm_02, best cost 63.8707 + 1639.7 = 1703.58 over 16 frames.
S_S22_W_nawm_02 năm 
LOG (lattice-best-path[5.5.1023~1-d673]:main():lattice-best-path.cc:99) For utterance S_S22_W_nawm_03, best cost 62.986 + 1506.32 = 1569.3 over 15 frames.
S_S22_W_nawm_03 năm 
LOG (lattice-best-path[5.5.1023~1-d673]:main():lattice-best-path.cc:99) For utterance S_S22_W_saus_01, best cost 57.945 + 3664.43 = 3722.38 over 36 frames.
S_S22_W_saus_01 sáu 
LOG (lattice-best-path[5.5.1023~1-d673]:main():lattice-best-path.cc:99) For utterance S_S22_W_saus_02, best cost 60.0898 + 4341.92 = 4402.01 over 43 frames.
S_S22_W_saus_02 sáu 
LOG (lattice-best-path[5.5.1023~1-d673]:main():lattice-best-path.cc:99) For utterance S_S22_W_saus_03, best cost 57.6961 + 3393.97 = 3451.67 over 34 frames.
S_S22_W_saus_03 sáu 
LOG (lattice-best-path[5.5.1023~1-d673]:main():lattice-best-path.cc:99) For utterance S_S22_W_saus_04, best cost 57.0587 + 3274.5 = 3331.56 over 34 frames.
S_S22_W_saus_04 sáu 
LOG (lattice-best-path[5.5.1023~1-d673]:main():lattice-best-path.cc:99) For utterance S_S22_W_saus_05, best cost 57.8834 + 3109.11 = 3167 over 33 frames.
S_S22_W_saus_05 sáu 
LOG (lattice-best-path[5.5.1023~1-d673]:main():lattice-best-path.cc:99) For utterance S_S22_W_saus_06, best cost 58.663 + 1990.88 = 2049.54 over 18 frames.
S_S22_W_saus_06 sáu 
LOG (lattice-best-path[5.5.1023~1-d673]:main():lattice-best-path.cc:99) For utterance S_S22_W_saus_07, best cost 56.4076 + 2221.27 = 2277.68 over 21 frames.
S_S22_W_saus_07 sáu 
LOG (lattice-best-path[5.5.1023~1-d673]:main():lattice-best-path.cc:99) For utterance S_S22_W_saus_08, best cost 58.1798 + 2262.49 = 2320.67 over 22 frames.
S_S22_W_saus_08 sáu 
LOG (lattice-best-path[5.5.1023~1-d673]:main():lattice-best-path.cc:99) For utterance S_S22_W_saus_09, best cost 57.2545 + 1466.9 = 1524.16 over 14 frames.
S_S22_W_saus_09 sáu 
LOG (lattice-best-path[5.5.1023~1-d673]:main():lattice-best-path.cc:99) For utterance S_S22_W_saus_10, best cost 55.9278 + 1835.45 = 1891.37 over 17 frames.
S_S22_W_saus_10 sáu 
LOG (lattice-best-path[5.5.1023~1-d673]:main():lattice-best-path.cc:99) For utterance S_S22_W_saus_11, best cost 58.2872 + 2666.23 = 2724.52 over 27 frames.
S_S22_W_saus_11 sáu 
LOG (lattice-best-path[5.5.1023~1-d673]:main():lattice-best-path.cc:99) For utterance S_S22_W_tams_01, best cost 58.2205 + 2062.84 = 2121.06 over 20 frames.
S_S22_W_tams_01 tám 
LOG (lattice-best-path[5.5.1023~1-d673]:main():lattice-best-path.cc:99) For utterance S_S22_W_tams_02, best cost 84.7731 + 2838.08 = 2922.85 over 31 frames.
S_S22_W_tams_02 ba tám 
LOG (lattice-best-path[5.5.1023~1-d673]:main():lattice-best-path.cc:99) For utterance S_S22_W_tams_03, best cost 60.2668 + 2181.87 = 2242.13 over 22 frames.
S_S22_W_tams_03 tám 
LOG (lattice-best-path[5.5.1023~1-d673]:main():lattice-best-path.cc:99) For utterance S_S22_W_tams_04, best cost 58.2365 + 1889.46 = 1947.7 over 19 frames.
S_S22_W_tams_04 tám 
LOG (lattice-best-path[5.5.1023~1-d673]:main():lattice-best-path.cc:99) For utterance S_S22_W_tams_05, best cost 55.1634 + 1176.99 = 1232.15 over 13 frames.
S_S22_W_tams_05 tám 
LOG (lattice-best-path[5.5.1023~1-d673]:main():lattice-best-path.cc:99) For utterance S_S22_W_tams_06, best cost 54.3054 + 957.473 = 1011.78 over 11 frames.
S_S22_W_tams_06 tám 
LOG (lattice-best-path[5.5.1023~1-d673]:main():lattice-best-path.cc:99) For utterance S_S22_W_tams_07, best cost 56.4254 + 1586.66 = 1643.09 over 16 frames.
S_S22_W_tams_07 tám 
LOG (lattice-best-path[5.5.1023~1-d673]:main():lattice-best-path.cc:99) For utterance S_S22_W_tams_08, best cost 55.7656 + 1192.62 = 1248.38 over 13 frames.
S_S22_W_tams_08 tám 
LOG (lattice-best-path[5.5.1023~1-d673]:main():lattice-best-path.cc:99) For utterance S_S22_W_trawm_01, best cost 63.5143 + 4454.79 = 4518.3 over 43 frames.
S_S22_W_trawm_01 trăm 
LOG (lattice-best-path[5.5.1023~1-d673]:main():lattice-best-path.cc:99) For utterance S_S22_W_trawm_02, best cost 56.8428 + 2673.56 = 2730.4 over 26 frames.
S_S22_W_trawm_02 trăm 
LOG (lattice-best-path[5.5.1023~1-d673]:main():lattice-best-path.cc:99) For utterance S_S22_W_trawm_03, best cost 61.1212 + 2566.88 = 2628 over 25 frames.
S_S22_W_trawm_03 tám 
LOG (lattice-best-path[5.5.1023~1-d673]:main():lattice-best-path.cc:99) For utterance S_S22_W_trawm_04, best cost 52.6527 + 2069.24 = 2121.89 over 20 frames.
S_S22_W_trawm_04 trăm 
LOG (lattice-best-path[5.5.1023~1-d673]:main():lattice-best-path.cc:99) For utterance S_S22_W_trawm_05, best cost 58.7983 + 1880.1 = 1938.9 over 18 frames.
S_S22_W_trawm_05 tám 
LOG (lattice-best-path[5.5.1023~1-d673]:main():lattice-best-path.cc:99) For utterance S_S22_W_trawm_06, best cost 67.5196 + 2081.61 = 2149.13 over 22 frames.
S_S22_W_trawm_06 năm 
LOG (lattice-best-path[5.5.1023~1-d673]:main():lattice-best-path.cc:99) For utterance S_S22_W_trawm_07, best cost 51.4264 + 1665.59 = 1717.02 over 17 frames.
S_S22_W_trawm_07 trăm 
LOG (lattice-best-path[5.5.1023~1-d673]:main():lattice-best-path.cc:99) For utterance S_S22_W_trawm_08, best cost 51.7981 + 1740.45 = 1792.24 over 17 frames.
S_S22_W_trawm_08 trăm 
LOG (lattice-best-path[5.5.1023~1-d673]:main():lattice-best-path.cc:99) For utterance S_S22_W_trawm_09, best cost 53.5115 + 1900.31 = 1953.82 over 19 frames.
S_S22_W_trawm_09 trăm 
LOG (lattice-best-path[5.5.1023~1-d673]:main():lattice-best-path.cc:99) For utterance S_S22_W_trawm_10, best cost 49.3181 + 1081.88 = 1131.2 over 11 frames.
S_S22_W_trawm_10 trăm 
LOG (lattice-best-path[5.5.1023~1-d673]:main():lattice-best-path.cc:99) For utterance S_S22_W_trawm_11, best cost 52.8527 + 1986.42 = 2039.27 over 20 frames.
S_S22_W_trawm_11 trăm 
LOG (lattice-best-path[5.5.1023~1-d673]:main():lattice-best-path.cc:99) For utterance S_S22_W_trawm_12, best cost 58.3532 + 1648 = 1706.35 over 16 frames.
S_S22_W_trawm_12 tám 
LOG (lattice-best-path[5.5.1023~1-d673]:main():lattice-best-path.cc:99) For utterance S_S22_W_trawm_13, best cost 49.5671 + 1476.52 = 1526.09 over 16 frames.
S_S22_W_trawm_13 trăm 
LOG (lattice-best-path[5.5.1023~1-d673]:main():lattice-best-path.cc:99) For utterance S_S22_W_trawm_14, best cost 51.048 + 1533.57 = 1584.62 over 16 frames.
S_S22_W_trawm_14 trăm 
LOG (lattice-best-path[5.5.1023~1-d673]:main():lattice-best-path.cc:99) For utterance S_S22_W_trawm_15, best cost 50.2483 + 1575.74 = 1625.99 over 14 frames.
S_S22_W_trawm_15 trăm 
LOG (lattice-best-path[5.5.1023~1-d673]:main():lattice-best-path.cc:99) For utterance S_S22_W_trawm_16, best cost 66.2319 + 2071.84 = 2138.08 over 20 frames.
S_S22_W_trawm_16 năm 
LOG (lattice-best-path[5.5.1023~1-d673]:main():lattice-best-path.cc:99) For utterance S_S22_W_trawm_17, best cost 54.5631 + 1215.43 = 1269.99 over 11 frames.
S_S22_W_trawm_17 tám 
LOG (lattice-best-path[5.5.1023~1-d673]:main():lattice-best-path.cc:99) For utterance S_S22_W_trawm_18, best cost 51.7176 + 1680.29 = 1732 over 16 frames.
S_S22_W_trawm_18 trăm 
LOG (lattice-best-path[5.5.1023~1-d673]:main():lattice-best-path.cc:99) For utterance S_S22_W_trawm_19, best cost 63.9332 + 1734.31 = 1798.24 over 17 frames.
S_S22_W_trawm_19 năm 
LOG (lattice-best-path[5.5.1023~1-d673]:main():lattice-best-path.cc:99) For utterance S_S22_W_trawm_20, best cost 49.5395 + 1155.27 = 1204.81 over 11 frames.
S_S22_W_trawm_20 trăm 
LOG (lattice-best-path[5.5.1023~1-d673]:main():lattice-best-path.cc:99) For utterance S_S22_W_trawm_21, best cost 59.3552 + 1299.51 = 1358.86 over 12 frames.
S_S22_W_trawm_21 chín 
LOG (lattice-best-path[5.5.1023~1-d673]:main():lattice-best-path.cc:99) For utterance S_S22_W_trawm_22, best cost 50.5226 + 1673.75 = 1724.27 over 15 frames.
S_S22_W_trawm_22 trăm 
LOG (lattice-best-path[5.5.1023~1-d673]:main():lattice-best-path.cc:124) Overall cost per frame is 98.6944 = 2.62471 [graph] + 96.0697 [acoustic] over 7303 frames.
LOG (lattice-best-path[5.5.1023~1-d673]:main():lattice-best-path.cc:128) Done 333 lattices, failed for 0
# Accounting: time=0 threads=1
# Ended (code 0) at Thứ ba, 17 Tháng 5 năm 2022 12:23:07 +07, elapsed time 0 seconds
