# lattice-best-path --lm-scale=12 --word-symbol-table=exp/tri1/graph/words.txt "ark:gunzip -c exp/tri1/decode/lat.*.gz|" ark,t:exp/tri1/decode/scoring/12.tra 
# Started at Thứ ba, 17 Tháng 5 năm 2022 12:23:08 +07
#
lattice-best-path --lm-scale=12 --word-symbol-table=exp/tri1/graph/words.txt 'ark:gunzip -c exp/tri1/decode/lat.*.gz|' ark,t:exp/tri1/decode/scoring/12.tra 
LOG (lattice-best-path[5.5.1023~1-d673]:main():lattice-best-path.cc:99) For utterance S_S17_W_ba_01, best cost 97.1842 + 1255.17 = 1352.35 over 14 frames.
S_S17_W_ba_01 ba 
LOG (lattice-best-path[5.5.1023~1-d673]:main():lattice-best-path.cc:99) For utterance S_S17_W_ba_02, best cost 114.559 + 3479.28 = 3593.84 over 35 frames.
S_S17_W_ba_02 lẻ 
LOG (lattice-best-path[5.5.1023~1-d673]:main():lattice-best-path.cc:99) For utterance S_S17_W_ba_03, best cost 98.1528 + 1696.16 = 1794.31 over 17 frames.
S_S17_W_ba_03 ba 
LOG (lattice-best-path[5.5.1023~1-d673]:main():lattice-best-path.cc:99) For utterance S_S17_W_ba_04, best cost 110.891 + 2223.32 = 2334.21 over 23 frames.
S_S17_W_ba_04 lẻ 
LOG (lattice-best-path[5.5.1023~1-d673]:main():lattice-best-path.cc:99) For utterance S_S17_W_ba_05, best cost 108.477 + 3337.59 = 3446.07 over 37 frames.
S_S17_W_ba_05 ba 
LOG (lattice-best-path[5.5.1023~1-d673]:main():lattice-best-path.cc:99) For utterance S_S17_W_ba_06, best cost 97.8107 + 3273.3 = 3371.11 over 39 frames.
S_S17_W_ba_06 ba 
LOG (lattice-best-path[5.5.1023~1-d673]:main():lattice-best-path.cc:99) For utterance S_S17_W_ba_07, best cost 104.029 + 2229.39 = 2333.42 over 21 frames.
S_S17_W_ba_07 bảy 
LOG (lattice-best-path[5.5.1023~1-d673]:main():lattice-best-path.cc:99) For utterance S_S17_W_ba_08, best cost 95.3411 + 1229.49 = 1324.84 over 14 frames.
S_S17_W_ba_08 tám 
LOG (lattice-best-path[5.5.1023~1-d673]:main():lattice-best-path.cc:99) For utterance S_S17_W_ba_09, best cost 98.9499 + 1681.81 = 1780.76 over 17 frames.
S_S17_W_ba_09 tám 
LOG (lattice-best-path[5.5.1023~1-d673]:main():lattice-best-path.cc:99) For utterance S_S17_W_ba_10, best cost 145.469 + 3542.08 = 3687.55 over 41 frames.
S_S17_W_ba_10 ba ba 
LOG (lattice-best-path[5.5.1023~1-d673]:main():lattice-best-path.cc:99) For utterance S_S17_W_ba_11, best cost 102.711 + 2641.08 = 2743.79 over 34 frames.
S_S17_W_ba_11 ba 
LOG (lattice-best-path[5.5.1023~1-d673]:main():lattice-best-path.cc:99) For utterance S_S17_W_bayr_01, best cost 99.7962 + 1930.98 = 2030.78 over 19 frames.
S_S17_W_bayr_01 bảy 
LOG (lattice-best-path[5.5.1023~1-d673]:main():lattice-best-path.cc:99) For utterance S_S17_W_bayr_02, best cost 100.051 + 2075.23 = 2175.28 over 20 frames.
S_S17_W_bayr_02 bảy 
LOG (lattice-best-path[5.5.1023~1-d673]:main():lattice-best-path.cc:99) For utterance S_S17_W_bayr_03, best cost 99.5529 + 2129.74 = 2229.3 over 21 frames.
S_S17_W_bayr_03 bảy 
LOG (lattice-best-path[5.5.1023~1-d673]:main():lattice-best-path.cc:99) For utterance S_S17_W_bayr_04, best cost 100.081 + 2012.58 = 2112.66 over 19 frames.
S_S17_W_bayr_04 bảy 
LOG (lattice-best-path[5.5.1023~1-d673]:main():lattice-best-path.cc:99) For utterance S_S17_W_bayr_05, best cost 98.2966 + 2366.09 = 2464.39 over 25 frames.
S_S17_W_bayr_05 bảy 
LOG (lattice-best-path[5.5.1023~1-d673]:main():lattice-best-path.cc:99) For utterance S_S17_W_bayr_06, best cost 105.163 + 3155.12 = 3260.29 over 32 frames.
S_S17_W_bayr_06 bảy 
LOG (lattice-best-path[5.5.1023~1-d673]:main():lattice-best-path.cc:99) For utterance S_S17_W_bayr_07, best cost 104.978 + 3133.02 = 3238 over 32 frames.
S_S17_W_bayr_07 bảy 
LOG (lattice-best-path[5.5.1023~1-d673]:main():lattice-best-path.cc:99) For utterance S_S17_W_bayr_08, best cost 103.538 + 2325.1 = 2428.64 over 22 frames.
S_S17_W_bayr_08 bảy 
LOG (lattice-best-path[5.5.1023~1-d673]:main():lattice-best-path.cc:99) For utterance S_S17_W_bayr_09, best cost 94.7298 + 1449.77 = 1544.5 over 15 frames.
S_S17_W_bayr_09 bảy 
LOG (lattice-best-path[5.5.1023~1-d673]:main():lattice-best-path.cc:99) For utterance S_S17_W_boons_01, best cost 106.581 + 1227.15 = 1333.73 over 14 frames.
S_S17_W_boons_01 bốn 
LOG (lattice-best-path[5.5.1023~1-d673]:main():lattice-best-path.cc:99) For utterance S_S17_W_boons_02, best cost 109.486 + 2290.21 = 2399.69 over 23 frames.
S_S17_W_boons_02 một 
LOG (lattice-best-path[5.5.1023~1-d673]:main():lattice-best-path.cc:99) For utterance S_S17_W_chins_01, best cost 112.749 + 2794.36 = 2907.11 over 27 frames.
S_S17_W_chins_01 chín 
LOG (lattice-best-path[5.5.1023~1-d673]:main():lattice-best-path.cc:99) For utterance S_S17_W_chins_02, best cost 104.285 + 2007.86 = 2112.15 over 19 frames.
S_S17_W_chins_02 chín 
LOG (lattice-best-path[5.5.1023~1-d673]:main():lattice-best-path.cc:99) For utterance S_S17_W_chins_03, best cost 105.525 + 2074.63 = 2180.16 over 21 frames.
S_S17_W_chins_03 chín 
LOG (lattice-best-path[5.5.1023~1-d673]:main():lattice-best-path.cc:99) For utterance S_S17_W_chins_04, best cost 103.055 + 1541.01 = 1644.06 over 16 frames.
S_S17_W_chins_04 chín 
LOG (lattice-best-path[5.5.1023~1-d673]:main():lattice-best-path.cc:99) For utterance S_S17_W_hai_01, best cost 104.449 + 4249.17 = 4353.62 over 49 frames.
S_S17_W_hai_01 hai 
LOG (lattice-best-path[5.5.1023~1-d673]:main():lattice-best-path.cc:99) For utterance S_S17_W_hai_02, best cost 98.7274 + 2428.9 = 2527.63 over 27 frames.
S_S17_W_hai_02 hai 
LOG (lattice-best-path[5.5.1023~1-d673]:main():lattice-best-path.cc:99) For utterance S_S17_W_hai_03, best cost 96.1931 + 1488.9 = 1585.09 over 16 frames.
S_S17_W_hai_03 hai 
LOG (lattice-best-path[5.5.1023~1-d673]:main():lattice-best-path.cc:99) For utterance S_S17_W_hai_04, best cost 94.1074 + 806.665 = 900.772 over 9 frames.
S_S17_W_hai_04 hai 
LOG (lattice-best-path[5.5.1023~1-d673]:main():lattice-best-path.cc:99) For utterance S_S17_W_hai_05, best cost 104.468 + 4306.71 = 4411.18 over 50 frames.
S_S17_W_hai_05 hai 
LOG (lattice-best-path[5.5.1023~1-d673]:main():lattice-best-path.cc:99) For utterance S_S17_W_hai_06, best cost 97.6036 + 1445.75 = 1543.35 over 15 frames.
S_S17_W_hai_06 hai 
LOG (lattice-best-path[5.5.1023~1-d673]:main():lattice-best-path.cc:99) For utterance S_S17_W_hai_07, best cost 101.745 + 3071.4 = 3173.15 over 39 frames.
S_S17_W_hai_07 hai 
LOG (lattice-best-path[5.5.1023~1-d673]:main():lattice-best-path.cc:99) For utterance S_S17_W_hai_08, best cost 64.7342 + 2186.41 = 2251.14 over 25 frames.
S_S17_W_hai_08 
LOG (lattice-best-path[5.5.1023~1-d673]:main():lattice-best-path.cc:99) For utterance S_S17_W_hai_09, best cost 98.6138 + 2490.92 = 2589.53 over 26 frames.
S_S17_W_hai_09 hai 
LOG (lattice-best-path[5.5.1023~1-d673]:main():lattice-best-path.cc:99) For utterance S_S17_W_hai_10, best cost 103.825 + 2382.57 = 2486.4 over 25 frames.
S_S17_W_hai_10 hai 
LOG (lattice-best-path[5.5.1023~1-d673]:main():lattice-best-path.cc:99) For utterance S_S17_W_lawm_01, best cost 135.092 + 3728.03 = 3863.12 over 43 frames.
S_S17_W_lawm_01 lăm 
LOG (lattice-best-path[5.5.1023~1-d673]:main():lattice-best-path.cc:99) For utterance S_S17_W_ler_01, best cost 66.8104 + 2715.13 = 2781.94 over 23 frames.
S_S17_W_ler_01 
LOG (lattice-best-path[5.5.1023~1-d673]:main():lattice-best-path.cc:99) For utterance S_S17_W_mootj_01, best cost 58.6285 + 1860.33 = 1918.95 over 17 frames.
S_S17_W_mootj_01 
LOG (lattice-best-path[5.5.1023~1-d673]:main():lattice-best-path.cc:99) For utterance S_S17_W_mootj_02, best cost 102.288 + 1581.04 = 1683.33 over 16 frames.
S_S17_W_mootj_02 một 
LOG (lattice-best-path[5.5.1023~1-d673]:main():lattice-best-path.cc:99) For utterance S_S17_W_mootj_03, best cost 106.59 + 2276.42 = 2383.01 over 22 frames.
S_S17_W_mootj_03 một 
LOG (lattice-best-path[5.5.1023~1-d673]:main():lattice-best-path.cc:99) For utterance S_S17_W_mootj_04, best cost 109.722 + 2641.82 = 2751.54 over 25 frames.
S_S17_W_mootj_04 một 
LOG (lattice-best-path[5.5.1023~1-d673]:main():lattice-best-path.cc:99) For utterance S_S17_W_mootj_05, best cost 103.145 + 1773.14 = 1876.29 over 19 frames.
S_S17_W_mootj_05 một 
LOG (lattice-best-path[5.5.1023~1-d673]:main():lattice-best-path.cc:99) For utterance S_S17_W_mootj_06, best cost 118.874 + 1709.33 = 1828.2 over 18 frames.
S_S17_W_mootj_06 mốt 
LOG (lattice-best-path[5.5.1023~1-d673]:main():lattice-best-path.cc:99) For utterance S_S17_W_moots_01, best cost 118.524 + 2244.93 = 2363.45 over 26 frames.
S_S17_W_moots_01 mốt 
LOG (lattice-best-path[5.5.1023~1-d673]:main():lattice-best-path.cc:99) For utterance S_S17_W_muowi_01, best cost 89.5669 + 2024.06 = 2113.62 over 20 frames.
S_S17_W_muowi_01 mươi 
LOG (lattice-best-path[5.5.1023~1-d673]:main():lattice-best-path.cc:99) For utterance S_S17_W_muowi_02, best cost 87.2084 + 1544.49 = 1631.7 over 17 frames.
S_S17_W_muowi_02 mươi 
LOG (lattice-best-path[5.5.1023~1-d673]:main():lattice-best-path.cc:99) For utterance S_S17_W_muowi_03, best cost 87.8281 + 1921.39 = 2009.21 over 20 frames.
S_S17_W_muowi_03 mươi 
LOG (lattice-best-path[5.5.1023~1-d673]:main():lattice-best-path.cc:99) For utterance S_S17_W_muowi_04, best cost 87.1487 + 1821.63 = 1908.78 over 18 frames.
S_S17_W_muowi_04 mươi 
LOG (lattice-best-path[5.5.1023~1-d673]:main():lattice-best-path.cc:99) For utterance S_S17_W_muowi_05, best cost 88.5792 + 1805.54 = 1894.12 over 19 frames.
S_S17_W_muowi_05 mươi 
LOG (lattice-best-path[5.5.1023~1-d673]:main():lattice-best-path.cc:99) For utterance S_S17_W_muowi_06, best cost 87.7923 + 1588.08 = 1675.88 over 17 frames.
S_S17_W_muowi_06 mươi 
LOG (lattice-best-path[5.5.1023~1-d673]:main():lattice-best-path.cc:99) For utterance S_S17_W_muowi_07, best cost 84.8703 + 1296.83 = 1381.71 over 13 frames.
S_S17_W_muowi_07 mươi 
LOG (lattice-best-path[5.5.1023~1-d673]:main():lattice-best-path.cc:99) For utterance S_S17_W_muowi_08, best cost 86.4105 + 1509.55 = 1595.97 over 15 frames.
S_S17_W_muowi_08 mươi 
LOG (lattice-best-path[5.5.1023~1-d673]:main():lattice-best-path.cc:99) For utterance S_S17_W_muowi_09, best cost 85.5184 + 1169.63 = 1255.15 over 13 frames.
S_S17_W_muowi_09 mươi 
LOG (lattice-best-path[5.5.1023~1-d673]:main():lattice-best-path.cc:99) For utterance S_S17_W_muowi_10, best cost 84.4407 + 1296.83 = 1381.27 over 13 frames.
S_S17_W_muowi_10 mươi 
LOG (lattice-best-path[5.5.1023~1-d673]:main():lattice-best-path.cc:99) For utterance S_S17_W_muowi_11, best cost 87.5206 + 1787.22 = 1874.74 over 20 frames.
S_S17_W_muowi_11 mươi 
LOG (lattice-best-path[5.5.1023~1-d673]:main():lattice-best-path.cc:99) For utterance S_S17_W_muowi_12, best cost 87.904 + 1887.14 = 1975.04 over 20 frames.
S_S17_W_muowi_12 mươi 
LOG (lattice-best-path[5.5.1023~1-d673]:main():lattice-best-path.cc:99) For utterance S_S17_W_muowi_13, best cost 86.4686 + 1546.68 = 1633.15 over 16 frames.
S_S17_W_muowi_13 mươi 
LOG (lattice-best-path[5.5.1023~1-d673]:main():lattice-best-path.cc:99) For utterance S_S17_W_muowi_14, best cost 85.12 + 1436.25 = 1521.37 over 15 frames.
S_S17_W_muowi_14 mươi 
LOG (lattice-best-path[5.5.1023~1-d673]:main():lattice-best-path.cc:99) For utterance S_S17_W_muowi_15, best cost 88.1615 + 1787.02 = 1875.18 over 21 frames.
S_S17_W_muowi_15 mươi 
LOG (lattice-best-path[5.5.1023~1-d673]:main():lattice-best-path.cc:99) For utterance S_S17_W_muowi_16, best cost 86.584 + 1677.41 = 1763.99 over 18 frames.
S_S17_W_muowi_16 mươi 
LOG (lattice-best-path[5.5.1023~1-d673]:main():lattice-best-path.cc:99) For utterance S_S17_W_muowi_17, best cost 84.033 + 1121.47 = 1205.5 over 12 frames.
S_S17_W_muowi_17 mươi 
LOG (lattice-best-path[5.5.1023~1-d673]:main():lattice-best-path.cc:99) For utterance S_S17_W_muowi_18, best cost 91.0538 + 2305.51 = 2396.57 over 25 frames.
S_S17_W_muowi_18 mươi 
LOG (lattice-best-path[5.5.1023~1-d673]:main():lattice-best-path.cc:99) For utterance S_S17_W_muowi_19, best cost 85.0755 + 1338.17 = 1423.24 over 15 frames.
S_S17_W_muowi_19 mươi 
LOG (lattice-best-path[5.5.1023~1-d673]:main():lattice-best-path.cc:99) For utterance S_S17_W_muowi_20, best cost 89.2314 + 2483.03 = 2572.26 over 27 frames.
S_S17_W_muowi_20 mươi 
LOG (lattice-best-path[5.5.1023~1-d673]:main():lattice-best-path.cc:99) For utterance S_S17_W_muowi_21, best cost 83.9056 + 1121.22 = 1205.12 over 10 frames.
S_S17_W_muowi_21 mươi 
LOG (lattice-best-path[5.5.1023~1-d673]:main():lattice-best-path.cc:99) For utterance S_S17_W_muowif_01, best cost 117.695 + 2784.16 = 2901.86 over 32 frames.
S_S17_W_muowif_01 mười 
LOG (lattice-best-path[5.5.1023~1-d673]:main():lattice-best-path.cc:99) For utterance S_S17_W_nawm_01, best cost 121.369 + 3403.14 = 3524.51 over 36 frames.
S_S17_W_nawm_01 năm 
LOG (lattice-best-path[5.5.1023~1-d673]:main():lattice-best-path.cc:99) For utterance S_S17_W_nawm_02, best cost 115.143 + 2329.74 = 2444.89 over 25 frames.
S_S17_W_nawm_02 năm 
LOG (lattice-best-path[5.5.1023~1-d673]:main():lattice-best-path.cc:99) For utterance S_S17_W_nawm_03, best cost 119.519 + 2264.03 = 2383.54 over 26 frames.
S_S17_W_nawm_03 năm 
LOG (lattice-best-path[5.5.1023~1-d673]:main():lattice-best-path.cc:99) For utterance S_S17_W_saus_01, best cost 98.2503 + 3002.91 = 3101.16 over 31 frames.
S_S17_W_saus_01 sáu 
LOG (lattice-best-path[5.5.1023~1-d673]:main():lattice-best-path.cc:99) For utterance S_S17_W_saus_02, best cost 98.929 + 3940.85 = 4039.78 over 42 frames.
S_S17_W_saus_02 sáu 
LOG (lattice-best-path[5.5.1023~1-d673]:main():lattice-best-path.cc:99) For utterance S_S17_W_saus_03, best cost 103.749 + 3671.65 = 3775.4 over 41 frames.
S_S17_W_saus_03 sáu 
LOG (lattice-best-path[5.5.1023~1-d673]:main():lattice-best-path.cc:99) For utterance S_S17_W_saus_04, best cost 104.964 + 3992.05 = 4097.02 over 44 frames.
S_S17_W_saus_04 sáu 
LOG (lattice-best-path[5.5.1023~1-d673]:main():lattice-best-path.cc:99) For utterance S_S17_W_saus_05, best cost 107.249 + 4403.7 = 4510.95 over 47 frames.
S_S17_W_saus_05 sáu 
LOG (lattice-best-path[5.5.1023~1-d673]:main():lattice-best-path.cc:99) For utterance S_S17_W_saus_06, best cost 102.772 + 2374.17 = 2476.94 over 24 frames.
S_S17_W_saus_06 sáu 
LOG (lattice-best-path[5.5.1023~1-d673]:main():lattice-best-path.cc:99) For utterance S_S17_W_saus_07, best cost 97.1835 + 2292.38 = 2389.57 over 24 frames.
S_S17_W_saus_07 sáu 
LOG (lattice-best-path[5.5.1023~1-d673]:main():lattice-best-path.cc:99) For utterance S_S17_W_saus_08, best cost 100.249 + 2300.27 = 2400.52 over 23 frames.
S_S17_W_saus_08 sáu 
LOG (lattice-best-path[5.5.1023~1-d673]:main():lattice-best-path.cc:99) For utterance S_S17_W_saus_09, best cost 95.6362 + 1501.59 = 1597.22 over 15 frames.
S_S17_W_saus_09 sáu 
LOG (lattice-best-path[5.5.1023~1-d673]:main():lattice-best-path.cc:99) For utterance S_S17_W_saus_10, best cost 97.4476 + 2629.86 = 2727.31 over 28 frames.
S_S17_W_saus_10 sáu 
LOG (lattice-best-path[5.5.1023~1-d673]:main():lattice-best-path.cc:99) For utterance S_S17_W_saus_11, best cost 98.4211 + 3140.42 = 3238.84 over 36 frames.
S_S17_W_saus_11 sáu 
LOG (lattice-best-path[5.5.1023~1-d673]:main():lattice-best-path.cc:99) For utterance S_S17_W_tams_01, best cost 100.599 + 2107.89 = 2208.49 over 23 frames.
S_S17_W_tams_01 tám 
LOG (lattice-best-path[5.5.1023~1-d673]:main():lattice-best-path.cc:99) For utterance S_S17_W_tams_02, best cost 107.157 + 2945.09 = 3052.25 over 33 frames.
S_S17_W_tams_02 tám 
LOG (lattice-best-path[5.5.1023~1-d673]:main():lattice-best-path.cc:99) For utterance S_S17_W_tams_03, best cost 102.065 + 2029.43 = 2131.5 over 22 frames.
S_S17_W_tams_03 tám 
LOG (lattice-best-path[5.5.1023~1-d673]:main():lattice-best-path.cc:99) For utterance S_S17_W_tams_04, best cost 99.201 + 1802.74 = 1901.95 over 18 frames.
S_S17_W_tams_04 tám 
LOG (lattice-best-path[5.5.1023~1-d673]:main():lattice-best-path.cc:99) For utterance S_S17_W_tams_05, best cost 98.8233 + 1815.6 = 1914.42 over 18 frames.
S_S17_W_tams_05 tám 
LOG (lattice-best-path[5.5.1023~1-d673]:main():lattice-best-path.cc:99) For utterance S_S17_W_tams_06, best cost 98.7148 + 1677.39 = 1776.1 over 17 frames.
S_S17_W_tams_06 tám 
LOG (lattice-best-path[5.5.1023~1-d673]:main():lattice-best-path.cc:99) For utterance S_S17_W_tams_07, best cost 97.9902 + 1733.91 = 1831.9 over 19 frames.
S_S17_W_tams_07 tám 
LOG (lattice-best-path[5.5.1023~1-d673]:main():lattice-best-path.cc:99) For utterance S_S17_W_tams_08, best cost 98.4332 + 1763.17 = 1861.6 over 20 frames.
S_S17_W_tams_08 tám 
LOG (lattice-best-path[5.5.1023~1-d673]:main():lattice-best-path.cc:99) For utterance S_S17_W_trawm_01, best cost 109.069 + 2830.65 = 2939.72 over 27 frames.
S_S17_W_trawm_01 tám 
LOG (lattice-best-path[5.5.1023~1-d673]:main():lattice-best-path.cc:99) For utterance S_S17_W_trawm_02, best cost 102.445 + 2971.67 = 3074.11 over 32 frames.
S_S17_W_trawm_02 trăm 
LOG (lattice-best-path[5.5.1023~1-d673]:main():lattice-best-path.cc:99) For utterance S_S17_W_trawm_03, best cost 86.3301 + 1455.83 = 1542.16 over 15 frames.
S_S17_W_trawm_03 trăm 
LOG (lattice-best-path[5.5.1023~1-d673]:main():lattice-best-path.cc:99) For utterance S_S17_W_trawm_04, best cost 99.3922 + 1937.59 = 2036.98 over 17 frames.
S_S17_W_trawm_04 tám 
LOG (lattice-best-path[5.5.1023~1-d673]:main():lattice-best-path.cc:99) For utterance S_S17_W_trawm_05, best cost 97.6815 + 3464.83 = 3562.51 over 32 frames.
S_S17_W_trawm_05 trăm 
LOG (lattice-best-path[5.5.1023~1-d673]:main():lattice-best-path.cc:99) For utterance S_S17_W_trawm_06, best cost 88.2583 + 1589.6 = 1677.86 over 17 frames.
S_S17_W_trawm_06 trăm 
LOG (lattice-best-path[5.5.1023~1-d673]:main():lattice-best-path.cc:99) For utterance S_S17_W_trawm_07, best cost 95.2761 + 2268.96 = 2364.23 over 24 frames.
S_S17_W_trawm_07 trăm 
LOG (lattice-best-path[5.5.1023~1-d673]:main():lattice-best-path.cc:99) For utterance S_S17_W_trawm_08, best cost 106.164 + 2570.6 = 2676.77 over 24 frames.
S_S17_W_trawm_08 tám 
LOG (lattice-best-path[5.5.1023~1-d673]:main():lattice-best-path.cc:99) For utterance S_S17_W_trawm_09, best cost 91.2399 + 2251.36 = 2342.6 over 20 frames.
S_S17_W_trawm_09 trăm 
LOG (lattice-best-path[5.5.1023~1-d673]:main():lattice-best-path.cc:99) For utterance S_S17_W_trawm_10, best cost 86.1248 + 1395.92 = 1482.04 over 14 frames.
S_S17_W_trawm_10 trăm 
LOG (lattice-best-path[5.5.1023~1-d673]:main():lattice-best-path.cc:99) For utterance S_S17_W_trawm_11, best cost 93.0169 + 1839.61 = 1932.62 over 20 frames.
S_S17_W_trawm_11 trăm 
LOG (lattice-best-path[5.5.1023~1-d673]:main():lattice-best-path.cc:99) For utterance S_S17_W_trawm_12, best cost 102.554 + 2187.18 = 2289.74 over 22 frames.
S_S17_W_trawm_12 tám 
LOG (lattice-best-path[5.5.1023~1-d673]:main():lattice-best-path.cc:99) For utterance S_S17_W_trawm_13, best cost 93.0068 + 2074.09 = 2167.09 over 23 frames.
S_S17_W_trawm_13 trăm 
LOG (lattice-best-path[5.5.1023~1-d673]:main():lattice-best-path.cc:99) For utterance S_S17_W_trawm_14, best cost 94.1976 + 2551.56 = 2645.76 over 25 frames.
S_S17_W_trawm_14 trăm 
LOG (lattice-best-path[5.5.1023~1-d673]:main():lattice-best-path.cc:99) For utterance S_S17_W_trawm_15, best cost 88.1159 + 1632.16 = 1720.28 over 17 frames.
S_S17_W_trawm_15 trăm 
LOG (lattice-best-path[5.5.1023~1-d673]:main():lattice-best-path.cc:99) For utterance S_S17_W_trawm_16, best cost 103.882 + 2469.55 = 2573.43 over 23 frames.
S_S17_W_trawm_16 tám 
LOG (lattice-best-path[5.5.1023~1-d673]:main():lattice-best-path.cc:99) For utterance S_S17_W_trawm_17, best cost 94.2119 + 2565.16 = 2659.37 over 26 frames.
S_S17_W_trawm_17 trăm 
LOG (lattice-best-path[5.5.1023~1-d673]:main():lattice-best-path.cc:99) For utterance S_S17_W_trawm_18, best cost 88.8694 + 1689.24 = 1778.11 over 17 frames.
S_S17_W_trawm_18 trăm 
LOG (lattice-best-path[5.5.1023~1-d673]:main():lattice-best-path.cc:99) For utterance S_S17_W_trawm_19, best cost 90.1987 + 1402.19 = 1492.39 over 17 frames.
S_S17_W_trawm_19 trăm 
LOG (lattice-best-path[5.5.1023~1-d673]:main():lattice-best-path.cc:99) For utterance S_S17_W_trawm_20, best cost 87.2236 + 1643.14 = 1730.36 over 18 frames.
S_S17_W_trawm_20 trăm 
LOG (lattice-best-path[5.5.1023~1-d673]:main():lattice-best-path.cc:99) For utterance S_S17_W_trawm_21, best cost 94.5334 + 2143.76 = 2238.29 over 24 frames.
S_S17_W_trawm_21 trăm 
LOG (lattice-best-path[5.5.1023~1-d673]:main():lattice-best-path.cc:99) For utterance S_S17_W_trawm_22, best cost 89.312 + 1592.17 = 1681.48 over 17 frames.
S_S17_W_trawm_22 trăm 
LOG (lattice-best-path[5.5.1023~1-d673]:main():lattice-best-path.cc:99) For utterance S_S19_W_ba_01, best cost 97.1842 + 1254.13 = 1351.32 over 14 frames.
S_S19_W_ba_01 ba 
LOG (lattice-best-path[5.5.1023~1-d673]:main():lattice-best-path.cc:99) For utterance S_S19_W_ba_02, best cost 114.559 + 3482.51 = 3597.07 over 35 frames.
S_S19_W_ba_02 lẻ 
LOG (lattice-best-path[5.5.1023~1-d673]:main():lattice-best-path.cc:99) For utterance S_S19_W_ba_03, best cost 98.1528 + 1694.44 = 1792.59 over 17 frames.
S_S19_W_ba_03 ba 
LOG (lattice-best-path[5.5.1023~1-d673]:main():lattice-best-path.cc:99) For utterance S_S19_W_ba_04, best cost 110.891 + 2224.98 = 2335.87 over 23 frames.
S_S19_W_ba_04 lẻ 
LOG (lattice-best-path[5.5.1023~1-d673]:main():lattice-best-path.cc:99) For utterance S_S19_W_ba_05, best cost 108.477 + 3338.89 = 3447.37 over 37 frames.
S_S19_W_ba_05 ba 
LOG (lattice-best-path[5.5.1023~1-d673]:main():lattice-best-path.cc:99) For utterance S_S19_W_ba_06, best cost 97.8107 + 3271.1 = 3368.91 over 39 frames.
S_S19_W_ba_06 ba 
LOG (lattice-best-path[5.5.1023~1-d673]:main():lattice-best-path.cc:99) For utterance S_S19_W_ba_07, best cost 104.069 + 2229.73 = 2333.8 over 21 frames.
S_S19_W_ba_07 bảy 
LOG (lattice-best-path[5.5.1023~1-d673]:main():lattice-best-path.cc:99) For utterance S_S19_W_ba_08, best cost 95.3411 + 1228.55 = 1323.89 over 14 frames.
S_S19_W_ba_08 tám 
LOG (lattice-best-path[5.5.1023~1-d673]:main():lattice-best-path.cc:99) For utterance S_S19_W_ba_09, best cost 99.9376 + 1688.13 = 1788.06 over 17 frames.
S_S19_W_ba_09 tám 
LOG (lattice-best-path[5.5.1023~1-d673]:main():lattice-best-path.cc:99) For utterance S_S19_W_ba_10, best cost 145.469 + 3527.49 = 3672.96 over 41 frames.
S_S19_W_ba_10 ba ba 
LOG (lattice-best-path[5.5.1023~1-d673]:main():lattice-best-path.cc:99) For utterance S_S19_W_ba_11, best cost 102.711 + 2639.7 = 2742.41 over 34 frames.
S_S19_W_ba_11 ba 
LOG (lattice-best-path[5.5.1023~1-d673]:main():lattice-best-path.cc:99) For utterance S_S19_W_bayr_01, best cost 99.7962 + 1928.81 = 2028.6 over 19 frames.
S_S19_W_bayr_01 bảy 
LOG (lattice-best-path[5.5.1023~1-d673]:main():lattice-best-path.cc:99) For utterance S_S19_W_bayr_02, best cost 100.051 + 2076.21 = 2176.26 over 20 frames.
S_S19_W_bayr_02 bảy 
LOG (lattice-best-path[5.5.1023~1-d673]:main():lattice-best-path.cc:99) For utterance S_S19_W_bayr_03, best cost 99.5529 + 2132.07 = 2231.63 over 21 frames.
S_S19_W_bayr_03 bảy 
LOG (lattice-best-path[5.5.1023~1-d673]:main():lattice-best-path.cc:99) For utterance S_S19_W_bayr_04, best cost 100.081 + 2013.68 = 2113.76 over 19 frames.
S_S19_W_bayr_04 bảy 
LOG (lattice-best-path[5.5.1023~1-d673]:main():lattice-best-path.cc:99) For utterance S_S19_W_bayr_05, best cost 98.2966 + 2370.18 = 2468.47 over 25 frames.
S_S19_W_bayr_05 bảy 
LOG (lattice-best-path[5.5.1023~1-d673]:main():lattice-best-path.cc:99) For utterance S_S19_W_bayr_06, best cost 105.163 + 3156.4 = 3261.57 over 32 frames.
S_S19_W_bayr_06 bảy 
LOG (lattice-best-path[5.5.1023~1-d673]:main():lattice-best-path.cc:99) For utterance S_S19_W_bayr_07, best cost 104.978 + 3127.79 = 3232.77 over 32 frames.
S_S19_W_bayr_07 bảy 
LOG (lattice-best-path[5.5.1023~1-d673]:main():lattice-best-path.cc:99) For utterance S_S19_W_bayr_08, best cost 103.538 + 2324.93 = 2428.47 over 22 frames.
S_S19_W_bayr_08 bảy 
LOG (lattice-best-path[5.5.1023~1-d673]:main():lattice-best-path.cc:99) For utterance S_S19_W_bayr_09, best cost 94.7298 + 1451.05 = 1545.78 over 15 frames.
S_S19_W_bayr_09 bảy 
LOG (lattice-best-path[5.5.1023~1-d673]:main():lattice-best-path.cc:99) For utterance S_S19_W_boons_01, best cost 106.581 + 1227.33 = 1333.91 over 14 frames.
S_S19_W_boons_01 bốn 
LOG (lattice-best-path[5.5.1023~1-d673]:main():lattice-best-path.cc:99) For utterance S_S19_W_boons_02, best cost 109.486 + 2285.25 = 2394.74 over 23 frames.
S_S19_W_boons_02 một 
LOG (lattice-best-path[5.5.1023~1-d673]:main():lattice-best-path.cc:99) For utterance S_S19_W_chins_01, best cost 112.749 + 2801.91 = 2914.66 over 27 frames.
S_S19_W_chins_01 chín 
LOG (lattice-best-path[5.5.1023~1-d673]:main():lattice-best-path.cc:99) For utterance S_S19_W_chins_02, best cost 104.285 + 2008.81 = 2113.1 over 19 frames.
S_S19_W_chins_02 chín 
LOG (lattice-best-path[5.5.1023~1-d673]:main():lattice-best-path.cc:99) For utterance S_S19_W_chins_03, best cost 105.525 + 2076.05 = 2181.58 over 21 frames.
S_S19_W_chins_03 chín 
LOG (lattice-best-path[5.5.1023~1-d673]:main():lattice-best-path.cc:99) For utterance S_S19_W_chins_04, best cost 103.055 + 1536.24 = 1639.29 over 16 frames.
S_S19_W_chins_04 chín 
LOG (lattice-best-path[5.5.1023~1-d673]:main():lattice-best-path.cc:99) For utterance S_S19_W_hai_01, best cost 104.467 + 4243.09 = 4347.56 over 49 frames.
S_S19_W_hai_01 hai 
LOG (lattice-best-path[5.5.1023~1-d673]:main():lattice-best-path.cc:99) For utterance S_S19_W_hai_02, best cost 98.7274 + 2432.91 = 2531.63 over 27 frames.
S_S19_W_hai_02 hai 
LOG (lattice-best-path[5.5.1023~1-d673]:main():lattice-best-path.cc:99) For utterance S_S19_W_hai_03, best cost 96.1931 + 1489.4 = 1585.59 over 16 frames.
S_S19_W_hai_03 hai 
LOG (lattice-best-path[5.5.1023~1-d673]:main():lattice-best-path.cc:99) For utterance S_S19_W_hai_04, best cost 94.1074 + 806.309 = 900.416 over 9 frames.
S_S19_W_hai_04 hai 
LOG (lattice-best-path[5.5.1023~1-d673]:main():lattice-best-path.cc:99) For utterance S_S19_W_hai_05, best cost 104.468 + 4304.48 = 4408.95 over 50 frames.
S_S19_W_hai_05 hai 
LOG (lattice-best-path[5.5.1023~1-d673]:main():lattice-best-path.cc:99) For utterance S_S19_W_hai_06, best cost 97.6036 + 1446.38 = 1543.98 over 15 frames.
S_S19_W_hai_06 hai 
LOG (lattice-best-path[5.5.1023~1-d673]:main():lattice-best-path.cc:99) For utterance S_S19_W_hai_07, best cost 101.763 + 3068.18 = 3169.94 over 39 frames.
S_S19_W_hai_07 hai 
LOG (lattice-best-path[5.5.1023~1-d673]:main():lattice-best-path.cc:99) For utterance S_S19_W_hai_08, best cost 64.7342 + 2185 = 2249.73 over 25 frames.
S_S19_W_hai_08 
LOG (lattice-best-path[5.5.1023~1-d673]:main():lattice-best-path.cc:99) For utterance S_S19_W_hai_09, best cost 98.6138 + 2489.99 = 2588.6 over 26 frames.
S_S19_W_hai_09 hai 
LOG (lattice-best-path[5.5.1023~1-d673]:main():lattice-best-path.cc:99) For utterance S_S19_W_hai_10, best cost 103.825 + 2384.51 = 2488.34 over 25 frames.
S_S19_W_hai_10 hai 
LOG (lattice-best-path[5.5.1023~1-d673]:main():lattice-best-path.cc:99) For utterance S_S19_W_lawm_01, best cost 135.943 + 3725.74 = 3861.68 over 43 frames.
S_S19_W_lawm_01 lăm 
LOG (lattice-best-path[5.5.1023~1-d673]:main():lattice-best-path.cc:99) For utterance S_S19_W_ler_01, best cost 66.8104 + 2710.81 = 2777.62 over 23 frames.
S_S19_W_ler_01 
LOG (lattice-best-path[5.5.1023~1-d673]:main():lattice-best-path.cc:99) For utterance S_S19_W_mootj_01, best cost 58.6285 + 1861.21 = 1919.83 over 17 frames.
S_S19_W_mootj_01 
LOG (lattice-best-path[5.5.1023~1-d673]:main():lattice-best-path.cc:99) For utterance S_S19_W_mootj_02, best cost 102.288 + 1579.42 = 1681.71 over 16 frames.
S_S19_W_mootj_02 một 
LOG (lattice-best-path[5.5.1023~1-d673]:main():lattice-best-path.cc:99) For utterance S_S19_W_mootj_03, best cost 106.88 + 2273.67 = 2380.55 over 22 frames.
S_S19_W_mootj_03 một 
LOG (lattice-best-path[5.5.1023~1-d673]:main():lattice-best-path.cc:99) For utterance S_S19_W_mootj_04, best cost 109.722 + 2642.31 = 2752.03 over 25 frames.
S_S19_W_mootj_04 một 
LOG (lattice-best-path[5.5.1023~1-d673]:main():lattice-best-path.cc:99) For utterance S_S19_W_mootj_05, best cost 103.145 + 1773.2 = 1876.34 over 19 frames.
S_S19_W_mootj_05 một 
LOG (lattice-best-path[5.5.1023~1-d673]:main():lattice-best-path.cc:99) For utterance S_S19_W_mootj_06, best cost 118.874 + 1714.92 = 1833.8 over 18 frames.
S_S19_W_mootj_06 mốt 
LOG (lattice-best-path[5.5.1023~1-d673]:main():lattice-best-path.cc:99) For utterance S_S19_W_moots_01, best cost 117.387 + 2252.32 = 2369.71 over 26 frames.
S_S19_W_moots_01 mốt 
LOG (lattice-best-path[5.5.1023~1-d673]:main():lattice-best-path.cc:99) For utterance S_S19_W_muowi_01, best cost 89.5669 + 2020.63 = 2110.19 over 20 frames.
S_S19_W_muowi_01 mươi 
LOG (lattice-best-path[5.5.1023~1-d673]:main():lattice-best-path.cc:99) For utterance S_S19_W_muowi_02, best cost 87.2084 + 1545.01 = 1632.21 over 17 frames.
S_S19_W_muowi_02 mươi 
LOG (lattice-best-path[5.5.1023~1-d673]:main():lattice-best-path.cc:99) For utterance S_S19_W_muowi_03, best cost 87.8281 + 1918.86 = 2006.69 over 20 frames.
S_S19_W_muowi_03 mươi 
LOG (lattice-best-path[5.5.1023~1-d673]:main():lattice-best-path.cc:99) For utterance S_S19_W_muowi_04, best cost 87.1487 + 1820.97 = 1908.11 over 18 frames.
S_S19_W_muowi_04 mươi 
LOG (lattice-best-path[5.5.1023~1-d673]:main():lattice-best-path.cc:99) For utterance S_S19_W_muowi_05, best cost 88.5792 + 1805.03 = 1893.6 over 19 frames.
S_S19_W_muowi_05 mươi 
LOG (lattice-best-path[5.5.1023~1-d673]:main():lattice-best-path.cc:99) For utterance S_S19_W_muowi_06, best cost 87.8433 + 1586.96 = 1674.8 over 17 frames.
S_S19_W_muowi_06 mươi 
LOG (lattice-best-path[5.5.1023~1-d673]:main():lattice-best-path.cc:99) For utterance S_S19_W_muowi_07, best cost 84.8703 + 1301.83 = 1386.7 over 13 frames.
S_S19_W_muowi_07 mươi 
LOG (lattice-best-path[5.5.1023~1-d673]:main():lattice-best-path.cc:99) For utterance S_S19_W_muowi_08, best cost 86.4105 + 1516.07 = 1602.48 over 15 frames.
S_S19_W_muowi_08 mươi 
LOG (lattice-best-path[5.5.1023~1-d673]:main():lattice-best-path.cc:99) For utterance S_S19_W_muowi_09, best cost 85.5184 + 1170.01 = 1255.53 over 13 frames.
S_S19_W_muowi_09 mươi 
LOG (lattice-best-path[5.5.1023~1-d673]:main():lattice-best-path.cc:99) For utterance S_S19_W_muowi_10, best cost 84.4407 + 1296.33 = 1380.77 over 13 frames.
S_S19_W_muowi_10 mươi 
LOG (lattice-best-path[5.5.1023~1-d673]:main():lattice-best-path.cc:99) For utterance S_S19_W_muowi_11, best cost 87.5206 + 1787.41 = 1874.93 over 20 frames.
S_S19_W_muowi_11 mươi 
LOG (lattice-best-path[5.5.1023~1-d673]:main():lattice-best-path.cc:99) For utterance S_S19_W_muowi_12, best cost 87.904 + 1889.78 = 1977.69 over 20 frames.
S_S19_W_muowi_12 mươi 
LOG (lattice-best-path[5.5.1023~1-d673]:main():lattice-best-path.cc:99) For utterance S_S19_W_muowi_13, best cost 86.5196 + 1550.8 = 1637.32 over 16 frames.
S_S19_W_muowi_13 mươi 
LOG (lattice-best-path[5.5.1023~1-d673]:main():lattice-best-path.cc:99) For utterance S_S19_W_muowi_14, best cost 85.12 + 1436 = 1521.12 over 15 frames.
S_S19_W_muowi_14 mươi 
LOG (lattice-best-path[5.5.1023~1-d673]:main():lattice-best-path.cc:99) For utterance S_S19_W_muowi_15, best cost 88.1615 + 1793.14 = 1881.3 over 21 frames.
S_S19_W_muowi_15 mươi 
LOG (lattice-best-path[5.5.1023~1-d673]:main():lattice-best-path.cc:99) For utterance S_S19_W_muowi_16, best cost 86.584 + 1676.65 = 1763.23 over 18 frames.
S_S19_W_muowi_16 mươi 
LOG (lattice-best-path[5.5.1023~1-d673]:main():lattice-best-path.cc:99) For utterance S_S19_W_muowi_17, best cost 84.033 + 1124.21 = 1208.24 over 12 frames.
S_S19_W_muowi_17 mươi 
LOG (lattice-best-path[5.5.1023~1-d673]:main():lattice-best-path.cc:99) For utterance S_S19_W_muowi_18, best cost 91.0538 + 2303.09 = 2394.15 over 25 frames.
S_S19_W_muowi_18 mươi 
LOG (lattice-best-path[5.5.1023~1-d673]:main():lattice-best-path.cc:99) For utterance S_S19_W_muowi_19, best cost 85.0755 + 1331.61 = 1416.68 over 15 frames.
S_S19_W_muowi_19 mươi 
LOG (lattice-best-path[5.5.1023~1-d673]:main():lattice-best-path.cc:99) For utterance S_S19_W_muowi_20, best cost 88.8026 + 2478.51 = 2567.32 over 27 frames.
S_S19_W_muowi_20 mươi 
LOG (lattice-best-path[5.5.1023~1-d673]:main():lattice-best-path.cc:99) For utterance S_S19_W_muowi_21, best cost 83.9056 + 1121.58 = 1205.48 over 10 frames.
S_S19_W_muowi_21 mươi 
LOG (lattice-best-path[5.5.1023~1-d673]:main():lattice-best-path.cc:99) For utterance S_S19_W_muowif_01, best cost 117.695 + 2785.97 = 2903.66 over 32 frames.
S_S19_W_muowif_01 mười 
LOG (lattice-best-path[5.5.1023~1-d673]:main():lattice-best-path.cc:99) For utterance S_S19_W_nawm_01, best cost 121.266 + 3403.56 = 3524.83 over 36 frames.
S_S19_W_nawm_01 năm 
LOG (lattice-best-path[5.5.1023~1-d673]:main():lattice-best-path.cc:99) For utterance S_S19_W_nawm_02, best cost 115.143 + 2324.53 = 2439.68 over 25 frames.
S_S19_W_nawm_02 năm 
LOG (lattice-best-path[5.5.1023~1-d673]:main():lattice-best-path.cc:99) For utterance S_S19_W_nawm_03, best cost 119.519 + 2271.28 = 2390.79 over 26 frames.
S_S19_W_nawm_03 năm 
LOG (lattice-best-path[5.5.1023~1-d673]:main():lattice-best-path.cc:99) For utterance S_S19_W_saus_01, best cost 98.2503 + 3005.67 = 3103.92 over 31 frames.
S_S19_W_saus_01 sáu 
LOG (lattice-best-path[5.5.1023~1-d673]:main():lattice-best-path.cc:99) For utterance S_S19_W_saus_02, best cost 98.929 + 3928.93 = 4027.86 over 42 frames.
S_S19_W_saus_02 sáu 
LOG (lattice-best-path[5.5.1023~1-d673]:main():lattice-best-path.cc:99) For utterance S_S19_W_saus_03, best cost 103.141 + 3669.26 = 3772.4 over 41 frames.
S_S19_W_saus_03 sáu 
LOG (lattice-best-path[5.5.1023~1-d673]:main():lattice-best-path.cc:99) For utterance S_S19_W_saus_04, best cost 104.964 + 3993.02 = 4097.99 over 44 frames.
S_S19_W_saus_04 sáu 
LOG (lattice-best-path[5.5.1023~1-d673]:main():lattice-best-path.cc:99) For utterance S_S19_W_saus_05, best cost 107.206 + 4410.21 = 4517.42 over 47 frames.
S_S19_W_saus_05 sáu 
LOG (lattice-best-path[5.5.1023~1-d673]:main():lattice-best-path.cc:99) For utterance S_S19_W_saus_06, best cost 102.772 + 2373.55 = 2476.32 over 24 frames.
S_S19_W_saus_06 sáu 
LOG (lattice-best-path[5.5.1023~1-d673]:main():lattice-best-path.cc:99) For utterance S_S19_W_saus_07, best cost 97.1835 + 2284.43 = 2381.62 over 24 frames.
S_S19_W_saus_07 sáu 
LOG (lattice-best-path[5.5.1023~1-d673]:main():lattice-best-path.cc:99) For utterance S_S19_W_saus_08, best cost 100.249 + 2299.7 = 2399.95 over 23 frames.
S_S19_W_saus_08 sáu 
LOG (lattice-best-path[5.5.1023~1-d673]:main():lattice-best-path.cc:99) For utterance S_S19_W_saus_09, best cost 95.6362 + 1498.54 = 1594.18 over 15 frames.
S_S19_W_saus_09 sáu 
LOG (lattice-best-path[5.5.1023~1-d673]:main():lattice-best-path.cc:99) For utterance S_S19_W_saus_10, best cost 97.4476 + 2631.15 = 2728.6 over 28 frames.
S_S19_W_saus_10 sáu 
LOG (lattice-best-path[5.5.1023~1-d673]:main():lattice-best-path.cc:99) For utterance S_S19_W_saus_11, best cost 98.4211 + 3136.82 = 3235.24 over 36 frames.
S_S19_W_saus_11 sáu 
LOG (lattice-best-path[5.5.1023~1-d673]:main():lattice-best-path.cc:99) For utterance S_S19_W_tams_01, best cost 100.599 + 2107.37 = 2207.97 over 23 frames.
S_S19_W_tams_01 tám 
LOG (lattice-best-path[5.5.1023~1-d673]:main():lattice-best-path.cc:99) For utterance S_S19_W_tams_02, best cost 107.157 + 2937.74 = 3044.89 over 33 frames.
S_S19_W_tams_02 tám 
LOG (lattice-best-path[5.5.1023~1-d673]:main():lattice-best-path.cc:99) For utterance S_S19_W_tams_03, best cost 102.065 + 2032.87 = 2134.93 over 22 frames.
S_S19_W_tams_03 tám 
LOG (lattice-best-path[5.5.1023~1-d673]:main():lattice-best-path.cc:99) For utterance S_S19_W_tams_04, best cost 99.201 + 1804.8 = 1904 over 18 frames.
S_S19_W_tams_04 tám 
LOG (lattice-best-path[5.5.1023~1-d673]:main():lattice-best-path.cc:99) For utterance S_S19_W_tams_05, best cost 98.8233 + 1823.11 = 1921.94 over 18 frames.
S_S19_W_tams_05 tám 
LOG (lattice-best-path[5.5.1023~1-d673]:main():lattice-best-path.cc:99) For utterance S_S19_W_tams_06, best cost 98.7148 + 1681.65 = 1780.36 over 17 frames.
S_S19_W_tams_06 tám 
LOG (lattice-best-path[5.5.1023~1-d673]:main():lattice-best-path.cc:99) For utterance S_S19_W_tams_07, best cost 97.9902 + 1737.58 = 1835.57 over 19 frames.
S_S19_W_tams_07 tám 
LOG (lattice-best-path[5.5.1023~1-d673]:main():lattice-best-path.cc:99) For utterance S_S19_W_tams_08, best cost 98.4332 + 1761.24 = 1859.67 over 20 frames.
S_S19_W_tams_08 tám 
LOG (lattice-best-path[5.5.1023~1-d673]:main():lattice-best-path.cc:99) For utterance S_S19_W_trawm_01, best cost 109.069 + 2832.25 = 2941.31 over 27 frames.
S_S19_W_trawm_01 tám 
LOG (lattice-best-path[5.5.1023~1-d673]:main():lattice-best-path.cc:99) For utterance S_S19_W_trawm_02, best cost 100.593 + 2969.84 = 3070.43 over 32 frames.
S_S19_W_trawm_02 trăm 
LOG (lattice-best-path[5.5.1023~1-d673]:main():lattice-best-path.cc:99) For utterance S_S19_W_trawm_03, best cost 86.1536 + 1458.1 = 1544.25 over 15 frames.
S_S19_W_trawm_03 trăm 
LOG (lattice-best-path[5.5.1023~1-d673]:main():lattice-best-path.cc:99) For utterance S_S19_W_trawm_04, best cost 99.3922 + 1939.75 = 2039.14 over 17 frames.
S_S19_W_trawm_04 tám 
LOG (lattice-best-path[5.5.1023~1-d673]:main():lattice-best-path.cc:99) For utterance S_S19_W_trawm_05, best cost 97.6815 + 3461.47 = 3559.15 over 32 frames.
S_S19_W_trawm_05 trăm 
LOG (lattice-best-path[5.5.1023~1-d673]:main():lattice-best-path.cc:99) For utterance S_S19_W_trawm_06, best cost 88.2583 + 1588.57 = 1676.83 over 17 frames.
S_S19_W_trawm_06 trăm 
LOG (lattice-best-path[5.5.1023~1-d673]:main():lattice-best-path.cc:99) For utterance S_S19_W_trawm_07, best cost 94.3287 + 2273.62 = 2367.95 over 24 frames.
S_S19_W_trawm_07 trăm 
LOG (lattice-best-path[5.5.1023~1-d673]:main():lattice-best-path.cc:99) For utterance S_S19_W_trawm_08, best cost 106.164 + 2575.3 = 2681.46 over 24 frames.
S_S19_W_trawm_08 tám 
LOG (lattice-best-path[5.5.1023~1-d673]:main():lattice-best-path.cc:99) For utterance S_S19_W_trawm_09, best cost 91.2399 + 2255.41 = 2346.65 over 20 frames.
S_S19_W_trawm_09 trăm 
LOG (lattice-best-path[5.5.1023~1-d673]:main():lattice-best-path.cc:99) For utterance S_S19_W_trawm_10, best cost 86.1248 + 1399.49 = 1485.62 over 14 frames.
S_S19_W_trawm_10 trăm 
LOG (lattice-best-path[5.5.1023~1-d673]:main():lattice-best-path.cc:99) For utterance S_S19_W_trawm_11, best cost 93.0169 + 1839.53 = 1932.55 over 20 frames.
S_S19_W_trawm_11 trăm 
LOG (lattice-best-path[5.5.1023~1-d673]:main():lattice-best-path.cc:99) For utterance S_S19_W_trawm_12, best cost 102.554 + 2188.31 = 2290.86 over 22 frames.
S_S19_W_trawm_12 tám 
LOG (lattice-best-path[5.5.1023~1-d673]:main():lattice-best-path.cc:99) For utterance S_S19_W_trawm_13, best cost 93.0068 + 2066.72 = 2159.73 over 23 frames.
S_S19_W_trawm_13 trăm 
LOG (lattice-best-path[5.5.1023~1-d673]:main():lattice-best-path.cc:99) For utterance S_S19_W_trawm_14, best cost 94.1976 + 2552.99 = 2647.19 over 25 frames.
S_S19_W_trawm_14 trăm 
LOG (lattice-best-path[5.5.1023~1-d673]:main():lattice-best-path.cc:99) For utterance S_S19_W_trawm_15, best cost 87.8637 + 1632.27 = 1720.13 over 17 frames.
S_S19_W_trawm_15 trăm 
LOG (lattice-best-path[5.5.1023~1-d673]:main():lattice-best-path.cc:99) For utterance S_S19_W_trawm_16, best cost 103.739 + 2484.62 = 2588.36 over 23 frames.
S_S19_W_trawm_16 tám 
LOG (lattice-best-path[5.5.1023~1-d673]:main():lattice-best-path.cc:99) For utterance S_S19_W_trawm_17, best cost 92.8146 + 2559.75 = 2652.57 over 26 frames.
S_S19_W_trawm_17 trăm 
LOG (lattice-best-path[5.5.1023~1-d673]:main():lattice-best-path.cc:99) For utterance S_S19_W_trawm_18, best cost 88.8694 + 1685.8 = 1774.66 over 17 frames.
S_S19_W_trawm_18 trăm 
LOG (lattice-best-path[5.5.1023~1-d673]:main():lattice-best-path.cc:99) For utterance S_S19_W_trawm_19, best cost 90.1987 + 1400.82 = 1491.02 over 17 frames.
S_S19_W_trawm_19 trăm 
LOG (lattice-best-path[5.5.1023~1-d673]:main():lattice-best-path.cc:99) For utterance S_S19_W_trawm_20, best cost 87.2236 + 1642.25 = 1729.47 over 18 frames.
S_S19_W_trawm_20 trăm 
LOG (lattice-best-path[5.5.1023~1-d673]:main():lattice-best-path.cc:99) For utterance S_S19_W_trawm_21, best cost 94.5334 + 2146.17 = 2240.7 over 24 frames.
S_S19_W_trawm_21 trăm 
LOG (lattice-best-path[5.5.1023~1-d673]:main():lattice-best-path.cc:99) For utterance S_S19_W_trawm_22, best cost 89.312 + 1595.96 = 1685.28 over 17 frames.
S_S19_W_trawm_22 trăm 
LOG (lattice-best-path[5.5.1023~1-d673]:main():lattice-best-path.cc:99) For utterance S_S22_W_ba_01, best cost 92.0937 + 915.341 = 1007.43 over 10 frames.
S_S22_W_ba_01 ba 
LOG (lattice-best-path[5.5.1023~1-d673]:main():lattice-best-path.cc:99) For utterance S_S22_W_ba_02, best cost 97.9757 + 2477.49 = 2575.46 over 27 frames.
S_S22_W_ba_02 ba 
LOG (lattice-best-path[5.5.1023~1-d673]:main():lattice-best-path.cc:99) For utterance S_S22_W_ba_03, best cost 91.7471 + 791.614 = 883.361 over 9 frames.
S_S22_W_ba_03 ba 
LOG (lattice-best-path[5.5.1023~1-d673]:main():lattice-best-path.cc:99) For utterance S_S22_W_ba_04, best cost 96.8753 + 2358.57 = 2455.45 over 27 frames.
S_S22_W_ba_04 ba 
LOG (lattice-best-path[5.5.1023~1-d673]:main():lattice-best-path.cc:99) For utterance S_S22_W_ba_05, best cost 97.2961 + 2089.67 = 2186.96 over 23 frames.
S_S22_W_ba_05 ba 
LOG (lattice-best-path[5.5.1023~1-d673]:main():lattice-best-path.cc:99) For utterance S_S22_W_ba_06, best cost 95.5346 + 2339.1 = 2434.63 over 28 frames.
S_S22_W_ba_06 ba 
LOG (lattice-best-path[5.5.1023~1-d673]:main():lattice-best-path.cc:99) For utterance S_S22_W_ba_07, best cost 95.1141 + 1149.84 = 1244.95 over 11 frames.
S_S22_W_ba_07 bảy 
LOG (lattice-best-path[5.5.1023~1-d673]:main():lattice-best-path.cc:99) For utterance S_S22_W_ba_08, best cost 49.1936 + 521.025 = 570.219 over 5 frames.
S_S22_W_ba_08 
LOG (lattice-best-path[5.5.1023~1-d673]:main():lattice-best-path.cc:99) For utterance S_S22_W_ba_09, best cost 95.9161 + 1311.41 = 1407.32 over 13 frames.
S_S22_W_ba_09 ba 
LOG (lattice-best-path[5.5.1023~1-d673]:main():lattice-best-path.cc:99) For utterance S_S22_W_ba_10, best cost 96.7876 + 2106.15 = 2202.94 over 24 frames.
S_S22_W_ba_10 ba 
LOG (lattice-best-path[5.5.1023~1-d673]:main():lattice-best-path.cc:99) For utterance S_S22_W_ba_11, best cost 97.5738 + 2394.48 = 2492.05 over 26 frames.
S_S22_W_ba_11 ba 
LOG (lattice-best-path[5.5.1023~1-d673]:main():lattice-best-path.cc:99) For utterance S_S22_W_bayr_01, best cost 95.142 + 1341.62 = 1436.76 over 12 frames.
S_S22_W_bayr_01 bảy 
LOG (lattice-best-path[5.5.1023~1-d673]:main():lattice-best-path.cc:99) For utterance S_S22_W_bayr_02, best cost 95.4496 + 1737.43 = 1832.88 over 18 frames.
S_S22_W_bayr_02 bảy 
LOG (lattice-best-path[5.5.1023~1-d673]:main():lattice-best-path.cc:99) For utterance S_S22_W_bayr_03, best cost 92.624 + 752.966 = 845.59 over 8 frames.
S_S22_W_bayr_03 bảy 
LOG (lattice-best-path[5.5.1023~1-d673]:main():lattice-best-path.cc:99) For utterance S_S22_W_bayr_04, best cost 92.9047 + 817 = 909.904 over 9 frames.
S_S22_W_bayr_04 bảy 
LOG (lattice-best-path[5.5.1023~1-d673]:main():lattice-best-path.cc:99) For utterance S_S22_W_bayr_05, best cost 99.0163 + 2456.12 = 2555.13 over 26 frames.
S_S22_W_bayr_05 bảy 
LOG (lattice-best-path[5.5.1023~1-d673]:main():lattice-best-path.cc:99) For utterance S_S22_W_bayr_06, best cost 101.033 + 2720.49 = 2821.53 over 29 frames.
S_S22_W_bayr_06 bảy 
LOG (lattice-best-path[5.5.1023~1-d673]:main():lattice-best-path.cc:99) For utterance S_S22_W_bayr_07, best cost 101.917 + 2443.58 = 2545.49 over 25 frames.
S_S22_W_bayr_07 bảy 
LOG (lattice-best-path[5.5.1023~1-d673]:main():lattice-best-path.cc:99) For utterance S_S22_W_bayr_08, best cost 94.8892 + 1636.65 = 1731.54 over 16 frames.
S_S22_W_bayr_08 bảy 
LOG (lattice-best-path[5.5.1023~1-d673]:main():lattice-best-path.cc:99) For utterance S_S22_W_bayr_09, best cost 93.5009 + 1202.19 = 1295.69 over 11 frames.
S_S22_W_bayr_09 bảy 
LOG (lattice-best-path[5.5.1023~1-d673]:main():lattice-best-path.cc:99) For utterance S_S22_W_boons_01, best cost 107.26 + 1356.24 = 1463.5 over 14 frames.
S_S22_W_boons_01 bốn 
LOG (lattice-best-path[5.5.1023~1-d673]:main():lattice-best-path.cc:99) For utterance S_S22_W_boons_02, best cost 103.468 + 2004.28 = 2107.75 over 19 frames.
S_S22_W_boons_02 một 
LOG (lattice-best-path[5.5.1023~1-d673]:main():lattice-best-path.cc:99) For utterance S_S22_W_chins_01, best cost 109.03 + 2076.76 = 2185.79 over 21 frames.
S_S22_W_chins_01 chín 
LOG (lattice-best-path[5.5.1023~1-d673]:main():lattice-best-path.cc:99) For utterance S_S22_W_chins_02, best cost 103.201 + 1433.66 = 1536.86 over 14 frames.
S_S22_W_chins_02 chín 
LOG (lattice-best-path[5.5.1023~1-d673]:main():lattice-best-path.cc:99) For utterance S_S22_W_chins_03, best cost 105.598 + 1881.86 = 1987.46 over 18 frames.
S_S22_W_chins_03 chín 
LOG (lattice-best-path[5.5.1023~1-d673]:main():lattice-best-path.cc:99) For utterance S_S22_W_chins_04, best cost 100.556 + 1017.27 = 1117.83 over 10 frames.
S_S22_W_chins_04 chín 
LOG (lattice-best-path[5.5.1023~1-d673]:main():lattice-best-path.cc:99) For utterance S_S22_W_hai_01, best cost 161.598 + 5377.63 = 5539.23 over 56 frames.
S_S22_W_hai_01 hai hai 
LOG (lattice-best-path[5.5.1023~1-d673]:main():lattice-best-path.cc:99) For utterance S_S22_W_hai_02, best cost 101.766 + 2863.14 = 2964.9 over 35 frames.
S_S22_W_hai_02 hai 
LOG (lattice-best-path[5.5.1023~1-d673]:main():lattice-best-path.cc:99) For utterance S_S22_W_hai_03, best cost 99.8069 + 1898.93 = 1998.74 over 19 frames.
S_S22_W_hai_03 hai 
LOG (lattice-best-path[5.5.1023~1-d673]:main():lattice-best-path.cc:99) For utterance S_S22_W_hai_04, best cost 98.0623 + 1553.97 = 1652.03 over 15 frames.
S_S22_W_hai_04 hai 
LOG (lattice-best-path[5.5.1023~1-d673]:main():lattice-best-path.cc:99) For utterance S_S22_W_hai_05, best cost 100.144 + 3092.18 = 3192.32 over 35 frames.
S_S22_W_hai_05 hai 
LOG (lattice-best-path[5.5.1023~1-d673]:main():lattice-best-path.cc:99) For utterance S_S22_W_hai_06, best cost 97.9075 + 1664.21 = 1762.12 over 16 frames.
S_S22_W_hai_06 hai 
LOG (lattice-best-path[5.5.1023~1-d673]:main():lattice-best-path.cc:99) For utterance S_S22_W_hai_07, best cost 99.1866 + 2933.74 = 3032.92 over 32 frames.
S_S22_W_hai_07 hai 
LOG (lattice-best-path[5.5.1023~1-d673]:main():lattice-best-path.cc:99) For utterance S_S22_W_hai_08, best cost 103.364 + 2807.89 = 2911.26 over 30 frames.
S_S22_W_hai_08 hai 
LOG (lattice-best-path[5.5.1023~1-d673]:main():lattice-best-path.cc:99) For utterance S_S22_W_hai_09, best cost 98.7853 + 1952.22 = 2051 over 19 frames.
S_S22_W_hai_09 hai 
LOG (lattice-best-path[5.5.1023~1-d673]:main():lattice-best-path.cc:99) For utterance S_S22_W_hai_10, best cost 99.3964 + 1941.76 = 2041.15 over 18 frames.
S_S22_W_hai_10 hai 
LOG (lattice-best-path[5.5.1023~1-d673]:main():lattice-best-path.cc:99) For utterance S_S22_W_lawm_01, best cost 125.036 + 2753.11 = 2878.15 over 28 frames.
S_S22_W_lawm_01 lăm 
LOG (lattice-best-path[5.5.1023~1-d673]:main():lattice-best-path.cc:99) For utterance S_S22_W_ler_01, best cost 111.343 + 1789.13 = 1900.47 over 18 frames.
S_S22_W_ler_01 lẻ 
LOG (lattice-best-path[5.5.1023~1-d673]:main():lattice-best-path.cc:99) For utterance S_S22_W_mootj_01, best cost 103.489 + 2117.28 = 2220.77 over 20 frames.
S_S22_W_mootj_01 một 
LOG (lattice-best-path[5.5.1023~1-d673]:main():lattice-best-path.cc:99) For utterance S_S22_W_mootj_02, best cost 99.0602 + 1381.51 = 1480.57 over 14 frames.
S_S22_W_mootj_02 một 
LOG (lattice-best-path[5.5.1023~1-d673]:main():lattice-best-path.cc:99) For utterance S_S22_W_mootj_03, best cost 49.3272 + 695.424 = 744.751 over 6 frames.
S_S22_W_mootj_03 
LOG (lattice-best-path[5.5.1023~1-d673]:main():lattice-best-path.cc:99) For utterance S_S22_W_mootj_04, best cost 50.2824 + 816.966 = 867.248 over 7 frames.
S_S22_W_mootj_04 
LOG (lattice-best-path[5.5.1023~1-d673]:main():lattice-best-path.cc:99) For utterance S_S22_W_mootj_05, best cost 97.9844 + 1374.05 = 1472.03 over 13 frames.
S_S22_W_mootj_05 một 
LOG (lattice-best-path[5.5.1023~1-d673]:main():lattice-best-path.cc:99) For utterance S_S22_W_mootj_06, best cost 100.727 + 1836.19 = 1936.91 over 18 frames.
S_S22_W_mootj_06 một 
LOG (lattice-best-path[5.5.1023~1-d673]:main():lattice-best-path.cc:99) For utterance S_S22_W_moots_01, best cost 104.444 + 2170.29 = 2274.74 over 22 frames.
S_S22_W_moots_01 một 
LOG (lattice-best-path[5.5.1023~1-d673]:main():lattice-best-path.cc:99) For utterance S_S22_W_muowi_01, best cost 90.4779 + 2035.85 = 2126.33 over 20 frames.
S_S22_W_muowi_01 mươi 
LOG (lattice-best-path[5.5.1023~1-d673]:main():lattice-best-path.cc:99) For utterance S_S22_W_muowi_02, best cost 87.8744 + 1722.52 = 1810.39 over 18 frames.
S_S22_W_muowi_02 mươi 
LOG (lattice-best-path[5.5.1023~1-d673]:main():lattice-best-path.cc:99) For utterance S_S22_W_muowi_03, best cost 87.936 + 1999.17 = 2087.11 over 20 frames.
S_S22_W_muowi_03 mươi 
LOG (lattice-best-path[5.5.1023~1-d673]:main():lattice-best-path.cc:99) For utterance S_S22_W_muowi_04, best cost 85.4387 + 1656.94 = 1742.38 over 16 frames.
S_S22_W_muowi_04 mươi 
LOG (lattice-best-path[5.5.1023~1-d673]:main():lattice-best-path.cc:99) For utterance S_S22_W_muowi_05, best cost 83.0837 + 941.26 = 1024.34 over 9 frames.
S_S22_W_muowi_05 mươi 
LOG (lattice-best-path[5.5.1023~1-d673]:main():lattice-best-path.cc:99) For utterance S_S22_W_muowi_06, best cost 84.9548 + 1104.19 = 1189.15 over 12 frames.
S_S22_W_muowi_06 mươi 
LOG (lattice-best-path[5.5.1023~1-d673]:main():lattice-best-path.cc:99) For utterance S_S22_W_muowi_07, best cost 87.199 + 1895.31 = 1982.51 over 18 frames.
S_S22_W_muowi_07 mươi 
LOG (lattice-best-path[5.5.1023~1-d673]:main():lattice-best-path.cc:99) For utterance S_S22_W_muowi_08, best cost 87.0312 + 1520.52 = 1607.56 over 15 frames.
S_S22_W_muowi_08 mươi 
LOG (lattice-best-path[5.5.1023~1-d673]:main():lattice-best-path.cc:99) For utterance S_S22_W_muowi_09, best cost 86.5023 + 1760 = 1846.51 over 18 frames.
S_S22_W_muowi_09 mươi 
LOG (lattice-best-path[5.5.1023~1-d673]:main():lattice-best-path.cc:99) For utterance S_S22_W_muowi_10, best cost 54.4587 + 1421.42 = 1475.88 over 12 frames.
S_S22_W_muowi_10 
LOG (lattice-best-path[5.5.1023~1-d673]:main():lattice-best-path.cc:99) For utterance S_S22_W_muowi_11, best cost 86.1625 + 1844.12 = 1930.28 over 18 frames.
S_S22_W_muowi_11 mươi 
LOG (lattice-best-path[5.5.1023~1-d673]:main():lattice-best-path.cc:99) For utterance S_S22_W_muowi_12, best cost 87.7105 + 1827.87 = 1915.58 over 17 frames.
S_S22_W_muowi_12 mươi 
LOG (lattice-best-path[5.5.1023~1-d673]:main():lattice-best-path.cc:99) For utterance S_S22_W_muowi_13, best cost 86.9409 + 1823.13 = 1910.07 over 18 frames.
S_S22_W_muowi_13 mươi 
LOG (lattice-best-path[5.5.1023~1-d673]:main():lattice-best-path.cc:99) For utterance S_S22_W_muowi_14, best cost 83.4896 + 1074.31 = 1157.8 over 10 frames.
S_S22_W_muowi_14 mươi 
LOG (lattice-best-path[5.5.1023~1-d673]:main():lattice-best-path.cc:99) For utterance S_S22_W_muowi_15, best cost 86.7404 + 1721.67 = 1808.41 over 18 frames.
S_S22_W_muowi_15 mươi 
LOG (lattice-best-path[5.5.1023~1-d673]:main():lattice-best-path.cc:99) For utterance S_S22_W_muowi_16, best cost 85.5435 + 1316.2 = 1401.74 over 14 frames.
S_S22_W_muowi_16 mươi 
LOG (lattice-best-path[5.5.1023~1-d673]:main():lattice-best-path.cc:99) For utterance S_S22_W_muowi_17, best cost 86.4907 + 1571.21 = 1657.7 over 16 frames.
S_S22_W_muowi_17 mươi 
LOG (lattice-best-path[5.5.1023~1-d673]:main():lattice-best-path.cc:99) For utterance S_S22_W_muowi_18, best cost 86.3626 + 1789.05 = 1875.42 over 17 frames.
S_S22_W_muowi_18 mươi 
LOG (lattice-best-path[5.5.1023~1-d673]:main():lattice-best-path.cc:99) For utterance S_S22_W_muowi_19, best cost 85.4998 + 1513.5 = 1599 over 14 frames.
S_S22_W_muowi_19 mươi 
LOG (lattice-best-path[5.5.1023~1-d673]:main():lattice-best-path.cc:99) For utterance S_S22_W_muowi_20, best cost 93.5696 + 2499.73 = 2593.29 over 26 frames.
S_S22_W_muowi_20 mươi 
LOG (lattice-best-path[5.5.1023~1-d673]:main():lattice-best-path.cc:99) For utterance S_S22_W_muowi_21, best cost 82.8112 + 824.7 = 907.511 over 8 frames.
S_S22_W_muowi_21 mươi 
LOG (lattice-best-path[5.5.1023~1-d673]:main():lattice-best-path.cc:99) For utterance S_S22_W_muowif_01, best cost 90.4223 + 2491.73 = 2582.15 over 26 frames.
S_S22_W_muowif_01 mươi 
LOG (lattice-best-path[5.5.1023~1-d673]:main():lattice-best-path.cc:99) For utterance S_S22_W_nawm_01, best cost 112.813 + 2001.77 = 2114.59 over 20 frames.
S_S22_W_nawm_01 năm 
LOG (lattice-best-path[5.5.1023~1-d673]:main():lattice-best-path.cc:99) For utterance S_S22_W_nawm_02, best cost 109.493 + 1639.7 = 1749.2 over 16 frames.
S_S22_W_nawm_02 năm 
LOG (lattice-best-path[5.5.1023~1-d673]:main():lattice-best-path.cc:99) For utterance S_S22_W_nawm_03, best cost 107.976 + 1506.32 = 1614.29 over 15 frames.
S_S22_W_nawm_03 năm 
LOG (lattice-best-path[5.5.1023~1-d673]:main():lattice-best-path.cc:99) For utterance S_S22_W_saus_01, best cost 99.3342 + 3664.43 = 3763.77 over 36 frames.
S_S22_W_saus_01 sáu 
LOG (lattice-best-path[5.5.1023~1-d673]:main():lattice-best-path.cc:99) For utterance S_S22_W_saus_02, best cost 103.011 + 4341.92 = 4444.93 over 43 frames.
S_S22_W_saus_02 sáu 
LOG (lattice-best-path[5.5.1023~1-d673]:main():lattice-best-path.cc:99) For utterance S_S22_W_saus_03, best cost 98.9075 + 3393.97 = 3492.88 over 34 frames.
S_S22_W_saus_03 sáu 
LOG (lattice-best-path[5.5.1023~1-d673]:main():lattice-best-path.cc:99) For utterance S_S22_W_saus_04, best cost 97.815 + 3274.5 = 3372.31 over 34 frames.
S_S22_W_saus_04 sáu 
LOG (lattice-best-path[5.5.1023~1-d673]:main():lattice-best-path.cc:99) For utterance S_S22_W_saus_05, best cost 99.2287 + 3109.11 = 3208.34 over 33 frames.
S_S22_W_saus_05 sáu 
LOG (lattice-best-path[5.5.1023~1-d673]:main():lattice-best-path.cc:99) For utterance S_S22_W_saus_06, best cost 100.565 + 1990.88 = 2091.44 over 18 frames.
S_S22_W_saus_06 sáu 
LOG (lattice-best-path[5.5.1023~1-d673]:main():lattice-best-path.cc:99) For utterance S_S22_W_saus_07, best cost 96.6988 + 2221.27 = 2317.97 over 21 frames.
S_S22_W_saus_07 sáu 
LOG (lattice-best-path[5.5.1023~1-d673]:main():lattice-best-path.cc:99) For utterance S_S22_W_saus_08, best cost 99.7367 + 2262.49 = 2362.23 over 22 frames.
S_S22_W_saus_08 sáu 
LOG (lattice-best-path[5.5.1023~1-d673]:main():lattice-best-path.cc:99) For utterance S_S22_W_saus_09, best cost 98.1506 + 1466.9 = 1565.05 over 14 frames.
S_S22_W_saus_09 sáu 
LOG (lattice-best-path[5.5.1023~1-d673]:main():lattice-best-path.cc:99) For utterance S_S22_W_saus_10, best cost 95.8762 + 1835.45 = 1931.32 over 17 frames.
S_S22_W_saus_10 sáu 
LOG (lattice-best-path[5.5.1023~1-d673]:main():lattice-best-path.cc:99) For utterance S_S22_W_saus_11, best cost 99.921 + 2666.23 = 2766.15 over 27 frames.
S_S22_W_saus_11 sáu 
LOG (lattice-best-path[5.5.1023~1-d673]:main():lattice-best-path.cc:99) For utterance S_S22_W_tams_01, best cost 99.8066 + 2062.84 = 2162.65 over 20 frames.
S_S22_W_tams_01 tám 
LOG (lattice-best-path[5.5.1023~1-d673]:main():lattice-best-path.cc:99) For utterance S_S22_W_tams_02, best cost 145.325 + 2838.08 = 2983.4 over 31 frames.
S_S22_W_tams_02 ba tám 
LOG (lattice-best-path[5.5.1023~1-d673]:main():lattice-best-path.cc:99) For utterance S_S22_W_tams_03, best cost 103.314 + 2181.87 = 2285.18 over 22 frames.
S_S22_W_tams_03 tám 
LOG (lattice-best-path[5.5.1023~1-d673]:main():lattice-best-path.cc:99) For utterance S_S22_W_tams_04, best cost 99.834 + 1889.46 = 1989.29 over 19 frames.
S_S22_W_tams_04 tám 
LOG (lattice-best-path[5.5.1023~1-d673]:main():lattice-best-path.cc:99) For utterance S_S22_W_tams_05, best cost 94.5658 + 1176.99 = 1271.55 over 13 frames.
S_S22_W_tams_05 tám 
LOG (lattice-best-path[5.5.1023~1-d673]:main():lattice-best-path.cc:99) For utterance S_S22_W_tams_06, best cost 93.095 + 957.473 = 1050.57 over 11 frames.
S_S22_W_tams_06 tám 
LOG (lattice-best-path[5.5.1023~1-d673]:main():lattice-best-path.cc:99) For utterance S_S22_W_tams_07, best cost 96.7292 + 1586.66 = 1683.39 over 16 frames.
S_S22_W_tams_07 tám 
LOG (lattice-best-path[5.5.1023~1-d673]:main():lattice-best-path.cc:99) For utterance S_S22_W_tams_08, best cost 95.5982 + 1192.62 = 1288.22 over 13 frames.
S_S22_W_tams_08 tám 
LOG (lattice-best-path[5.5.1023~1-d673]:main():lattice-best-path.cc:99) For utterance S_S22_W_trawm_01, best cost 108.882 + 4454.79 = 4563.67 over 43 frames.
S_S22_W_trawm_01 trăm 
LOG (lattice-best-path[5.5.1023~1-d673]:main():lattice-best-path.cc:99) For utterance S_S22_W_trawm_02, best cost 97.4447 + 2673.56 = 2771 over 26 frames.
S_S22_W_trawm_02 trăm 
LOG (lattice-best-path[5.5.1023~1-d673]:main():lattice-best-path.cc:99) For utterance S_S22_W_trawm_03, best cost 104.779 + 2566.88 = 2671.66 over 25 frames.
S_S22_W_trawm_03 tám 
LOG (lattice-best-path[5.5.1023~1-d673]:main():lattice-best-path.cc:99) For utterance S_S22_W_trawm_04, best cost 90.2617 + 2069.24 = 2159.5 over 20 frames.
S_S22_W_trawm_04 trăm 
LOG (lattice-best-path[5.5.1023~1-d673]:main():lattice-best-path.cc:99) For utterance S_S22_W_trawm_05, best cost 100.797 + 1880.1 = 1980.9 over 18 frames.
S_S22_W_trawm_05 tám 
LOG (lattice-best-path[5.5.1023~1-d673]:main():lattice-best-path.cc:99) For utterance S_S22_W_trawm_06, best cost 115.748 + 2081.61 = 2197.36 over 22 frames.
S_S22_W_trawm_06 năm 
LOG (lattice-best-path[5.5.1023~1-d673]:main():lattice-best-path.cc:99) For utterance S_S22_W_trawm_07, best cost 88.1595 + 1665.59 = 1753.75 over 17 frames.
S_S22_W_trawm_07 trăm 
LOG (lattice-best-path[5.5.1023~1-d673]:main():lattice-best-path.cc:99) For utterance S_S22_W_trawm_08, best cost 88.7967 + 1740.45 = 1829.24 over 17 frames.
S_S22_W_trawm_08 trăm 
LOG (lattice-best-path[5.5.1023~1-d673]:main():lattice-best-path.cc:99) For utterance S_S22_W_trawm_09, best cost 91.734 + 1900.31 = 1992.05 over 19 frames.
S_S22_W_trawm_09 trăm 
LOG (lattice-best-path[5.5.1023~1-d673]:main():lattice-best-path.cc:99) For utterance S_S22_W_trawm_10, best cost 84.5454 + 1081.88 = 1166.43 over 11 frames.
S_S22_W_trawm_10 trăm 
LOG (lattice-best-path[5.5.1023~1-d673]:main():lattice-best-path.cc:99) For utterance S_S22_W_trawm_11, best cost 90.6047 + 1986.42 = 2077.02 over 20 frames.
S_S22_W_trawm_11 trăm 
LOG (lattice-best-path[5.5.1023~1-d673]:main():lattice-best-path.cc:99) For utterance S_S22_W_trawm_12, best cost 100.034 + 1648 = 1748.03 over 16 frames.
S_S22_W_trawm_12 tám 
LOG (lattice-best-path[5.5.1023~1-d673]:main():lattice-best-path.cc:99) For utterance S_S22_W_trawm_13, best cost 84.9721 + 1476.52 = 1561.49 over 16 frames.
S_S22_W_trawm_13 trăm 
LOG (lattice-best-path[5.5.1023~1-d673]:main():lattice-best-path.cc:99) For utterance S_S22_W_trawm_14, best cost 87.5108 + 1533.57 = 1621.08 over 16 frames.
S_S22_W_trawm_14 trăm 
LOG (lattice-best-path[5.5.1023~1-d673]:main():lattice-best-path.cc:99) For utterance S_S22_W_trawm_15, best cost 86.1399 + 1575.74 = 1661.88 over 14 frames.
S_S22_W_trawm_15 trăm 
LOG (lattice-best-path[5.5.1023~1-d673]:main():lattice-best-path.cc:99) For utterance S_S22_W_trawm_16, best cost 113.54 + 2071.84 = 2185.39 over 20 frames.
S_S22_W_trawm_16 năm 
LOG (lattice-best-path[5.5.1023~1-d673]:main():lattice-best-path.cc:99) For utterance S_S22_W_trawm_17, best cost 93.5367 + 1215.43 = 1308.97 over 11 frames.
S_S22_W_trawm_17 tám 
LOG (lattice-best-path[5.5.1023~1-d673]:main():lattice-best-path.cc:99) For utterance S_S22_W_trawm_18, best cost 88.6587 + 1680.29 = 1768.95 over 16 frames.
S_S22_W_trawm_18 trăm 
LOG (lattice-best-path[5.5.1023~1-d673]:main():lattice-best-path.cc:99) For utterance S_S22_W_trawm_19, best cost 109.6 + 1734.31 = 1843.91 over 17 frames.
S_S22_W_trawm_19 năm 
LOG (lattice-best-path[5.5.1023~1-d673]:main():lattice-best-path.cc:99) For utterance S_S22_W_trawm_20, best cost 84.9249 + 1155.27 = 1240.19 over 11 frames.
S_S22_W_trawm_20 trăm 
LOG (lattice-best-path[5.5.1023~1-d673]:main():lattice-best-path.cc:99) For utterance S_S22_W_trawm_21, best cost 84.9809 + 1315.6 = 1400.58 over 12 frames.
S_S22_W_trawm_21 trăm 
LOG (lattice-best-path[5.5.1023~1-d673]:main():lattice-best-path.cc:99) For utterance S_S22_W_trawm_22, best cost 86.6102 + 1673.75 = 1760.36 over 15 frames.
S_S22_W_trawm_22 trăm 
LOG (lattice-best-path[5.5.1023~1-d673]:main():lattice-best-path.cc:124) Overall cost per frame is 100.553 = 4.43526 [graph] + 96.1176 [acoustic] over 7303 frames.
LOG (lattice-best-path[5.5.1023~1-d673]:main():lattice-best-path.cc:128) Done 333 lattices, failed for 0
# Accounting: time=0 threads=1
# Ended (code 0) at Thứ ba, 17 Tháng 5 năm 2022 12:23:08 +07, elapsed time 0 seconds
