# lattice-best-path --lm-scale=17 --word-symbol-table=exp/tri1/graph/words.txt "ark:gunzip -c exp/tri1/decode/lat.*.gz|" ark,t:exp/tri1/decode/scoring/17.tra 
# Started at Thứ ba, 17 Tháng 5 năm 2022 11:04:40 +07
#
lattice-best-path --lm-scale=17 --word-symbol-table=exp/tri1/graph/words.txt 'ark:gunzip -c exp/tri1/decode/lat.*.gz|' ark,t:exp/tri1/decode/scoring/17.tra 
LOG (lattice-best-path[5.5.1023~1-d673]:main():lattice-best-path.cc:99) For utterance S_S17_W_ba_01, best cost 79.6497 + 1411.33 = 1490.98 over 14 frames.
S_S17_W_ba_01 
LOG (lattice-best-path[5.5.1023~1-d673]:main():lattice-best-path.cc:99) For utterance S_S17_W_ba_02, best cost 150.018 + 3374.74 = 3524.76 over 35 frames.
S_S17_W_ba_02 bảy 
LOG (lattice-best-path[5.5.1023~1-d673]:main():lattice-best-path.cc:99) For utterance S_S17_W_ba_03, best cost 82.3942 + 1817.16 = 1899.55 over 17 frames.
S_S17_W_ba_03 
LOG (lattice-best-path[5.5.1023~1-d673]:main():lattice-best-path.cc:99) For utterance S_S17_W_ba_04, best cost 77.7304 + 2255.84 = 2333.57 over 23 frames.
S_S17_W_ba_04 
LOG (lattice-best-path[5.5.1023~1-d673]:main():lattice-best-path.cc:99) For utterance S_S17_W_ba_05, best cost 164.971 + 3436.03 = 3601 over 37 frames.
S_S17_W_ba_05 bảy 
LOG (lattice-best-path[5.5.1023~1-d673]:main():lattice-best-path.cc:99) For utterance S_S17_W_ba_06, best cost 158.297 + 3342.63 = 3500.93 over 39 frames.
S_S17_W_ba_06 bảy 
LOG (lattice-best-path[5.5.1023~1-d673]:main():lattice-best-path.cc:99) For utterance S_S17_W_ba_07, best cost 87.1946 + 2325.93 = 2413.12 over 21 frames.
S_S17_W_ba_07 
LOG (lattice-best-path[5.5.1023~1-d673]:main():lattice-best-path.cc:99) For utterance S_S17_W_ba_08, best cost 80.7636 + 1402.12 = 1482.88 over 14 frames.
S_S17_W_ba_08 
LOG (lattice-best-path[5.5.1023~1-d673]:main():lattice-best-path.cc:99) For utterance S_S17_W_ba_09, best cost 83.5535 + 1867.16 = 1950.71 over 17 frames.
S_S17_W_ba_09 
LOG (lattice-best-path[5.5.1023~1-d673]:main():lattice-best-path.cc:99) For utterance S_S17_W_ba_10, best cost 154.188 + 3760.97 = 3915.16 over 41 frames.
S_S17_W_ba_10 tám 
LOG (lattice-best-path[5.5.1023~1-d673]:main():lattice-best-path.cc:99) For utterance S_S17_W_ba_11, best cost 148.277 + 2927.23 = 3075.51 over 34 frames.
S_S17_W_ba_11 bảy 
LOG (lattice-best-path[5.5.1023~1-d673]:main():lattice-best-path.cc:99) For utterance S_S17_W_bayr_01, best cost 85.4103 + 2167.36 = 2252.77 over 19 frames.
S_S17_W_bayr_01 
LOG (lattice-best-path[5.5.1023~1-d673]:main():lattice-best-path.cc:99) For utterance S_S17_W_bayr_02, best cost 86.3433 + 2412.66 = 2499 over 20 frames.
S_S17_W_bayr_02 
LOG (lattice-best-path[5.5.1023~1-d673]:main():lattice-best-path.cc:99) For utterance S_S17_W_bayr_03, best cost 136.313 + 2387.81 = 2524.13 over 21 frames.
S_S17_W_bayr_03 bảy 
LOG (lattice-best-path[5.5.1023~1-d673]:main():lattice-best-path.cc:99) For utterance S_S17_W_bayr_04, best cost 84.2148 + 2367 = 2451.22 over 19 frames.
S_S17_W_bayr_04 
LOG (lattice-best-path[5.5.1023~1-d673]:main():lattice-best-path.cc:99) For utterance S_S17_W_bayr_05, best cost 146.363 + 2624.85 = 2771.21 over 25 frames.
S_S17_W_bayr_05 tám 
LOG (lattice-best-path[5.5.1023~1-d673]:main():lattice-best-path.cc:99) For utterance S_S17_W_bayr_06, best cost 149.787 + 3485.56 = 3635.35 over 32 frames.
S_S17_W_bayr_06 tám 
LOG (lattice-best-path[5.5.1023~1-d673]:main():lattice-best-path.cc:99) For utterance S_S17_W_bayr_07, best cost 159.891 + 3451.73 = 3611.63 over 32 frames.
S_S17_W_bayr_07 bảy 
LOG (lattice-best-path[5.5.1023~1-d673]:main():lattice-best-path.cc:99) For utterance S_S17_W_bayr_08, best cost 88.1548 + 2782.17 = 2870.33 over 22 frames.
S_S17_W_bayr_08 
LOG (lattice-best-path[5.5.1023~1-d673]:main():lattice-best-path.cc:99) For utterance S_S17_W_bayr_09, best cost 81.7238 + 1632.54 = 1714.27 over 15 frames.
S_S17_W_bayr_09 
LOG (lattice-best-path[5.5.1023~1-d673]:main():lattice-best-path.cc:99) For utterance S_S17_W_boons_01, best cost 138.757 + 1351.95 = 1490.71 over 14 frames.
S_S17_W_boons_01 một 
LOG (lattice-best-path[5.5.1023~1-d673]:main():lattice-best-path.cc:99) For utterance S_S17_W_boons_02, best cost 166.327 + 2602.69 = 2769.02 over 23 frames.
S_S17_W_boons_02 mốt 
LOG (lattice-best-path[5.5.1023~1-d673]:main():lattice-best-path.cc:99) For utterance S_S17_W_chins_01, best cost 163.797 + 3310.87 = 3474.67 over 27 frames.
S_S17_W_chins_01 chín 
LOG (lattice-best-path[5.5.1023~1-d673]:main():lattice-best-path.cc:99) For utterance S_S17_W_chins_02, best cost 159.515 + 2317.74 = 2477.26 over 19 frames.
S_S17_W_chins_02 chín 
LOG (lattice-best-path[5.5.1023~1-d673]:main():lattice-best-path.cc:99) For utterance S_S17_W_chins_03, best cost 151.886 + 2454.85 = 2606.73 over 21 frames.
S_S17_W_chins_03 chín 
LOG (lattice-best-path[5.5.1023~1-d673]:main():lattice-best-path.cc:99) For utterance S_S17_W_chins_04, best cost 150.396 + 1778.15 = 1928.55 over 16 frames.
S_S17_W_chins_04 chín 
LOG (lattice-best-path[5.5.1023~1-d673]:main():lattice-best-path.cc:99) For utterance S_S17_W_hai_01, best cost 158.101 + 4310.32 = 4468.42 over 49 frames.
S_S17_W_hai_01 tám 
LOG (lattice-best-path[5.5.1023~1-d673]:main():lattice-best-path.cc:99) For utterance S_S17_W_hai_02, best cost 147.341 + 2432.4 = 2579.74 over 27 frames.
S_S17_W_hai_02 tám 
LOG (lattice-best-path[5.5.1023~1-d673]:main():lattice-best-path.cc:99) For utterance S_S17_W_hai_03, best cost 82.6477 + 1654.78 = 1737.43 over 16 frames.
S_S17_W_hai_03 
LOG (lattice-best-path[5.5.1023~1-d673]:main():lattice-best-path.cc:99) For utterance S_S17_W_hai_04, best cost 75.6733 + 884.516 = 960.19 over 9 frames.
S_S17_W_hai_04 
LOG (lattice-best-path[5.5.1023~1-d673]:main():lattice-best-path.cc:99) For utterance S_S17_W_hai_05, best cost 158.59 + 4402.09 = 4560.68 over 50 frames.
S_S17_W_hai_05 tám 
LOG (lattice-best-path[5.5.1023~1-d673]:main():lattice-best-path.cc:99) For utterance S_S17_W_hai_06, best cost 81.6694 + 1572.42 = 1654.09 over 15 frames.
S_S17_W_hai_06 
LOG (lattice-best-path[5.5.1023~1-d673]:main():lattice-best-path.cc:99) For utterance S_S17_W_hai_07, best cost 153.21 + 3350.8 = 3504.01 over 39 frames.
S_S17_W_hai_07 tám 
LOG (lattice-best-path[5.5.1023~1-d673]:main():lattice-best-path.cc:99) For utterance S_S17_W_hai_08, best cost 77.7759 + 2234.65 = 2312.42 over 25 frames.
S_S17_W_hai_08 
LOG (lattice-best-path[5.5.1023~1-d673]:main():lattice-best-path.cc:99) For utterance S_S17_W_hai_09, best cost 146.852 + 2631.48 = 2778.33 over 26 frames.
S_S17_W_hai_09 tám 
LOG (lattice-best-path[5.5.1023~1-d673]:main():lattice-best-path.cc:99) For utterance S_S17_W_hai_10, best cost 90.8268 + 2779.09 = 2869.92 over 25 frames.
S_S17_W_hai_10 
LOG (lattice-best-path[5.5.1023~1-d673]:main():lattice-best-path.cc:99) For utterance S_S17_W_lawm_01, best cost 155.166 + 4067.04 = 4222.2 over 43 frames.
S_S17_W_lawm_01 tám 
LOG (lattice-best-path[5.5.1023~1-d673]:main():lattice-best-path.cc:99) For utterance S_S17_W_ler_01, best cost 89.0969 + 2993.28 = 3082.38 over 23 frames.
S_S17_W_ler_01 
LOG (lattice-best-path[5.5.1023~1-d673]:main():lattice-best-path.cc:99) For utterance S_S17_W_mootj_01, best cost 83.4991 + 2066.7 = 2150.2 over 17 frames.
S_S17_W_mootj_01 
LOG (lattice-best-path[5.5.1023~1-d673]:main():lattice-best-path.cc:99) For utterance S_S17_W_mootj_02, best cost 140.598 + 1796.66 = 1937.26 over 16 frames.
S_S17_W_mootj_02 một 
LOG (lattice-best-path[5.5.1023~1-d673]:main():lattice-best-path.cc:99) For utterance S_S17_W_mootj_03, best cost 142.437 + 2537.24 = 2679.68 over 22 frames.
S_S17_W_mootj_03 một 
LOG (lattice-best-path[5.5.1023~1-d673]:main():lattice-best-path.cc:99) For utterance S_S17_W_mootj_04, best cost 156.963 + 2891.66 = 3048.62 over 25 frames.
S_S17_W_mootj_04 tám 
LOG (lattice-best-path[5.5.1023~1-d673]:main():lattice-best-path.cc:99) For utterance S_S17_W_mootj_05, best cost 141 + 1948.67 = 2089.67 over 19 frames.
S_S17_W_mootj_05 một 
LOG (lattice-best-path[5.5.1023~1-d673]:main():lattice-best-path.cc:99) For utterance S_S17_W_mootj_06, best cost 150.451 + 1890.8 = 2041.26 over 18 frames.
S_S17_W_mootj_06 tám 
LOG (lattice-best-path[5.5.1023~1-d673]:main():lattice-best-path.cc:99) For utterance S_S17_W_moots_01, best cost 146.852 + 2547.34 = 2694.19 over 26 frames.
S_S17_W_moots_01 tám 
LOG (lattice-best-path[5.5.1023~1-d673]:main():lattice-best-path.cc:99) For utterance S_S17_W_muowi_01, best cost 86.3524 + 2392.7 = 2479.05 over 20 frames.
S_S17_W_muowi_01 
LOG (lattice-best-path[5.5.1023~1-d673]:main():lattice-best-path.cc:99) For utterance S_S17_W_muowi_02, best cost 83.5625 + 1790.13 = 1873.69 over 17 frames.
S_S17_W_muowi_02 
LOG (lattice-best-path[5.5.1023~1-d673]:main():lattice-best-path.cc:99) For utterance S_S17_W_muowi_03, best cost 86.298 + 2136.48 = 2222.78 over 20 frames.
S_S17_W_muowi_03 
LOG (lattice-best-path[5.5.1023~1-d673]:main():lattice-best-path.cc:99) For utterance S_S17_W_muowi_04, best cost 84.4955 + 2197.97 = 2282.46 over 18 frames.
S_S17_W_muowi_04 
LOG (lattice-best-path[5.5.1023~1-d673]:main():lattice-best-path.cc:99) For utterance S_S17_W_muowi_05, best cost 84.242 + 2135.13 = 2219.37 over 19 frames.
S_S17_W_muowi_05 
LOG (lattice-best-path[5.5.1023~1-d673]:main():lattice-best-path.cc:99) For utterance S_S17_W_muowi_06, best cost 81.7148 + 1943.84 = 2025.56 over 17 frames.
S_S17_W_muowi_06 
LOG (lattice-best-path[5.5.1023~1-d673]:main():lattice-best-path.cc:99) For utterance S_S17_W_muowi_07, best cost 79.9032 + 1441.86 = 1521.77 over 13 frames.
S_S17_W_muowi_07 
LOG (lattice-best-path[5.5.1023~1-d673]:main():lattice-best-path.cc:99) For utterance S_S17_W_muowi_08, best cost 81.6694 + 1775.17 = 1856.84 over 15 frames.
S_S17_W_muowi_08 
LOG (lattice-best-path[5.5.1023~1-d673]:main():lattice-best-path.cc:99) For utterance S_S17_W_muowi_09, best cost 79.9032 + 1359.97 = 1439.87 over 13 frames.
S_S17_W_muowi_09 
LOG (lattice-best-path[5.5.1023~1-d673]:main():lattice-best-path.cc:99) For utterance S_S17_W_muowi_10, best cost 79.8941 + 1582.76 = 1662.65 over 13 frames.
S_S17_W_muowi_10 
LOG (lattice-best-path[5.5.1023~1-d673]:main():lattice-best-path.cc:99) For utterance S_S17_W_muowi_11, best cost 124.827 + 2069.53 = 2194.36 over 20 frames.
S_S17_W_muowi_11 mươi 
LOG (lattice-best-path[5.5.1023~1-d673]:main():lattice-best-path.cc:99) For utterance S_S17_W_muowi_12, best cost 86.2254 + 2165.06 = 2251.28 over 20 frames.
S_S17_W_muowi_12 
LOG (lattice-best-path[5.5.1023~1-d673]:main():lattice-best-path.cc:99) For utterance S_S17_W_muowi_13, best cost 123.894 + 1912.96 = 2036.85 over 16 frames.
S_S17_W_muowi_13 mươi 
LOG (lattice-best-path[5.5.1023~1-d673]:main():lattice-best-path.cc:99) For utterance S_S17_W_muowi_14, best cost 141.473 + 1644.55 = 1786.03 over 15 frames.
S_S17_W_muowi_14 tám 
LOG (lattice-best-path[5.5.1023~1-d673]:main():lattice-best-path.cc:99) For utterance S_S17_W_muowi_15, best cost 134.699 + 2097.34 = 2232.04 over 21 frames.
S_S17_W_muowi_15 mươi 
LOG (lattice-best-path[5.5.1023~1-d673]:main():lattice-best-path.cc:99) For utterance S_S17_W_muowi_16, best cost 84.3867 + 2083 = 2167.39 over 18 frames.
S_S17_W_muowi_16 
LOG (lattice-best-path[5.5.1023~1-d673]:main():lattice-best-path.cc:99) For utterance S_S17_W_muowi_17, best cost 78.9521 + 1363.47 = 1442.42 over 12 frames.
S_S17_W_muowi_17 
LOG (lattice-best-path[5.5.1023~1-d673]:main():lattice-best-path.cc:99) For utterance S_S17_W_muowi_18, best cost 139.064 + 2662.71 = 2801.78 over 25 frames.
S_S17_W_muowi_18 mươi 
LOG (lattice-best-path[5.5.1023~1-d673]:main():lattice-best-path.cc:99) For utterance S_S17_W_muowi_19, best cost 81.6694 + 1591.36 = 1673.03 over 15 frames.
S_S17_W_muowi_19 
LOG (lattice-best-path[5.5.1023~1-d673]:main():lattice-best-path.cc:99) For utterance S_S17_W_muowi_20, best cost 147.341 + 2742.23 = 2889.57 over 27 frames.
S_S17_W_muowi_20 tám 
LOG (lattice-best-path[5.5.1023~1-d673]:main():lattice-best-path.cc:99) For utterance S_S17_W_muowi_21, best cost 77.1496 + 1300.81 = 1377.96 over 10 frames.
S_S17_W_muowi_21 
LOG (lattice-best-path[5.5.1023~1-d673]:main():lattice-best-path.cc:99) For utterance S_S17_W_muowif_01, best cost 149.787 + 3039.83 = 3189.61 over 32 frames.
S_S17_W_muowif_01 tám 
LOG (lattice-best-path[5.5.1023~1-d673]:main():lattice-best-path.cc:99) For utterance S_S17_W_nawm_01, best cost 100.763 + 3852.07 = 3952.84 over 36 frames.
S_S17_W_nawm_01 
LOG (lattice-best-path[5.5.1023~1-d673]:main():lattice-best-path.cc:99) For utterance S_S17_W_nawm_02, best cost 90.7996 + 2609.23 = 2700.02 over 25 frames.
S_S17_W_nawm_02 
LOG (lattice-best-path[5.5.1023~1-d673]:main():lattice-best-path.cc:99) For utterance S_S17_W_nawm_03, best cost 159.043 + 2568.8 = 2727.84 over 26 frames.
S_S17_W_nawm_03 tám 
LOG (lattice-best-path[5.5.1023~1-d673]:main():lattice-best-path.cc:99) For utterance S_S17_W_saus_01, best cost 135.803 + 3225.83 = 3361.63 over 31 frames.
S_S17_W_saus_01 sáu 
LOG (lattice-best-path[5.5.1023~1-d673]:main():lattice-best-path.cc:99) For utterance S_S17_W_saus_02, best cost 151.534 + 4147.42 = 4298.95 over 42 frames.
S_S17_W_saus_02 sáu 
LOG (lattice-best-path[5.5.1023~1-d673]:main():lattice-best-path.cc:99) For utterance S_S17_W_saus_03, best cost 149.141 + 4009.83 = 4158.98 over 41 frames.
S_S17_W_saus_03 sáu 
LOG (lattice-best-path[5.5.1023~1-d673]:main():lattice-best-path.cc:99) For utterance S_S17_W_saus_04, best cost 151.451 + 4243.87 = 4395.32 over 44 frames.
S_S17_W_saus_04 sáu 
LOG (lattice-best-path[5.5.1023~1-d673]:main():lattice-best-path.cc:99) For utterance S_S17_W_saus_05, best cost 153.07 + 4875.94 = 5029.01 over 47 frames.
S_S17_W_saus_05 sáu 
LOG (lattice-best-path[5.5.1023~1-d673]:main():lattice-best-path.cc:99) For utterance S_S17_W_saus_06, best cost 144.678 + 2726.16 = 2870.83 over 24 frames.
S_S17_W_saus_06 sáu 
LOG (lattice-best-path[5.5.1023~1-d673]:main():lattice-best-path.cc:99) For utterance S_S17_W_saus_07, best cost 134.807 + 2569.87 = 2704.68 over 24 frames.
S_S17_W_saus_07 sáu 
LOG (lattice-best-path[5.5.1023~1-d673]:main():lattice-best-path.cc:99) For utterance S_S17_W_saus_08, best cost 89.0062 + 2702.36 = 2791.36 over 23 frames.
S_S17_W_saus_08 
LOG (lattice-best-path[5.5.1023~1-d673]:main():lattice-best-path.cc:99) For utterance S_S17_W_saus_09, best cost 132.525 + 1722.55 = 1855.07 over 15 frames.
S_S17_W_saus_09 sáu 
LOG (lattice-best-path[5.5.1023~1-d673]:main():lattice-best-path.cc:99) For utterance S_S17_W_saus_10, best cost 143.954 + 2878.74 = 3022.7 over 28 frames.
S_S17_W_saus_10 sáu 
LOG (lattice-best-path[5.5.1023~1-d673]:main():lattice-best-path.cc:99) For utterance S_S17_W_saus_11, best cost 138.778 + 3436.92 = 3575.69 over 36 frames.
S_S17_W_saus_11 sáu 
LOG (lattice-best-path[5.5.1023~1-d673]:main():lattice-best-path.cc:99) For utterance S_S17_W_tams_01, best cost 88.9518 + 2459.85 = 2548.8 over 23 frames.
S_S17_W_tams_01 
LOG (lattice-best-path[5.5.1023~1-d673]:main():lattice-best-path.cc:99) For utterance S_S17_W_tams_02, best cost 160.685 + 3071.34 = 3232.02 over 33 frames.
S_S17_W_tams_02 tám 
LOG (lattice-best-path[5.5.1023~1-d673]:main():lattice-best-path.cc:99) For utterance S_S17_W_tams_03, best cost 88.0551 + 2185.75 = 2273.81 over 22 frames.
S_S17_W_tams_03 
LOG (lattice-best-path[5.5.1023~1-d673]:main():lattice-best-path.cc:99) For utterance S_S17_W_tams_04, best cost 84.432 + 2196.08 = 2280.52 over 18 frames.
S_S17_W_tams_04 
LOG (lattice-best-path[5.5.1023~1-d673]:main():lattice-best-path.cc:99) For utterance S_S17_W_tams_05, best cost 84.4955 + 2052.9 = 2137.4 over 18 frames.
S_S17_W_tams_05 
LOG (lattice-best-path[5.5.1023~1-d673]:main():lattice-best-path.cc:99) For utterance S_S17_W_tams_06, best cost 83.5535 + 1958.3 = 2041.85 over 17 frames.
S_S17_W_tams_06 
LOG (lattice-best-path[5.5.1023~1-d673]:main():lattice-best-path.cc:99) For utterance S_S17_W_tams_07, best cost 85.3015 + 1840.77 = 1926.08 over 19 frames.
S_S17_W_tams_07 
LOG (lattice-best-path[5.5.1023~1-d673]:main():lattice-best-path.cc:99) For utterance S_S17_W_tams_08, best cost 86.1982 + 2030.2 = 2116.4 over 20 frames.
S_S17_W_tams_08 
LOG (lattice-best-path[5.5.1023~1-d673]:main():lattice-best-path.cc:99) For utterance S_S17_W_trawm_01, best cost 92.6202 + 3209.98 = 3302.6 over 27 frames.
S_S17_W_trawm_01 
LOG (lattice-best-path[5.5.1023~1-d673]:main():lattice-best-path.cc:99) For utterance S_S17_W_trawm_02, best cost 97.2034 + 3382.64 = 3479.84 over 32 frames.
S_S17_W_trawm_02 
LOG (lattice-best-path[5.5.1023~1-d673]:main():lattice-best-path.cc:99) For utterance S_S17_W_trawm_03, best cost 81.7056 + 1660.66 = 1742.36 over 15 frames.
S_S17_W_trawm_03 
LOG (lattice-best-path[5.5.1023~1-d673]:main():lattice-best-path.cc:99) For utterance S_S17_W_trawm_04, best cost 83.5353 + 2162.15 = 2245.68 over 17 frames.
S_S17_W_trawm_04 
LOG (lattice-best-path[5.5.1023~1-d673]:main():lattice-best-path.cc:99) For utterance S_S17_W_trawm_05, best cost 163.566 + 3908.34 = 4071.9 over 32 frames.
S_S17_W_trawm_05 chín 
LOG (lattice-best-path[5.5.1023~1-d673]:main():lattice-best-path.cc:99) For utterance S_S17_W_trawm_06, best cost 123.397 + 1740.17 = 1863.57 over 17 frames.
S_S17_W_trawm_06 trăm 
LOG (lattice-best-path[5.5.1023~1-d673]:main():lattice-best-path.cc:99) For utterance S_S17_W_trawm_07, best cost 156.414 + 2549.83 = 2706.24 over 24 frames.
S_S17_W_trawm_07 tám 
LOG (lattice-best-path[5.5.1023~1-d673]:main():lattice-best-path.cc:99) For utterance S_S17_W_trawm_08, best cost 89.912 + 2970.38 = 3060.29 over 24 frames.
S_S17_W_trawm_08 
LOG (lattice-best-path[5.5.1023~1-d673]:main():lattice-best-path.cc:99) For utterance S_S17_W_trawm_09, best cost 86.298 + 2661.88 = 2748.18 over 20 frames.
S_S17_W_trawm_09 
LOG (lattice-best-path[5.5.1023~1-d673]:main():lattice-best-path.cc:99) For utterance S_S17_W_trawm_10, best cost 80.818 + 1597.32 = 1678.14 over 14 frames.
S_S17_W_trawm_10 
LOG (lattice-best-path[5.5.1023~1-d673]:main():lattice-best-path.cc:99) For utterance S_S17_W_trawm_11, best cost 124.779 + 2058.08 = 2182.86 over 20 frames.
S_S17_W_trawm_11 trăm 
LOG (lattice-best-path[5.5.1023~1-d673]:main():lattice-best-path.cc:99) For utterance S_S17_W_trawm_12, best cost 88.0098 + 2530.77 = 2618.78 over 22 frames.
S_S17_W_trawm_12 
LOG (lattice-best-path[5.5.1023~1-d673]:main():lattice-best-path.cc:99) For utterance S_S17_W_trawm_13, best cost 126.36 + 2328.1 = 2454.47 over 23 frames.
S_S17_W_trawm_13 trăm 
LOG (lattice-best-path[5.5.1023~1-d673]:main():lattice-best-path.cc:99) For utterance S_S17_W_trawm_14, best cost 90.7633 + 2863.38 = 2954.15 over 25 frames.
S_S17_W_trawm_14 
LOG (lattice-best-path[5.5.1023~1-d673]:main():lattice-best-path.cc:99) For utterance S_S17_W_trawm_15, best cost 83.5172 + 1878.6 = 1962.11 over 17 frames.
S_S17_W_trawm_15 
LOG (lattice-best-path[5.5.1023~1-d673]:main():lattice-best-path.cc:99) For utterance S_S17_W_trawm_16, best cost 88.9518 + 2920.91 = 3009.86 over 23 frames.
S_S17_W_trawm_16 
LOG (lattice-best-path[5.5.1023~1-d673]:main():lattice-best-path.cc:99) For utterance S_S17_W_trawm_17, best cost 91.6781 + 2962.74 = 3054.42 over 26 frames.
S_S17_W_trawm_17 
LOG (lattice-best-path[5.5.1023~1-d673]:main():lattice-best-path.cc:99) For utterance S_S17_W_trawm_18, best cost 83.5172 + 1857.79 = 1941.3 over 17 frames.
S_S17_W_trawm_18 
LOG (lattice-best-path[5.5.1023~1-d673]:main():lattice-best-path.cc:99) For utterance S_S17_W_trawm_19, best cost 123.197 + 1602.78 = 1725.97 over 17 frames.
S_S17_W_trawm_19 trăm 
LOG (lattice-best-path[5.5.1023~1-d673]:main():lattice-best-path.cc:99) For utterance S_S17_W_trawm_20, best cost 142.94 + 1852.06 = 1995 over 18 frames.
S_S17_W_trawm_20 tám 
LOG (lattice-best-path[5.5.1023~1-d673]:main():lattice-best-path.cc:99) For utterance S_S17_W_trawm_21, best cost 144.304 + 2608.49 = 2752.79 over 24 frames.
S_S17_W_trawm_21 sáu 
LOG (lattice-best-path[5.5.1023~1-d673]:main():lattice-best-path.cc:99) For utterance S_S17_W_trawm_22, best cost 123.197 + 1917.59 = 2040.79 over 17 frames.
S_S17_W_trawm_22 trăm 
LOG (lattice-best-path[5.5.1023~1-d673]:main():lattice-best-path.cc:99) For utterance S_S19_W_ba_01, best cost 79.0519 + 1407.88 = 1486.94 over 14 frames.
S_S19_W_ba_01 
LOG (lattice-best-path[5.5.1023~1-d673]:main():lattice-best-path.cc:99) For utterance S_S19_W_ba_02, best cost 150.018 + 3379.46 = 3529.47 over 35 frames.
S_S19_W_ba_02 bảy 
LOG (lattice-best-path[5.5.1023~1-d673]:main():lattice-best-path.cc:99) For utterance S_S19_W_ba_03, best cost 82.3942 + 1817.7 = 1900.09 over 17 frames.
S_S19_W_ba_03 
LOG (lattice-best-path[5.5.1023~1-d673]:main():lattice-best-path.cc:99) For utterance S_S19_W_ba_04, best cost 77.7304 + 2263.77 = 2341.5 over 23 frames.
S_S19_W_ba_04 
LOG (lattice-best-path[5.5.1023~1-d673]:main():lattice-best-path.cc:99) For utterance S_S19_W_ba_05, best cost 164.932 + 3442.45 = 3607.38 over 37 frames.
S_S19_W_ba_05 bảy 
LOG (lattice-best-path[5.5.1023~1-d673]:main():lattice-best-path.cc:99) For utterance S_S19_W_ba_06, best cost 158.297 + 3338.98 = 3497.27 over 39 frames.
S_S19_W_ba_06 bảy 
LOG (lattice-best-path[5.5.1023~1-d673]:main():lattice-best-path.cc:99) For utterance S_S19_W_ba_07, best cost 87.1946 + 2328.71 = 2415.91 over 21 frames.
S_S19_W_ba_07 
LOG (lattice-best-path[5.5.1023~1-d673]:main():lattice-best-path.cc:99) For utterance S_S19_W_ba_08, best cost 80.7636 + 1402.76 = 1483.52 over 14 frames.
S_S19_W_ba_08 
LOG (lattice-best-path[5.5.1023~1-d673]:main():lattice-best-path.cc:99) For utterance S_S19_W_ba_09, best cost 83.5807 + 1874.29 = 1957.88 over 17 frames.
S_S19_W_ba_09 
LOG (lattice-best-path[5.5.1023~1-d673]:main():lattice-best-path.cc:99) For utterance S_S19_W_ba_10, best cost 154.188 + 3752.17 = 3906.36 over 41 frames.
S_S19_W_ba_10 tám 
LOG (lattice-best-path[5.5.1023~1-d673]:main():lattice-best-path.cc:99) For utterance S_S19_W_ba_11, best cost 148.277 + 2924.57 = 3072.85 over 34 frames.
S_S19_W_ba_11 bảy 
LOG (lattice-best-path[5.5.1023~1-d673]:main():lattice-best-path.cc:99) For utterance S_S19_W_bayr_01, best cost 85.4103 + 2161.53 = 2246.94 over 19 frames.
S_S19_W_bayr_01 
LOG (lattice-best-path[5.5.1023~1-d673]:main():lattice-best-path.cc:99) For utterance S_S19_W_bayr_02, best cost 86.3433 + 2412.38 = 2498.72 over 20 frames.
S_S19_W_bayr_02 
LOG (lattice-best-path[5.5.1023~1-d673]:main():lattice-best-path.cc:99) For utterance S_S19_W_bayr_03, best cost 87.2128 + 2439.43 = 2526.64 over 21 frames.
S_S19_W_bayr_03 
LOG (lattice-best-path[5.5.1023~1-d673]:main():lattice-best-path.cc:99) For utterance S_S19_W_bayr_04, best cost 84.2148 + 2368.98 = 2453.19 over 19 frames.
S_S19_W_bayr_04 
LOG (lattice-best-path[5.5.1023~1-d673]:main():lattice-best-path.cc:99) For utterance S_S19_W_bayr_05, best cost 146.363 + 2625.21 = 2771.57 over 25 frames.
S_S19_W_bayr_05 tám 
LOG (lattice-best-path[5.5.1023~1-d673]:main():lattice-best-path.cc:99) For utterance S_S19_W_bayr_06, best cost 149.787 + 3494.43 = 3644.22 over 32 frames.
S_S19_W_bayr_06 tám 
LOG (lattice-best-path[5.5.1023~1-d673]:main():lattice-best-path.cc:99) For utterance S_S19_W_bayr_07, best cost 159.891 + 3454.17 = 3614.06 over 32 frames.
S_S19_W_bayr_07 bảy 
LOG (lattice-best-path[5.5.1023~1-d673]:main():lattice-best-path.cc:99) For utterance S_S19_W_bayr_08, best cost 88.1548 + 2783.82 = 2871.97 over 22 frames.
S_S19_W_bayr_08 
LOG (lattice-best-path[5.5.1023~1-d673]:main():lattice-best-path.cc:99) For utterance S_S19_W_bayr_09, best cost 81.7238 + 1635.29 = 1717.01 over 15 frames.
S_S19_W_bayr_09 
LOG (lattice-best-path[5.5.1023~1-d673]:main():lattice-best-path.cc:99) For utterance S_S19_W_boons_01, best cost 138.757 + 1353 = 1491.76 over 14 frames.
S_S19_W_boons_01 một 
LOG (lattice-best-path[5.5.1023~1-d673]:main():lattice-best-path.cc:99) For utterance S_S19_W_boons_02, best cost 166.327 + 2597.17 = 2763.49 over 23 frames.
S_S19_W_boons_02 mốt 
LOG (lattice-best-path[5.5.1023~1-d673]:main():lattice-best-path.cc:99) For utterance S_S19_W_chins_01, best cost 163.797 + 3322.61 = 3486.41 over 27 frames.
S_S19_W_chins_01 chín 
LOG (lattice-best-path[5.5.1023~1-d673]:main():lattice-best-path.cc:99) For utterance S_S19_W_chins_02, best cost 159.515 + 2320.83 = 2480.35 over 19 frames.
S_S19_W_chins_02 chín 
LOG (lattice-best-path[5.5.1023~1-d673]:main():lattice-best-path.cc:99) For utterance S_S19_W_chins_03, best cost 151.886 + 2459.49 = 2611.37 over 21 frames.
S_S19_W_chins_03 chín 
LOG (lattice-best-path[5.5.1023~1-d673]:main():lattice-best-path.cc:99) For utterance S_S19_W_chins_04, best cost 150.396 + 1775.54 = 1925.94 over 16 frames.
S_S19_W_chins_04 chín 
LOG (lattice-best-path[5.5.1023~1-d673]:main():lattice-best-path.cc:99) For utterance S_S19_W_hai_01, best cost 158.101 + 4308.62 = 4466.72 over 49 frames.
S_S19_W_hai_01 tám 
LOG (lattice-best-path[5.5.1023~1-d673]:main():lattice-best-path.cc:99) For utterance S_S19_W_hai_02, best cost 147.341 + 2435.78 = 2583.12 over 27 frames.
S_S19_W_hai_02 tám 
LOG (lattice-best-path[5.5.1023~1-d673]:main():lattice-best-path.cc:99) For utterance S_S19_W_hai_03, best cost 82.6386 + 1656.65 = 1739.29 over 16 frames.
S_S19_W_hai_03 
LOG (lattice-best-path[5.5.1023~1-d673]:main():lattice-best-path.cc:99) For utterance S_S19_W_hai_04, best cost 75.6733 + 883.082 = 958.756 over 9 frames.
S_S19_W_hai_04 
LOG (lattice-best-path[5.5.1023~1-d673]:main():lattice-best-path.cc:99) For utterance S_S19_W_hai_05, best cost 158.59 + 4402.3 = 4560.89 over 50 frames.
S_S19_W_hai_05 tám 
LOG (lattice-best-path[5.5.1023~1-d673]:main():lattice-best-path.cc:99) For utterance S_S19_W_hai_06, best cost 81.6694 + 1572.88 = 1654.55 over 15 frames.
S_S19_W_hai_06 
LOG (lattice-best-path[5.5.1023~1-d673]:main():lattice-best-path.cc:99) For utterance S_S19_W_hai_07, best cost 153.21 + 3351.34 = 3504.55 over 39 frames.
S_S19_W_hai_07 tám 
LOG (lattice-best-path[5.5.1023~1-d673]:main():lattice-best-path.cc:99) For utterance S_S19_W_hai_08, best cost 77.7759 + 2233.48 = 2311.25 over 25 frames.
S_S19_W_hai_08 
LOG (lattice-best-path[5.5.1023~1-d673]:main():lattice-best-path.cc:99) For utterance S_S19_W_hai_09, best cost 146.852 + 2634.18 = 2781.03 over 26 frames.
S_S19_W_hai_09 tám 
LOG (lattice-best-path[5.5.1023~1-d673]:main():lattice-best-path.cc:99) For utterance S_S19_W_hai_10, best cost 90.8268 + 2776.55 = 2867.38 over 25 frames.
S_S19_W_hai_10 
LOG (lattice-best-path[5.5.1023~1-d673]:main():lattice-best-path.cc:99) For utterance S_S19_W_lawm_01, best cost 155.166 + 4066.54 = 4221.71 over 43 frames.
S_S19_W_lawm_01 tám 
LOG (lattice-best-path[5.5.1023~1-d673]:main():lattice-best-path.cc:99) For utterance S_S19_W_ler_01, best cost 89.0969 + 2983.93 = 3073.03 over 23 frames.
S_S19_W_ler_01 
LOG (lattice-best-path[5.5.1023~1-d673]:main():lattice-best-path.cc:99) For utterance S_S19_W_mootj_01, best cost 83.4991 + 2069.47 = 2152.96 over 17 frames.
S_S19_W_mootj_01 
LOG (lattice-best-path[5.5.1023~1-d673]:main():lattice-best-path.cc:99) For utterance S_S19_W_mootj_02, best cost 140.598 + 1799.7 = 1940.3 over 16 frames.
S_S19_W_mootj_02 một 
LOG (lattice-best-path[5.5.1023~1-d673]:main():lattice-best-path.cc:99) For utterance S_S19_W_mootj_03, best cost 142.644 + 2532.05 = 2674.69 over 22 frames.
S_S19_W_mootj_03 một 
LOG (lattice-best-path[5.5.1023~1-d673]:main():lattice-best-path.cc:99) For utterance S_S19_W_mootj_04, best cost 156.963 + 2896.21 = 3053.18 over 25 frames.
S_S19_W_mootj_04 tám 
LOG (lattice-best-path[5.5.1023~1-d673]:main():lattice-best-path.cc:99) For utterance S_S19_W_mootj_05, best cost 141 + 1946.58 = 2087.58 over 19 frames.
S_S19_W_mootj_05 một 
LOG (lattice-best-path[5.5.1023~1-d673]:main():lattice-best-path.cc:99) For utterance S_S19_W_mootj_06, best cost 150.451 + 1896.09 = 2046.54 over 18 frames.
S_S19_W_mootj_06 tám 
LOG (lattice-best-path[5.5.1023~1-d673]:main():lattice-best-path.cc:99) For utterance S_S19_W_moots_01, best cost 146.852 + 2549.45 = 2696.3 over 26 frames.
S_S19_W_moots_01 tám 
LOG (lattice-best-path[5.5.1023~1-d673]:main():lattice-best-path.cc:99) For utterance S_S19_W_muowi_01, best cost 86.3524 + 2394.3 = 2480.65 over 20 frames.
S_S19_W_muowi_01 
LOG (lattice-best-path[5.5.1023~1-d673]:main():lattice-best-path.cc:99) For utterance S_S19_W_muowi_02, best cost 83.5625 + 1791.35 = 1874.92 over 17 frames.
S_S19_W_muowi_02 
LOG (lattice-best-path[5.5.1023~1-d673]:main():lattice-best-path.cc:99) For utterance S_S19_W_muowi_03, best cost 86.298 + 2130.35 = 2216.65 over 20 frames.
S_S19_W_muowi_03 
LOG (lattice-best-path[5.5.1023~1-d673]:main():lattice-best-path.cc:99) For utterance S_S19_W_muowi_04, best cost 84.4955 + 2199.62 = 2284.11 over 18 frames.
S_S19_W_muowi_04 
LOG (lattice-best-path[5.5.1023~1-d673]:main():lattice-best-path.cc:99) For utterance S_S19_W_muowi_05, best cost 83.6442 + 2127.04 = 2210.68 over 19 frames.
S_S19_W_muowi_05 
LOG (lattice-best-path[5.5.1023~1-d673]:main():lattice-best-path.cc:99) For utterance S_S19_W_muowi_06, best cost 81.7148 + 1943.44 = 2025.16 over 17 frames.
S_S19_W_muowi_06 
LOG (lattice-best-path[5.5.1023~1-d673]:main():lattice-best-path.cc:99) For utterance S_S19_W_muowi_07, best cost 79.9032 + 1438.28 = 1518.18 over 13 frames.
S_S19_W_muowi_07 
LOG (lattice-best-path[5.5.1023~1-d673]:main():lattice-best-path.cc:99) For utterance S_S19_W_muowi_08, best cost 81.6694 + 1780.5 = 1862.17 over 15 frames.
S_S19_W_muowi_08 
LOG (lattice-best-path[5.5.1023~1-d673]:main():lattice-best-path.cc:99) For utterance S_S19_W_muowi_09, best cost 79.3054 + 1355.13 = 1434.44 over 13 frames.
S_S19_W_muowi_09 
LOG (lattice-best-path[5.5.1023~1-d673]:main():lattice-best-path.cc:99) For utterance S_S19_W_muowi_10, best cost 79.8941 + 1577.67 = 1657.56 over 13 frames.
S_S19_W_muowi_10 
LOG (lattice-best-path[5.5.1023~1-d673]:main():lattice-best-path.cc:99) For utterance S_S19_W_muowi_11, best cost 124.827 + 2071.11 = 2195.93 over 20 frames.
S_S19_W_muowi_11 mươi 
LOG (lattice-best-path[5.5.1023~1-d673]:main():lattice-best-path.cc:99) For utterance S_S19_W_muowi_12, best cost 86.2254 + 2164.84 = 2251.07 over 20 frames.
S_S19_W_muowi_12 
LOG (lattice-best-path[5.5.1023~1-d673]:main():lattice-best-path.cc:99) For utterance S_S19_W_muowi_13, best cost 82.5751 + 1958.15 = 2040.73 over 16 frames.
S_S19_W_muowi_13 
LOG (lattice-best-path[5.5.1023~1-d673]:main():lattice-best-path.cc:99) For utterance S_S19_W_muowi_14, best cost 141.473 + 1644.43 = 1785.9 over 15 frames.
S_S19_W_muowi_14 tám 
LOG (lattice-best-path[5.5.1023~1-d673]:main():lattice-best-path.cc:99) For utterance S_S19_W_muowi_15, best cost 134.645 + 2098.49 = 2233.14 over 21 frames.
S_S19_W_muowi_15 mươi 
LOG (lattice-best-path[5.5.1023~1-d673]:main():lattice-best-path.cc:99) For utterance S_S19_W_muowi_16, best cost 84.3867 + 2078.92 = 2163.31 over 18 frames.
S_S19_W_muowi_16 
LOG (lattice-best-path[5.5.1023~1-d673]:main():lattice-best-path.cc:99) For utterance S_S19_W_muowi_17, best cost 78.9521 + 1364.83 = 1443.79 over 12 frames.
S_S19_W_muowi_17 
LOG (lattice-best-path[5.5.1023~1-d673]:main():lattice-best-path.cc:99) For utterance S_S19_W_muowi_18, best cost 139.064 + 2661.23 = 2800.29 over 25 frames.
S_S19_W_muowi_18 mươi 
LOG (lattice-best-path[5.5.1023~1-d673]:main():lattice-best-path.cc:99) For utterance S_S19_W_muowi_19, best cost 81.6694 + 1592.4 = 1674.07 over 15 frames.
S_S19_W_muowi_19 
LOG (lattice-best-path[5.5.1023~1-d673]:main():lattice-best-path.cc:99) For utterance S_S19_W_muowi_20, best cost 147.341 + 2738.98 = 2886.32 over 27 frames.
S_S19_W_muowi_20 tám 
LOG (lattice-best-path[5.5.1023~1-d673]:main():lattice-best-path.cc:99) For utterance S_S19_W_muowi_21, best cost 77.1405 + 1302.34 = 1379.48 over 10 frames.
S_S19_W_muowi_21 
LOG (lattice-best-path[5.5.1023~1-d673]:main():lattice-best-path.cc:99) For utterance S_S19_W_muowif_01, best cost 149.825 + 3042.43 = 3192.26 over 32 frames.
S_S19_W_muowif_01 tám 
LOG (lattice-best-path[5.5.1023~1-d673]:main():lattice-best-path.cc:99) For utterance S_S19_W_nawm_01, best cost 100.763 + 3850.7 = 3951.46 over 36 frames.
S_S19_W_nawm_01 
LOG (lattice-best-path[5.5.1023~1-d673]:main():lattice-best-path.cc:99) For utterance S_S19_W_nawm_02, best cost 90.7996 + 2606.14 = 2696.93 over 25 frames.
S_S19_W_nawm_02 
LOG (lattice-best-path[5.5.1023~1-d673]:main():lattice-best-path.cc:99) For utterance S_S19_W_nawm_03, best cost 158.966 + 2572.91 = 2731.87 over 26 frames.
S_S19_W_nawm_03 tám 
LOG (lattice-best-path[5.5.1023~1-d673]:main():lattice-best-path.cc:99) For utterance S_S19_W_saus_01, best cost 135.803 + 3223.45 = 3359.26 over 31 frames.
S_S19_W_saus_01 sáu 
LOG (lattice-best-path[5.5.1023~1-d673]:main():lattice-best-path.cc:99) For utterance S_S19_W_saus_02, best cost 151.534 + 4129 = 4280.53 over 42 frames.
S_S19_W_saus_02 sáu 
LOG (lattice-best-path[5.5.1023~1-d673]:main():lattice-best-path.cc:99) For utterance S_S19_W_saus_03, best cost 149.141 + 4014.23 = 4163.37 over 41 frames.
S_S19_W_saus_03 sáu 
LOG (lattice-best-path[5.5.1023~1-d673]:main():lattice-best-path.cc:99) For utterance S_S19_W_saus_04, best cost 151.451 + 4236.82 = 4388.27 over 44 frames.
S_S19_W_saus_04 sáu 
LOG (lattice-best-path[5.5.1023~1-d673]:main():lattice-best-path.cc:99) For utterance S_S19_W_saus_05, best cost 153.07 + 4866.94 = 5020.01 over 47 frames.
S_S19_W_saus_05 sáu 
LOG (lattice-best-path[5.5.1023~1-d673]:main():lattice-best-path.cc:99) For utterance S_S19_W_saus_06, best cost 144.678 + 2721.77 = 2866.45 over 24 frames.
S_S19_W_saus_06 sáu 
LOG (lattice-best-path[5.5.1023~1-d673]:main():lattice-best-path.cc:99) For utterance S_S19_W_saus_07, best cost 134.807 + 2559.19 = 2694 over 24 frames.
S_S19_W_saus_07 sáu 
LOG (lattice-best-path[5.5.1023~1-d673]:main():lattice-best-path.cc:99) For utterance S_S19_W_saus_08, best cost 89.0062 + 2702.85 = 2791.86 over 23 frames.
S_S19_W_saus_08 
LOG (lattice-best-path[5.5.1023~1-d673]:main():lattice-best-path.cc:99) For utterance S_S19_W_saus_09, best cost 132.525 + 1721.9 = 1854.43 over 15 frames.
S_S19_W_saus_09 sáu 
LOG (lattice-best-path[5.5.1023~1-d673]:main():lattice-best-path.cc:99) For utterance S_S19_W_saus_10, best cost 143.954 + 2878.21 = 3022.16 over 28 frames.
S_S19_W_saus_10 sáu 
LOG (lattice-best-path[5.5.1023~1-d673]:main():lattice-best-path.cc:99) For utterance S_S19_W_saus_11, best cost 138.778 + 3428.66 = 3567.44 over 36 frames.
S_S19_W_saus_11 sáu 
LOG (lattice-best-path[5.5.1023~1-d673]:main():lattice-best-path.cc:99) For utterance S_S19_W_tams_01, best cost 88.9518 + 2461.76 = 2550.71 over 23 frames.
S_S19_W_tams_01 
LOG (lattice-best-path[5.5.1023~1-d673]:main():lattice-best-path.cc:99) For utterance S_S19_W_tams_02, best cost 160.685 + 3074.53 = 3235.21 over 33 frames.
S_S19_W_tams_02 tám 
LOG (lattice-best-path[5.5.1023~1-d673]:main():lattice-best-path.cc:99) For utterance S_S19_W_tams_03, best cost 88.0551 + 2186.09 = 2274.15 over 22 frames.
S_S19_W_tams_03 
LOG (lattice-best-path[5.5.1023~1-d673]:main():lattice-best-path.cc:99) For utterance S_S19_W_tams_04, best cost 84.432 + 2196.61 = 2281.04 over 18 frames.
S_S19_W_tams_04 
LOG (lattice-best-path[5.5.1023~1-d673]:main():lattice-best-path.cc:99) For utterance S_S19_W_tams_05, best cost 84.4955 + 2056.21 = 2140.71 over 18 frames.
S_S19_W_tams_05 
LOG (lattice-best-path[5.5.1023~1-d673]:main():lattice-best-path.cc:99) For utterance S_S19_W_tams_06, best cost 83.5444 + 1961.67 = 2045.22 over 17 frames.
S_S19_W_tams_06 
LOG (lattice-best-path[5.5.1023~1-d673]:main():lattice-best-path.cc:99) For utterance S_S19_W_tams_07, best cost 85.3015 + 1841.8 = 1927.11 over 19 frames.
S_S19_W_tams_07 
LOG (lattice-best-path[5.5.1023~1-d673]:main():lattice-best-path.cc:99) For utterance S_S19_W_tams_08, best cost 86.1982 + 2025.54 = 2111.74 over 20 frames.
S_S19_W_tams_08 
LOG (lattice-best-path[5.5.1023~1-d673]:main():lattice-best-path.cc:99) For utterance S_S19_W_trawm_01, best cost 92.6202 + 3216.85 = 3309.47 over 27 frames.
S_S19_W_trawm_01 
LOG (lattice-best-path[5.5.1023~1-d673]:main():lattice-best-path.cc:99) For utterance S_S19_W_trawm_02, best cost 97.2034 + 3379.46 = 3476.66 over 32 frames.
S_S19_W_trawm_02 
LOG (lattice-best-path[5.5.1023~1-d673]:main():lattice-best-path.cc:99) For utterance S_S19_W_trawm_03, best cost 81.7056 + 1660.74 = 1742.44 over 15 frames.
S_S19_W_trawm_03 
LOG (lattice-best-path[5.5.1023~1-d673]:main():lattice-best-path.cc:99) For utterance S_S19_W_trawm_04, best cost 83.5353 + 2164.11 = 2247.64 over 17 frames.
S_S19_W_trawm_04 
LOG (lattice-best-path[5.5.1023~1-d673]:main():lattice-best-path.cc:99) For utterance S_S19_W_trawm_05, best cost 163.566 + 3903.62 = 4067.18 over 32 frames.
S_S19_W_trawm_05 chín 
LOG (lattice-best-path[5.5.1023~1-d673]:main():lattice-best-path.cc:99) For utterance S_S19_W_trawm_06, best cost 123.397 + 1737.41 = 1860.81 over 17 frames.
S_S19_W_trawm_06 trăm 
LOG (lattice-best-path[5.5.1023~1-d673]:main():lattice-best-path.cc:99) For utterance S_S19_W_trawm_07, best cost 156.831 + 2554.75 = 2711.58 over 24 frames.
S_S19_W_trawm_07 tám 
LOG (lattice-best-path[5.5.1023~1-d673]:main():lattice-best-path.cc:99) For utterance S_S19_W_trawm_08, best cost 89.912 + 2977.24 = 3067.15 over 24 frames.
S_S19_W_trawm_08 
LOG (lattice-best-path[5.5.1023~1-d673]:main():lattice-best-path.cc:99) For utterance S_S19_W_trawm_09, best cost 86.298 + 2664.29 = 2750.59 over 20 frames.
S_S19_W_trawm_09 
LOG (lattice-best-path[5.5.1023~1-d673]:main():lattice-best-path.cc:99) For utterance S_S19_W_trawm_10, best cost 80.818 + 1598.98 = 1679.8 over 14 frames.
S_S19_W_trawm_10 
LOG (lattice-best-path[5.5.1023~1-d673]:main():lattice-best-path.cc:99) For utterance S_S19_W_trawm_11, best cost 124.779 + 2053.46 = 2178.24 over 20 frames.
S_S19_W_trawm_11 trăm 
LOG (lattice-best-path[5.5.1023~1-d673]:main():lattice-best-path.cc:99) For utterance S_S19_W_trawm_12, best cost 88.0098 + 2531.42 = 2619.43 over 22 frames.
S_S19_W_trawm_12 
LOG (lattice-best-path[5.5.1023~1-d673]:main():lattice-best-path.cc:99) For utterance S_S19_W_trawm_13, best cost 126.561 + 2325.17 = 2451.73 over 23 frames.
S_S19_W_trawm_13 trăm 
LOG (lattice-best-path[5.5.1023~1-d673]:main():lattice-best-path.cc:99) For utterance S_S19_W_trawm_14, best cost 90.7633 + 2867.83 = 2958.6 over 25 frames.
S_S19_W_trawm_14 
LOG (lattice-best-path[5.5.1023~1-d673]:main():lattice-best-path.cc:99) For utterance S_S19_W_trawm_15, best cost 83.5172 + 1877.19 = 1960.71 over 17 frames.
S_S19_W_trawm_15 
LOG (lattice-best-path[5.5.1023~1-d673]:main():lattice-best-path.cc:99) For utterance S_S19_W_trawm_16, best cost 88.9518 + 2939.39 = 3028.34 over 23 frames.
S_S19_W_trawm_16 
LOG (lattice-best-path[5.5.1023~1-d673]:main():lattice-best-path.cc:99) For utterance S_S19_W_trawm_17, best cost 91.6691 + 2952.77 = 3044.44 over 26 frames.
S_S19_W_trawm_17 
LOG (lattice-best-path[5.5.1023~1-d673]:main():lattice-best-path.cc:99) For utterance S_S19_W_trawm_18, best cost 83.5172 + 1854.92 = 1938.43 over 17 frames.
S_S19_W_trawm_18 
LOG (lattice-best-path[5.5.1023~1-d673]:main():lattice-best-path.cc:99) For utterance S_S19_W_trawm_19, best cost 123.197 + 1604.85 = 1728.05 over 17 frames.
S_S19_W_trawm_19 trăm 
LOG (lattice-best-path[5.5.1023~1-d673]:main():lattice-best-path.cc:99) For utterance S_S19_W_trawm_20, best cost 142.94 + 1850.57 = 1993.51 over 18 frames.
S_S19_W_trawm_20 tám 
LOG (lattice-best-path[5.5.1023~1-d673]:main():lattice-best-path.cc:99) For utterance S_S19_W_trawm_21, best cost 144.304 + 2608.35 = 2752.65 over 24 frames.
S_S19_W_trawm_21 sáu 
LOG (lattice-best-path[5.5.1023~1-d673]:main():lattice-best-path.cc:99) For utterance S_S19_W_trawm_22, best cost 123.197 + 1918.65 = 2041.85 over 17 frames.
S_S19_W_trawm_22 trăm 
LOG (lattice-best-path[5.5.1023~1-d673]:main():lattice-best-path.cc:99) For utterance S_S22_W_ba_01, best cost 77.1949 + 1005.98 = 1083.18 over 10 frames.
S_S22_W_ba_01 
LOG (lattice-best-path[5.5.1023~1-d673]:main():lattice-best-path.cc:99) For utterance S_S22_W_ba_02, best cost 155.685 + 2644.71 = 2800.39 over 27 frames.
S_S22_W_ba_02 tám 
LOG (lattice-best-path[5.5.1023~1-d673]:main():lattice-best-path.cc:99) For utterance S_S22_W_ba_03, best cost 76.271 + 899.687 = 975.958 over 9 frames.
S_S22_W_ba_03 
LOG (lattice-best-path[5.5.1023~1-d673]:main():lattice-best-path.cc:99) For utterance S_S22_W_ba_04, best cost 147.924 + 2466.93 = 2614.85 over 27 frames.
S_S22_W_ba_04 ba 
LOG (lattice-best-path[5.5.1023~1-d673]:main():lattice-best-path.cc:99) For utterance S_S22_W_ba_05, best cost 144.737 + 2168.62 = 2313.36 over 23 frames.
S_S22_W_ba_05 ba 
LOG (lattice-best-path[5.5.1023~1-d673]:main():lattice-best-path.cc:99) For utterance S_S22_W_ba_06, best cost 147.83 + 2531.01 = 2678.84 over 28 frames.
S_S22_W_ba_06 tám 
LOG (lattice-best-path[5.5.1023~1-d673]:main():lattice-best-path.cc:99) For utterance S_S22_W_ba_07, best cost 78.0735 + 1308.69 = 1386.77 over 11 frames.
S_S22_W_ba_07 
LOG (lattice-best-path[5.5.1023~1-d673]:main():lattice-best-path.cc:99) For utterance S_S22_W_ba_08, best cost 72.6208 + 512.611 = 585.231 over 5 frames.
S_S22_W_ba_08 
LOG (lattice-best-path[5.5.1023~1-d673]:main():lattice-best-path.cc:99) For utterance S_S22_W_ba_09, best cost 79.9213 + 1589.88 = 1669.8 over 13 frames.
S_S22_W_ba_09 
LOG (lattice-best-path[5.5.1023~1-d673]:main():lattice-best-path.cc:99) For utterance S_S22_W_ba_10, best cost 146.241 + 2234.66 = 2380.9 over 24 frames.
S_S22_W_ba_10 ba 
LOG (lattice-best-path[5.5.1023~1-d673]:main():lattice-best-path.cc:99) For utterance S_S22_W_ba_11, best cost 146.852 + 2512.23 = 2659.08 over 26 frames.
S_S22_W_ba_11 tám 
LOG (lattice-best-path[5.5.1023~1-d673]:main():lattice-best-path.cc:99) For utterance S_S22_W_bayr_01, best cost 78.9974 + 1694.23 = 1773.23 over 12 frames.
S_S22_W_bayr_01 
LOG (lattice-best-path[5.5.1023~1-d673]:main():lattice-best-path.cc:99) For utterance S_S22_W_bayr_02, best cost 84.4048 + 2138.63 = 2223.04 over 18 frames.
S_S22_W_bayr_02 
LOG (lattice-best-path[5.5.1023~1-d673]:main():lattice-best-path.cc:99) For utterance S_S22_W_bayr_03, best cost 130.284 + 884.906 = 1015.19 over 8 frames.
S_S22_W_bayr_03 bảy 
LOG (lattice-best-path[5.5.1023~1-d673]:main():lattice-best-path.cc:99) For utterance S_S22_W_bayr_04, best cost 130.533 + 923.278 = 1053.81 over 9 frames.
S_S22_W_bayr_04 bảy 
LOG (lattice-best-path[5.5.1023~1-d673]:main():lattice-best-path.cc:99) For utterance S_S22_W_bayr_05, best cost 136.306 + 2845.16 = 2981.47 over 26 frames.
S_S22_W_bayr_05 bảy 
LOG (lattice-best-path[5.5.1023~1-d673]:main():lattice-best-path.cc:99) For utterance S_S22_W_bayr_06, best cost 150.073 + 3153.76 = 3303.84 over 29 frames.
S_S22_W_bayr_06 bảy 
LOG (lattice-best-path[5.5.1023~1-d673]:main():lattice-best-path.cc:99) For utterance S_S22_W_bayr_07, best cost 147.301 + 2965.49 = 3112.79 over 25 frames.
S_S22_W_bayr_07 bảy 
LOG (lattice-best-path[5.5.1023~1-d673]:main():lattice-best-path.cc:99) For utterance S_S22_W_bayr_08, best cost 142.998 + 1970.03 = 2113.03 over 16 frames.
S_S22_W_bayr_08 bảy 
LOG (lattice-best-path[5.5.1023~1-d673]:main():lattice-best-path.cc:99) For utterance S_S22_W_bayr_09, best cost 78.0916 + 1344.84 = 1422.94 over 11 frames.
S_S22_W_bayr_09 
LOG (lattice-best-path[5.5.1023~1-d673]:main():lattice-best-path.cc:99) For utterance S_S22_W_boons_01, best cost 80.7817 + 1562.39 = 1643.17 over 14 frames.
S_S22_W_boons_01 
LOG (lattice-best-path[5.5.1023~1-d673]:main():lattice-best-path.cc:99) For utterance S_S22_W_boons_02, best cost 143.429 + 2314.24 = 2457.67 over 19 frames.
S_S22_W_boons_02 tám 
LOG (lattice-best-path[5.5.1023~1-d673]:main():lattice-best-path.cc:99) For utterance S_S22_W_chins_01, best cost 87.1493 + 2645.16 = 2732.31 over 21 frames.
S_S22_W_chins_01 
LOG (lattice-best-path[5.5.1023~1-d673]:main():lattice-best-path.cc:99) For utterance S_S22_W_chins_02, best cost 148.528 + 1628.6 = 1777.13 over 14 frames.
S_S22_W_chins_02 chín 
LOG (lattice-best-path[5.5.1023~1-d673]:main():lattice-best-path.cc:99) For utterance S_S22_W_chins_03, best cost 84.4502 + 2356.22 = 2440.67 over 18 frames.
S_S22_W_chins_03 
LOG (lattice-best-path[5.5.1023~1-d673]:main():lattice-best-path.cc:99) For utterance S_S22_W_chins_04, best cost 77.1768 + 1401.43 = 1478.61 over 10 frames.
S_S22_W_chins_04 
LOG (lattice-best-path[5.5.1023~1-d673]:main():lattice-best-path.cc:99) For utterance S_S22_W_hai_01, best cost 161.524 + 5623.22 = 5784.75 over 56 frames.
S_S22_W_hai_01 tám 
LOG (lattice-best-path[5.5.1023~1-d673]:main():lattice-best-path.cc:99) For utterance S_S22_W_hai_02, best cost 151.254 + 3325.2 = 3476.45 over 35 frames.
S_S22_W_hai_02 tám 
LOG (lattice-best-path[5.5.1023~1-d673]:main():lattice-best-path.cc:99) For utterance S_S22_W_hai_03, best cost 85.2925 + 2131.1 = 2216.39 over 19 frames.
S_S22_W_hai_03 
LOG (lattice-best-path[5.5.1023~1-d673]:main():lattice-best-path.cc:99) For utterance S_S22_W_hai_04, best cost 81.751 + 1658.38 = 1740.13 over 15 frames.
S_S22_W_hai_04 
LOG (lattice-best-path[5.5.1023~1-d673]:main():lattice-best-path.cc:99) For utterance S_S22_W_hai_05, best cost 151.254 + 3496.42 = 3647.67 over 35 frames.
S_S22_W_hai_05 tám 
LOG (lattice-best-path[5.5.1023~1-d673]:main():lattice-best-path.cc:99) For utterance S_S22_W_hai_06, best cost 82.6477 + 1801.44 = 1884.09 over 16 frames.
S_S22_W_hai_06 
LOG (lattice-best-path[5.5.1023~1-d673]:main():lattice-best-path.cc:99) For utterance S_S22_W_hai_07, best cost 149.787 + 3131.98 = 3281.77 over 32 frames.
S_S22_W_hai_07 tám 
LOG (lattice-best-path[5.5.1023~1-d673]:main():lattice-best-path.cc:99) For utterance S_S22_W_hai_08, best cost 153.522 + 3011.19 = 3164.72 over 30 frames.
S_S22_W_hai_08 bảy 
LOG (lattice-best-path[5.5.1023~1-d673]:main():lattice-best-path.cc:99) For utterance S_S22_W_hai_09, best cost 85.4285 + 2192.85 = 2278.28 over 19 frames.
S_S22_W_hai_09 
LOG (lattice-best-path[5.5.1023~1-d673]:main():lattice-best-path.cc:99) For utterance S_S22_W_hai_10, best cost 84.5046 + 2186.03 = 2270.53 over 18 frames.
S_S22_W_hai_10 
LOG (lattice-best-path[5.5.1023~1-d673]:main():lattice-best-path.cc:99) For utterance S_S22_W_lawm_01, best cost 93.4897 + 3075.5 = 3168.99 over 28 frames.
S_S22_W_lawm_01 
LOG (lattice-best-path[5.5.1023~1-d673]:main():lattice-best-path.cc:99) For utterance S_S22_W_ler_01, best cost 84.3867 + 2035.6 = 2119.98 over 18 frames.
S_S22_W_ler_01 
LOG (lattice-best-path[5.5.1023~1-d673]:main():lattice-best-path.cc:99) For utterance S_S22_W_mootj_01, best cost 143.918 + 2341.87 = 2485.79 over 20 frames.
S_S22_W_mootj_01 tám 
LOG (lattice-best-path[5.5.1023~1-d673]:main():lattice-best-path.cc:99) For utterance S_S22_W_mootj_02, best cost 80.7636 + 1843.81 = 1924.58 over 14 frames.
S_S22_W_mootj_02 
LOG (lattice-best-path[5.5.1023~1-d673]:main():lattice-best-path.cc:99) For utterance S_S22_W_mootj_03, best cost 73.5356 + 707.356 = 780.892 over 6 frames.
S_S22_W_mootj_03 
LOG (lattice-best-path[5.5.1023~1-d673]:main():lattice-best-path.cc:99) For utterance S_S22_W_mootj_04, best cost 74.4414 + 900.754 = 975.195 over 7 frames.
S_S22_W_mootj_04 
LOG (lattice-best-path[5.5.1023~1-d673]:main():lattice-best-path.cc:99) For utterance S_S22_W_mootj_05, best cost 79.885 + 1743.15 = 1823.04 over 13 frames.
S_S22_W_mootj_05 
LOG (lattice-best-path[5.5.1023~1-d673]:main():lattice-best-path.cc:99) For utterance S_S22_W_mootj_06, best cost 84.3867 + 2176.5 = 2260.89 over 18 frames.
S_S22_W_mootj_06 
LOG (lattice-best-path[5.5.1023~1-d673]:main():lattice-best-path.cc:99) For utterance S_S22_W_moots_01, best cost 142.644 + 2578.33 = 2720.98 over 22 frames.
S_S22_W_moots_01 một 
LOG (lattice-best-path[5.5.1023~1-d673]:main():lattice-best-path.cc:99) For utterance S_S22_W_muowi_01, best cost 86.1982 + 2442.09 = 2528.29 over 20 frames.
S_S22_W_muowi_01 
LOG (lattice-best-path[5.5.1023~1-d673]:main():lattice-best-path.cc:99) For utterance S_S22_W_muowi_02, best cost 84.3867 + 2158.83 = 2243.22 over 18 frames.
S_S22_W_muowi_02 
LOG (lattice-best-path[5.5.1023~1-d673]:main():lattice-best-path.cc:99) For utterance S_S22_W_muowi_03, best cost 143.918 + 2323.61 = 2467.53 over 20 frames.
S_S22_W_muowi_03 tám 
LOG (lattice-best-path[5.5.1023~1-d673]:main():lattice-best-path.cc:99) For utterance S_S22_W_muowi_04, best cost 82.5751 + 2066.86 = 2149.43 over 16 frames.
S_S22_W_muowi_04 
LOG (lattice-best-path[5.5.1023~1-d673]:main():lattice-best-path.cc:99) For utterance S_S22_W_muowi_05, best cost 76.2348 + 1124.58 = 1200.81 over 9 frames.
S_S22_W_muowi_05 
LOG (lattice-best-path[5.5.1023~1-d673]:main():lattice-best-path.cc:99) For utterance S_S22_W_muowi_06, best cost 78.9521 + 1296.63 = 1375.58 over 12 frames.
S_S22_W_muowi_06 
LOG (lattice-best-path[5.5.1023~1-d673]:main():lattice-best-path.cc:99) For utterance S_S22_W_muowi_07, best cost 83.8887 + 2295.16 = 2379.05 over 18 frames.
S_S22_W_muowi_07 
LOG (lattice-best-path[5.5.1023~1-d673]:main():lattice-best-path.cc:99) For utterance S_S22_W_muowi_08, best cost 80.492 + 1828.38 = 1908.87 over 15 frames.
S_S22_W_muowi_08 
LOG (lattice-best-path[5.5.1023~1-d673]:main():lattice-best-path.cc:99) For utterance S_S22_W_muowi_09, best cost 84.3867 + 2243.53 = 2327.91 over 18 frames.
S_S22_W_muowi_09 
LOG (lattice-best-path[5.5.1023~1-d673]:main():lattice-best-path.cc:99) For utterance S_S22_W_muowi_10, best cost 78.9883 + 1824.23 = 1903.21 over 12 frames.
S_S22_W_muowi_10 
LOG (lattice-best-path[5.5.1023~1-d673]:main():lattice-best-path.cc:99) For utterance S_S22_W_muowi_11, best cost 84.3867 + 2313.52 = 2397.91 over 18 frames.
S_S22_W_muowi_11 
LOG (lattice-best-path[5.5.1023~1-d673]:main():lattice-best-path.cc:99) For utterance S_S22_W_muowi_12, best cost 83.4809 + 2203.63 = 2287.11 over 17 frames.
S_S22_W_muowi_12 
LOG (lattice-best-path[5.5.1023~1-d673]:main():lattice-best-path.cc:99) For utterance S_S22_W_muowi_13, best cost 84.3867 + 2246.65 = 2331.03 over 18 frames.
S_S22_W_muowi_13 
LOG (lattice-best-path[5.5.1023~1-d673]:main():lattice-best-path.cc:99) For utterance S_S22_W_muowi_14, best cost 77.1405 + 1445.12 = 1522.26 over 10 frames.
S_S22_W_muowi_14 
LOG (lattice-best-path[5.5.1023~1-d673]:main():lattice-best-path.cc:99) For utterance S_S22_W_muowi_15, best cost 83.798 + 2129.39 = 2213.18 over 18 frames.
S_S22_W_muowi_15 
LOG (lattice-best-path[5.5.1023~1-d673]:main():lattice-best-path.cc:99) For utterance S_S22_W_muowi_16, best cost 80.7636 + 1692.36 = 1773.12 over 14 frames.
S_S22_W_muowi_16 
LOG (lattice-best-path[5.5.1023~1-d673]:main():lattice-best-path.cc:99) For utterance S_S22_W_muowi_17, best cost 82.5751 + 2044.39 = 2126.97 over 16 frames.
S_S22_W_muowi_17 
LOG (lattice-best-path[5.5.1023~1-d673]:main():lattice-best-path.cc:99) For utterance S_S22_W_muowi_18, best cost 83.4809 + 2201.82 = 2285.3 over 17 frames.
S_S22_W_muowi_18 
LOG (lattice-best-path[5.5.1023~1-d673]:main():lattice-best-path.cc:99) For utterance S_S22_W_muowi_19, best cost 80.818 + 1852.77 = 1933.59 over 14 frames.
S_S22_W_muowi_19 
LOG (lattice-best-path[5.5.1023~1-d673]:main():lattice-best-path.cc:99) For utterance S_S22_W_muowi_20, best cost 146.852 + 2912.16 = 3059.01 over 26 frames.
S_S22_W_muowi_20 tám 
LOG (lattice-best-path[5.5.1023~1-d673]:main():lattice-best-path.cc:99) For utterance S_S22_W_muowi_21, best cost 75.3743 + 976.515 = 1051.89 over 8 frames.
S_S22_W_muowi_21 
LOG (lattice-best-path[5.5.1023~1-d673]:main():lattice-best-path.cc:99) For utterance S_S22_W_muowif_01, best cost 146.852 + 2804.22 = 2951.08 over 26 frames.
S_S22_W_muowif_01 tám 
LOG (lattice-best-path[5.5.1023~1-d673]:main():lattice-best-path.cc:99) For utterance S_S22_W_nawm_01, best cost 86.2526 + 2387.3 = 2473.55 over 20 frames.
S_S22_W_nawm_01 
LOG (lattice-best-path[5.5.1023~1-d673]:main():lattice-best-path.cc:99) For utterance S_S22_W_nawm_02, best cost 82.6023 + 1844.44 = 1927.04 over 16 frames.
S_S22_W_nawm_02 
LOG (lattice-best-path[5.5.1023~1-d673]:main():lattice-best-path.cc:99) For utterance S_S22_W_nawm_03, best cost 81.7328 + 1803.51 = 1885.24 over 15 frames.
S_S22_W_nawm_03 
LOG (lattice-best-path[5.5.1023~1-d673]:main():lattice-best-path.cc:99) For utterance S_S22_W_saus_01, best cost 151.743 + 4212.03 = 4363.77 over 36 frames.
S_S22_W_saus_01 tám 
LOG (lattice-best-path[5.5.1023~1-d673]:main():lattice-best-path.cc:99) For utterance S_S22_W_saus_02, best cost 155.166 + 4820.01 = 4975.18 over 43 frames.
S_S22_W_saus_02 tám 
LOG (lattice-best-path[5.5.1023~1-d673]:main():lattice-best-path.cc:99) For utterance S_S22_W_saus_03, best cost 158.674 + 3961.73 = 4120.4 over 34 frames.
S_S22_W_saus_03 tám 
LOG (lattice-best-path[5.5.1023~1-d673]:main():lattice-best-path.cc:99) For utterance S_S22_W_saus_04, best cost 163.237 + 3831.75 = 3994.98 over 34 frames.
S_S22_W_saus_04 sáu 
LOG (lattice-best-path[5.5.1023~1-d673]:main():lattice-best-path.cc:99) For utterance S_S22_W_saus_05, best cost 159.948 + 3554.4 = 3714.35 over 33 frames.
S_S22_W_saus_05 sáu 
LOG (lattice-best-path[5.5.1023~1-d673]:main():lattice-best-path.cc:99) For utterance S_S22_W_saus_06, best cost 84.4864 + 2578.81 = 2663.29 over 18 frames.
S_S22_W_saus_06 
LOG (lattice-best-path[5.5.1023~1-d673]:main():lattice-best-path.cc:99) For utterance S_S22_W_saus_07, best cost 87.2128 + 2647.62 = 2734.84 over 21 frames.
S_S22_W_saus_07 
LOG (lattice-best-path[5.5.1023~1-d673]:main():lattice-best-path.cc:99) For utterance S_S22_W_saus_08, best cost 88.1458 + 2689.03 = 2777.18 over 22 frames.
S_S22_W_saus_08 
LOG (lattice-best-path[5.5.1023~1-d673]:main():lattice-best-path.cc:99) For utterance S_S22_W_saus_09, best cost 80.8543 + 2002.8 = 2083.65 over 14 frames.
S_S22_W_saus_09 
LOG (lattice-best-path[5.5.1023~1-d673]:main():lattice-best-path.cc:99) For utterance S_S22_W_saus_10, best cost 83.5716 + 2202.4 = 2285.97 over 17 frames.
S_S22_W_saus_10 
LOG (lattice-best-path[5.5.1023~1-d673]:main():lattice-best-path.cc:99) For utterance S_S22_W_saus_11, best cost 147.341 + 3018.79 = 3166.13 over 27 frames.
S_S22_W_saus_11 tám 
LOG (lattice-best-path[5.5.1023~1-d673]:main():lattice-best-path.cc:99) For utterance S_S22_W_tams_01, best cost 143.918 + 2069.34 = 2213.26 over 20 frames.
S_S22_W_tams_01 tám 
LOG (lattice-best-path[5.5.1023~1-d673]:main():lattice-best-path.cc:99) For utterance S_S22_W_tams_02, best cost 156.12 + 2933.33 = 3089.45 over 31 frames.
S_S22_W_tams_02 bảy 
LOG (lattice-best-path[5.5.1023~1-d673]:main():lattice-best-path.cc:99) For utterance S_S22_W_tams_03, best cost 88.0551 + 2389.94 = 2478 over 22 frames.
S_S22_W_tams_03 
LOG (lattice-best-path[5.5.1023~1-d673]:main():lattice-best-path.cc:99) For utterance S_S22_W_tams_04, best cost 85.3741 + 2117.78 = 2203.16 over 19 frames.
S_S22_W_tams_04 
LOG (lattice-best-path[5.5.1023~1-d673]:main():lattice-best-path.cc:99) For utterance S_S22_W_tams_05, best cost 79.8941 + 1320.28 = 1400.17 over 13 frames.
S_S22_W_tams_05 
LOG (lattice-best-path[5.5.1023~1-d673]:main():lattice-best-path.cc:99) For utterance S_S22_W_tams_06, best cost 77.4667 + 1092.43 = 1169.9 over 11 frames.
S_S22_W_tams_06 
LOG (lattice-best-path[5.5.1023~1-d673]:main():lattice-best-path.cc:99) For utterance S_S22_W_tams_07, best cost 82.6296 + 1867.23 = 1949.86 over 16 frames.
S_S22_W_tams_07 
LOG (lattice-best-path[5.5.1023~1-d673]:main():lattice-best-path.cc:99) For utterance S_S22_W_tams_08, best cost 79.876 + 1324.23 = 1404.11 over 13 frames.
S_S22_W_tams_08 
LOG (lattice-best-path[5.5.1023~1-d673]:main():lattice-best-path.cc:99) For utterance S_S22_W_trawm_01, best cost 177.733 + 5159.6 = 5337.34 over 43 frames.
S_S22_W_trawm_01 tám 
LOG (lattice-best-path[5.5.1023~1-d673]:main():lattice-best-path.cc:99) For utterance S_S22_W_trawm_02, best cost 146.852 + 3042.25 = 3189.1 over 26 frames.
S_S22_W_trawm_02 tám 
LOG (lattice-best-path[5.5.1023~1-d673]:main():lattice-best-path.cc:99) For utterance S_S22_W_trawm_03, best cost 90.7905 + 2861.2 = 2951.99 over 25 frames.
S_S22_W_trawm_03 
LOG (lattice-best-path[5.5.1023~1-d673]:main():lattice-best-path.cc:99) For utterance S_S22_W_trawm_04, best cost 86.2617 + 2379.01 = 2465.27 over 20 frames.
S_S22_W_trawm_04 
LOG (lattice-best-path[5.5.1023~1-d673]:main():lattice-best-path.cc:99) For utterance S_S22_W_trawm_05, best cost 84.432 + 2172.94 = 2257.38 over 18 frames.
S_S22_W_trawm_05 
LOG (lattice-best-path[5.5.1023~1-d673]:main():lattice-best-path.cc:99) For utterance S_S22_W_trawm_06, best cost 88.0732 + 2392.15 = 2480.22 over 22 frames.
S_S22_W_trawm_06 
LOG (lattice-best-path[5.5.1023~1-d673]:main():lattice-best-path.cc:99) For utterance S_S22_W_trawm_07, best cost 83.5263 + 2001.49 = 2085.02 over 17 frames.
S_S22_W_trawm_07 
LOG (lattice-best-path[5.5.1023~1-d673]:main():lattice-best-path.cc:99) For utterance S_S22_W_trawm_08, best cost 83.5353 + 1949.24 = 2032.77 over 17 frames.
S_S22_W_trawm_08 
LOG (lattice-best-path[5.5.1023~1-d673]:main():lattice-best-path.cc:99) For utterance S_S22_W_trawm_09, best cost 85.3378 + 2149.71 = 2235.05 over 19 frames.
S_S22_W_trawm_09 
LOG (lattice-best-path[5.5.1023~1-d673]:main():lattice-best-path.cc:99) For utterance S_S22_W_trawm_10, best cost 78.0644 + 1159.47 = 1237.54 over 11 frames.
S_S22_W_trawm_10 
LOG (lattice-best-path[5.5.1023~1-d673]:main():lattice-best-path.cc:99) For utterance S_S22_W_trawm_11, best cost 86.2436 + 2249.88 = 2336.12 over 20 frames.
S_S22_W_trawm_11 
LOG (lattice-best-path[5.5.1023~1-d673]:main():lattice-best-path.cc:99) For utterance S_S22_W_trawm_12, best cost 82.6205 + 1802.58 = 1885.2 over 16 frames.
S_S22_W_trawm_12 
LOG (lattice-best-path[5.5.1023~1-d673]:main():lattice-best-path.cc:99) For utterance S_S22_W_trawm_13, best cost 82.6023 + 1668.63 = 1751.24 over 16 frames.
S_S22_W_trawm_13 
LOG (lattice-best-path[5.5.1023~1-d673]:main():lattice-best-path.cc:99) For utterance S_S22_W_trawm_14, best cost 82.6114 + 1846.93 = 1929.54 over 16 frames.
S_S22_W_trawm_14 
LOG (lattice-best-path[5.5.1023~1-d673]:main():lattice-best-path.cc:99) For utterance S_S22_W_trawm_15, best cost 80.818 + 1803.82 = 1884.64 over 14 frames.
S_S22_W_trawm_15 
LOG (lattice-best-path[5.5.1023~1-d673]:main():lattice-best-path.cc:99) For utterance S_S22_W_trawm_16, best cost 86.2617 + 2283.31 = 2369.57 over 20 frames.
S_S22_W_trawm_16 
LOG (lattice-best-path[5.5.1023~1-d673]:main():lattice-best-path.cc:99) For utterance S_S22_W_trawm_17, best cost 78.0826 + 1405.3 = 1483.38 over 11 frames.
S_S22_W_trawm_17 
LOG (lattice-best-path[5.5.1023~1-d673]:main():lattice-best-path.cc:99) For utterance S_S22_W_trawm_18, best cost 82.6567 + 1837.37 = 1920.03 over 16 frames.
S_S22_W_trawm_18 
LOG (lattice-best-path[5.5.1023~1-d673]:main():lattice-best-path.cc:99) For utterance S_S22_W_trawm_19, best cost 83.5263 + 2051.66 = 2135.19 over 17 frames.
S_S22_W_trawm_19 
LOG (lattice-best-path[5.5.1023~1-d673]:main():lattice-best-path.cc:99) For utterance S_S22_W_trawm_20, best cost 78.0826 + 1325.76 = 1403.84 over 11 frames.
S_S22_W_trawm_20 
LOG (lattice-best-path[5.5.1023~1-d673]:main():lattice-best-path.cc:99) For utterance S_S22_W_trawm_21, best cost 78.9793 + 1484.59 = 1563.57 over 12 frames.
S_S22_W_trawm_21 
LOG (lattice-best-path[5.5.1023~1-d673]:main():lattice-best-path.cc:99) For utterance S_S22_W_trawm_22, best cost 81.7056 + 2026.49 = 2108.2 over 15 frames.
S_S22_W_trawm_22 
LOG (lattice-best-path[5.5.1023~1-d673]:main():lattice-best-path.cc:124) Overall cost per frame is 113.504 = 5.05293 [graph] + 108.451 [acoustic] over 7303 frames.
LOG (lattice-best-path[5.5.1023~1-d673]:main():lattice-best-path.cc:128) Done 333 lattices, failed for 0
# Accounting: time=0 threads=1
# Ended (code 0) at Thứ ba, 17 Tháng 5 năm 2022 11:04:40 +07, elapsed time 0 seconds
