# gmm-latgen-faster --max-active=7000 --beam=13.0 --lattice-beam=6.0 --acoustic-scale=0.083333 --allow-partial=true --word-symbol-table=exp/mono/graph/words.txt exp/mono/final.mdl exp/mono/graph/HCLG.fst "ark,s,cs:apply-cmvn  --utt2spk=ark:data/test/split1/1/utt2spk scp:data/test/split1/1/cmvn.scp scp:data/test/split1/1/feats.scp ark:- | add-deltas  ark:- ark:- |" "ark:|gzip -c > exp/mono/decode/lat.1.gz" 
# Started at Thứ ba, 17 Tháng 5 năm 2022 11:04:27 +07
#
gmm-latgen-faster --max-active=7000 --beam=13.0 --lattice-beam=6.0 --acoustic-scale=0.083333 --allow-partial=true --word-symbol-table=exp/mono/graph/words.txt exp/mono/final.mdl exp/mono/graph/HCLG.fst 'ark,s,cs:apply-cmvn  --utt2spk=ark:data/test/split1/1/utt2spk scp:data/test/split1/1/cmvn.scp scp:data/test/split1/1/feats.scp ark:- | add-deltas  ark:- ark:- |' 'ark:|gzip -c > exp/mono/decode/lat.1.gz' 
add-deltas ark:- ark:- 
apply-cmvn --utt2spk=ark:data/test/split1/1/utt2spk scp:data/test/split1/1/cmvn.scp scp:data/test/split1/1/feats.scp ark:- 
S_S17_W_ba_01 bảy 
LOG (gmm-latgen-faster[5.5.1023~1-d673]:DecodeUtteranceLatticeFaster():decoder-wrappers.cc:375) Log-like per frame for utterance S_S17_W_ba_01 is -9.21153 over 14 frames.
S_S17_W_ba_02 bảy 
LOG (gmm-latgen-faster[5.5.1023~1-d673]:DecodeUtteranceLatticeFaster():decoder-wrappers.cc:375) Log-like per frame for utterance S_S17_W_ba_02 is -8.52747 over 35 frames.
S_S17_W_ba_03 
LOG (gmm-latgen-faster[5.5.1023~1-d673]:DecodeUtteranceLatticeFaster():decoder-wrappers.cc:375) Log-like per frame for utterance S_S17_W_ba_03 is -9.69075 over 17 frames.
S_S17_W_ba_04 bảy 
LOG (gmm-latgen-faster[5.5.1023~1-d673]:DecodeUtteranceLatticeFaster():decoder-wrappers.cc:375) Log-like per frame for utterance S_S17_W_ba_04 is -8.4866 over 23 frames.
S_S17_W_ba_05 bảy 
LOG (gmm-latgen-faster[5.5.1023~1-d673]:DecodeUtteranceLatticeFaster():decoder-wrappers.cc:375) Log-like per frame for utterance S_S17_W_ba_05 is -8.07433 over 37 frames.
S_S17_W_ba_06 bảy 
LOG (gmm-latgen-faster[5.5.1023~1-d673]:DecodeUtteranceLatticeFaster():decoder-wrappers.cc:375) Log-like per frame for utterance S_S17_W_ba_06 is -7.45164 over 39 frames.
S_S17_W_ba_07 
LOG (gmm-latgen-faster[5.5.1023~1-d673]:DecodeUtteranceLatticeFaster():decoder-wrappers.cc:375) Log-like per frame for utterance S_S17_W_ba_07 is -9.7658 over 21 frames.
S_S17_W_ba_08 
LOG (gmm-latgen-faster[5.5.1023~1-d673]:DecodeUtteranceLatticeFaster():decoder-wrappers.cc:375) Log-like per frame for utterance S_S17_W_ba_08 is -9.13497 over 14 frames.
S_S17_W_ba_09 
LOG (gmm-latgen-faster[5.5.1023~1-d673]:DecodeUtteranceLatticeFaster():decoder-wrappers.cc:375) Log-like per frame for utterance S_S17_W_ba_09 is -9.9933 over 17 frames.
S_S17_W_ba_10 tám 
LOG (gmm-latgen-faster[5.5.1023~1-d673]:DecodeUtteranceLatticeFaster():decoder-wrappers.cc:375) Log-like per frame for utterance S_S17_W_ba_10 is -8.35503 over 41 frames.
S_S17_W_ba_11 tám 
LOG (gmm-latgen-faster[5.5.1023~1-d673]:DecodeUtteranceLatticeFaster():decoder-wrappers.cc:375) Log-like per frame for utterance S_S17_W_ba_11 is -7.59241 over 34 frames.
S_S17_W_bayr_01 bảy 
LOG (gmm-latgen-faster[5.5.1023~1-d673]:DecodeUtteranceLatticeFaster():decoder-wrappers.cc:375) Log-like per frame for utterance S_S17_W_bayr_01 is -9.95144 over 19 frames.
S_S17_W_bayr_02 bảy 
LOG (gmm-latgen-faster[5.5.1023~1-d673]:DecodeUtteranceLatticeFaster():decoder-wrappers.cc:375) Log-like per frame for utterance S_S17_W_bayr_02 is -10.3746 over 20 frames.
S_S17_W_bayr_03 bảy 
LOG (gmm-latgen-faster[5.5.1023~1-d673]:DecodeUtteranceLatticeFaster():decoder-wrappers.cc:375) Log-like per frame for utterance S_S17_W_bayr_03 is -10.0045 over 21 frames.
S_S17_W_bayr_04 bảy 
LOG (gmm-latgen-faster[5.5.1023~1-d673]:DecodeUtteranceLatticeFaster():decoder-wrappers.cc:375) Log-like per frame for utterance S_S17_W_bayr_04 is -10.5443 over 19 frames.
S_S17_W_bayr_05 
LOG (gmm-latgen-faster[5.5.1023~1-d673]:DecodeUtteranceLatticeFaster():decoder-wrappers.cc:375) Log-like per frame for utterance S_S17_W_bayr_05 is -9.48899 over 25 frames.
S_S17_W_bayr_06 bảy 
LOG (gmm-latgen-faster[5.5.1023~1-d673]:DecodeUtteranceLatticeFaster():decoder-wrappers.cc:375) Log-like per frame for utterance S_S17_W_bayr_06 is -9.7841 over 32 frames.
S_S17_W_bayr_07 bảy 
LOG (gmm-latgen-faster[5.5.1023~1-d673]:DecodeUtteranceLatticeFaster():decoder-wrappers.cc:375) Log-like per frame for utterance S_S17_W_bayr_07 is -9.46951 over 32 frames.
S_S17_W_bayr_08 
LOG (gmm-latgen-faster[5.5.1023~1-d673]:DecodeUtteranceLatticeFaster():decoder-wrappers.cc:375) Log-like per frame for utterance S_S17_W_bayr_08 is -10.8156 over 22 frames.
S_S17_W_bayr_09 bảy 
LOG (gmm-latgen-faster[5.5.1023~1-d673]:DecodeUtteranceLatticeFaster():decoder-wrappers.cc:375) Log-like per frame for utterance S_S17_W_bayr_09 is -9.60863 over 15 frames.
S_S17_W_boons_01 một 
LOG (gmm-latgen-faster[5.5.1023~1-d673]:DecodeUtteranceLatticeFaster():decoder-wrappers.cc:375) Log-like per frame for utterance S_S17_W_boons_01 is -8.96086 over 14 frames.
S_S17_W_boons_02 một 
LOG (gmm-latgen-faster[5.5.1023~1-d673]:DecodeUtteranceLatticeFaster():decoder-wrappers.cc:375) Log-like per frame for utterance S_S17_W_boons_02 is -9.92931 over 23 frames.
S_S17_W_chins_01 chín 
LOG (gmm-latgen-faster[5.5.1023~1-d673]:DecodeUtteranceLatticeFaster():decoder-wrappers.cc:375) Log-like per frame for utterance S_S17_W_chins_01 is -10.6101 over 27 frames.
S_S17_W_chins_02 chín 
LOG (gmm-latgen-faster[5.5.1023~1-d673]:DecodeUtteranceLatticeFaster():decoder-wrappers.cc:375) Log-like per frame for utterance S_S17_W_chins_02 is -11.4211 over 19 frames.
S_S17_W_chins_03 chín 
LOG (gmm-latgen-faster[5.5.1023~1-d673]:DecodeUtteranceLatticeFaster():decoder-wrappers.cc:375) Log-like per frame for utterance S_S17_W_chins_03 is -10.3445 over 21 frames.
S_S17_W_chins_04 chín 
LOG (gmm-latgen-faster[5.5.1023~1-d673]:DecodeUtteranceLatticeFaster():decoder-wrappers.cc:375) Log-like per frame for utterance S_S17_W_chins_04 is -10.5767 over 16 frames.
S_S17_W_hai_01 tám 
LOG (gmm-latgen-faster[5.5.1023~1-d673]:DecodeUtteranceLatticeFaster():decoder-wrappers.cc:375) Log-like per frame for utterance S_S17_W_hai_01 is -8.11324 over 49 frames.
S_S17_W_hai_02 
LOG (gmm-latgen-faster[5.5.1023~1-d673]:DecodeUtteranceLatticeFaster():decoder-wrappers.cc:375) Log-like per frame for utterance S_S17_W_hai_02 is -8.3741 over 27 frames.
S_S17_W_hai_03 
LOG (gmm-latgen-faster[5.5.1023~1-d673]:DecodeUtteranceLatticeFaster():decoder-wrappers.cc:375) Log-like per frame for utterance S_S17_W_hai_03 is -9.05791 over 16 frames.
S_S17_W_hai_04 
LOG (gmm-latgen-faster[5.5.1023~1-d673]:DecodeUtteranceLatticeFaster():decoder-wrappers.cc:375) Log-like per frame for utterance S_S17_W_hai_04 is -9.1291 over 9 frames.
S_S17_W_hai_05 bảy 
LOG (gmm-latgen-faster[5.5.1023~1-d673]:DecodeUtteranceLatticeFaster():decoder-wrappers.cc:375) Log-like per frame for utterance S_S17_W_hai_05 is -7.90873 over 50 frames.
S_S17_W_hai_06 
LOG (gmm-latgen-faster[5.5.1023~1-d673]:DecodeUtteranceLatticeFaster():decoder-wrappers.cc:375) Log-like per frame for utterance S_S17_W_hai_06 is -9.41655 over 15 frames.
S_S17_W_hai_07 tám 
LOG (gmm-latgen-faster[5.5.1023~1-d673]:DecodeUtteranceLatticeFaster():decoder-wrappers.cc:375) Log-like per frame for utterance S_S17_W_hai_07 is -7.73298 over 39 frames.
S_S17_W_hai_08 
LOG (gmm-latgen-faster[5.5.1023~1-d673]:DecodeUtteranceLatticeFaster():decoder-wrappers.cc:375) Log-like per frame for utterance S_S17_W_hai_08 is -7.65303 over 25 frames.
S_S17_W_hai_09 
LOG (gmm-latgen-faster[5.5.1023~1-d673]:DecodeUtteranceLatticeFaster():decoder-wrappers.cc:375) Log-like per frame for utterance S_S17_W_hai_09 is -9.29844 over 26 frames.
S_S17_W_hai_10 
LOG (gmm-latgen-faster[5.5.1023~1-d673]:DecodeUtteranceLatticeFaster():decoder-wrappers.cc:375) Log-like per frame for utterance S_S17_W_hai_10 is -9.76087 over 25 frames.
S_S17_W_lawm_01 một 
LOG (gmm-latgen-faster[5.5.1023~1-d673]:DecodeUtteranceLatticeFaster():decoder-wrappers.cc:375) Log-like per frame for utterance S_S17_W_lawm_01 is -8.74215 over 43 frames.
S_S17_W_ler_01 
LOG (gmm-latgen-faster[5.5.1023~1-d673]:DecodeUtteranceLatticeFaster():decoder-wrappers.cc:375) Log-like per frame for utterance S_S17_W_ler_01 is -11.1804 over 23 frames.
S_S17_W_mootj_01 
LOG (gmm-latgen-faster[5.5.1023~1-d673]:DecodeUtteranceLatticeFaster():decoder-wrappers.cc:375) Log-like per frame for utterance S_S17_W_mootj_01 is -10.2606 over 17 frames.
S_S17_W_mootj_02 một 
LOG (gmm-latgen-faster[5.5.1023~1-d673]:DecodeUtteranceLatticeFaster():decoder-wrappers.cc:375) Log-like per frame for utterance S_S17_W_mootj_02 is -9.82717 over 16 frames.
S_S17_W_mootj_03 một 
LOG (gmm-latgen-faster[5.5.1023~1-d673]:DecodeUtteranceLatticeFaster():decoder-wrappers.cc:375) Log-like per frame for utterance S_S17_W_mootj_03 is -10.1327 over 22 frames.
S_S17_W_mootj_04 một 
LOG (gmm-latgen-faster[5.5.1023~1-d673]:DecodeUtteranceLatticeFaster():decoder-wrappers.cc:375) Log-like per frame for utterance S_S17_W_mootj_04 is -10.2711 over 25 frames.
S_S17_W_mootj_05 một 
LOG (gmm-latgen-faster[5.5.1023~1-d673]:DecodeUtteranceLatticeFaster():decoder-wrappers.cc:375) Log-like per frame for utterance S_S17_W_mootj_05 is -9.02348 over 19 frames.
S_S17_W_mootj_06 một 
LOG (gmm-latgen-faster[5.5.1023~1-d673]:DecodeUtteranceLatticeFaster():decoder-wrappers.cc:375) Log-like per frame for utterance S_S17_W_mootj_06 is -9.73234 over 18 frames.
S_S17_W_moots_01 một 
LOG (gmm-latgen-faster[5.5.1023~1-d673]:DecodeUtteranceLatticeFaster():decoder-wrappers.cc:375) Log-like per frame for utterance S_S17_W_moots_01 is -8.39293 over 26 frames.
S_S17_W_muowi_01 mươi 
LOG (gmm-latgen-faster[5.5.1023~1-d673]:DecodeUtteranceLatticeFaster():decoder-wrappers.cc:375) Log-like per frame for utterance S_S17_W_muowi_01 is -10.2487 over 20 frames.
S_S17_W_muowi_02 mươi 
LOG (gmm-latgen-faster[5.5.1023~1-d673]:DecodeUtteranceLatticeFaster():decoder-wrappers.cc:375) Log-like per frame for utterance S_S17_W_muowi_02 is -9.13475 over 17 frames.
S_S17_W_muowi_03 mươi 
LOG (gmm-latgen-faster[5.5.1023~1-d673]:DecodeUtteranceLatticeFaster():decoder-wrappers.cc:375) Log-like per frame for utterance S_S17_W_muowi_03 is -9.3848 over 20 frames.
S_S17_W_muowi_04 
LOG (gmm-latgen-faster[5.5.1023~1-d673]:DecodeUtteranceLatticeFaster():decoder-wrappers.cc:375) Log-like per frame for utterance S_S17_W_muowi_04 is -10.5331 over 18 frames.
S_S17_W_muowi_05 
LOG (gmm-latgen-faster[5.5.1023~1-d673]:DecodeUtteranceLatticeFaster():decoder-wrappers.cc:375) Log-like per frame for utterance S_S17_W_muowi_05 is -9.52803 over 19 frames.
S_S17_W_muowi_06 
LOG (gmm-latgen-faster[5.5.1023~1-d673]:DecodeUtteranceLatticeFaster():decoder-wrappers.cc:375) Log-like per frame for utterance S_S17_W_muowi_06 is -9.64412 over 17 frames.
S_S17_W_muowi_07 
LOG (gmm-latgen-faster[5.5.1023~1-d673]:DecodeUtteranceLatticeFaster():decoder-wrappers.cc:375) Log-like per frame for utterance S_S17_W_muowi_07 is -9.69377 over 13 frames.
S_S17_W_muowi_08 
LOG (gmm-latgen-faster[5.5.1023~1-d673]:DecodeUtteranceLatticeFaster():decoder-wrappers.cc:375) Log-like per frame for utterance S_S17_W_muowi_08 is -10.1821 over 15 frames.
S_S17_W_muowi_09 
LOG (gmm-latgen-faster[5.5.1023~1-d673]:DecodeUtteranceLatticeFaster():decoder-wrappers.cc:375) Log-like per frame for utterance S_S17_W_muowi_09 is -9.22401 over 13 frames.
S_S17_W_muowi_10 
LOG (gmm-latgen-faster[5.5.1023~1-d673]:DecodeUtteranceLatticeFaster():decoder-wrappers.cc:375) Log-like per frame for utterance S_S17_W_muowi_10 is -10.6399 over 13 frames.
S_S17_W_muowi_11 mươi 
LOG (gmm-latgen-faster[5.5.1023~1-d673]:DecodeUtteranceLatticeFaster():decoder-wrappers.cc:375) Log-like per frame for utterance S_S17_W_muowi_11 is -8.84657 over 20 frames.
S_S17_W_muowi_12 
LOG (gmm-latgen-faster[5.5.1023~1-d673]:DecodeUtteranceLatticeFaster():decoder-wrappers.cc:375) Log-like per frame for utterance S_S17_W_muowi_12 is -9.53247 over 20 frames.
S_S17_W_muowi_13 mươi 
LOG (gmm-latgen-faster[5.5.1023~1-d673]:DecodeUtteranceLatticeFaster():decoder-wrappers.cc:375) Log-like per frame for utterance S_S17_W_muowi_13 is -10.4777 over 16 frames.
S_S17_W_muowi_14 mươi 
LOG (gmm-latgen-faster[5.5.1023~1-d673]:DecodeUtteranceLatticeFaster():decoder-wrappers.cc:375) Log-like per frame for utterance S_S17_W_muowi_14 is -10.116 over 15 frames.
S_S17_W_muowi_15 mươi 
LOG (gmm-latgen-faster[5.5.1023~1-d673]:DecodeUtteranceLatticeFaster():decoder-wrappers.cc:375) Log-like per frame for utterance S_S17_W_muowi_15 is -8.37932 over 21 frames.
S_S17_W_muowi_16 mươi 
LOG (gmm-latgen-faster[5.5.1023~1-d673]:DecodeUtteranceLatticeFaster():decoder-wrappers.cc:375) Log-like per frame for utterance S_S17_W_muowi_16 is -9.99139 over 18 frames.
S_S17_W_muowi_17 mươi 
LOG (gmm-latgen-faster[5.5.1023~1-d673]:DecodeUtteranceLatticeFaster():decoder-wrappers.cc:375) Log-like per frame for utterance S_S17_W_muowi_17 is -9.75632 over 12 frames.
S_S17_W_muowi_18 mươi 
LOG (gmm-latgen-faster[5.5.1023~1-d673]:DecodeUtteranceLatticeFaster():decoder-wrappers.cc:375) Log-like per frame for utterance S_S17_W_muowi_18 is -9.36835 over 25 frames.
S_S17_W_muowi_19 
LOG (gmm-latgen-faster[5.5.1023~1-d673]:DecodeUtteranceLatticeFaster():decoder-wrappers.cc:375) Log-like per frame for utterance S_S17_W_muowi_19 is -9.40916 over 15 frames.
S_S17_W_muowi_20 mươi 
LOG (gmm-latgen-faster[5.5.1023~1-d673]:DecodeUtteranceLatticeFaster():decoder-wrappers.cc:375) Log-like per frame for utterance S_S17_W_muowi_20 is -8.86354 over 27 frames.
S_S17_W_muowi_21 
LOG (gmm-latgen-faster[5.5.1023~1-d673]:DecodeUtteranceLatticeFaster():decoder-wrappers.cc:375) Log-like per frame for utterance S_S17_W_muowi_21 is -11.1554 over 10 frames.
S_S17_W_muowif_01 mươi 
LOG (gmm-latgen-faster[5.5.1023~1-d673]:DecodeUtteranceLatticeFaster():decoder-wrappers.cc:375) Log-like per frame for utterance S_S17_W_muowif_01 is -8.35261 over 32 frames.
S_S17_W_nawm_01 năm 
LOG (gmm-latgen-faster[5.5.1023~1-d673]:DecodeUtteranceLatticeFaster():decoder-wrappers.cc:375) Log-like per frame for utterance S_S17_W_nawm_01 is -9.24788 over 36 frames.
S_S17_W_nawm_02 năm 
LOG (gmm-latgen-faster[5.5.1023~1-d673]:DecodeUtteranceLatticeFaster():decoder-wrappers.cc:375) Log-like per frame for utterance S_S17_W_nawm_02 is -9.12006 over 25 frames.
S_S17_W_nawm_03 năm 
LOG (gmm-latgen-faster[5.5.1023~1-d673]:DecodeUtteranceLatticeFaster():decoder-wrappers.cc:375) Log-like per frame for utterance S_S17_W_nawm_03 is -8.86657 over 26 frames.
S_S17_W_saus_01 sáu 
LOG (gmm-latgen-faster[5.5.1023~1-d673]:DecodeUtteranceLatticeFaster():decoder-wrappers.cc:375) Log-like per frame for utterance S_S17_W_saus_01 is -9.00466 over 31 frames.
S_S17_W_saus_02 sáu một 
LOG (gmm-latgen-faster[5.5.1023~1-d673]:DecodeUtteranceLatticeFaster():decoder-wrappers.cc:375) Log-like per frame for utterance S_S17_W_saus_02 is -8.39384 over 42 frames.
S_S17_W_saus_03 sáu 
LOG (gmm-latgen-faster[5.5.1023~1-d673]:DecodeUtteranceLatticeFaster():decoder-wrappers.cc:375) Log-like per frame for utterance S_S17_W_saus_03 is -8.14652 over 41 frames.
S_S17_W_saus_04 sáu 
LOG (gmm-latgen-faster[5.5.1023~1-d673]:DecodeUtteranceLatticeFaster():decoder-wrappers.cc:375) Log-like per frame for utterance S_S17_W_saus_04 is -8.25712 over 44 frames.
S_S17_W_saus_05 sáu 
LOG (gmm-latgen-faster[5.5.1023~1-d673]:DecodeUtteranceLatticeFaster():decoder-wrappers.cc:375) Log-like per frame for utterance S_S17_W_saus_05 is -8.8268 over 47 frames.
S_S17_W_saus_06 sáu 
LOG (gmm-latgen-faster[5.5.1023~1-d673]:DecodeUtteranceLatticeFaster():decoder-wrappers.cc:375) Log-like per frame for utterance S_S17_W_saus_06 is -9.7306 over 24 frames.
S_S17_W_saus_07 sáu 
LOG (gmm-latgen-faster[5.5.1023~1-d673]:DecodeUtteranceLatticeFaster():decoder-wrappers.cc:375) Log-like per frame for utterance S_S17_W_saus_07 is -9.33661 over 24 frames.
S_S17_W_saus_08 
LOG (gmm-latgen-faster[5.5.1023~1-d673]:DecodeUtteranceLatticeFaster():decoder-wrappers.cc:375) Log-like per frame for utterance S_S17_W_saus_08 is -9.94709 over 23 frames.
S_S17_W_saus_09 sáu 
LOG (gmm-latgen-faster[5.5.1023~1-d673]:DecodeUtteranceLatticeFaster():decoder-wrappers.cc:375) Log-like per frame for utterance S_S17_W_saus_09 is -10.1757 over 15 frames.
S_S17_W_saus_10 sáu 
LOG (gmm-latgen-faster[5.5.1023~1-d673]:DecodeUtteranceLatticeFaster():decoder-wrappers.cc:375) Log-like per frame for utterance S_S17_W_saus_10 is -8.95851 over 28 frames.
S_S17_W_saus_11 sáu 
LOG (gmm-latgen-faster[5.5.1023~1-d673]:DecodeUtteranceLatticeFaster():decoder-wrappers.cc:375) Log-like per frame for utterance S_S17_W_saus_11 is -8.22479 over 36 frames.
S_S17_W_tams_01 năm 
LOG (gmm-latgen-faster[5.5.1023~1-d673]:DecodeUtteranceLatticeFaster():decoder-wrappers.cc:375) Log-like per frame for utterance S_S17_W_tams_01 is -9.62576 over 23 frames.
S_S17_W_tams_02 tám 
LOG (gmm-latgen-faster[5.5.1023~1-d673]:DecodeUtteranceLatticeFaster():decoder-wrappers.cc:375) Log-like per frame for utterance S_S17_W_tams_02 is -8.23872 over 33 frames.
S_S17_W_tams_03 
LOG (gmm-latgen-faster[5.5.1023~1-d673]:DecodeUtteranceLatticeFaster():decoder-wrappers.cc:375) Log-like per frame for utterance S_S17_W_tams_03 is -8.67775 over 22 frames.
S_S17_W_tams_04 
LOG (gmm-latgen-faster[5.5.1023~1-d673]:DecodeUtteranceLatticeFaster():decoder-wrappers.cc:375) Log-like per frame for utterance S_S17_W_tams_04 is -10.946 over 18 frames.
S_S17_W_tams_05 
LOG (gmm-latgen-faster[5.5.1023~1-d673]:DecodeUtteranceLatticeFaster():decoder-wrappers.cc:375) Log-like per frame for utterance S_S17_W_tams_05 is -10.2714 over 18 frames.
S_S17_W_tams_06 
LOG (gmm-latgen-faster[5.5.1023~1-d673]:DecodeUtteranceLatticeFaster():decoder-wrappers.cc:375) Log-like per frame for utterance S_S17_W_tams_06 is -10.5735 over 17 frames.
S_S17_W_tams_07 
LOG (gmm-latgen-faster[5.5.1023~1-d673]:DecodeUtteranceLatticeFaster():decoder-wrappers.cc:375) Log-like per frame for utterance S_S17_W_tams_07 is -8.66351 over 19 frames.
S_S17_W_tams_08 năm 
LOG (gmm-latgen-faster[5.5.1023~1-d673]:DecodeUtteranceLatticeFaster():decoder-wrappers.cc:375) Log-like per frame for utterance S_S17_W_tams_08 is -9.08452 over 20 frames.
S_S17_W_trawm_01 
LOG (gmm-latgen-faster[5.5.1023~1-d673]:DecodeUtteranceLatticeFaster():decoder-wrappers.cc:375) Log-like per frame for utterance S_S17_W_trawm_01 is -10.3912 over 27 frames.
S_S17_W_trawm_02 
LOG (gmm-latgen-faster[5.5.1023~1-d673]:DecodeUtteranceLatticeFaster():decoder-wrappers.cc:375) Log-like per frame for utterance S_S17_W_trawm_02 is -9.20156 over 32 frames.
S_S17_W_trawm_03 
LOG (gmm-latgen-faster[5.5.1023~1-d673]:DecodeUtteranceLatticeFaster():decoder-wrappers.cc:375) Log-like per frame for utterance S_S17_W_trawm_03 is -9.70973 over 15 frames.
S_S17_W_trawm_04 
LOG (gmm-latgen-faster[5.5.1023~1-d673]:DecodeUtteranceLatticeFaster():decoder-wrappers.cc:375) Log-like per frame for utterance S_S17_W_trawm_04 is -11.2024 over 17 frames.
S_S17_W_trawm_05 chín 
LOG (gmm-latgen-faster[5.5.1023~1-d673]:DecodeUtteranceLatticeFaster():decoder-wrappers.cc:375) Log-like per frame for utterance S_S17_W_trawm_05 is -10.6777 over 32 frames.
S_S17_W_trawm_06 năm 
LOG (gmm-latgen-faster[5.5.1023~1-d673]:DecodeUtteranceLatticeFaster():decoder-wrappers.cc:375) Log-like per frame for utterance S_S17_W_trawm_06 is -9.18237 over 17 frames.
S_S17_W_trawm_07 
LOG (gmm-latgen-faster[5.5.1023~1-d673]:DecodeUtteranceLatticeFaster():decoder-wrappers.cc:375) Log-like per frame for utterance S_S17_W_trawm_07 is -9.53487 over 24 frames.
S_S17_W_trawm_08 
LOG (gmm-latgen-faster[5.5.1023~1-d673]:DecodeUtteranceLatticeFaster():decoder-wrappers.cc:375) Log-like per frame for utterance S_S17_W_trawm_08 is -10.5089 over 24 frames.
S_S17_W_trawm_09 
LOG (gmm-latgen-faster[5.5.1023~1-d673]:DecodeUtteranceLatticeFaster():decoder-wrappers.cc:375) Log-like per frame for utterance S_S17_W_trawm_09 is -12.0431 over 20 frames.
S_S17_W_trawm_10 
LOG (gmm-latgen-faster[5.5.1023~1-d673]:DecodeUtteranceLatticeFaster():decoder-wrappers.cc:375) Log-like per frame for utterance S_S17_W_trawm_10 is -10.495 over 14 frames.
S_S17_W_trawm_11 năm 
LOG (gmm-latgen-faster[5.5.1023~1-d673]:DecodeUtteranceLatticeFaster():decoder-wrappers.cc:375) Log-like per frame for utterance S_S17_W_trawm_11 is -9.3757 over 20 frames.
S_S17_W_trawm_12 năm 
LOG (gmm-latgen-faster[5.5.1023~1-d673]:DecodeUtteranceLatticeFaster():decoder-wrappers.cc:375) Log-like per frame for utterance S_S17_W_trawm_12 is -10.1211 over 22 frames.
S_S17_W_trawm_13 năm 
LOG (gmm-latgen-faster[5.5.1023~1-d673]:DecodeUtteranceLatticeFaster():decoder-wrappers.cc:375) Log-like per frame for utterance S_S17_W_trawm_13 is -8.94975 over 23 frames.
S_S17_W_trawm_14 năm 
LOG (gmm-latgen-faster[5.5.1023~1-d673]:DecodeUtteranceLatticeFaster():decoder-wrappers.cc:375) Log-like per frame for utterance S_S17_W_trawm_14 is -10.1091 over 25 frames.
S_S17_W_trawm_15 
LOG (gmm-latgen-faster[5.5.1023~1-d673]:DecodeUtteranceLatticeFaster():decoder-wrappers.cc:375) Log-like per frame for utterance S_S17_W_trawm_15 is -10.0993 over 17 frames.
S_S17_W_trawm_16 
LOG (gmm-latgen-faster[5.5.1023~1-d673]:DecodeUtteranceLatticeFaster():decoder-wrappers.cc:375) Log-like per frame for utterance S_S17_W_trawm_16 is -11.2061 over 23 frames.
S_S17_W_trawm_17 
LOG (gmm-latgen-faster[5.5.1023~1-d673]:DecodeUtteranceLatticeFaster():decoder-wrappers.cc:375) Log-like per frame for utterance S_S17_W_trawm_17 is -9.90299 over 26 frames.
S_S17_W_trawm_18 
LOG (gmm-latgen-faster[5.5.1023~1-d673]:DecodeUtteranceLatticeFaster():decoder-wrappers.cc:375) Log-like per frame for utterance S_S17_W_trawm_18 is -9.81928 over 17 frames.
S_S17_W_trawm_19 năm 
LOG (gmm-latgen-faster[5.5.1023~1-d673]:DecodeUtteranceLatticeFaster():decoder-wrappers.cc:375) Log-like per frame for utterance S_S17_W_trawm_19 is -8.70409 over 17 frames.
S_S17_W_trawm_20 năm 
LOG (gmm-latgen-faster[5.5.1023~1-d673]:DecodeUtteranceLatticeFaster():decoder-wrappers.cc:375) Log-like per frame for utterance S_S17_W_trawm_20 is -9.62625 over 18 frames.
S_S17_W_trawm_21 sáu 
LOG (gmm-latgen-faster[5.5.1023~1-d673]:DecodeUtteranceLatticeFaster():decoder-wrappers.cc:375) Log-like per frame for utterance S_S17_W_trawm_21 is -9.66636 over 24 frames.
S_S17_W_trawm_22 năm 
LOG (gmm-latgen-faster[5.5.1023~1-d673]:DecodeUtteranceLatticeFaster():decoder-wrappers.cc:375) Log-like per frame for utterance S_S17_W_trawm_22 is -10.4789 over 17 frames.
S_S19_W_ba_01 bảy 
LOG (gmm-latgen-faster[5.5.1023~1-d673]:DecodeUtteranceLatticeFaster():decoder-wrappers.cc:375) Log-like per frame for utterance S_S19_W_ba_01 is -9.22228 over 14 frames.
S_S19_W_ba_02 bảy 
LOG (gmm-latgen-faster[5.5.1023~1-d673]:DecodeUtteranceLatticeFaster():decoder-wrappers.cc:375) Log-like per frame for utterance S_S19_W_ba_02 is -8.52796 over 35 frames.
S_S19_W_ba_03 
LOG (gmm-latgen-faster[5.5.1023~1-d673]:DecodeUtteranceLatticeFaster():decoder-wrappers.cc:375) Log-like per frame for utterance S_S19_W_ba_03 is -9.69007 over 17 frames.
S_S19_W_ba_04 bảy 
LOG (gmm-latgen-faster[5.5.1023~1-d673]:DecodeUtteranceLatticeFaster():decoder-wrappers.cc:375) Log-like per frame for utterance S_S19_W_ba_04 is -8.516 over 23 frames.
S_S19_W_ba_05 bảy 
LOG (gmm-latgen-faster[5.5.1023~1-d673]:DecodeUtteranceLatticeFaster():decoder-wrappers.cc:375) Log-like per frame for utterance S_S19_W_ba_05 is -8.08058 over 37 frames.
S_S19_W_ba_06 ba 
LOG (gmm-latgen-faster[5.5.1023~1-d673]:DecodeUtteranceLatticeFaster():decoder-wrappers.cc:375) Log-like per frame for utterance S_S19_W_ba_06 is -7.44251 over 39 frames.
S_S19_W_ba_07 
LOG (gmm-latgen-faster[5.5.1023~1-d673]:DecodeUtteranceLatticeFaster():decoder-wrappers.cc:375) Log-like per frame for utterance S_S19_W_ba_07 is -9.7864 over 21 frames.
S_S19_W_ba_08 
LOG (gmm-latgen-faster[5.5.1023~1-d673]:DecodeUtteranceLatticeFaster():decoder-wrappers.cc:375) Log-like per frame for utterance S_S19_W_ba_08 is -9.1453 over 14 frames.
S_S19_W_ba_09 
LOG (gmm-latgen-faster[5.5.1023~1-d673]:DecodeUtteranceLatticeFaster():decoder-wrappers.cc:375) Log-like per frame for utterance S_S19_W_ba_09 is -10.0392 over 17 frames.
S_S19_W_ba_10 tám 
LOG (gmm-latgen-faster[5.5.1023~1-d673]:DecodeUtteranceLatticeFaster():decoder-wrappers.cc:375) Log-like per frame for utterance S_S19_W_ba_10 is -8.34022 over 41 frames.
S_S19_W_ba_11 tám 
LOG (gmm-latgen-faster[5.5.1023~1-d673]:DecodeUtteranceLatticeFaster():decoder-wrappers.cc:375) Log-like per frame for utterance S_S19_W_ba_11 is -7.58869 over 34 frames.
S_S19_W_bayr_01 bảy 
LOG (gmm-latgen-faster[5.5.1023~1-d673]:DecodeUtteranceLatticeFaster():decoder-wrappers.cc:375) Log-like per frame for utterance S_S19_W_bayr_01 is -9.91662 over 19 frames.
S_S19_W_bayr_02 bảy 
LOG (gmm-latgen-faster[5.5.1023~1-d673]:DecodeUtteranceLatticeFaster():decoder-wrappers.cc:375) Log-like per frame for utterance S_S19_W_bayr_02 is -10.3707 over 20 frames.
S_S19_W_bayr_03 bảy 
LOG (gmm-latgen-faster[5.5.1023~1-d673]:DecodeUtteranceLatticeFaster():decoder-wrappers.cc:375) Log-like per frame for utterance S_S19_W_bayr_03 is -10.0165 over 21 frames.
S_S19_W_bayr_04 bảy 
LOG (gmm-latgen-faster[5.5.1023~1-d673]:DecodeUtteranceLatticeFaster():decoder-wrappers.cc:375) Log-like per frame for utterance S_S19_W_bayr_04 is -10.5449 over 19 frames.
S_S19_W_bayr_05 
LOG (gmm-latgen-faster[5.5.1023~1-d673]:DecodeUtteranceLatticeFaster():decoder-wrappers.cc:375) Log-like per frame for utterance S_S19_W_bayr_05 is -9.49854 over 25 frames.
S_S19_W_bayr_06 bảy 
LOG (gmm-latgen-faster[5.5.1023~1-d673]:DecodeUtteranceLatticeFaster():decoder-wrappers.cc:375) Log-like per frame for utterance S_S19_W_bayr_06 is -9.79154 over 32 frames.
S_S19_W_bayr_07 bảy 
LOG (gmm-latgen-faster[5.5.1023~1-d673]:DecodeUtteranceLatticeFaster():decoder-wrappers.cc:375) Log-like per frame for utterance S_S19_W_bayr_07 is -9.47386 over 32 frames.
S_S19_W_bayr_08 
LOG (gmm-latgen-faster[5.5.1023~1-d673]:DecodeUtteranceLatticeFaster():decoder-wrappers.cc:375) Log-like per frame for utterance S_S19_W_bayr_08 is -10.8235 over 22 frames.
S_S19_W_bayr_09 bảy 
LOG (gmm-latgen-faster[5.5.1023~1-d673]:DecodeUtteranceLatticeFaster():decoder-wrappers.cc:375) Log-like per frame for utterance S_S19_W_bayr_09 is -9.61874 over 15 frames.
S_S19_W_boons_01 một 
LOG (gmm-latgen-faster[5.5.1023~1-d673]:DecodeUtteranceLatticeFaster():decoder-wrappers.cc:375) Log-like per frame for utterance S_S19_W_boons_01 is -8.95415 over 14 frames.
S_S19_W_boons_02 một 
LOG (gmm-latgen-faster[5.5.1023~1-d673]:DecodeUtteranceLatticeFaster():decoder-wrappers.cc:375) Log-like per frame for utterance S_S19_W_boons_02 is -9.89809 over 23 frames.
S_S19_W_chins_01 chín 
LOG (gmm-latgen-faster[5.5.1023~1-d673]:DecodeUtteranceLatticeFaster():decoder-wrappers.cc:375) Log-like per frame for utterance S_S19_W_chins_01 is -10.6617 over 27 frames.
S_S19_W_chins_02 chín 
LOG (gmm-latgen-faster[5.5.1023~1-d673]:DecodeUtteranceLatticeFaster():decoder-wrappers.cc:375) Log-like per frame for utterance S_S19_W_chins_02 is -11.4963 over 19 frames.
S_S19_W_chins_03 chín 
LOG (gmm-latgen-faster[5.5.1023~1-d673]:DecodeUtteranceLatticeFaster():decoder-wrappers.cc:375) Log-like per frame for utterance S_S19_W_chins_03 is -10.3667 over 21 frames.
S_S19_W_chins_04 chín 
LOG (gmm-latgen-faster[5.5.1023~1-d673]:DecodeUtteranceLatticeFaster():decoder-wrappers.cc:375) Log-like per frame for utterance S_S19_W_chins_04 is -10.6031 over 16 frames.
S_S19_W_hai_01 tám 
LOG (gmm-latgen-faster[5.5.1023~1-d673]:DecodeUtteranceLatticeFaster():decoder-wrappers.cc:375) Log-like per frame for utterance S_S19_W_hai_01 is -8.10201 over 49 frames.
S_S19_W_hai_02 
LOG (gmm-latgen-faster[5.5.1023~1-d673]:DecodeUtteranceLatticeFaster():decoder-wrappers.cc:375) Log-like per frame for utterance S_S19_W_hai_02 is -8.37995 over 27 frames.
S_S19_W_hai_03 
LOG (gmm-latgen-faster[5.5.1023~1-d673]:DecodeUtteranceLatticeFaster():decoder-wrappers.cc:375) Log-like per frame for utterance S_S19_W_hai_03 is -9.06251 over 16 frames.
S_S19_W_hai_04 
LOG (gmm-latgen-faster[5.5.1023~1-d673]:DecodeUtteranceLatticeFaster():decoder-wrappers.cc:375) Log-like per frame for utterance S_S19_W_hai_04 is -9.11314 over 9 frames.
S_S19_W_hai_05 bảy 
LOG (gmm-latgen-faster[5.5.1023~1-d673]:DecodeUtteranceLatticeFaster():decoder-wrappers.cc:375) Log-like per frame for utterance S_S19_W_hai_05 is -7.91332 over 50 frames.
S_S19_W_hai_06 
LOG (gmm-latgen-faster[5.5.1023~1-d673]:DecodeUtteranceLatticeFaster():decoder-wrappers.cc:375) Log-like per frame for utterance S_S19_W_hai_06 is -9.43715 over 15 frames.
S_S19_W_hai_07 tám 
LOG (gmm-latgen-faster[5.5.1023~1-d673]:DecodeUtteranceLatticeFaster():decoder-wrappers.cc:375) Log-like per frame for utterance S_S19_W_hai_07 is -7.72629 over 39 frames.
S_S19_W_hai_08 
LOG (gmm-latgen-faster[5.5.1023~1-d673]:DecodeUtteranceLatticeFaster():decoder-wrappers.cc:375) Log-like per frame for utterance S_S19_W_hai_08 is -7.6566 over 25 frames.
S_S19_W_hai_09 
LOG (gmm-latgen-faster[5.5.1023~1-d673]:DecodeUtteranceLatticeFaster():decoder-wrappers.cc:375) Log-like per frame for utterance S_S19_W_hai_09 is -9.29918 over 26 frames.
S_S19_W_hai_10 
LOG (gmm-latgen-faster[5.5.1023~1-d673]:DecodeUtteranceLatticeFaster():decoder-wrappers.cc:375) Log-like per frame for utterance S_S19_W_hai_10 is -9.74528 over 25 frames.
S_S19_W_lawm_01 một 
LOG (gmm-latgen-faster[5.5.1023~1-d673]:DecodeUtteranceLatticeFaster():decoder-wrappers.cc:375) Log-like per frame for utterance S_S19_W_lawm_01 is -8.74482 over 43 frames.
S_S19_W_ler_01 
LOG (gmm-latgen-faster[5.5.1023~1-d673]:DecodeUtteranceLatticeFaster():decoder-wrappers.cc:375) Log-like per frame for utterance S_S19_W_ler_01 is -11.1507 over 23 frames.
S_S19_W_mootj_01 
LOG (gmm-latgen-faster[5.5.1023~1-d673]:DecodeUtteranceLatticeFaster():decoder-wrappers.cc:375) Log-like per frame for utterance S_S19_W_mootj_01 is -10.2757 over 17 frames.
S_S19_W_mootj_02 một 
LOG (gmm-latgen-faster[5.5.1023~1-d673]:DecodeUtteranceLatticeFaster():decoder-wrappers.cc:375) Log-like per frame for utterance S_S19_W_mootj_02 is -9.82643 over 16 frames.
S_S19_W_mootj_03 một 
LOG (gmm-latgen-faster[5.5.1023~1-d673]:DecodeUtteranceLatticeFaster():decoder-wrappers.cc:375) Log-like per frame for utterance S_S19_W_mootj_03 is -10.1282 over 22 frames.
S_S19_W_mootj_04 một 
LOG (gmm-latgen-faster[5.5.1023~1-d673]:DecodeUtteranceLatticeFaster():decoder-wrappers.cc:375) Log-like per frame for utterance S_S19_W_mootj_04 is -10.2668 over 25 frames.
S_S19_W_mootj_05 một 
LOG (gmm-latgen-faster[5.5.1023~1-d673]:DecodeUtteranceLatticeFaster():decoder-wrappers.cc:375) Log-like per frame for utterance S_S19_W_mootj_05 is -9.01269 over 19 frames.
S_S19_W_mootj_06 một 
LOG (gmm-latgen-faster[5.5.1023~1-d673]:DecodeUtteranceLatticeFaster():decoder-wrappers.cc:375) Log-like per frame for utterance S_S19_W_mootj_06 is -9.74764 over 18 frames.
S_S19_W_moots_01 một 
LOG (gmm-latgen-faster[5.5.1023~1-d673]:DecodeUtteranceLatticeFaster():decoder-wrappers.cc:375) Log-like per frame for utterance S_S19_W_moots_01 is -8.41336 over 26 frames.
S_S19_W_muowi_01 mươi 
LOG (gmm-latgen-faster[5.5.1023~1-d673]:DecodeUtteranceLatticeFaster():decoder-wrappers.cc:375) Log-like per frame for utterance S_S19_W_muowi_01 is -10.2539 over 20 frames.
S_S19_W_muowi_02 mươi 
LOG (gmm-latgen-faster[5.5.1023~1-d673]:DecodeUtteranceLatticeFaster():decoder-wrappers.cc:375) Log-like per frame for utterance S_S19_W_muowi_02 is -9.14039 over 17 frames.
S_S19_W_muowi_03 mươi 
LOG (gmm-latgen-faster[5.5.1023~1-d673]:DecodeUtteranceLatticeFaster():decoder-wrappers.cc:375) Log-like per frame for utterance S_S19_W_muowi_03 is -9.36347 over 20 frames.
S_S19_W_muowi_04 
LOG (gmm-latgen-faster[5.5.1023~1-d673]:DecodeUtteranceLatticeFaster():decoder-wrappers.cc:375) Log-like per frame for utterance S_S19_W_muowi_04 is -10.5172 over 18 frames.
S_S19_W_muowi_05 
LOG (gmm-latgen-faster[5.5.1023~1-d673]:DecodeUtteranceLatticeFaster():decoder-wrappers.cc:375) Log-like per frame for utterance S_S19_W_muowi_05 is -9.51067 over 19 frames.
S_S19_W_muowi_06 
LOG (gmm-latgen-faster[5.5.1023~1-d673]:DecodeUtteranceLatticeFaster():decoder-wrappers.cc:375) Log-like per frame for utterance S_S19_W_muowi_06 is -9.61541 over 17 frames.
S_S19_W_muowi_07 
LOG (gmm-latgen-faster[5.5.1023~1-d673]:DecodeUtteranceLatticeFaster():decoder-wrappers.cc:375) Log-like per frame for utterance S_S19_W_muowi_07 is -9.67265 over 13 frames.
S_S19_W_muowi_08 
LOG (gmm-latgen-faster[5.5.1023~1-d673]:DecodeUtteranceLatticeFaster():decoder-wrappers.cc:375) Log-like per frame for utterance S_S19_W_muowi_08 is -10.2121 over 15 frames.
S_S19_W_muowi_09 
LOG (gmm-latgen-faster[5.5.1023~1-d673]:DecodeUtteranceLatticeFaster():decoder-wrappers.cc:375) Log-like per frame for utterance S_S19_W_muowi_09 is -9.20767 over 13 frames.
S_S19_W_muowi_10 
LOG (gmm-latgen-faster[5.5.1023~1-d673]:DecodeUtteranceLatticeFaster():decoder-wrappers.cc:375) Log-like per frame for utterance S_S19_W_muowi_10 is -10.6184 over 13 frames.
S_S19_W_muowi_11 mươi 
LOG (gmm-latgen-faster[5.5.1023~1-d673]:DecodeUtteranceLatticeFaster():decoder-wrappers.cc:375) Log-like per frame for utterance S_S19_W_muowi_11 is -8.84632 over 20 frames.
S_S19_W_muowi_12 
LOG (gmm-latgen-faster[5.5.1023~1-d673]:DecodeUtteranceLatticeFaster():decoder-wrappers.cc:375) Log-like per frame for utterance S_S19_W_muowi_12 is -9.53263 over 20 frames.
S_S19_W_muowi_13 mươi 
LOG (gmm-latgen-faster[5.5.1023~1-d673]:DecodeUtteranceLatticeFaster():decoder-wrappers.cc:375) Log-like per frame for utterance S_S19_W_muowi_13 is -10.5076 over 16 frames.
S_S19_W_muowi_14 mươi 
LOG (gmm-latgen-faster[5.5.1023~1-d673]:DecodeUtteranceLatticeFaster():decoder-wrappers.cc:375) Log-like per frame for utterance S_S19_W_muowi_14 is -10.1162 over 15 frames.
S_S19_W_muowi_15 mươi 
LOG (gmm-latgen-faster[5.5.1023~1-d673]:DecodeUtteranceLatticeFaster():decoder-wrappers.cc:375) Log-like per frame for utterance S_S19_W_muowi_15 is -8.37056 over 21 frames.
S_S19_W_muowi_16 mươi 
LOG (gmm-latgen-faster[5.5.1023~1-d673]:DecodeUtteranceLatticeFaster():decoder-wrappers.cc:375) Log-like per frame for utterance S_S19_W_muowi_16 is -9.96318 over 18 frames.
S_S19_W_muowi_17 mươi 
LOG (gmm-latgen-faster[5.5.1023~1-d673]:DecodeUtteranceLatticeFaster():decoder-wrappers.cc:375) Log-like per frame for utterance S_S19_W_muowi_17 is -9.77816 over 12 frames.
S_S19_W_muowi_18 mươi 
LOG (gmm-latgen-faster[5.5.1023~1-d673]:DecodeUtteranceLatticeFaster():decoder-wrappers.cc:375) Log-like per frame for utterance S_S19_W_muowi_18 is -9.35423 over 25 frames.
S_S19_W_muowi_19 mươi 
LOG (gmm-latgen-faster[5.5.1023~1-d673]:DecodeUtteranceLatticeFaster():decoder-wrappers.cc:375) Log-like per frame for utterance S_S19_W_muowi_19 is -9.38328 over 15 frames.
S_S19_W_muowi_20 mươi 
LOG (gmm-latgen-faster[5.5.1023~1-d673]:DecodeUtteranceLatticeFaster():decoder-wrappers.cc:375) Log-like per frame for utterance S_S19_W_muowi_20 is -8.85242 over 27 frames.
S_S19_W_muowi_21 
LOG (gmm-latgen-faster[5.5.1023~1-d673]:DecodeUtteranceLatticeFaster():decoder-wrappers.cc:375) Log-like per frame for utterance S_S19_W_muowi_21 is -11.1714 over 10 frames.
S_S19_W_muowif_01 mươi 
LOG (gmm-latgen-faster[5.5.1023~1-d673]:DecodeUtteranceLatticeFaster():decoder-wrappers.cc:375) Log-like per frame for utterance S_S19_W_muowif_01 is -8.35333 over 32 frames.
S_S19_W_nawm_01 năm 
LOG (gmm-latgen-faster[5.5.1023~1-d673]:DecodeUtteranceLatticeFaster():decoder-wrappers.cc:375) Log-like per frame for utterance S_S19_W_nawm_01 is -9.25651 over 36 frames.
S_S19_W_nawm_02 năm 
LOG (gmm-latgen-faster[5.5.1023~1-d673]:DecodeUtteranceLatticeFaster():decoder-wrappers.cc:375) Log-like per frame for utterance S_S19_W_nawm_02 is -9.12728 over 25 frames.
S_S19_W_nawm_03 năm 
LOG (gmm-latgen-faster[5.5.1023~1-d673]:DecodeUtteranceLatticeFaster():decoder-wrappers.cc:375) Log-like per frame for utterance S_S19_W_nawm_03 is -8.88796 over 26 frames.
S_S19_W_saus_01 sáu 
LOG (gmm-latgen-faster[5.5.1023~1-d673]:DecodeUtteranceLatticeFaster():decoder-wrappers.cc:375) Log-like per frame for utterance S_S19_W_saus_01 is -8.99448 over 31 frames.
S_S19_W_saus_02 sáu một 
LOG (gmm-latgen-faster[5.5.1023~1-d673]:DecodeUtteranceLatticeFaster():decoder-wrappers.cc:375) Log-like per frame for utterance S_S19_W_saus_02 is -8.35838 over 42 frames.
S_S19_W_saus_03 sáu 
LOG (gmm-latgen-faster[5.5.1023~1-d673]:DecodeUtteranceLatticeFaster():decoder-wrappers.cc:375) Log-like per frame for utterance S_S19_W_saus_03 is -8.16302 over 41 frames.
S_S19_W_saus_04 sáu 
LOG (gmm-latgen-faster[5.5.1023~1-d673]:DecodeUtteranceLatticeFaster():decoder-wrappers.cc:375) Log-like per frame for utterance S_S19_W_saus_04 is -8.25744 over 44 frames.
S_S19_W_saus_05 sáu 
LOG (gmm-latgen-faster[5.5.1023~1-d673]:DecodeUtteranceLatticeFaster():decoder-wrappers.cc:375) Log-like per frame for utterance S_S19_W_saus_05 is -8.81744 over 47 frames.
S_S19_W_saus_06 sáu 
LOG (gmm-latgen-faster[5.5.1023~1-d673]:DecodeUtteranceLatticeFaster():decoder-wrappers.cc:375) Log-like per frame for utterance S_S19_W_saus_06 is -9.72783 over 24 frames.
S_S19_W_saus_07 sáu 
LOG (gmm-latgen-faster[5.5.1023~1-d673]:DecodeUtteranceLatticeFaster():decoder-wrappers.cc:375) Log-like per frame for utterance S_S19_W_saus_07 is -9.29766 over 24 frames.
S_S19_W_saus_08 
LOG (gmm-latgen-faster[5.5.1023~1-d673]:DecodeUtteranceLatticeFaster():decoder-wrappers.cc:375) Log-like per frame for utterance S_S19_W_saus_08 is -9.94202 over 23 frames.
S_S19_W_saus_09 sáu 
LOG (gmm-latgen-faster[5.5.1023~1-d673]:DecodeUtteranceLatticeFaster():decoder-wrappers.cc:375) Log-like per frame for utterance S_S19_W_saus_09 is -10.1667 over 15 frames.
S_S19_W_saus_10 sáu 
LOG (gmm-latgen-faster[5.5.1023~1-d673]:DecodeUtteranceLatticeFaster():decoder-wrappers.cc:375) Log-like per frame for utterance S_S19_W_saus_10 is -8.95168 over 28 frames.
S_S19_W_saus_11 sáu 
LOG (gmm-latgen-faster[5.5.1023~1-d673]:DecodeUtteranceLatticeFaster():decoder-wrappers.cc:375) Log-like per frame for utterance S_S19_W_saus_11 is -8.20514 over 36 frames.
S_S19_W_tams_01 tám 
LOG (gmm-latgen-faster[5.5.1023~1-d673]:DecodeUtteranceLatticeFaster():decoder-wrappers.cc:375) Log-like per frame for utterance S_S19_W_tams_01 is -9.67301 over 23 frames.
S_S19_W_tams_02 tám 
LOG (gmm-latgen-faster[5.5.1023~1-d673]:DecodeUtteranceLatticeFaster():decoder-wrappers.cc:375) Log-like per frame for utterance S_S19_W_tams_02 is -8.23107 over 33 frames.
S_S19_W_tams_03 
LOG (gmm-latgen-faster[5.5.1023~1-d673]:DecodeUtteranceLatticeFaster():decoder-wrappers.cc:375) Log-like per frame for utterance S_S19_W_tams_03 is -8.67743 over 22 frames.
S_S19_W_tams_04 
LOG (gmm-latgen-faster[5.5.1023~1-d673]:DecodeUtteranceLatticeFaster():decoder-wrappers.cc:375) Log-like per frame for utterance S_S19_W_tams_04 is -10.9576 over 18 frames.
S_S19_W_tams_05 
LOG (gmm-latgen-faster[5.5.1023~1-d673]:DecodeUtteranceLatticeFaster():decoder-wrappers.cc:375) Log-like per frame for utterance S_S19_W_tams_05 is -10.2718 over 18 frames.
S_S19_W_tams_06 
LOG (gmm-latgen-faster[5.5.1023~1-d673]:DecodeUtteranceLatticeFaster():decoder-wrappers.cc:375) Log-like per frame for utterance S_S19_W_tams_06 is -10.6074 over 17 frames.
S_S19_W_tams_07 
LOG (gmm-latgen-faster[5.5.1023~1-d673]:DecodeUtteranceLatticeFaster():decoder-wrappers.cc:375) Log-like per frame for utterance S_S19_W_tams_07 is -8.68018 over 19 frames.
S_S19_W_tams_08 năm 
LOG (gmm-latgen-faster[5.5.1023~1-d673]:DecodeUtteranceLatticeFaster():decoder-wrappers.cc:375) Log-like per frame for utterance S_S19_W_tams_08 is -9.13055 over 20 frames.
S_S19_W_trawm_01 
LOG (gmm-latgen-faster[5.5.1023~1-d673]:DecodeUtteranceLatticeFaster():decoder-wrappers.cc:375) Log-like per frame for utterance S_S19_W_trawm_01 is -10.4184 over 27 frames.
S_S19_W_trawm_02 
LOG (gmm-latgen-faster[5.5.1023~1-d673]:DecodeUtteranceLatticeFaster():decoder-wrappers.cc:375) Log-like per frame for utterance S_S19_W_trawm_02 is -9.19459 over 32 frames.
S_S19_W_trawm_03 
LOG (gmm-latgen-faster[5.5.1023~1-d673]:DecodeUtteranceLatticeFaster():decoder-wrappers.cc:375) Log-like per frame for utterance S_S19_W_trawm_03 is -9.7065 over 15 frames.
S_S19_W_trawm_04 
LOG (gmm-latgen-faster[5.5.1023~1-d673]:DecodeUtteranceLatticeFaster():decoder-wrappers.cc:375) Log-like per frame for utterance S_S19_W_trawm_04 is -11.2022 over 17 frames.
S_S19_W_trawm_05 chín 
LOG (gmm-latgen-faster[5.5.1023~1-d673]:DecodeUtteranceLatticeFaster():decoder-wrappers.cc:375) Log-like per frame for utterance S_S19_W_trawm_05 is -10.6694 over 32 frames.
S_S19_W_trawm_06 năm 
LOG (gmm-latgen-faster[5.5.1023~1-d673]:DecodeUtteranceLatticeFaster():decoder-wrappers.cc:375) Log-like per frame for utterance S_S19_W_trawm_06 is -9.17023 over 17 frames.
S_S19_W_trawm_07 
LOG (gmm-latgen-faster[5.5.1023~1-d673]:DecodeUtteranceLatticeFaster():decoder-wrappers.cc:375) Log-like per frame for utterance S_S19_W_trawm_07 is -9.56424 over 24 frames.
S_S19_W_trawm_08 
LOG (gmm-latgen-faster[5.5.1023~1-d673]:DecodeUtteranceLatticeFaster():decoder-wrappers.cc:375) Log-like per frame for utterance S_S19_W_trawm_08 is -10.5398 over 24 frames.
S_S19_W_trawm_09 
LOG (gmm-latgen-faster[5.5.1023~1-d673]:DecodeUtteranceLatticeFaster():decoder-wrappers.cc:375) Log-like per frame for utterance S_S19_W_trawm_09 is -12.0592 over 20 frames.
S_S19_W_trawm_10 
LOG (gmm-latgen-faster[5.5.1023~1-d673]:DecodeUtteranceLatticeFaster():decoder-wrappers.cc:375) Log-like per frame for utterance S_S19_W_trawm_10 is -10.5122 over 14 frames.
S_S19_W_trawm_11 năm 
LOG (gmm-latgen-faster[5.5.1023~1-d673]:DecodeUtteranceLatticeFaster():decoder-wrappers.cc:375) Log-like per frame for utterance S_S19_W_trawm_11 is -9.37156 over 20 frames.
S_S19_W_trawm_12 năm 
LOG (gmm-latgen-faster[5.5.1023~1-d673]:DecodeUtteranceLatticeFaster():decoder-wrappers.cc:375) Log-like per frame for utterance S_S19_W_trawm_12 is -10.1337 over 22 frames.
S_S19_W_trawm_13 năm 
LOG (gmm-latgen-faster[5.5.1023~1-d673]:DecodeUtteranceLatticeFaster():decoder-wrappers.cc:375) Log-like per frame for utterance S_S19_W_trawm_13 is -8.93619 over 23 frames.
S_S19_W_trawm_14 năm 
LOG (gmm-latgen-faster[5.5.1023~1-d673]:DecodeUtteranceLatticeFaster():decoder-wrappers.cc:375) Log-like per frame for utterance S_S19_W_trawm_14 is -10.0913 over 25 frames.
S_S19_W_trawm_15 
LOG (gmm-latgen-faster[5.5.1023~1-d673]:DecodeUtteranceLatticeFaster():decoder-wrappers.cc:375) Log-like per frame for utterance S_S19_W_trawm_15 is -10.0937 over 17 frames.
S_S19_W_trawm_16 
LOG (gmm-latgen-faster[5.5.1023~1-d673]:DecodeUtteranceLatticeFaster():decoder-wrappers.cc:375) Log-like per frame for utterance S_S19_W_trawm_16 is -11.2838 over 23 frames.
S_S19_W_trawm_17 
LOG (gmm-latgen-faster[5.5.1023~1-d673]:DecodeUtteranceLatticeFaster():decoder-wrappers.cc:375) Log-like per frame for utterance S_S19_W_trawm_17 is -9.87835 over 26 frames.
S_S19_W_trawm_18 
LOG (gmm-latgen-faster[5.5.1023~1-d673]:DecodeUtteranceLatticeFaster():decoder-wrappers.cc:375) Log-like per frame for utterance S_S19_W_trawm_18 is -9.78626 over 17 frames.
S_S19_W_trawm_19 năm 
LOG (gmm-latgen-faster[5.5.1023~1-d673]:DecodeUtteranceLatticeFaster():decoder-wrappers.cc:375) Log-like per frame for utterance S_S19_W_trawm_19 is -8.70574 over 17 frames.
S_S19_W_trawm_20 năm 
LOG (gmm-latgen-faster[5.5.1023~1-d673]:DecodeUtteranceLatticeFaster():decoder-wrappers.cc:375) Log-like per frame for utterance S_S19_W_trawm_20 is -9.62734 over 18 frames.
S_S19_W_trawm_21 sáu 
LOG (gmm-latgen-faster[5.5.1023~1-d673]:DecodeUtteranceLatticeFaster():decoder-wrappers.cc:375) Log-like per frame for utterance S_S19_W_trawm_21 is -9.67909 over 24 frames.
S_S19_W_trawm_22 năm 
LOG (gmm-latgen-faster[5.5.1023~1-d673]:DecodeUtteranceLatticeFaster():decoder-wrappers.cc:375) Log-like per frame for utterance S_S19_W_trawm_22 is -10.4827 over 17 frames.
S_S22_W_ba_01 bảy 
LOG (gmm-latgen-faster[5.5.1023~1-d673]:DecodeUtteranceLatticeFaster():decoder-wrappers.cc:375) Log-like per frame for utterance S_S22_W_ba_01 is -9.13907 over 10 frames.
S_S22_W_ba_02 tám 
LOG (gmm-latgen-faster[5.5.1023~1-d673]:DecodeUtteranceLatticeFaster():decoder-wrappers.cc:375) Log-like per frame for utterance S_S22_W_ba_02 is -8.467 over 27 frames.
S_S22_W_ba_03 
LOG (gmm-latgen-faster[5.5.1023~1-d673]:DecodeUtteranceLatticeFaster():decoder-wrappers.cc:375) Log-like per frame for utterance S_S22_W_ba_03 is -9.31129 over 9 frames.
S_S22_W_ba_04 tám 
LOG (gmm-latgen-faster[5.5.1023~1-d673]:DecodeUtteranceLatticeFaster():decoder-wrappers.cc:375) Log-like per frame for utterance S_S22_W_ba_04 is -7.94268 over 27 frames.
S_S22_W_ba_05 ba 
LOG (gmm-latgen-faster[5.5.1023~1-d673]:DecodeUtteranceLatticeFaster():decoder-wrappers.cc:375) Log-like per frame for utterance S_S22_W_ba_05 is -8.39976 over 23 frames.
S_S22_W_ba_06 tám 
LOG (gmm-latgen-faster[5.5.1023~1-d673]:DecodeUtteranceLatticeFaster():decoder-wrappers.cc:375) Log-like per frame for utterance S_S22_W_ba_06 is -7.7863 over 28 frames.
S_S22_W_ba_07 
LOG (gmm-latgen-faster[5.5.1023~1-d673]:DecodeUtteranceLatticeFaster():decoder-wrappers.cc:375) Log-like per frame for utterance S_S22_W_ba_07 is -10.9507 over 11 frames.
S_S22_W_ba_08 
LOG (gmm-latgen-faster[5.5.1023~1-d673]:DecodeUtteranceLatticeFaster():decoder-wrappers.cc:375) Log-like per frame for utterance S_S22_W_ba_08 is -9.55997 over 5 frames.
S_S22_W_ba_09 
LOG (gmm-latgen-faster[5.5.1023~1-d673]:DecodeUtteranceLatticeFaster():decoder-wrappers.cc:375) Log-like per frame for utterance S_S22_W_ba_09 is -10.3836 over 13 frames.
S_S22_W_ba_10 tám 
LOG (gmm-latgen-faster[5.5.1023~1-d673]:DecodeUtteranceLatticeFaster():decoder-wrappers.cc:375) Log-like per frame for utterance S_S22_W_ba_10 is -8.10784 over 24 frames.
S_S22_W_ba_11 tám 
LOG (gmm-latgen-faster[5.5.1023~1-d673]:DecodeUtteranceLatticeFaster():decoder-wrappers.cc:375) Log-like per frame for utterance S_S22_W_ba_11 is -8.35019 over 26 frames.
S_S22_W_bayr_01 bảy 
LOG (gmm-latgen-faster[5.5.1023~1-d673]:DecodeUtteranceLatticeFaster():decoder-wrappers.cc:375) Log-like per frame for utterance S_S22_W_bayr_01 is -12.2626 over 12 frames.
S_S22_W_bayr_02 bảy 
LOG (gmm-latgen-faster[5.5.1023~1-d673]:DecodeUtteranceLatticeFaster():decoder-wrappers.cc:375) Log-like per frame for utterance S_S22_W_bayr_02 is -10.1825 over 18 frames.
S_S22_W_bayr_03 bảy 
LOG (gmm-latgen-faster[5.5.1023~1-d673]:DecodeUtteranceLatticeFaster():decoder-wrappers.cc:375) Log-like per frame for utterance S_S22_W_bayr_03 is -10.3205 over 8 frames.
S_S22_W_bayr_04 bảy 
LOG (gmm-latgen-faster[5.5.1023~1-d673]:DecodeUtteranceLatticeFaster():decoder-wrappers.cc:375) Log-like per frame for utterance S_S22_W_bayr_04 is -9.31691 over 9 frames.
S_S22_W_bayr_05 bảy 
LOG (gmm-latgen-faster[5.5.1023~1-d673]:DecodeUtteranceLatticeFaster():decoder-wrappers.cc:375) Log-like per frame for utterance S_S22_W_bayr_05 is -9.51427 over 26 frames.
S_S22_W_bayr_06 bảy 
LOG (gmm-latgen-faster[5.5.1023~1-d673]:DecodeUtteranceLatticeFaster():decoder-wrappers.cc:375) Log-like per frame for utterance S_S22_W_bayr_06 is -9.30108 over 29 frames.
S_S22_W_bayr_07 bảy 
LOG (gmm-latgen-faster[5.5.1023~1-d673]:DecodeUtteranceLatticeFaster():decoder-wrappers.cc:375) Log-like per frame for utterance S_S22_W_bayr_07 is -10.3351 over 25 frames.
S_S22_W_bayr_08 bảy 
LOG (gmm-latgen-faster[5.5.1023~1-d673]:DecodeUtteranceLatticeFaster():decoder-wrappers.cc:375) Log-like per frame for utterance S_S22_W_bayr_08 is -10.6984 over 16 frames.
S_S22_W_bayr_09 
LOG (gmm-latgen-faster[5.5.1023~1-d673]:DecodeUtteranceLatticeFaster():decoder-wrappers.cc:375) Log-like per frame for utterance S_S22_W_bayr_09 is -11.249 over 11 frames.
S_S22_W_boons_01 
LOG (gmm-latgen-faster[5.5.1023~1-d673]:DecodeUtteranceLatticeFaster():decoder-wrappers.cc:375) Log-like per frame for utterance S_S22_W_boons_01 is -10.0886 over 14 frames.
S_S22_W_boons_02 
LOG (gmm-latgen-faster[5.5.1023~1-d673]:DecodeUtteranceLatticeFaster():decoder-wrappers.cc:375) Log-like per frame for utterance S_S22_W_boons_02 is -10.9105 over 19 frames.
S_S22_W_chins_01 
LOG (gmm-latgen-faster[5.5.1023~1-d673]:DecodeUtteranceLatticeFaster():decoder-wrappers.cc:375) Log-like per frame for utterance S_S22_W_chins_01 is -10.9298 over 21 frames.
S_S22_W_chins_02 chín 
LOG (gmm-latgen-faster[5.5.1023~1-d673]:DecodeUtteranceLatticeFaster():decoder-wrappers.cc:375) Log-like per frame for utterance S_S22_W_chins_02 is -11.6536 over 14 frames.
S_S22_W_chins_03 chín 
LOG (gmm-latgen-faster[5.5.1023~1-d673]:DecodeUtteranceLatticeFaster():decoder-wrappers.cc:375) Log-like per frame for utterance S_S22_W_chins_03 is -10.7865 over 18 frames.
S_S22_W_chins_04 
LOG (gmm-latgen-faster[5.5.1023~1-d673]:DecodeUtteranceLatticeFaster():decoder-wrappers.cc:375) Log-like per frame for utterance S_S22_W_chins_04 is -12.3319 over 10 frames.
S_S22_W_hai_01 tám 
LOG (gmm-latgen-faster[5.5.1023~1-d673]:DecodeUtteranceLatticeFaster():decoder-wrappers.cc:375) Log-like per frame for utterance S_S22_W_hai_01 is -9.12211 over 56 frames.
LOG (apply-cmvn[5.5.1023~1-d673]:main():apply-cmvn.cc:162) Applied cepstral mean normalization to 333 utterances, errors on 0
S_S22_W_hai_02 bảy 
LOG (gmm-latgen-faster[5.5.1023~1-d673]:DecodeUtteranceLatticeFaster():decoder-wrappers.cc:375) Log-like per frame for utterance S_S22_W_hai_02 is -8.4045 over 35 frames.
S_S22_W_hai_03 
LOG (gmm-latgen-faster[5.5.1023~1-d673]:DecodeUtteranceLatticeFaster():decoder-wrappers.cc:375) Log-like per frame for utterance S_S22_W_hai_03 is -10.0658 over 19 frames.
S_S22_W_hai_04 
LOG (gmm-latgen-faster[5.5.1023~1-d673]:DecodeUtteranceLatticeFaster():decoder-wrappers.cc:375) Log-like per frame for utterance S_S22_W_hai_04 is -10.006 over 15 frames.
S_S22_W_hai_05 bảy 
LOG (gmm-latgen-faster[5.5.1023~1-d673]:DecodeUtteranceLatticeFaster():decoder-wrappers.cc:375) Log-like per frame for utterance S_S22_W_hai_05 is -8.83909 over 35 frames.
S_S22_W_hai_06 
LOG (gmm-latgen-faster[5.5.1023~1-d673]:DecodeUtteranceLatticeFaster():decoder-wrappers.cc:375) Log-like per frame for utterance S_S22_W_hai_06 is -10.1427 over 16 frames.
S_S22_W_hai_07 hai 
LOG (gmm-latgen-faster[5.5.1023~1-d673]:DecodeUtteranceLatticeFaster():decoder-wrappers.cc:375) Log-like per frame for utterance S_S22_W_hai_07 is -8.78343 over 32 frames.
S_S22_W_hai_08 bảy 
LOG (gmm-latgen-faster[5.5.1023~1-d673]:DecodeUtteranceLatticeFaster():decoder-wrappers.cc:375) Log-like per frame for utterance S_S22_W_hai_08 is -8.84275 over 30 frames.
S_S22_W_hai_09 
LOG (gmm-latgen-faster[5.5.1023~1-d673]:DecodeUtteranceLatticeFaster():decoder-wrappers.cc:375) Log-like per frame for utterance S_S22_W_hai_09 is -10.1198 over 19 frames.
S_S22_W_hai_10 
LOG (gmm-latgen-faster[5.5.1023~1-d673]:DecodeUtteranceLatticeFaster():decoder-wrappers.cc:375) Log-like per frame for utterance S_S22_W_hai_10 is -10.3463 over 18 frames.
S_S22_W_lawm_01 một 
LOG (gmm-latgen-faster[5.5.1023~1-d673]:DecodeUtteranceLatticeFaster():decoder-wrappers.cc:375) Log-like per frame for utterance S_S22_W_lawm_01 is -9.51501 over 28 frames.
S_S22_W_ler_01 
LOG (gmm-latgen-faster[5.5.1023~1-d673]:DecodeUtteranceLatticeFaster():decoder-wrappers.cc:375) Log-like per frame for utterance S_S22_W_ler_01 is -9.88305 over 18 frames.
S_S22_W_mootj_01 một 
LOG (gmm-latgen-faster[5.5.1023~1-d673]:DecodeUtteranceLatticeFaster():decoder-wrappers.cc:375) Log-like per frame for utterance S_S22_W_mootj_01 is -11.0665 over 20 frames.
S_S22_W_mootj_02 
LOG (gmm-latgen-faster[5.5.1023~1-d673]:DecodeUtteranceLatticeFaster():decoder-wrappers.cc:375) Log-like per frame for utterance S_S22_W_mootj_02 is -11.2346 over 14 frames.
S_S22_W_mootj_03 
LOG (gmm-latgen-faster[5.5.1023~1-d673]:DecodeUtteranceLatticeFaster():decoder-wrappers.cc:375) Log-like per frame for utterance S_S22_W_mootj_03 is -11.066 over 6 frames.
S_S22_W_mootj_04 
LOG (gmm-latgen-faster[5.5.1023~1-d673]:DecodeUtteranceLatticeFaster():decoder-wrappers.cc:375) Log-like per frame for utterance S_S22_W_mootj_04 is -11.4464 over 7 frames.
S_S22_W_mootj_05 
LOG (gmm-latgen-faster[5.5.1023~1-d673]:DecodeUtteranceLatticeFaster():decoder-wrappers.cc:375) Log-like per frame for utterance S_S22_W_mootj_05 is -11.2523 over 13 frames.
S_S22_W_mootj_06 
LOG (gmm-latgen-faster[5.5.1023~1-d673]:DecodeUtteranceLatticeFaster():decoder-wrappers.cc:375) Log-like per frame for utterance S_S22_W_mootj_06 is -10.6154 over 18 frames.
S_S22_W_moots_01 một 
LOG (gmm-latgen-faster[5.5.1023~1-d673]:DecodeUtteranceLatticeFaster():decoder-wrappers.cc:375) Log-like per frame for utterance S_S22_W_moots_01 is -9.80898 over 22 frames.
S_S22_W_muowi_01 mươi 
LOG (gmm-latgen-faster[5.5.1023~1-d673]:DecodeUtteranceLatticeFaster():decoder-wrappers.cc:375) Log-like per frame for utterance S_S22_W_muowi_01 is -10.5204 over 20 frames.
S_S22_W_muowi_02 mươi 
LOG (gmm-latgen-faster[5.5.1023~1-d673]:DecodeUtteranceLatticeFaster():decoder-wrappers.cc:375) Log-like per frame for utterance S_S22_W_muowi_02 is -10.3831 over 18 frames.
S_S22_W_muowi_03 mươi 
LOG (gmm-latgen-faster[5.5.1023~1-d673]:DecodeUtteranceLatticeFaster():decoder-wrappers.cc:375) Log-like per frame for utterance S_S22_W_muowi_03 is -9.93745 over 20 frames.
S_S22_W_muowi_04 
LOG (gmm-latgen-faster[5.5.1023~1-d673]:DecodeUtteranceLatticeFaster():decoder-wrappers.cc:375) Log-like per frame for utterance S_S22_W_muowi_04 is -11.2186 over 16 frames.
S_S22_W_muowi_05 
LOG (gmm-latgen-faster[5.5.1023~1-d673]:DecodeUtteranceLatticeFaster():decoder-wrappers.cc:375) Log-like per frame for utterance S_S22_W_muowi_05 is -10.7949 over 9 frames.
S_S22_W_muowi_06 
LOG (gmm-latgen-faster[5.5.1023~1-d673]:DecodeUtteranceLatticeFaster():decoder-wrappers.cc:375) Log-like per frame for utterance S_S22_W_muowi_06 is -9.50184 over 12 frames.
S_S22_W_muowi_07 
LOG (gmm-latgen-faster[5.5.1023~1-d673]:DecodeUtteranceLatticeFaster():decoder-wrappers.cc:375) Log-like per frame for utterance S_S22_W_muowi_07 is -11.1141 over 18 frames.
S_S22_W_muowi_08 
LOG (gmm-latgen-faster[5.5.1023~1-d673]:DecodeUtteranceLatticeFaster():decoder-wrappers.cc:375) Log-like per frame for utterance S_S22_W_muowi_08 is -10.5214 over 15 frames.
S_S22_W_muowi_09 mươi 
LOG (gmm-latgen-faster[5.5.1023~1-d673]:DecodeUtteranceLatticeFaster():decoder-wrappers.cc:375) Log-like per frame for utterance S_S22_W_muowi_09 is -10.5559 over 18 frames.
S_S22_W_muowi_10 
LOG (gmm-latgen-faster[5.5.1023~1-d673]:DecodeUtteranceLatticeFaster():decoder-wrappers.cc:375) Log-like per frame for utterance S_S22_W_muowi_10 is -12.9409 over 12 frames.
S_S22_W_muowi_11 
LOG (gmm-latgen-faster[5.5.1023~1-d673]:DecodeUtteranceLatticeFaster():decoder-wrappers.cc:375) Log-like per frame for utterance S_S22_W_muowi_11 is -11.1135 over 18 frames.
S_S22_W_muowi_12 
LOG (gmm-latgen-faster[5.5.1023~1-d673]:DecodeUtteranceLatticeFaster():decoder-wrappers.cc:375) Log-like per frame for utterance S_S22_W_muowi_12 is -11.1816 over 17 frames.
S_S22_W_muowi_13 
LOG (gmm-latgen-faster[5.5.1023~1-d673]:DecodeUtteranceLatticeFaster():decoder-wrappers.cc:375) Log-like per frame for utterance S_S22_W_muowi_13 is -10.9644 over 18 frames.
S_S22_W_muowi_14 
LOG (gmm-latgen-faster[5.5.1023~1-d673]:DecodeUtteranceLatticeFaster():decoder-wrappers.cc:375) Log-like per frame for utterance S_S22_W_muowi_14 is -12.4111 over 10 frames.
S_S22_W_muowi_15 
LOG (gmm-latgen-faster[5.5.1023~1-d673]:DecodeUtteranceLatticeFaster():decoder-wrappers.cc:375) Log-like per frame for utterance S_S22_W_muowi_15 is -10.2412 over 18 frames.
S_S22_W_muowi_16 mươi 
LOG (gmm-latgen-faster[5.5.1023~1-d673]:DecodeUtteranceLatticeFaster():decoder-wrappers.cc:375) Log-like per frame for utterance S_S22_W_muowi_16 is -10.0604 over 14 frames.
S_S22_W_muowi_17 mươi 
LOG (gmm-latgen-faster[5.5.1023~1-d673]:DecodeUtteranceLatticeFaster():decoder-wrappers.cc:375) Log-like per frame for utterance S_S22_W_muowi_17 is -10.788 over 16 frames.
S_S22_W_muowi_18 
LOG (gmm-latgen-faster[5.5.1023~1-d673]:DecodeUtteranceLatticeFaster():decoder-wrappers.cc:375) Log-like per frame for utterance S_S22_W_muowi_18 is -11.3142 over 17 frames.
S_S22_W_muowi_19 
LOG (gmm-latgen-faster[5.5.1023~1-d673]:DecodeUtteranceLatticeFaster():decoder-wrappers.cc:375) Log-like per frame for utterance S_S22_W_muowi_19 is -11.3107 over 14 frames.
S_S22_W_muowi_20 một 
LOG (gmm-latgen-faster[5.5.1023~1-d673]:DecodeUtteranceLatticeFaster():decoder-wrappers.cc:375) Log-like per frame for utterance S_S22_W_muowi_20 is -9.82756 over 26 frames.
S_S22_W_muowi_21 
LOG (gmm-latgen-faster[5.5.1023~1-d673]:DecodeUtteranceLatticeFaster():decoder-wrappers.cc:375) Log-like per frame for utterance S_S22_W_muowi_21 is -10.9771 over 8 frames.
S_S22_W_muowif_01 mươi 
LOG (gmm-latgen-faster[5.5.1023~1-d673]:DecodeUtteranceLatticeFaster():decoder-wrappers.cc:375) Log-like per frame for utterance S_S22_W_muowif_01 is -9.29775 over 26 frames.
S_S22_W_nawm_01 năm 
LOG (gmm-latgen-faster[5.5.1023~1-d673]:DecodeUtteranceLatticeFaster():decoder-wrappers.cc:375) Log-like per frame for utterance S_S22_W_nawm_01 is -11.0027 over 20 frames.
S_S22_W_nawm_02 năm 
LOG (gmm-latgen-faster[5.5.1023~1-d673]:DecodeUtteranceLatticeFaster():decoder-wrappers.cc:375) Log-like per frame for utterance S_S22_W_nawm_02 is -10.4539 over 16 frames.
S_S22_W_nawm_03 
LOG (gmm-latgen-faster[5.5.1023~1-d673]:DecodeUtteranceLatticeFaster():decoder-wrappers.cc:375) Log-like per frame for utterance S_S22_W_nawm_03 is -11.0098 over 15 frames.
S_S22_W_saus_01 sáu 
LOG (gmm-latgen-faster[5.5.1023~1-d673]:DecodeUtteranceLatticeFaster():decoder-wrappers.cc:375) Log-like per frame for utterance S_S22_W_saus_01 is -10.449 over 36 frames.
S_S22_W_saus_02 sáu 
LOG (gmm-latgen-faster[5.5.1023~1-d673]:DecodeUtteranceLatticeFaster():decoder-wrappers.cc:375) Log-like per frame for utterance S_S22_W_saus_02 is -9.79882 over 43 frames.
S_S22_W_saus_03 sáu 
LOG (gmm-latgen-faster[5.5.1023~1-d673]:DecodeUtteranceLatticeFaster():decoder-wrappers.cc:375) Log-like per frame for utterance S_S22_W_saus_03 is -9.93715 over 34 frames.
S_S22_W_saus_04 sáu 
LOG (gmm-latgen-faster[5.5.1023~1-d673]:DecodeUtteranceLatticeFaster():decoder-wrappers.cc:375) Log-like per frame for utterance S_S22_W_saus_04 is -9.59861 over 34 frames.
S_S22_W_saus_05 sáu 
LOG (gmm-latgen-faster[5.5.1023~1-d673]:DecodeUtteranceLatticeFaster():decoder-wrappers.cc:375) Log-like per frame for utterance S_S22_W_saus_05 is -9.20587 over 33 frames.
S_S22_W_saus_06 
LOG (gmm-latgen-faster[5.5.1023~1-d673]:DecodeUtteranceLatticeFaster():decoder-wrappers.cc:375) Log-like per frame for utterance S_S22_W_saus_06 is -11.9065 over 18 frames.
S_S22_W_saus_07 
LOG (gmm-latgen-faster[5.5.1023~1-d673]:DecodeUtteranceLatticeFaster():decoder-wrappers.cc:375) Log-like per frame for utterance S_S22_W_saus_07 is -10.8836 over 21 frames.
S_S22_W_saus_08 
LOG (gmm-latgen-faster[5.5.1023~1-d673]:DecodeUtteranceLatticeFaster():decoder-wrappers.cc:375) Log-like per frame for utterance S_S22_W_saus_08 is -10.2366 over 22 frames.
S_S22_W_saus_09 
LOG (gmm-latgen-faster[5.5.1023~1-d673]:DecodeUtteranceLatticeFaster():decoder-wrappers.cc:375) Log-like per frame for utterance S_S22_W_saus_09 is -12.2955 over 14 frames.
S_S22_W_saus_10 
LOG (gmm-latgen-faster[5.5.1023~1-d673]:DecodeUtteranceLatticeFaster():decoder-wrappers.cc:375) Log-like per frame for utterance S_S22_W_saus_10 is -11.4226 over 17 frames.
S_S22_W_saus_11 tám 
LOG (gmm-latgen-faster[5.5.1023~1-d673]:DecodeUtteranceLatticeFaster():decoder-wrappers.cc:375) Log-like per frame for utterance S_S22_W_saus_11 is -9.99984 over 27 frames.
S_S22_W_tams_01 tám 
LOG (gmm-latgen-faster[5.5.1023~1-d673]:DecodeUtteranceLatticeFaster():decoder-wrappers.cc:375) Log-like per frame for utterance S_S22_W_tams_01 is -9.28814 over 20 frames.
S_S22_W_tams_02 tám 
LOG (gmm-latgen-faster[5.5.1023~1-d673]:DecodeUtteranceLatticeFaster():decoder-wrappers.cc:375) Log-like per frame for utterance S_S22_W_tams_02 is -8.47959 over 31 frames.
S_S22_W_tams_03 
LOG (gmm-latgen-faster[5.5.1023~1-d673]:DecodeUtteranceLatticeFaster():decoder-wrappers.cc:375) Log-like per frame for utterance S_S22_W_tams_03 is -9.60903 over 22 frames.
S_S22_W_tams_04 
LOG (gmm-latgen-faster[5.5.1023~1-d673]:DecodeUtteranceLatticeFaster():decoder-wrappers.cc:375) Log-like per frame for utterance S_S22_W_tams_04 is -10.3273 over 19 frames.
S_S22_W_tams_05 
LOG (gmm-latgen-faster[5.5.1023~1-d673]:DecodeUtteranceLatticeFaster():decoder-wrappers.cc:375) Log-like per frame for utterance S_S22_W_tams_05 is -9.59429 over 13 frames.
S_S22_W_tams_06 
LOG (gmm-latgen-faster[5.5.1023~1-d673]:DecodeUtteranceLatticeFaster():decoder-wrappers.cc:375) Log-like per frame for utterance S_S22_W_tams_06 is -9.18369 over 11 frames.
S_S22_W_tams_07 
LOG (gmm-latgen-faster[5.5.1023~1-d673]:DecodeUtteranceLatticeFaster():decoder-wrappers.cc:375) Log-like per frame for utterance S_S22_W_tams_07 is -10.3193 over 16 frames.
S_S22_W_tams_08 
LOG (gmm-latgen-faster[5.5.1023~1-d673]:DecodeUtteranceLatticeFaster():decoder-wrappers.cc:375) Log-like per frame for utterance S_S22_W_tams_08 is -9.37233 over 13 frames.
S_S22_W_trawm_01 tám 
LOG (gmm-latgen-faster[5.5.1023~1-d673]:DecodeUtteranceLatticeFaster():decoder-wrappers.cc:375) Log-like per frame for utterance S_S22_W_trawm_01 is -10.7375 over 43 frames.
S_S22_W_trawm_02 
LOG (gmm-latgen-faster[5.5.1023~1-d673]:DecodeUtteranceLatticeFaster():decoder-wrappers.cc:375) Log-like per frame for utterance S_S22_W_trawm_02 is -10.6252 over 26 frames.
S_S22_W_trawm_03 một 
LOG (gmm-latgen-faster[5.5.1023~1-d673]:DecodeUtteranceLatticeFaster():decoder-wrappers.cc:375) Log-like per frame for utterance S_S22_W_trawm_03 is -10.6301 over 25 frames.
S_S22_W_trawm_04 
LOG (gmm-latgen-faster[5.5.1023~1-d673]:DecodeUtteranceLatticeFaster():decoder-wrappers.cc:375) Log-like per frame for utterance S_S22_W_trawm_04 is -10.387 over 20 frames.
S_S22_W_trawm_05 
LOG (gmm-latgen-faster[5.5.1023~1-d673]:DecodeUtteranceLatticeFaster():decoder-wrappers.cc:375) Log-like per frame for utterance S_S22_W_trawm_05 is -10.5903 over 18 frames.
S_S22_W_trawm_06 một 
LOG (gmm-latgen-faster[5.5.1023~1-d673]:DecodeUtteranceLatticeFaster():decoder-wrappers.cc:375) Log-like per frame for utterance S_S22_W_trawm_06 is -9.96437 over 22 frames.
S_S22_W_trawm_07 
LOG (gmm-latgen-faster[5.5.1023~1-d673]:DecodeUtteranceLatticeFaster():decoder-wrappers.cc:375) Log-like per frame for utterance S_S22_W_trawm_07 is -10.5066 over 17 frames.
S_S22_W_trawm_08 
LOG (gmm-latgen-faster[5.5.1023~1-d673]:DecodeUtteranceLatticeFaster():decoder-wrappers.cc:375) Log-like per frame for utterance S_S22_W_trawm_08 is -10.2553 over 17 frames.
S_S22_W_trawm_09 
LOG (gmm-latgen-faster[5.5.1023~1-d673]:DecodeUtteranceLatticeFaster():decoder-wrappers.cc:375) Log-like per frame for utterance S_S22_W_trawm_09 is -10.0144 over 19 frames.
S_S22_W_trawm_10 
LOG (gmm-latgen-faster[5.5.1023~1-d673]:DecodeUtteranceLatticeFaster():decoder-wrappers.cc:375) Log-like per frame for utterance S_S22_W_trawm_10 is -9.72007 over 11 frames.
S_S22_W_trawm_11 
LOG (gmm-latgen-faster[5.5.1023~1-d673]:DecodeUtteranceLatticeFaster():decoder-wrappers.cc:375) Log-like per frame for utterance S_S22_W_trawm_11 is -9.9224 over 20 frames.
S_S22_W_trawm_12 
LOG (gmm-latgen-faster[5.5.1023~1-d673]:DecodeUtteranceLatticeFaster():decoder-wrappers.cc:375) Log-like per frame for utterance S_S22_W_trawm_12 is -10.1918 over 16 frames.
S_S22_W_trawm_13 
LOG (gmm-latgen-faster[5.5.1023~1-d673]:DecodeUtteranceLatticeFaster():decoder-wrappers.cc:375) Log-like per frame for utterance S_S22_W_trawm_13 is -9.31143 over 16 frames.
S_S22_W_trawm_14 
LOG (gmm-latgen-faster[5.5.1023~1-d673]:DecodeUtteranceLatticeFaster():decoder-wrappers.cc:375) Log-like per frame for utterance S_S22_W_trawm_14 is -10.3398 over 16 frames.
S_S22_W_trawm_15 
LOG (gmm-latgen-faster[5.5.1023~1-d673]:DecodeUtteranceLatticeFaster():decoder-wrappers.cc:375) Log-like per frame for utterance S_S22_W_trawm_15 is -11.3951 over 14 frames.
S_S22_W_trawm_16 
LOG (gmm-latgen-faster[5.5.1023~1-d673]:DecodeUtteranceLatticeFaster():decoder-wrappers.cc:375) Log-like per frame for utterance S_S22_W_trawm_16 is -10.0153 over 20 frames.
S_S22_W_trawm_17 
LOG (gmm-latgen-faster[5.5.1023~1-d673]:DecodeUtteranceLatticeFaster():decoder-wrappers.cc:375) Log-like per frame for utterance S_S22_W_trawm_17 is -11.5954 over 11 frames.
S_S22_W_trawm_18 
LOG (gmm-latgen-faster[5.5.1023~1-d673]:DecodeUtteranceLatticeFaster():decoder-wrappers.cc:375) Log-like per frame for utterance S_S22_W_trawm_18 is -10.0515 over 16 frames.
S_S22_W_trawm_19 
LOG (gmm-latgen-faster[5.5.1023~1-d673]:DecodeUtteranceLatticeFaster():decoder-wrappers.cc:375) Log-like per frame for utterance S_S22_W_trawm_19 is -10.5828 over 17 frames.
S_S22_W_trawm_20 
LOG (gmm-latgen-faster[5.5.1023~1-d673]:DecodeUtteranceLatticeFaster():decoder-wrappers.cc:375) Log-like per frame for utterance S_S22_W_trawm_20 is -11.0683 over 11 frames.
S_S22_W_trawm_21 
LOG (gmm-latgen-faster[5.5.1023~1-d673]:DecodeUtteranceLatticeFaster():decoder-wrappers.cc:375) Log-like per frame for utterance S_S22_W_trawm_21 is -11.2884 over 12 frames.
S_S22_W_trawm_22 
LOG (gmm-latgen-faster[5.5.1023~1-d673]:DecodeUtteranceLatticeFaster():decoder-wrappers.cc:375) Log-like per frame for utterance S_S22_W_trawm_22 is -11.9617 over 15 frames.
LOG (gmm-latgen-faster[5.5.1023~1-d673]:main():gmm-latgen-faster.cc:176) Time taken 0.875614s: real-time factor assuming 100 frames/sec is 0.0119898
LOG (gmm-latgen-faster[5.5.1023~1-d673]:main():gmm-latgen-faster.cc:179) Done 333 utterances, failed for 0
LOG (gmm-latgen-faster[5.5.1023~1-d673]:main():gmm-latgen-faster.cc:181) Overall log-likelihood per frame is -9.55749 over 7303 frames.
# Accounting: time=1 threads=1
# Ended (code 0) at Thứ ba, 17 Tháng 5 năm 2022 11:04:28 +07, elapsed time 1 seconds
