# lattice-best-path --lm-scale=10 --word-symbol-table=exp/mono/graph/words.txt "ark:gunzip -c exp/mono/decode/lat.*.gz|" ark,t:exp/mono/decode/scoring/10.tra 
# Started at Thứ ba, 17 Tháng 5 năm 2022 11:04:29 +07
#
lattice-best-path --lm-scale=10 --word-symbol-table=exp/mono/graph/words.txt 'ark:gunzip -c exp/mono/decode/lat.*.gz|' ark,t:exp/mono/decode/scoring/10.tra 
LOG (lattice-best-path[5.5.1023~1-d673]:main():lattice-best-path.cc:99) For utterance S_S17_W_ba_01, best cost 84.4942 + 1446.15 = 1530.64 over 14 frames.
S_S17_W_ba_01 bảy 
LOG (lattice-best-path[5.5.1023~1-d673]:main():lattice-best-path.cc:99) For utterance S_S17_W_ba_02, best cost 88.7149 + 3475.09 = 3563.81 over 35 frames.
S_S17_W_ba_02 bảy 
LOG (lattice-best-path[5.5.1023~1-d673]:main():lattice-best-path.cc:99) For utterance S_S17_W_ba_03, best cost 48.7351 + 1918.44 = 1967.17 over 17 frames.
S_S17_W_ba_03 
LOG (lattice-best-path[5.5.1023~1-d673]:main():lattice-best-path.cc:99) For utterance S_S17_W_ba_04, best cost 86.1116 + 2238.98 = 2325.09 over 23 frames.
S_S17_W_ba_04 bảy 
LOG (lattice-best-path[5.5.1023~1-d673]:main():lattice-best-path.cc:99) For utterance S_S17_W_ba_05, best cost 92.9814 + 3473.44 = 3566.42 over 37 frames.
S_S17_W_ba_05 bảy 
LOG (lattice-best-path[5.5.1023~1-d673]:main():lattice-best-path.cc:99) For utterance S_S17_W_ba_06, best cost 97.1163 + 3370.84 = 3467.96 over 39 frames.
S_S17_W_ba_06 bảy 
LOG (lattice-best-path[5.5.1023~1-d673]:main():lattice-best-path.cc:99) For utterance S_S17_W_ba_07, best cost 51.1864 + 2399.57 = 2450.75 over 21 frames.
S_S17_W_ba_07 
LOG (lattice-best-path[5.5.1023~1-d673]:main():lattice-best-path.cc:99) For utterance S_S17_W_ba_08, best cost 47.5958 + 1477.57 = 1525.16 over 14 frames.
S_S17_W_ba_08 
LOG (lattice-best-path[5.5.1023~1-d673]:main():lattice-best-path.cc:99) For utterance S_S17_W_ba_09, best cost 49.1185 + 1979.7 = 2028.82 over 17 frames.
S_S17_W_ba_09 
LOG (lattice-best-path[5.5.1023~1-d673]:main():lattice-best-path.cc:99) For utterance S_S17_W_ba_10, best cost 94.9268 + 3996.78 = 4091.71 over 41 frames.
S_S17_W_ba_10 tám 
LOG (lattice-best-path[5.5.1023~1-d673]:main():lattice-best-path.cc:99) For utterance S_S17_W_ba_11, best cost 88.2151 + 2991.86 = 3080.07 over 34 frames.
S_S17_W_ba_11 tám 
LOG (lattice-best-path[5.5.1023~1-d673]:main():lattice-best-path.cc:99) For utterance S_S17_W_bayr_01, best cost 81.5426 + 2171.09 = 2252.63 over 19 frames.
S_S17_W_bayr_01 bảy 
LOG (lattice-best-path[5.5.1023~1-d673]:main():lattice-best-path.cc:99) For utterance S_S17_W_bayr_02, best cost 81.7327 + 2391.84 = 2473.58 over 20 frames.
S_S17_W_bayr_02 bảy 
LOG (lattice-best-path[5.5.1023~1-d673]:main():lattice-best-path.cc:99) For utterance S_S17_W_bayr_03, best cost 81.1468 + 2423.78 = 2504.93 over 21 frames.
S_S17_W_bayr_03 bảy 
LOG (lattice-best-path[5.5.1023~1-d673]:main():lattice-best-path.cc:99) For utterance S_S17_W_bayr_04, best cost 81.3815 + 2306.46 = 2387.84 over 19 frames.
S_S17_W_bayr_04 bảy 
LOG (lattice-best-path[5.5.1023~1-d673]:main():lattice-best-path.cc:99) For utterance S_S17_W_bayr_05, best cost 53.9292 + 2781.99 = 2835.92 over 25 frames.
S_S17_W_bayr_05 
LOG (lattice-best-path[5.5.1023~1-d673]:main():lattice-best-path.cc:99) For utterance S_S17_W_bayr_06, best cost 83.4944 + 3656.92 = 3740.41 over 32 frames.
S_S17_W_bayr_06 bảy 
LOG (lattice-best-path[5.5.1023~1-d673]:main():lattice-best-path.cc:99) For utterance S_S17_W_bayr_07, best cost 91.8996 + 3526.03 = 3617.92 over 32 frames.
S_S17_W_bayr_07 bảy 
LOG (lattice-best-path[5.5.1023~1-d673]:main():lattice-best-path.cc:99) For utterance S_S17_W_bayr_08, best cost 52.2781 + 2792.6 = 2844.87 over 22 frames.
S_S17_W_bayr_08 
LOG (lattice-best-path[5.5.1023~1-d673]:main():lattice-best-path.cc:99) For utterance S_S17_W_bayr_09, best cost 85.42 + 1627.06 = 1712.48 over 15 frames.
S_S17_W_bayr_09 bảy 
LOG (lattice-best-path[5.5.1023~1-d673]:main():lattice-best-path.cc:99) For utterance S_S17_W_boons_01, best cost 83.5572 + 1405.16 = 1488.72 over 14 frames.
S_S17_W_boons_01 một 
LOG (lattice-best-path[5.5.1023~1-d673]:main():lattice-best-path.cc:99) For utterance S_S17_W_boons_02, best cost 87.9132 + 2635 = 2722.92 over 23 frames.
S_S17_W_boons_02 một 
LOG (lattice-best-path[5.5.1023~1-d673]:main():lattice-best-path.cc:99) For utterance S_S17_W_chins_01, best cost 94.0293 + 3324.84 = 3418.87 over 27 frames.
S_S17_W_chins_01 chín 
LOG (lattice-best-path[5.5.1023~1-d673]:main():lattice-best-path.cc:99) For utterance S_S17_W_chins_02, best cost 87.2963 + 2499.27 = 2586.56 over 19 frames.
S_S17_W_chins_02 chín 
LOG (lattice-best-path[5.5.1023~1-d673]:main():lattice-best-path.cc:99) For utterance S_S17_W_chins_03, best cost 87.4539 + 2501.88 = 2589.34 over 21 frames.
S_S17_W_chins_03 chín 
LOG (lattice-best-path[5.5.1023~1-d673]:main():lattice-best-path.cc:99) For utterance S_S17_W_chins_04, best cost 87.0375 + 1926.29 = 2013.33 over 16 frames.
S_S17_W_chins_04 chín 
LOG (lattice-best-path[5.5.1023~1-d673]:main():lattice-best-path.cc:99) For utterance S_S17_W_hai_01, best cost 102.771 + 4647.28 = 4750.05 over 49 frames.
S_S17_W_hai_01 tám 
LOG (lattice-best-path[5.5.1023~1-d673]:main():lattice-best-path.cc:99) For utterance S_S17_W_hai_02, best cost 51.5863 + 2651.32 = 2702.9 over 27 frames.
S_S17_W_hai_02 
LOG (lattice-best-path[5.5.1023~1-d673]:main():lattice-best-path.cc:99) For utterance S_S17_W_hai_03, best cost 48.4103 + 1681.03 = 1729.44 over 16 frames.
S_S17_W_hai_03 
LOG (lattice-best-path[5.5.1023~1-d673]:main():lattice-best-path.cc:99) For utterance S_S17_W_hai_04, best cost 43.8515 + 933.325 = 977.176 over 9 frames.
S_S17_W_hai_04 
LOG (lattice-best-path[5.5.1023~1-d673]:main():lattice-best-path.cc:99) For utterance S_S17_W_hai_05, best cost 102.409 + 4622.36 = 4724.77 over 50 frames.
S_S17_W_hai_05 bảy 
LOG (lattice-best-path[5.5.1023~1-d673]:main():lattice-best-path.cc:99) For utterance S_S17_W_hai_06, best cost 48.049 + 1637.33 = 1685.38 over 15 frames.
S_S17_W_hai_06 
LOG (lattice-best-path[5.5.1023~1-d673]:main():lattice-best-path.cc:99) For utterance S_S17_W_hai_07, best cost 99.4176 + 3499.75 = 3599.16 over 39 frames.
S_S17_W_hai_07 tám 
LOG (lattice-best-path[5.5.1023~1-d673]:main():lattice-best-path.cc:99) For utterance S_S17_W_hai_08, best cost 49.6025 + 2236.39 = 2286 over 25 frames.
S_S17_W_hai_08 
LOG (lattice-best-path[5.5.1023~1-d673]:main():lattice-best-path.cc:99) For utterance S_S17_W_hai_09, best cost 54.4917 + 2835.74 = 2890.23 over 26 frames.
S_S17_W_hai_09 
LOG (lattice-best-path[5.5.1023~1-d673]:main():lattice-best-path.cc:99) For utterance S_S17_W_hai_10, best cost 53.2735 + 2864.34 = 2917.62 over 25 frames.
S_S17_W_hai_10 
LOG (lattice-best-path[5.5.1023~1-d673]:main():lattice-best-path.cc:99) For utterance S_S17_W_lawm_01, best cost 104.454 + 4385.62 = 4490.08 over 43 frames.
S_S17_W_lawm_01 một 
LOG (lattice-best-path[5.5.1023~1-d673]:main():lattice-best-path.cc:99) For utterance S_S17_W_ler_01, best cost 52.9499 + 3022.26 = 3075.21 over 23 frames.
S_S17_W_ler_01 
LOG (lattice-best-path[5.5.1023~1-d673]:main():lattice-best-path.cc:99) For utterance S_S17_W_mootj_01, best cost 49.2833 + 2034.03 = 2083.31 over 17 frames.
S_S17_W_mootj_01 
LOG (lattice-best-path[5.5.1023~1-d673]:main():lattice-best-path.cc:99) For utterance S_S17_W_mootj_02, best cost 87.4874 + 1781.84 = 1869.33 over 16 frames.
S_S17_W_mootj_02 một 
LOG (lattice-best-path[5.5.1023~1-d673]:main():lattice-best-path.cc:99) For utterance S_S17_W_mootj_03, best cost 87.0888 + 2570.53 = 2657.62 over 22 frames.
S_S17_W_mootj_03 một 
LOG (lattice-best-path[5.5.1023~1-d673]:main():lattice-best-path.cc:99) For utterance S_S17_W_mootj_04, best cost 98.6404 + 2962.97 = 3061.61 over 25 frames.
S_S17_W_mootj_04 một 
LOG (lattice-best-path[5.5.1023~1-d673]:main():lattice-best-path.cc:99) For utterance S_S17_W_mootj_05, best cost 86.0072 + 1954.15 = 2040.16 over 19 frames.
S_S17_W_mootj_05 một 
LOG (lattice-best-path[5.5.1023~1-d673]:main():lattice-best-path.cc:99) For utterance S_S17_W_mootj_06, best cost 90.8546 + 1993.17 = 2084.02 over 18 frames.
S_S17_W_mootj_06 một 
LOG (lattice-best-path[5.5.1023~1-d673]:main():lattice-best-path.cc:99) For utterance S_S17_W_moots_01, best cost 87.9841 + 2513.02 = 2601.01 over 26 frames.
S_S17_W_moots_01 một 
LOG (lattice-best-path[5.5.1023~1-d673]:main():lattice-best-path.cc:99) For utterance S_S17_W_muowi_01, best cost 77.5908 + 2366.59 = 2444.18 over 20 frames.
S_S17_W_muowi_01 mươi 
LOG (lattice-best-path[5.5.1023~1-d673]:main():lattice-best-path.cc:99) For utterance S_S17_W_muowi_02, best cost 72.6053 + 1776.37 = 1848.98 over 17 frames.
S_S17_W_muowi_02 mươi 
LOG (lattice-best-path[5.5.1023~1-d673]:main():lattice-best-path.cc:99) For utterance S_S17_W_muowi_03, best cost 73.4754 + 2164.19 = 2237.67 over 20 frames.
S_S17_W_muowi_03 mươi 
LOG (lattice-best-path[5.5.1023~1-d673]:main():lattice-best-path.cc:99) For utterance S_S17_W_muowi_04, best cost 49.6082 + 2215.64 = 2265.25 over 18 frames.
S_S17_W_muowi_04 
LOG (lattice-best-path[5.5.1023~1-d673]:main():lattice-best-path.cc:99) For utterance S_S17_W_muowi_05, best cost 49.0933 + 2113.49 = 2162.58 over 19 frames.
S_S17_W_muowi_05 
LOG (lattice-best-path[5.5.1023~1-d673]:main():lattice-best-path.cc:99) For utterance S_S17_W_muowi_06, best cost 48.3881 + 1909.34 = 1957.73 over 17 frames.
S_S17_W_muowi_06 
LOG (lattice-best-path[5.5.1023~1-d673]:main():lattice-best-path.cc:99) For utterance S_S17_W_muowi_07, best cost 47.1061 + 1455.71 = 1502.81 over 13 frames.
S_S17_W_muowi_07 
LOG (lattice-best-path[5.5.1023~1-d673]:main():lattice-best-path.cc:99) For utterance S_S17_W_muowi_08, best cost 47.6465 + 1775.61 = 1823.26 over 15 frames.
S_S17_W_muowi_08 
LOG (lattice-best-path[5.5.1023~1-d673]:main():lattice-best-path.cc:99) For utterance S_S17_W_muowi_09, best cost 46.1745 + 1383.54 = 1429.72 over 13 frames.
S_S17_W_muowi_09 
LOG (lattice-best-path[5.5.1023~1-d673]:main():lattice-best-path.cc:99) For utterance S_S17_W_muowi_10, best cost 47.1425 + 1603.26 = 1650.41 over 13 frames.
S_S17_W_muowi_10 
LOG (lattice-best-path[5.5.1023~1-d673]:main():lattice-best-path.cc:99) For utterance S_S17_W_muowi_11, best cost 73.4927 + 2034.99 = 2108.49 over 20 frames.
S_S17_W_muowi_11 mươi 
LOG (lattice-best-path[5.5.1023~1-d673]:main():lattice-best-path.cc:99) For utterance S_S17_W_muowi_12, best cost 50.898 + 2226.72 = 2277.62 over 20 frames.
S_S17_W_muowi_12 
LOG (lattice-best-path[5.5.1023~1-d673]:main():lattice-best-path.cc:99) For utterance S_S17_W_muowi_13, best cost 72.5651 + 1924.64 = 1997.21 over 16 frames.
S_S17_W_muowi_13 mươi 
LOG (lattice-best-path[5.5.1023~1-d673]:main():lattice-best-path.cc:99) For utterance S_S17_W_muowi_14, best cost 70.7365 + 1736 = 1806.73 over 15 frames.
S_S17_W_muowi_14 mươi 
LOG (lattice-best-path[5.5.1023~1-d673]:main():lattice-best-path.cc:99) For utterance S_S17_W_muowi_15, best cost 77.1954 + 2018.96 = 2096.16 over 21 frames.
S_S17_W_muowi_15 mươi 
LOG (lattice-best-path[5.5.1023~1-d673]:main():lattice-best-path.cc:99) For utterance S_S17_W_muowi_16, best cost 72.4951 + 2071.15 = 2143.65 over 18 frames.
S_S17_W_muowi_16 mươi 
LOG (lattice-best-path[5.5.1023~1-d673]:main():lattice-best-path.cc:99) For utterance S_S17_W_muowi_17, best cost 70.013 + 1320.9 = 1390.91 over 12 frames.
S_S17_W_muowi_17 mươi 
LOG (lattice-best-path[5.5.1023~1-d673]:main():lattice-best-path.cc:99) For utterance S_S17_W_muowi_18, best cost 80.5896 + 2713.81 = 2794.4 over 25 frames.
S_S17_W_muowi_18 mươi 
LOG (lattice-best-path[5.5.1023~1-d673]:main():lattice-best-path.cc:99) For utterance S_S17_W_muowi_19, best cost 71.2394 + 1611.05 = 1682.29 over 15 frames.
S_S17_W_muowi_19 mươi 
LOG (lattice-best-path[5.5.1023~1-d673]:main():lattice-best-path.cc:99) For utterance S_S17_W_muowi_20, best cost 82.5732 + 2772.71 = 2855.28 over 27 frames.
S_S17_W_muowi_20 mươi 
LOG (lattice-best-path[5.5.1023~1-d673]:main():lattice-best-path.cc:99) For utterance S_S17_W_muowi_21, best cost 45.6007 + 1283.94 = 1329.54 over 10 frames.
S_S17_W_muowi_21 
LOG (lattice-best-path[5.5.1023~1-d673]:main():lattice-best-path.cc:99) For utterance S_S17_W_muowif_01, best cost 84.0681 + 3106.53 = 3190.6 over 32 frames.
S_S17_W_muowif_01 mươi 
LOG (lattice-best-path[5.5.1023~1-d673]:main():lattice-best-path.cc:99) For utterance S_S17_W_nawm_01, best cost 94.4082 + 3881.81 = 3976.22 over 36 frames.
S_S17_W_nawm_01 năm 
LOG (lattice-best-path[5.5.1023~1-d673]:main():lattice-best-path.cc:99) For utterance S_S17_W_nawm_02, best cost 94.6327 + 2622.47 = 2717.1 over 25 frames.
S_S17_W_nawm_02 năm 
LOG (lattice-best-path[5.5.1023~1-d673]:main():lattice-best-path.cc:99) For utterance S_S17_W_nawm_03, best cost 98.0947 + 2648.67 = 2746.76 over 26 frames.
S_S17_W_nawm_03 năm 
LOG (lattice-best-path[5.5.1023~1-d673]:main():lattice-best-path.cc:99) For utterance S_S17_W_saus_01, best cost 80.9133 + 3252.65 = 3333.56 over 31 frames.
S_S17_W_saus_01 sáu 
LOG (lattice-best-path[5.5.1023~1-d673]:main():lattice-best-path.cc:99) For utterance S_S17_W_saus_02, best cost 130.257 + 4074.2 = 4204.46 over 42 frames.
S_S17_W_saus_02 sáu một 
LOG (lattice-best-path[5.5.1023~1-d673]:main():lattice-best-path.cc:99) For utterance S_S17_W_saus_03, best cost 89.4471 + 3900.77 = 3990.21 over 41 frames.
S_S17_W_saus_03 sáu 
LOG (lattice-best-path[5.5.1023~1-d673]:main():lattice-best-path.cc:99) For utterance S_S17_W_saus_04, best cost 90.4657 + 4251.22 = 4341.68 over 44 frames.
S_S17_W_saus_04 sáu 
LOG (lattice-best-path[5.5.1023~1-d673]:main():lattice-best-path.cc:99) For utterance S_S17_W_saus_05, best cost 91.4697 + 4868.57 = 4960.04 over 47 frames.
S_S17_W_saus_05 sáu 
LOG (lattice-best-path[5.5.1023~1-d673]:main():lattice-best-path.cc:99) For utterance S_S17_W_saus_06, best cost 86.5835 + 2698.52 = 2785.11 over 24 frames.
S_S17_W_saus_06 sáu 
LOG (lattice-best-path[5.5.1023~1-d673]:main():lattice-best-path.cc:99) For utterance S_S17_W_saus_07, best cost 80.472 + 2592.39 = 2672.86 over 24 frames.
S_S17_W_saus_07 sáu 
LOG (lattice-best-path[5.5.1023~1-d673]:main():lattice-best-path.cc:99) For utterance S_S17_W_saus_08, best cost 52.4035 + 2682.52 = 2734.93 over 23 frames.
S_S17_W_saus_08 
LOG (lattice-best-path[5.5.1023~1-d673]:main():lattice-best-path.cc:99) For utterance S_S17_W_saus_09, best cost 78.8218 + 1737.04 = 1815.86 over 15 frames.
S_S17_W_saus_09 sáu 
LOG (lattice-best-path[5.5.1023~1-d673]:main():lattice-best-path.cc:99) For utterance S_S17_W_saus_10, best cost 80.6593 + 2913.28 = 2993.94 over 28 frames.
S_S17_W_saus_10 sáu 
LOG (lattice-best-path[5.5.1023~1-d673]:main():lattice-best-path.cc:99) For utterance S_S17_W_saus_11, best cost 83.4986 + 3452.92 = 3536.42 over 36 frames.
S_S17_W_saus_11 sáu 
LOG (lattice-best-path[5.5.1023~1-d673]:main():lattice-best-path.cc:99) For utterance S_S17_W_tams_01, best cost 89.3244 + 2549.53 = 2638.86 over 23 frames.
S_S17_W_tams_01 năm 
LOG (lattice-best-path[5.5.1023~1-d673]:main():lattice-best-path.cc:99) For utterance S_S17_W_tams_02, best cost 94.2942 + 3149.39 = 3243.69 over 33 frames.
S_S17_W_tams_02 tám 
LOG (lattice-best-path[5.5.1023~1-d673]:main():lattice-best-path.cc:99) For utterance S_S17_W_tams_03, best cost 51.9138 + 2228.64 = 2280.55 over 22 frames.
S_S17_W_tams_03 
LOG (lattice-best-path[5.5.1023~1-d673]:main():lattice-best-path.cc:99) For utterance S_S17_W_tams_04, best cost 49.9187 + 2304.44 = 2354.36 over 18 frames.
S_S17_W_tams_04 
LOG (lattice-best-path[5.5.1023~1-d673]:main():lattice-best-path.cc:99) For utterance S_S17_W_tams_05, best cost 50.028 + 2158.6 = 2208.63 over 18 frames.
S_S17_W_tams_05 
LOG (lattice-best-path[5.5.1023~1-d673]:main():lattice-best-path.cc:99) For utterance S_S17_W_tams_06, best cost 49.3562 + 2097.77 = 2147.12 over 17 frames.
S_S17_W_tams_06 
LOG (lattice-best-path[5.5.1023~1-d673]:main():lattice-best-path.cc:99) For utterance S_S17_W_tams_07, best cost 50.3355 + 1914.88 = 1965.22 over 19 frames.
S_S17_W_tams_07 
LOG (lattice-best-path[5.5.1023~1-d673]:main():lattice-best-path.cc:99) For utterance S_S17_W_tams_08, best cost 89.1115 + 2073.36 = 2162.47 over 20 frames.
S_S17_W_tams_08 năm 
LOG (lattice-best-path[5.5.1023~1-d673]:main():lattice-best-path.cc:99) For utterance S_S17_W_trawm_01, best cost 54.7992 + 3301 = 3355.8 over 27 frames.
S_S17_W_trawm_01 
LOG (lattice-best-path[5.5.1023~1-d673]:main():lattice-best-path.cc:99) For utterance S_S17_W_trawm_02, best cost 56.8815 + 3465.16 = 3522.04 over 32 frames.
S_S17_W_trawm_02 
LOG (lattice-best-path[5.5.1023~1-d673]:main():lattice-best-path.cc:99) For utterance S_S17_W_trawm_03, best cost 48.3404 + 1689.75 = 1738.09 over 15 frames.
S_S17_W_trawm_03 
LOG (lattice-best-path[5.5.1023~1-d673]:main():lattice-best-path.cc:99) For utterance S_S17_W_trawm_04, best cost 49.2105 + 2226.26 = 2275.47 over 17 frames.
S_S17_W_trawm_04 
LOG (lattice-best-path[5.5.1023~1-d673]:main():lattice-best-path.cc:99) For utterance S_S17_W_trawm_05, best cost 94.8543 + 3986.43 = 4081.28 over 32 frames.
S_S17_W_trawm_05 chín 
LOG (lattice-best-path[5.5.1023~1-d673]:main():lattice-best-path.cc:99) For utterance S_S17_W_trawm_06, best cost 88.0785 + 1767.52 = 1855.59 over 17 frames.
S_S17_W_trawm_06 năm 
LOG (lattice-best-path[5.5.1023~1-d673]:main():lattice-best-path.cc:99) For utterance S_S17_W_trawm_07, best cost 92.7857 + 2640.51 = 2733.3 over 24 frames.
S_S17_W_trawm_07 tám 
LOG (lattice-best-path[5.5.1023~1-d673]:main():lattice-best-path.cc:99) For utterance S_S17_W_trawm_08, best cost 53.1481 + 2962.79 = 3015.94 over 24 frames.
S_S17_W_trawm_08 
LOG (lattice-best-path[5.5.1023~1-d673]:main():lattice-best-path.cc:99) For utterance S_S17_W_trawm_09, best cost 51.1166 + 2829.02 = 2880.14 over 20 frames.
S_S17_W_trawm_09 
LOG (lattice-best-path[5.5.1023~1-d673]:main():lattice-best-path.cc:99) For utterance S_S17_W_trawm_10, best cost 47.6322 + 1706.01 = 1753.65 over 14 frames.
S_S17_W_trawm_10 
LOG (lattice-best-path[5.5.1023~1-d673]:main():lattice-best-path.cc:99) For utterance S_S17_W_trawm_11, best cost 89.4212 + 2142.87 = 2232.29 over 20 frames.
S_S17_W_trawm_11 năm 
LOG (lattice-best-path[5.5.1023~1-d673]:main():lattice-best-path.cc:99) For utterance S_S17_W_trawm_12, best cost 94.5922 + 2558.46 = 2653.06 over 22 frames.
S_S17_W_trawm_12 năm 
LOG (lattice-best-path[5.5.1023~1-d673]:main():lattice-best-path.cc:99) For utterance S_S17_W_trawm_13, best cost 92.1331 + 2359.58 = 2451.71 over 23 frames.
S_S17_W_trawm_13 năm 
LOG (lattice-best-path[5.5.1023~1-d673]:main():lattice-best-path.cc:99) For utterance S_S17_W_trawm_14, best cost 96.35 + 2917.13 = 3013.48 over 25 frames.
S_S17_W_trawm_14 năm 
LOG (lattice-best-path[5.5.1023~1-d673]:main():lattice-best-path.cc:99) For utterance S_S17_W_trawm_15, best cost 49.2105 + 2001.21 = 2050.42 over 17 frames.
S_S17_W_trawm_15 
LOG (lattice-best-path[5.5.1023~1-d673]:main():lattice-best-path.cc:99) For utterance S_S17_W_trawm_16, best cost 52.5856 + 3029.8 = 3082.38 over 23 frames.
S_S17_W_trawm_16 
LOG (lattice-best-path[5.5.1023~1-d673]:main():lattice-best-path.cc:99) For utterance S_S17_W_trawm_17, best cost 54.2003 + 3024.7 = 3078.9 over 26 frames.
S_S17_W_trawm_17 
LOG (lattice-best-path[5.5.1023~1-d673]:main():lattice-best-path.cc:99) For utterance S_S17_W_trawm_18, best cost 49.2469 + 1944.04 = 1993.29 over 17 frames.
S_S17_W_trawm_18 
LOG (lattice-best-path[5.5.1023~1-d673]:main():lattice-best-path.cc:99) For utterance S_S17_W_trawm_19, best cost 88.2836 + 1669.7 = 1757.99 over 17 frames.
S_S17_W_trawm_19 năm 
LOG (lattice-best-path[5.5.1023~1-d673]:main():lattice-best-path.cc:99) For utterance S_S17_W_trawm_20, best cost 88.5937 + 1972.96 = 2061.56 over 18 frames.
S_S17_W_trawm_20 năm 
LOG (lattice-best-path[5.5.1023~1-d673]:main():lattice-best-path.cc:99) For utterance S_S17_W_trawm_21, best cost 85.8823 + 2680.86 = 2766.75 over 24 frames.
S_S17_W_trawm_21 sáu 
LOG (lattice-best-path[5.5.1023~1-d673]:main():lattice-best-path.cc:99) For utterance S_S17_W_trawm_22, best cost 88.6849 + 2031.29 = 2119.97 over 17 frames.
S_S17_W_trawm_22 năm 
LOG (lattice-best-path[5.5.1023~1-d673]:main():lattice-best-path.cc:99) For utterance S_S19_W_ba_01, best cost 84.4942 + 1447.96 = 1532.45 over 14 frames.
S_S19_W_ba_01 bảy 
LOG (lattice-best-path[5.5.1023~1-d673]:main():lattice-best-path.cc:99) For utterance S_S19_W_ba_02, best cost 88.6978 + 3475.32 = 3564.02 over 35 frames.
S_S19_W_ba_02 bảy 
LOG (lattice-best-path[5.5.1023~1-d673]:main():lattice-best-path.cc:99) For utterance S_S19_W_ba_03, best cost 48.7351 + 1918.3 = 1967.03 over 17 frames.
S_S19_W_ba_03 
LOG (lattice-best-path[5.5.1023~1-d673]:main():lattice-best-path.cc:99) For utterance S_S19_W_ba_04, best cost 86.1116 + 2247.09 = 2333.2 over 23 frames.
S_S19_W_ba_04 bảy 
LOG (lattice-best-path[5.5.1023~1-d673]:main():lattice-best-path.cc:99) For utterance S_S19_W_ba_05, best cost 92.934 + 3476.27 = 3569.21 over 37 frames.
S_S19_W_ba_05 bảy 
LOG (lattice-best-path[5.5.1023~1-d673]:main():lattice-best-path.cc:99) For utterance S_S19_W_ba_06, best cost 95.0274 + 3369.07 = 3464.1 over 39 frames.
S_S19_W_ba_06 ba 
LOG (lattice-best-path[5.5.1023~1-d673]:main():lattice-best-path.cc:99) For utterance S_S19_W_ba_07, best cost 51.1864 + 2404.76 = 2455.94 over 21 frames.
S_S19_W_ba_07 
LOG (lattice-best-path[5.5.1023~1-d673]:main():lattice-best-path.cc:99) For utterance S_S19_W_ba_08, best cost 47.5958 + 1479.3 = 1526.9 over 14 frames.
S_S19_W_ba_08 
LOG (lattice-best-path[5.5.1023~1-d673]:main():lattice-best-path.cc:99) For utterance S_S19_W_ba_09, best cost 49.1185 + 1989.07 = 2038.19 over 17 frames.
S_S19_W_ba_09 
LOG (lattice-best-path[5.5.1023~1-d673]:main():lattice-best-path.cc:99) For utterance S_S19_W_ba_10, best cost 94.9268 + 3989.49 = 4084.42 over 41 frames.
S_S19_W_ba_10 tám 
LOG (lattice-best-path[5.5.1023~1-d673]:main():lattice-best-path.cc:99) For utterance S_S19_W_ba_11, best cost 88.2151 + 2990.34 = 3078.55 over 34 frames.
S_S19_W_ba_11 tám 
LOG (lattice-best-path[5.5.1023~1-d673]:main():lattice-best-path.cc:99) For utterance S_S19_W_bayr_01, best cost 81.5426 + 2163.15 = 2244.69 over 19 frames.
S_S19_W_bayr_01 bảy 
LOG (lattice-best-path[5.5.1023~1-d673]:main():lattice-best-path.cc:99) For utterance S_S19_W_bayr_02, best cost 81.7327 + 2390.9 = 2472.63 over 20 frames.
S_S19_W_bayr_02 bảy 
LOG (lattice-best-path[5.5.1023~1-d673]:main():lattice-best-path.cc:99) For utterance S_S19_W_bayr_03, best cost 81.1468 + 2426.8 = 2507.94 over 21 frames.
S_S19_W_bayr_03 bảy 
LOG (lattice-best-path[5.5.1023~1-d673]:main():lattice-best-path.cc:99) For utterance S_S19_W_bayr_04, best cost 81.3815 + 2306.59 = 2387.97 over 19 frames.
S_S19_W_bayr_04 bảy 
LOG (lattice-best-path[5.5.1023~1-d673]:main():lattice-best-path.cc:99) For utterance S_S19_W_bayr_05, best cost 53.9656 + 2784.81 = 2838.78 over 25 frames.
S_S19_W_bayr_05 
LOG (lattice-best-path[5.5.1023~1-d673]:main():lattice-best-path.cc:99) For utterance S_S19_W_bayr_06, best cost 83.8759 + 3659.31 = 3743.19 over 32 frames.
S_S19_W_bayr_06 bảy 
LOG (lattice-best-path[5.5.1023~1-d673]:main():lattice-best-path.cc:99) For utterance S_S19_W_bayr_07, best cost 91.653 + 3527.99 = 3619.65 over 32 frames.
S_S19_W_bayr_07 bảy 
LOG (lattice-best-path[5.5.1023~1-d673]:main():lattice-best-path.cc:99) For utterance S_S19_W_bayr_08, best cost 52.2781 + 2794.68 = 2846.96 over 22 frames.
S_S19_W_bayr_08 
LOG (lattice-best-path[5.5.1023~1-d673]:main():lattice-best-path.cc:99) For utterance S_S19_W_bayr_09, best cost 79.2099 + 1636.33 = 1715.54 over 15 frames.
S_S19_W_bayr_09 bảy 
LOG (lattice-best-path[5.5.1023~1-d673]:main():lattice-best-path.cc:99) For utterance S_S19_W_boons_01, best cost 83.5572 + 1404.03 = 1487.59 over 14 frames.
S_S19_W_boons_01 một 
LOG (lattice-best-path[5.5.1023~1-d673]:main():lattice-best-path.cc:99) For utterance S_S19_W_boons_02, best cost 87.9132 + 2626.39 = 2714.3 over 23 frames.
S_S19_W_boons_02 một 
LOG (lattice-best-path[5.5.1023~1-d673]:main():lattice-best-path.cc:99) For utterance S_S19_W_chins_01, best cost 94.0293 + 3341.58 = 3435.61 over 27 frames.
S_S19_W_chins_01 chín 
LOG (lattice-best-path[5.5.1023~1-d673]:main():lattice-best-path.cc:99) For utterance S_S19_W_chins_02, best cost 87.2963 + 2516.42 = 2603.72 over 19 frames.
S_S19_W_chins_02 chín 
LOG (lattice-best-path[5.5.1023~1-d673]:main():lattice-best-path.cc:99) For utterance S_S19_W_chins_03, best cost 87.4539 + 2507.48 = 2594.94 over 21 frames.
S_S19_W_chins_03 chín 
LOG (lattice-best-path[5.5.1023~1-d673]:main():lattice-best-path.cc:99) For utterance S_S19_W_chins_04, best cost 86.928 + 1931.48 = 2018.41 over 16 frames.
S_S19_W_chins_04 chín 
LOG (lattice-best-path[5.5.1023~1-d673]:main():lattice-best-path.cc:99) For utterance S_S19_W_hai_01, best cost 102.771 + 4640.68 = 4743.45 over 49 frames.
S_S19_W_hai_01 tám 
LOG (lattice-best-path[5.5.1023~1-d673]:main():lattice-best-path.cc:99) For utterance S_S19_W_hai_02, best cost 51.5863 + 2653.21 = 2704.8 over 27 frames.
S_S19_W_hai_02 
LOG (lattice-best-path[5.5.1023~1-d673]:main():lattice-best-path.cc:99) For utterance S_S19_W_hai_03, best cost 48.7937 + 1681.46 = 1730.25 over 16 frames.
S_S19_W_hai_03 
LOG (lattice-best-path[5.5.1023~1-d673]:main():lattice-best-path.cc:99) For utterance S_S19_W_hai_04, best cost 43.8515 + 931.601 = 975.453 over 9 frames.
S_S19_W_hai_04 
LOG (lattice-best-path[5.5.1023~1-d673]:main():lattice-best-path.cc:99) For utterance S_S19_W_hai_05, best cost 101.903 + 4625.73 = 4727.63 over 50 frames.
S_S19_W_hai_05 bảy 
LOG (lattice-best-path[5.5.1023~1-d673]:main():lattice-best-path.cc:99) For utterance S_S19_W_hai_06, best cost 48.049 + 1641.03 = 1689.08 over 15 frames.
S_S19_W_hai_06 
LOG (lattice-best-path[5.5.1023~1-d673]:main():lattice-best-path.cc:99) For utterance S_S19_W_hai_07, best cost 99.7646 + 3496.2 = 3595.96 over 39 frames.
S_S19_W_hai_07 tám 
LOG (lattice-best-path[5.5.1023~1-d673]:main():lattice-best-path.cc:99) For utterance S_S19_W_hai_08, best cost 49.6025 + 2237.47 = 2287.07 over 25 frames.
S_S19_W_hai_08 
LOG (lattice-best-path[5.5.1023~1-d673]:main():lattice-best-path.cc:99) For utterance S_S19_W_hai_09, best cost 54.4917 + 2835.96 = 2890.46 over 26 frames.
S_S19_W_hai_09 
LOG (lattice-best-path[5.5.1023~1-d673]:main():lattice-best-path.cc:99) For utterance S_S19_W_hai_10, best cost 53.2735 + 2859.67 = 2912.94 over 25 frames.
S_S19_W_hai_10 
LOG (lattice-best-path[5.5.1023~1-d673]:main():lattice-best-path.cc:99) For utterance S_S19_W_lawm_01, best cost 104.454 + 4387 = 4491.46 over 43 frames.
S_S19_W_lawm_01 một 
LOG (lattice-best-path[5.5.1023~1-d673]:main():lattice-best-path.cc:99) For utterance S_S19_W_ler_01, best cost 52.9499 + 3014.05 = 3067 over 23 frames.
S_S19_W_ler_01 
LOG (lattice-best-path[5.5.1023~1-d673]:main():lattice-best-path.cc:99) For utterance S_S19_W_mootj_01, best cost 49.2833 + 2037.11 = 2086.4 over 17 frames.
S_S19_W_mootj_01 
LOG (lattice-best-path[5.5.1023~1-d673]:main():lattice-best-path.cc:99) For utterance S_S19_W_mootj_02, best cost 87.4874 + 1781.7 = 1869.18 over 16 frames.
S_S19_W_mootj_02 một 
LOG (lattice-best-path[5.5.1023~1-d673]:main():lattice-best-path.cc:99) For utterance S_S19_W_mootj_03, best cost 87.0888 + 2569.34 = 2656.43 over 22 frames.
S_S19_W_mootj_03 một 
LOG (lattice-best-path[5.5.1023~1-d673]:main():lattice-best-path.cc:99) For utterance S_S19_W_mootj_04, best cost 98.6404 + 2961.67 = 3060.31 over 25 frames.
S_S19_W_mootj_04 một 
LOG (lattice-best-path[5.5.1023~1-d673]:main():lattice-best-path.cc:99) For utterance S_S19_W_mootj_05, best cost 86.0072 + 1951.69 = 2037.7 over 19 frames.
S_S19_W_mootj_05 một 
LOG (lattice-best-path[5.5.1023~1-d673]:main():lattice-best-path.cc:99) For utterance S_S19_W_mootj_06, best cost 90.8546 + 1996.47 = 2087.33 over 18 frames.
S_S19_W_mootj_06 một 
LOG (lattice-best-path[5.5.1023~1-d673]:main():lattice-best-path.cc:99) For utterance S_S19_W_moots_01, best cost 87.8971 + 2519.5 = 2607.4 over 26 frames.
S_S19_W_moots_01 một 
LOG (lattice-best-path[5.5.1023~1-d673]:main():lattice-best-path.cc:99) For utterance S_S19_W_muowi_01, best cost 77.5908 + 2367.84 = 2445.43 over 20 frames.
S_S19_W_muowi_01 mươi 
LOG (lattice-best-path[5.5.1023~1-d673]:main():lattice-best-path.cc:99) For utterance S_S19_W_muowi_02, best cost 72.6053 + 1777.52 = 1850.13 over 17 frames.
S_S19_W_muowi_02 mươi 
LOG (lattice-best-path[5.5.1023~1-d673]:main():lattice-best-path.cc:99) For utterance S_S19_W_muowi_03, best cost 73.4754 + 2159.07 = 2232.55 over 20 frames.
S_S19_W_muowi_03 mươi 
LOG (lattice-best-path[5.5.1023~1-d673]:main():lattice-best-path.cc:99) For utterance S_S19_W_muowi_04, best cost 49.6082 + 2212.2 = 2261.81 over 18 frames.
S_S19_W_muowi_04 
LOG (lattice-best-path[5.5.1023~1-d673]:main():lattice-best-path.cc:99) For utterance S_S19_W_muowi_05, best cost 49.0933 + 2109.53 = 2158.62 over 19 frames.
S_S19_W_muowi_05 
LOG (lattice-best-path[5.5.1023~1-d673]:main():lattice-best-path.cc:99) For utterance S_S19_W_muowi_06, best cost 48.3881 + 1903.49 = 1951.87 over 17 frames.
S_S19_W_muowi_06 
LOG (lattice-best-path[5.5.1023~1-d673]:main():lattice-best-path.cc:99) For utterance S_S19_W_muowi_07, best cost 47.1061 + 1452.41 = 1499.52 over 13 frames.
S_S19_W_muowi_07 
LOG (lattice-best-path[5.5.1023~1-d673]:main():lattice-best-path.cc:99) For utterance S_S19_W_muowi_08, best cost 47.6465 + 1781.01 = 1828.65 over 15 frames.
S_S19_W_muowi_08 
LOG (lattice-best-path[5.5.1023~1-d673]:main():lattice-best-path.cc:99) For utterance S_S19_W_muowi_09, best cost 46.1745 + 1380.99 = 1427.17 over 13 frames.
S_S19_W_muowi_09 
LOG (lattice-best-path[5.5.1023~1-d673]:main():lattice-best-path.cc:99) For utterance S_S19_W_muowi_10, best cost 47.1425 + 1599.91 = 1647.05 over 13 frames.
S_S19_W_muowi_10 
LOG (lattice-best-path[5.5.1023~1-d673]:main():lattice-best-path.cc:99) For utterance S_S19_W_muowi_11, best cost 73.4927 + 2034.93 = 2108.43 over 20 frames.
S_S19_W_muowi_11 mươi 
LOG (lattice-best-path[5.5.1023~1-d673]:main():lattice-best-path.cc:99) For utterance S_S19_W_muowi_12, best cost 50.898 + 2226.76 = 2277.66 over 20 frames.
S_S19_W_muowi_12 
LOG (lattice-best-path[5.5.1023~1-d673]:main():lattice-best-path.cc:99) For utterance S_S19_W_muowi_13, best cost 72.5651 + 1930.4 = 2002.96 over 16 frames.
S_S19_W_muowi_13 mươi 
LOG (lattice-best-path[5.5.1023~1-d673]:main():lattice-best-path.cc:99) For utterance S_S19_W_muowi_14, best cost 70.7365 + 1736.04 = 1806.78 over 15 frames.
S_S19_W_muowi_14 mươi 
LOG (lattice-best-path[5.5.1023~1-d673]:main():lattice-best-path.cc:99) For utterance S_S19_W_muowi_15, best cost 76.6226 + 2017.44 = 2094.07 over 21 frames.
S_S19_W_muowi_15 mươi 
LOG (lattice-best-path[5.5.1023~1-d673]:main():lattice-best-path.cc:99) For utterance S_S19_W_muowi_16, best cost 72.4951 + 2065.06 = 2137.56 over 18 frames.
S_S19_W_muowi_16 mươi 
LOG (lattice-best-path[5.5.1023~1-d673]:main():lattice-best-path.cc:99) For utterance S_S19_W_muowi_17, best cost 70.013 + 1324.05 = 1394.06 over 12 frames.
S_S19_W_muowi_17 mươi 
LOG (lattice-best-path[5.5.1023~1-d673]:main():lattice-best-path.cc:99) For utterance S_S19_W_muowi_18, best cost 80.5896 + 2709.57 = 2790.16 over 25 frames.
S_S19_W_muowi_18 mươi 
LOG (lattice-best-path[5.5.1023~1-d673]:main():lattice-best-path.cc:99) For utterance S_S19_W_muowi_19, best cost 71.2394 + 1603.51 = 1674.75 over 15 frames.
S_S19_W_muowi_19 mươi 
LOG (lattice-best-path[5.5.1023~1-d673]:main():lattice-best-path.cc:99) For utterance S_S19_W_muowi_20, best cost 82.345 + 2769.38 = 2851.73 over 27 frames.
S_S19_W_muowi_20 mươi 
LOG (lattice-best-path[5.5.1023~1-d673]:main():lattice-best-path.cc:99) For utterance S_S19_W_muowi_21, best cost 45.6007 + 1285.85 = 1331.45 over 10 frames.
S_S19_W_muowi_21 
LOG (lattice-best-path[5.5.1023~1-d673]:main():lattice-best-path.cc:99) For utterance S_S19_W_muowif_01, best cost 84.0681 + 3106.81 = 3190.88 over 32 frames.
S_S19_W_muowif_01 mươi 
LOG (lattice-best-path[5.5.1023~1-d673]:main():lattice-best-path.cc:99) For utterance S_S19_W_nawm_01, best cost 94.0717 + 3885.94 = 3980.01 over 36 frames.
S_S19_W_nawm_01 năm 
LOG (lattice-best-path[5.5.1023~1-d673]:main():lattice-best-path.cc:99) For utterance S_S19_W_nawm_02, best cost 94.6327 + 2624.63 = 2719.27 over 25 frames.
S_S19_W_nawm_02 năm 
LOG (lattice-best-path[5.5.1023~1-d673]:main():lattice-best-path.cc:99) For utterance S_S19_W_nawm_03, best cost 98.1311 + 2655.3 = 2753.43 over 26 frames.
S_S19_W_nawm_03 năm 
LOG (lattice-best-path[5.5.1023~1-d673]:main():lattice-best-path.cc:99) For utterance S_S19_W_saus_01, best cost 80.9133 + 3248.86 = 3329.78 over 31 frames.
S_S19_W_saus_01 sáu 
LOG (lattice-best-path[5.5.1023~1-d673]:main():lattice-best-path.cc:99) For utterance S_S19_W_saus_02, best cost 130.257 + 4056.33 = 4186.59 over 42 frames.
S_S19_W_saus_02 sáu một 
LOG (lattice-best-path[5.5.1023~1-d673]:main():lattice-best-path.cc:99) For utterance S_S19_W_saus_03, best cost 89.3506 + 3909 = 3998.35 over 41 frames.
S_S19_W_saus_03 sáu 
LOG (lattice-best-path[5.5.1023~1-d673]:main():lattice-best-path.cc:99) For utterance S_S19_W_saus_04, best cost 90.3861 + 4251.48 = 4341.87 over 44 frames.
S_S19_W_saus_04 sáu 
LOG (lattice-best-path[5.5.1023~1-d673]:main():lattice-best-path.cc:99) For utterance S_S19_W_saus_05, best cost 91.4697 + 4863.29 = 4954.76 over 47 frames.
S_S19_W_saus_05 sáu 
LOG (lattice-best-path[5.5.1023~1-d673]:main():lattice-best-path.cc:99) For utterance S_S19_W_saus_06, best cost 86.5835 + 2697.73 = 2784.31 over 24 frames.
S_S19_W_saus_06 sáu 
LOG (lattice-best-path[5.5.1023~1-d673]:main():lattice-best-path.cc:99) For utterance S_S19_W_saus_07, best cost 80.472 + 2581.17 = 2661.64 over 24 frames.
S_S19_W_saus_07 sáu 
LOG (lattice-best-path[5.5.1023~1-d673]:main():lattice-best-path.cc:99) For utterance S_S19_W_saus_08, best cost 52.4035 + 2681.12 = 2733.53 over 23 frames.
S_S19_W_saus_08 
LOG (lattice-best-path[5.5.1023~1-d673]:main():lattice-best-path.cc:99) For utterance S_S19_W_saus_09, best cost 78.8218 + 1735.43 = 1814.26 over 15 frames.
S_S19_W_saus_09 sáu 
LOG (lattice-best-path[5.5.1023~1-d673]:main():lattice-best-path.cc:99) For utterance S_S19_W_saus_10, best cost 80.6593 + 2910.98 = 2991.64 over 28 frames.
S_S19_W_saus_10 sáu 
LOG (lattice-best-path[5.5.1023~1-d673]:main():lattice-best-path.cc:99) For utterance S_S19_W_saus_11, best cost 83.2861 + 3444.69 = 3527.98 over 36 frames.
S_S19_W_saus_11 sáu 
LOG (lattice-best-path[5.5.1023~1-d673]:main():lattice-best-path.cc:99) For utterance S_S19_W_tams_01, best cost 91.7013 + 2559.72 = 2651.42 over 23 frames.
S_S19_W_tams_01 tám 
LOG (lattice-best-path[5.5.1023~1-d673]:main():lattice-best-path.cc:99) For utterance S_S19_W_tams_02, best cost 94.2942 + 3146.36 = 3240.66 over 33 frames.
S_S19_W_tams_02 tám 
LOG (lattice-best-path[5.5.1023~1-d673]:main():lattice-best-path.cc:99) For utterance S_S19_W_tams_03, best cost 51.9138 + 2228.55 = 2280.47 over 22 frames.
S_S19_W_tams_03 
LOG (lattice-best-path[5.5.1023~1-d673]:main():lattice-best-path.cc:99) For utterance S_S19_W_tams_04, best cost 49.9187 + 2306.94 = 2356.86 over 18 frames.
S_S19_W_tams_04 
LOG (lattice-best-path[5.5.1023~1-d673]:main():lattice-best-path.cc:99) For utterance S_S19_W_tams_05, best cost 50.028 + 2158.69 = 2208.72 over 18 frames.
S_S19_W_tams_05 
LOG (lattice-best-path[5.5.1023~1-d673]:main():lattice-best-path.cc:99) For utterance S_S19_W_tams_06, best cost 49.3562 + 2104.69 = 2154.04 over 17 frames.
S_S19_W_tams_06 
LOG (lattice-best-path[5.5.1023~1-d673]:main():lattice-best-path.cc:99) For utterance S_S19_W_tams_07, best cost 50.3355 + 1918.69 = 1969.02 over 19 frames.
S_S19_W_tams_07 
LOG (lattice-best-path[5.5.1023~1-d673]:main():lattice-best-path.cc:99) For utterance S_S19_W_tams_08, best cost 89.1115 + 2084.41 = 2173.52 over 20 frames.
S_S19_W_tams_08 năm 
LOG (lattice-best-path[5.5.1023~1-d673]:main():lattice-best-path.cc:99) For utterance S_S19_W_trawm_01, best cost 54.7992 + 3309.82 = 3364.62 over 27 frames.
S_S19_W_trawm_01 
LOG (lattice-best-path[5.5.1023~1-d673]:main():lattice-best-path.cc:99) For utterance S_S19_W_trawm_02, best cost 56.8815 + 3462.48 = 3519.36 over 32 frames.
S_S19_W_trawm_02 
LOG (lattice-best-path[5.5.1023~1-d673]:main():lattice-best-path.cc:99) For utterance S_S19_W_trawm_03, best cost 48.3404 + 1689.17 = 1737.51 over 15 frames.
S_S19_W_trawm_03 
LOG (lattice-best-path[5.5.1023~1-d673]:main():lattice-best-path.cc:99) For utterance S_S19_W_trawm_04, best cost 49.2105 + 2226.2 = 2275.41 over 17 frames.
S_S19_W_trawm_04 
LOG (lattice-best-path[5.5.1023~1-d673]:main():lattice-best-path.cc:99) For utterance S_S19_W_trawm_05, best cost 94.8179 + 3983.29 = 4078.1 over 32 frames.
S_S19_W_trawm_05 chín 
LOG (lattice-best-path[5.5.1023~1-d673]:main():lattice-best-path.cc:99) For utterance S_S19_W_trawm_06, best cost 88.0785 + 1765.04 = 1853.12 over 17 frames.
S_S19_W_trawm_06 năm 
LOG (lattice-best-path[5.5.1023~1-d673]:main():lattice-best-path.cc:99) For utterance S_S19_W_trawm_07, best cost 97.3505 + 2640.51 = 2737.86 over 24 frames.
S_S19_W_trawm_07 năm 
LOG (lattice-best-path[5.5.1023~1-d673]:main():lattice-best-path.cc:99) For utterance S_S19_W_trawm_08, best cost 53.1481 + 2971.7 = 3024.85 over 24 frames.
S_S19_W_trawm_08 
LOG (lattice-best-path[5.5.1023~1-d673]:main():lattice-best-path.cc:99) For utterance S_S19_W_trawm_09, best cost 51.1166 + 2832.87 = 2883.99 over 20 frames.
S_S19_W_trawm_09 
LOG (lattice-best-path[5.5.1023~1-d673]:main():lattice-best-path.cc:99) For utterance S_S19_W_trawm_10, best cost 47.6322 + 1708.89 = 1756.53 over 14 frames.
S_S19_W_trawm_10 
LOG (lattice-best-path[5.5.1023~1-d673]:main():lattice-best-path.cc:99) For utterance S_S19_W_trawm_11, best cost 89.4212 + 2141.88 = 2231.3 over 20 frames.
S_S19_W_trawm_11 năm 
LOG (lattice-best-path[5.5.1023~1-d673]:main():lattice-best-path.cc:99) For utterance S_S19_W_trawm_12, best cost 94.5922 + 2561.81 = 2656.4 over 22 frames.
S_S19_W_trawm_12 năm 
LOG (lattice-best-path[5.5.1023~1-d673]:main():lattice-best-path.cc:99) For utterance S_S19_W_trawm_13, best cost 92.1331 + 2355.84 = 2447.97 over 23 frames.
S_S19_W_trawm_13 năm 
LOG (lattice-best-path[5.5.1023~1-d673]:main():lattice-best-path.cc:99) For utterance S_S19_W_trawm_14, best cost 96.35 + 2911.78 = 3008.14 over 25 frames.
S_S19_W_trawm_14 năm 
LOG (lattice-best-path[5.5.1023~1-d673]:main():lattice-best-path.cc:99) For utterance S_S19_W_trawm_15, best cost 49.2105 + 2000.07 = 2049.28 over 17 frames.
S_S19_W_trawm_15 
LOG (lattice-best-path[5.5.1023~1-d673]:main():lattice-best-path.cc:99) For utterance S_S19_W_trawm_16, best cost 52.5856 + 3051.23 = 3103.82 over 23 frames.
S_S19_W_trawm_16 
LOG (lattice-best-path[5.5.1023~1-d673]:main():lattice-best-path.cc:99) For utterance S_S19_W_trawm_17, best cost 54.2003 + 3017.02 = 3071.22 over 26 frames.
S_S19_W_trawm_17 
LOG (lattice-best-path[5.5.1023~1-d673]:main():lattice-best-path.cc:99) For utterance S_S19_W_trawm_18, best cost 49.2469 + 1937.31 = 1986.55 over 17 frames.
S_S19_W_trawm_18 
LOG (lattice-best-path[5.5.1023~1-d673]:main():lattice-best-path.cc:99) For utterance S_S19_W_trawm_19, best cost 88.2836 + 1670.04 = 1758.32 over 17 frames.
S_S19_W_trawm_19 năm 
LOG (lattice-best-path[5.5.1023~1-d673]:main():lattice-best-path.cc:99) For utterance S_S19_W_trawm_20, best cost 88.5937 + 1973.2 = 2061.79 over 18 frames.
S_S19_W_trawm_20 năm 
LOG (lattice-best-path[5.5.1023~1-d673]:main():lattice-best-path.cc:99) For utterance S_S19_W_trawm_21, best cost 85.8823 + 2684.53 = 2770.41 over 24 frames.
S_S19_W_trawm_21 sáu 
LOG (lattice-best-path[5.5.1023~1-d673]:main():lattice-best-path.cc:99) For utterance S_S19_W_trawm_22, best cost 88.6849 + 2032.07 = 2120.75 over 17 frames.
S_S19_W_trawm_22 năm 
LOG (lattice-best-path[5.5.1023~1-d673]:main():lattice-best-path.cc:99) For utterance S_S22_W_ba_01, best cost 78.7748 + 1002.16 = 1080.94 over 10 frames.
S_S22_W_ba_01 bảy 
LOG (lattice-best-path[5.5.1023~1-d673]:main():lattice-best-path.cc:99) For utterance S_S22_W_ba_02, best cost 86.2014 + 2639.88 = 2726.08 over 27 frames.
S_S22_W_ba_02 tám 
LOG (lattice-best-path[5.5.1023~1-d673]:main():lattice-best-path.cc:99) For utterance S_S22_W_ba_03, best cost 44.856 + 951.796 = 996.652 over 9 frames.
S_S22_W_ba_03 
LOG (lattice-best-path[5.5.1023~1-d673]:main():lattice-best-path.cc:99) For utterance S_S22_W_ba_04, best cost 86.2014 + 2470 = 2556.2 over 27 frames.
S_S22_W_ba_04 tám 
LOG (lattice-best-path[5.5.1023~1-d673]:main():lattice-best-path.cc:99) For utterance S_S22_W_ba_05, best cost 86.4475 + 2214.6 = 2301.05 over 23 frames.
S_S22_W_ba_05 ba 
LOG (lattice-best-path[5.5.1023~1-d673]:main():lattice-best-path.cc:99) For utterance S_S22_W_ba_06, best cost 86.4891 + 2512.42 = 2598.91 over 28 frames.
S_S22_W_ba_06 tám 
LOG (lattice-best-path[5.5.1023~1-d673]:main():lattice-best-path.cc:99) For utterance S_S22_W_ba_07, best cost 46.1996 + 1390.05 = 1436.25 over 11 frames.
S_S22_W_ba_07 
LOG (lattice-best-path[5.5.1023~1-d673]:main():lattice-best-path.cc:99) For utterance S_S22_W_ba_08, best cost 42.8245 + 522.211 = 565.035 over 5 frames.
S_S22_W_ba_08 
LOG (lattice-best-path[5.5.1023~1-d673]:main():lattice-best-path.cc:99) For utterance S_S22_W_ba_09, best cost 47.3247 + 1563.06 = 1610.39 over 13 frames.
S_S22_W_ba_09 
LOG (lattice-best-path[5.5.1023~1-d673]:main():lattice-best-path.cc:99) For utterance S_S22_W_ba_10, best cost 85.3383 + 2232.66 = 2318 over 24 frames.
S_S22_W_ba_10 tám 
LOG (lattice-best-path[5.5.1023~1-d673]:main():lattice-best-path.cc:99) For utterance S_S22_W_ba_11, best cost 85.9137 + 2502.17 = 2588.09 over 26 frames.
S_S22_W_ba_11 tám 
LOG (lattice-best-path[5.5.1023~1-d673]:main():lattice-best-path.cc:99) For utterance S_S22_W_bayr_01, best cost 79.1602 + 1670.83 = 1749.99 over 12 frames.
S_S22_W_bayr_01 bảy 
LOG (lattice-best-path[5.5.1023~1-d673]:main():lattice-best-path.cc:99) For utterance S_S22_W_bayr_02, best cost 85.387 + 2096.95 = 2182.34 over 18 frames.
S_S22_W_bayr_02 bảy 
LOG (lattice-best-path[5.5.1023~1-d673]:main():lattice-best-path.cc:99) For utterance S_S22_W_bayr_03, best cost 77.7028 + 897.525 = 975.228 over 8 frames.
S_S22_W_bayr_03 bảy 
LOG (lattice-best-path[5.5.1023~1-d673]:main():lattice-best-path.cc:99) For utterance S_S22_W_bayr_04, best cost 77.8831 + 912.77 = 990.653 over 9 frames.
S_S22_W_bayr_04 bảy 
LOG (lattice-best-path[5.5.1023~1-d673]:main():lattice-best-path.cc:99) For utterance S_S22_W_bayr_05, best cost 82.1179 + 2869.92 = 2952.04 over 26 frames.
S_S22_W_bayr_05 bảy 
LOG (lattice-best-path[5.5.1023~1-d673]:main():lattice-best-path.cc:99) For utterance S_S22_W_bayr_06, best cost 89.7143 + 3129.13 = 3218.84 over 29 frames.
S_S22_W_bayr_06 bảy 
LOG (lattice-best-path[5.5.1023~1-d673]:main():lattice-best-path.cc:99) For utterance S_S22_W_bayr_07, best cost 88.2099 + 2994.7 = 3082.91 over 25 frames.
S_S22_W_bayr_07 bảy 
LOG (lattice-best-path[5.5.1023~1-d673]:main():lattice-best-path.cc:99) For utterance S_S22_W_bayr_08, best cost 85.4509 + 1951.56 = 2037.01 over 16 frames.
S_S22_W_bayr_08 bảy 
LOG (lattice-best-path[5.5.1023~1-d673]:main():lattice-best-path.cc:99) For utterance S_S22_W_bayr_09, best cost 46.0904 + 1429.56 = 1475.65 over 11 frames.
S_S22_W_bayr_09 
LOG (lattice-best-path[5.5.1023~1-d673]:main():lattice-best-path.cc:99) For utterance S_S22_W_boons_01, best cost 47.8872 + 1637.42 = 1685.31 over 14 frames.
S_S22_W_boons_01 
LOG (lattice-best-path[5.5.1023~1-d673]:main():lattice-best-path.cc:99) For utterance S_S22_W_boons_02, best cost 50.117 + 2427.46 = 2477.58 over 19 frames.
S_S22_W_boons_02 
LOG (lattice-best-path[5.5.1023~1-d673]:main():lattice-best-path.cc:99) For utterance S_S22_W_chins_01, best cost 51.3877 + 2692.64 = 2744.03 over 21 frames.
S_S22_W_chins_01 
LOG (lattice-best-path[5.5.1023~1-d673]:main():lattice-best-path.cc:99) For utterance S_S22_W_chins_02, best cost 86.5591 + 1853.95 = 1940.51 over 14 frames.
S_S22_W_chins_02 chín 
LOG (lattice-best-path[5.5.1023~1-d673]:main():lattice-best-path.cc:99) For utterance S_S22_W_chins_03, best cost 86.7747 + 2225.76 = 2312.54 over 18 frames.
S_S22_W_chins_03 chín 
LOG (lattice-best-path[5.5.1023~1-d673]:main():lattice-best-path.cc:99) For utterance S_S22_W_chins_04, best cost 45.5278 + 1425.2 = 1470.72 over 10 frames.
S_S22_W_chins_04 
LOG (lattice-best-path[5.5.1023~1-d673]:main():lattice-best-path.cc:99) For utterance S_S22_W_hai_01, best cost 107.128 + 6001.53 = 6108.65 over 56 frames.
S_S22_W_hai_01 tám 
LOG (lattice-best-path[5.5.1023~1-d673]:main():lattice-best-path.cc:99) For utterance S_S22_W_hai_02, best cost 92.502 + 3418.9 = 3511.4 over 35 frames.
S_S22_W_hai_02 bảy 
LOG (lattice-best-path[5.5.1023~1-d673]:main():lattice-best-path.cc:99) For utterance S_S22_W_hai_03, best cost 87.2531 + 2190.63 = 2277.88 over 19 frames.
S_S22_W_hai_03 bảy 
LOG (lattice-best-path[5.5.1023~1-d673]:main():lattice-best-path.cc:99) For utterance S_S22_W_hai_04, best cost 48.4497 + 1742.95 = 1791.4 over 15 frames.
S_S22_W_hai_04 
LOG (lattice-best-path[5.5.1023~1-d673]:main():lattice-best-path.cc:99) For utterance S_S22_W_hai_05, best cost 92.6337 + 3601.27 = 3693.91 over 35 frames.
S_S22_W_hai_05 bảy 
LOG (lattice-best-path[5.5.1023~1-d673]:main():lattice-best-path.cc:99) For utterance S_S22_W_hai_06, best cost 49.0122 + 1888.6 = 1937.61 over 16 frames.
S_S22_W_hai_06 
LOG (lattice-best-path[5.5.1023~1-d673]:main():lattice-best-path.cc:99) For utterance S_S22_W_hai_07, best cost 86.9527 + 3268.51 = 3355.46 over 32 frames.
S_S22_W_hai_07 hai 
LOG (lattice-best-path[5.5.1023~1-d673]:main():lattice-best-path.cc:99) For utterance S_S22_W_hai_08, best cost 91.0875 + 3074.1 = 3165.18 over 30 frames.
S_S22_W_hai_08 bảy 
LOG (lattice-best-path[5.5.1023~1-d673]:main():lattice-best-path.cc:99) For utterance S_S22_W_hai_09, best cost 50.6634 + 2246.54 = 2297.2 over 19 frames.
S_S22_W_hai_09 
LOG (lattice-best-path[5.5.1023~1-d673]:main():lattice-best-path.cc:99) For utterance S_S22_W_hai_10, best cost 50.0644 + 2174.73 = 2224.8 over 18 frames.
S_S22_W_hai_10 
LOG (lattice-best-path[5.5.1023~1-d673]:main():lattice-best-path.cc:99) For utterance S_S22_W_lawm_01, best cost 96.7923 + 3080.9 = 3177.7 over 28 frames.
S_S22_W_lawm_01 một 
LOG (lattice-best-path[5.5.1023~1-d673]:main():lattice-best-path.cc:99) For utterance S_S22_W_ler_01, best cost 49.5909 + 2075.24 = 2124.83 over 18 frames.
S_S22_W_ler_01 
LOG (lattice-best-path[5.5.1023~1-d673]:main():lattice-best-path.cc:99) For utterance S_S22_W_mootj_01, best cost 85.1114 + 2553.84 = 2638.95 over 20 frames.
S_S22_W_mootj_01 một 
LOG (lattice-best-path[5.5.1023~1-d673]:main():lattice-best-path.cc:99) For utterance S_S22_W_mootj_02, best cost 47.4865 + 1830.44 = 1877.93 over 14 frames.
S_S22_W_mootj_02 
LOG (lattice-best-path[5.5.1023~1-d673]:main():lattice-best-path.cc:99) For utterance S_S22_W_mootj_03, best cost 43.387 + 744.692 = 788.079 over 6 frames.
S_S22_W_mootj_03 
LOG (lattice-best-path[5.5.1023~1-d673]:main():lattice-best-path.cc:99) For utterance S_S22_W_mootj_04, best cost 43.9496 + 908.759 = 952.708 over 7 frames.
S_S22_W_mootj_04 
LOG (lattice-best-path[5.5.1023~1-d673]:main():lattice-best-path.cc:99) For utterance S_S22_W_mootj_05, best cost 47.1425 + 1698.79 = 1745.93 over 13 frames.
S_S22_W_mootj_05 
LOG (lattice-best-path[5.5.1023~1-d673]:main():lattice-best-path.cc:99) For utterance S_S22_W_mootj_06, best cost 50.1008 + 2232.8 = 2282.9 over 18 frames.
S_S22_W_mootj_06 
LOG (lattice-best-path[5.5.1023~1-d673]:main():lattice-best-path.cc:99) For utterance S_S22_W_moots_01, best cost 89.2378 + 2482.5 = 2571.73 over 22 frames.
S_S22_W_moots_01 một 
LOG (lattice-best-path[5.5.1023~1-d673]:main():lattice-best-path.cc:99) For utterance S_S22_W_muowi_01, best cost 77.753 + 2431.59 = 2509.34 over 20 frames.
S_S22_W_muowi_01 mươi 
LOG (lattice-best-path[5.5.1023~1-d673]:main():lattice-best-path.cc:99) For utterance S_S22_W_muowi_02, best cost 78.1954 + 2148.93 = 2227.13 over 18 frames.
S_S22_W_muowi_02 mươi 
LOG (lattice-best-path[5.5.1023~1-d673]:main():lattice-best-path.cc:99) For utterance S_S22_W_muowi_03, best cost 73.2356 + 2297.11 = 2370.35 over 20 frames.
S_S22_W_muowi_03 mươi 
LOG (lattice-best-path[5.5.1023~1-d673]:main():lattice-best-path.cc:99) For utterance S_S22_W_muowi_04, best cost 48.6844 + 2095.56 = 2144.24 over 16 frames.
S_S22_W_muowi_04 
LOG (lattice-best-path[5.5.1023~1-d673]:main():lattice-best-path.cc:99) For utterance S_S22_W_muowi_05, best cost 44.9653 + 1111.89 = 1156.86 over 9 frames.
S_S22_W_muowi_05 
LOG (lattice-best-path[5.5.1023~1-d673]:main():lattice-best-path.cc:99) For utterance S_S22_W_muowi_06, best cost 45.8497 + 1313.25 = 1359.1 over 12 frames.
S_S22_W_muowi_06 
LOG (lattice-best-path[5.5.1023~1-d673]:main():lattice-best-path.cc:99) For utterance S_S22_W_muowi_07, best cost 49.9916 + 2340.66 = 2390.65 over 18 frames.
S_S22_W_muowi_07 
LOG (lattice-best-path[5.5.1023~1-d673]:main():lattice-best-path.cc:99) For utterance S_S22_W_muowi_08, best cost 47.1538 + 1837.27 = 1884.43 over 15 frames.
S_S22_W_muowi_08 
LOG (lattice-best-path[5.5.1023~1-d673]:main():lattice-best-path.cc:99) For utterance S_S22_W_muowi_09, best cost 72.7686 + 2192.77 = 2265.54 over 18 frames.
S_S22_W_muowi_09 mươi 
LOG (lattice-best-path[5.5.1023~1-d673]:main():lattice-best-path.cc:99) For utterance S_S22_W_muowi_10, best cost 46.58 + 1807.59 = 1854.17 over 12 frames.
S_S22_W_muowi_10 
LOG (lattice-best-path[5.5.1023~1-d673]:main():lattice-best-path.cc:99) For utterance S_S22_W_muowi_11, best cost 49.7366 + 2340.84 = 2390.58 over 18 frames.
S_S22_W_muowi_11 
LOG (lattice-best-path[5.5.1023~1-d673]:main():lattice-best-path.cc:99) For utterance S_S22_W_muowi_12, best cost 48.3153 + 2223.08 = 2271.4 over 17 frames.
S_S22_W_muowi_12 
LOG (lattice-best-path[5.5.1023~1-d673]:main():lattice-best-path.cc:99) For utterance S_S22_W_muowi_13, best cost 49.5717 + 2308.83 = 2358.41 over 18 frames.
S_S22_W_muowi_13 
LOG (lattice-best-path[5.5.1023~1-d673]:main():lattice-best-path.cc:99) For utterance S_S22_W_muowi_14, best cost 45.5643 + 1434.66 = 1480.22 over 10 frames.
S_S22_W_muowi_14 
LOG (lattice-best-path[5.5.1023~1-d673]:main():lattice-best-path.cc:99) For utterance S_S22_W_muowi_15, best cost 49.1883 + 2153.09 = 2202.27 over 18 frames.
S_S22_W_muowi_15 
LOG (lattice-best-path[5.5.1023~1-d673]:main():lattice-best-path.cc:99) For utterance S_S22_W_muowi_16, best cost 71.5118 + 1604.35 = 1675.86 over 14 frames.
S_S22_W_muowi_16 mươi 
LOG (lattice-best-path[5.5.1023~1-d673]:main():lattice-best-path.cc:99) For utterance S_S22_W_muowi_17, best cost 71.6968 + 1985.27 = 2056.97 over 16 frames.
S_S22_W_muowi_17 mươi 
LOG (lattice-best-path[5.5.1023~1-d673]:main():lattice-best-path.cc:99) For utterance S_S22_W_muowi_18, best cost 48.9728 + 2249.35 = 2298.32 over 17 frames.
S_S22_W_muowi_18 
LOG (lattice-best-path[5.5.1023~1-d673]:main():lattice-best-path.cc:99) For utterance S_S22_W_muowi_19, best cost 47.7051 + 1842.96 = 1890.66 over 14 frames.
S_S22_W_muowi_19 
LOG (lattice-best-path[5.5.1023~1-d673]:main():lattice-best-path.cc:99) For utterance S_S22_W_muowi_20, best cost 93.2233 + 2954.34 = 3047.57 over 26 frames.
S_S22_W_muowi_20 một 
LOG (lattice-best-path[5.5.1023~1-d673]:main():lattice-best-path.cc:99) For utterance S_S22_W_muowi_21, best cost 44.5121 + 1000.39 = 1044.9 over 8 frames.
S_S22_W_muowi_21 
LOG (lattice-best-path[5.5.1023~1-d673]:main():lattice-best-path.cc:99) For utterance S_S22_W_muowif_01, best cost 82.0922 + 2802.4 = 2884.49 over 26 frames.
S_S22_W_muowif_01 mươi 
LOG (lattice-best-path[5.5.1023~1-d673]:main():lattice-best-path.cc:99) For utterance S_S22_W_nawm_01, best cost 89.1115 + 2533.72 = 2622.83 over 20 frames.
S_S22_W_nawm_01 năm 
LOG (lattice-best-path[5.5.1023~1-d673]:main():lattice-best-path.cc:99) For utterance S_S22_W_nawm_02, best cost 89.3752 + 1899.9 = 1989.28 over 16 frames.
S_S22_W_nawm_02 năm 
LOG (lattice-best-path[5.5.1023~1-d673]:main():lattice-best-path.cc:99) For utterance S_S22_W_nawm_03, best cost 48.3404 + 1923.77 = 1972.11 over 15 frames.
S_S22_W_nawm_03 
LOG (lattice-best-path[5.5.1023~1-d673]:main():lattice-best-path.cc:99) For utterance S_S22_W_saus_01, best cost 98.7487 + 4395.51 = 4494.26 over 36 frames.
S_S22_W_saus_01 sáu 
LOG (lattice-best-path[5.5.1023~1-d673]:main():lattice-best-path.cc:99) For utterance S_S22_W_saus_02, best cost 100.594 + 4935.5 = 5036.09 over 43 frames.
S_S22_W_saus_02 sáu 
LOG (lattice-best-path[5.5.1023~1-d673]:main():lattice-best-path.cc:99) For utterance S_S22_W_saus_03, best cost 97.1589 + 3937.78 = 4034.94 over 34 frames.
S_S22_W_saus_03 sáu 
LOG (lattice-best-path[5.5.1023~1-d673]:main():lattice-best-path.cc:99) For utterance S_S22_W_saus_04, best cost 97.1485 + 3799.67 = 3896.82 over 34 frames.
S_S22_W_saus_04 sáu 
LOG (lattice-best-path[5.5.1023~1-d673]:main():lattice-best-path.cc:99) For utterance S_S22_W_saus_05, best cost 96.2929 + 3529.99 = 3626.28 over 33 frames.
S_S22_W_saus_05 sáu 
LOG (lattice-best-path[5.5.1023~1-d673]:main():lattice-best-path.cc:99) For utterance S_S22_W_saus_06, best cost 49.5909 + 2512.31 = 2561.9 over 18 frames.
S_S22_W_saus_06 
LOG (lattice-best-path[5.5.1023~1-d673]:main():lattice-best-path.cc:99) For utterance S_S22_W_saus_07, best cost 51.8248 + 2680.49 = 2732.32 over 21 frames.
S_S22_W_saus_07 
LOG (lattice-best-path[5.5.1023~1-d673]:main():lattice-best-path.cc:99) For utterance S_S22_W_saus_08, best cost 52.2781 + 2639.75 = 2692.03 over 22 frames.
S_S22_W_saus_08 
LOG (lattice-best-path[5.5.1023~1-d673]:main():lattice-best-path.cc:99) For utterance S_S22_W_saus_09, best cost 47.4865 + 2008.67 = 2056.16 over 14 frames.
S_S22_W_saus_09 
LOG (lattice-best-path[5.5.1023~1-d673]:main():lattice-best-path.cc:99) For utterance S_S22_W_saus_10, best cost 49.0648 + 2271.33 = 2320.4 over 17 frames.
S_S22_W_saus_10 
LOG (lattice-best-path[5.5.1023~1-d673]:main():lattice-best-path.cc:99) For utterance S_S22_W_saus_11, best cost 93.3733 + 3127.91 = 3221.29 over 27 frames.
S_S22_W_saus_11 tám 
LOG (lattice-best-path[5.5.1023~1-d673]:main():lattice-best-path.cc:99) For utterance S_S22_W_tams_01, best cost 84.5681 + 2127.68 = 2212.25 over 20 frames.
S_S22_W_tams_01 tám 
LOG (lattice-best-path[5.5.1023~1-d673]:main():lattice-best-path.cc:99) For utterance S_S22_W_tams_02, best cost 87.4869 + 3049.43 = 3136.92 over 31 frames.
S_S22_W_tams_02 tám 
LOG (lattice-best-path[5.5.1023~1-d673]:main():lattice-best-path.cc:99) For utterance S_S22_W_tams_03, best cost 51.9502 + 2474.45 = 2526.4 over 22 frames.
S_S22_W_tams_03 
LOG (lattice-best-path[5.5.1023~1-d673]:main():lattice-best-path.cc:99) For utterance S_S22_W_tams_04, best cost 50.372 + 2294.18 = 2344.56 over 19 frames.
S_S22_W_tams_04 
LOG (lattice-best-path[5.5.1023~1-d673]:main():lattice-best-path.cc:99) For utterance S_S22_W_tams_05, best cost 82.1963 + 1404.79 = 1486.99 over 13 frames.
S_S22_W_tams_05 tám 
LOG (lattice-best-path[5.5.1023~1-d673]:main():lattice-best-path.cc:99) For utterance S_S22_W_tams_06, best cost 46.0904 + 1156.94 = 1203.03 over 11 frames.
S_S22_W_tams_06 
LOG (lattice-best-path[5.5.1023~1-d673]:main():lattice-best-path.cc:99) For utterance S_S22_W_tams_07, best cost 48.7937 + 1922.76 = 1971.56 over 16 frames.
S_S22_W_tams_07 
LOG (lattice-best-path[5.5.1023~1-d673]:main():lattice-best-path.cc:99) For utterance S_S22_W_tams_08, best cost 47.2154 + 1405.43 = 1452.65 over 13 frames.
S_S22_W_tams_08 
LOG (lattice-best-path[5.5.1023~1-d673]:main():lattice-best-path.cc:99) For utterance S_S22_W_trawm_01, best cost 103.967 + 5415.79 = 5519.75 over 43 frames.
S_S22_W_trawm_01 tám 
LOG (lattice-best-path[5.5.1023~1-d673]:main():lattice-best-path.cc:99) For utterance S_S22_W_trawm_02, best cost 53.7996 + 3250.52 = 3304.31 over 26 frames.
S_S22_W_trawm_02 
LOG (lattice-best-path[5.5.1023~1-d673]:main():lattice-best-path.cc:99) For utterance S_S22_W_trawm_03, best cost 93.9825 + 3076.25 = 3170.23 over 25 frames.
S_S22_W_trawm_03 một 
LOG (lattice-best-path[5.5.1023~1-d673]:main():lattice-best-path.cc:99) For utterance S_S22_W_trawm_04, best cost 50.9345 + 2431.76 = 2482.7 over 20 frames.
S_S22_W_trawm_04 
LOG (lattice-best-path[5.5.1023~1-d673]:main():lattice-best-path.cc:99) For utterance S_S22_W_trawm_05, best cost 49.8459 + 2227.7 = 2277.54 over 18 frames.
S_S22_W_trawm_05 
LOG (lattice-best-path[5.5.1023~1-d673]:main():lattice-best-path.cc:99) For utterance S_S22_W_trawm_06, best cost 92.5834 + 2519.5 = 2612.09 over 22 frames.
S_S22_W_trawm_06 một 
LOG (lattice-best-path[5.5.1023~1-d673]:main():lattice-best-path.cc:99) For utterance S_S22_W_trawm_07, best cost 49.2833 + 2084.21 = 2133.49 over 17 frames.
S_S22_W_trawm_07 
LOG (lattice-best-path[5.5.1023~1-d673]:main():lattice-best-path.cc:99) For utterance S_S22_W_trawm_08, best cost 49.3198 + 2032.9 = 2082.22 over 17 frames.
S_S22_W_trawm_08 
LOG (lattice-best-path[5.5.1023~1-d673]:main():lattice-best-path.cc:99) For utterance S_S22_W_trawm_09, best cost 50.2991 + 2222.94 = 2273.24 over 19 frames.
S_S22_W_trawm_09 
LOG (lattice-best-path[5.5.1023~1-d673]:main():lattice-best-path.cc:99) For utterance S_S22_W_trawm_10, best cost 46.0904 + 1227.75 = 1273.84 over 11 frames.
S_S22_W_trawm_10 
LOG (lattice-best-path[5.5.1023~1-d673]:main():lattice-best-path.cc:99) For utterance S_S22_W_trawm_11, best cost 50.898 + 2320.31 = 2371.2 over 20 frames.
S_S22_W_trawm_11 
LOG (lattice-best-path[5.5.1023~1-d673]:main():lattice-best-path.cc:99) For utterance S_S22_W_trawm_12, best cost 48.7572 + 1898.32 = 1947.08 over 16 frames.
S_S22_W_trawm_12 
LOG (lattice-best-path[5.5.1023~1-d673]:main():lattice-best-path.cc:99) For utterance S_S22_W_trawm_13, best cost 48.7572 + 1729.29 = 1778.05 over 16 frames.
S_S22_W_trawm_13 
LOG (lattice-best-path[5.5.1023~1-d673]:main():lattice-best-path.cc:99) For utterance S_S22_W_trawm_14, best cost 48.7208 + 1926.78 = 1975.5 over 16 frames.
S_S22_W_trawm_14 
LOG (lattice-best-path[5.5.1023~1-d673]:main():lattice-best-path.cc:99) For utterance S_S22_W_trawm_15, best cost 47.7415 + 1857.09 = 1904.84 over 14 frames.
S_S22_W_trawm_15 
LOG (lattice-best-path[5.5.1023~1-d673]:main():lattice-best-path.cc:99) For utterance S_S22_W_trawm_16, best cost 50.9709 + 2342.53 = 2393.5 over 20 frames.
S_S22_W_trawm_16 
LOG (lattice-best-path[5.5.1023~1-d673]:main():lattice-best-path.cc:99) For utterance S_S22_W_trawm_17, best cost 46.1268 + 1475.24 = 1521.37 over 11 frames.
S_S22_W_trawm_17 
LOG (lattice-best-path[5.5.1023~1-d673]:main():lattice-best-path.cc:99) For utterance S_S22_W_trawm_18, best cost 48.903 + 1871.2 = 1920.11 over 16 frames.
S_S22_W_trawm_18 
LOG (lattice-best-path[5.5.1023~1-d673]:main():lattice-best-path.cc:99) For utterance S_S22_W_trawm_19, best cost 49.2833 + 2099.76 = 2149.04 over 17 frames.
S_S22_W_trawm_19 
LOG (lattice-best-path[5.5.1023~1-d673]:main():lattice-best-path.cc:99) For utterance S_S22_W_trawm_20, best cost 46.0539 + 1405.76 = 1451.81 over 11 frames.
S_S22_W_trawm_20 
LOG (lattice-best-path[5.5.1023~1-d673]:main():lattice-best-path.cc:99) For utterance S_S22_W_trawm_21, best cost 46.5436 + 1569.69 = 1616.23 over 12 frames.
S_S22_W_trawm_21 
LOG (lattice-best-path[5.5.1023~1-d673]:main():lattice-best-path.cc:99) For utterance S_S22_W_trawm_22, best cost 48.304 + 2095.15 = 2143.45 over 15 frames.
S_S22_W_trawm_22 
LOG (lattice-best-path[5.5.1023~1-d673]:main():lattice-best-path.cc:124) Overall cost per frame is 114.047 = 3.23034 [graph] + 110.816 [acoustic] over 7303 frames.
LOG (lattice-best-path[5.5.1023~1-d673]:main():lattice-best-path.cc:128) Done 333 lattices, failed for 0
# Accounting: time=0 threads=1
# Ended (code 0) at Thứ ba, 17 Tháng 5 năm 2022 11:04:29 +07, elapsed time 0 seconds
