# lattice-best-path --lm-scale=15 --word-symbol-table=exp/mono/graph/words.txt "ark:gunzip -c exp/mono/decode/lat.*.gz|" ark,t:exp/mono/decode/scoring/15.tra 
# Started at Thứ ba, 17 Tháng 5 năm 2022 11:04:29 +07
#
lattice-best-path --lm-scale=15 --word-symbol-table=exp/mono/graph/words.txt 'ark:gunzip -c exp/mono/decode/lat.*.gz|' ark,t:exp/mono/decode/scoring/15.tra 
LOG (lattice-best-path[5.5.1023~1-d673]:main():lattice-best-path.cc:99) For utterance S_S17_W_ba_01, best cost 126.741 + 1446.15 = 1572.89 over 14 frames.
S_S17_W_ba_01 bảy 
LOG (lattice-best-path[5.5.1023~1-d673]:main():lattice-best-path.cc:99) For utterance S_S17_W_ba_02, best cost 133.072 + 3475.09 = 3608.16 over 35 frames.
S_S17_W_ba_02 bảy 
LOG (lattice-best-path[5.5.1023~1-d673]:main():lattice-best-path.cc:99) For utterance S_S17_W_ba_03, best cost 73.1026 + 1918.44 = 1991.54 over 17 frames.
S_S17_W_ba_03 
LOG (lattice-best-path[5.5.1023~1-d673]:main():lattice-best-path.cc:99) For utterance S_S17_W_ba_04, best cost 129.167 + 2238.98 = 2368.15 over 23 frames.
S_S17_W_ba_04 bảy 
LOG (lattice-best-path[5.5.1023~1-d673]:main():lattice-best-path.cc:99) For utterance S_S17_W_ba_05, best cost 139.472 + 3473.44 = 3612.91 over 37 frames.
S_S17_W_ba_05 bảy 
LOG (lattice-best-path[5.5.1023~1-d673]:main():lattice-best-path.cc:99) For utterance S_S17_W_ba_06, best cost 145.674 + 3370.84 = 3516.52 over 39 frames.
S_S17_W_ba_06 bảy 
LOG (lattice-best-path[5.5.1023~1-d673]:main():lattice-best-path.cc:99) For utterance S_S17_W_ba_07, best cost 76.7797 + 2399.57 = 2476.35 over 21 frames.
S_S17_W_ba_07 
LOG (lattice-best-path[5.5.1023~1-d673]:main():lattice-best-path.cc:99) For utterance S_S17_W_ba_08, best cost 71.3937 + 1477.57 = 1548.96 over 14 frames.
S_S17_W_ba_08 
LOG (lattice-best-path[5.5.1023~1-d673]:main():lattice-best-path.cc:99) For utterance S_S17_W_ba_09, best cost 73.6777 + 1979.7 = 2053.38 over 17 frames.
S_S17_W_ba_09 
LOG (lattice-best-path[5.5.1023~1-d673]:main():lattice-best-path.cc:99) For utterance S_S17_W_ba_10, best cost 142.39 + 3996.78 = 4139.17 over 41 frames.
S_S17_W_ba_10 tám 
LOG (lattice-best-path[5.5.1023~1-d673]:main():lattice-best-path.cc:99) For utterance S_S17_W_ba_11, best cost 132.323 + 2991.86 = 3124.18 over 34 frames.
S_S17_W_ba_11 tám 
LOG (lattice-best-path[5.5.1023~1-d673]:main():lattice-best-path.cc:99) For utterance S_S17_W_bayr_01, best cost 122.314 + 2171.09 = 2293.4 over 19 frames.
S_S17_W_bayr_01 bảy 
LOG (lattice-best-path[5.5.1023~1-d673]:main():lattice-best-path.cc:99) For utterance S_S17_W_bayr_02, best cost 122.599 + 2391.84 = 2514.44 over 20 frames.
S_S17_W_bayr_02 bảy 
LOG (lattice-best-path[5.5.1023~1-d673]:main():lattice-best-path.cc:99) For utterance S_S17_W_bayr_03, best cost 121.72 + 2423.78 = 2545.5 over 21 frames.
S_S17_W_bayr_03 bảy 
LOG (lattice-best-path[5.5.1023~1-d673]:main():lattice-best-path.cc:99) For utterance S_S17_W_bayr_04, best cost 122.072 + 2306.46 = 2428.53 over 19 frames.
S_S17_W_bayr_04 bảy 
LOG (lattice-best-path[5.5.1023~1-d673]:main():lattice-best-path.cc:99) For utterance S_S17_W_bayr_05, best cost 80.8938 + 2781.99 = 2862.89 over 25 frames.
S_S17_W_bayr_05 
LOG (lattice-best-path[5.5.1023~1-d673]:main():lattice-best-path.cc:99) For utterance S_S17_W_bayr_06, best cost 125.242 + 3656.92 = 3782.16 over 32 frames.
S_S17_W_bayr_06 bảy 
LOG (lattice-best-path[5.5.1023~1-d673]:main():lattice-best-path.cc:99) For utterance S_S17_W_bayr_07, best cost 137.849 + 3526.03 = 3663.87 over 32 frames.
S_S17_W_bayr_07 bảy 
LOG (lattice-best-path[5.5.1023~1-d673]:main():lattice-best-path.cc:99) For utterance S_S17_W_bayr_08, best cost 78.4171 + 2792.6 = 2871.01 over 22 frames.
S_S17_W_bayr_08 
LOG (lattice-best-path[5.5.1023~1-d673]:main():lattice-best-path.cc:99) For utterance S_S17_W_bayr_09, best cost 128.13 + 1627.06 = 1755.19 over 15 frames.
S_S17_W_bayr_09 bảy 
LOG (lattice-best-path[5.5.1023~1-d673]:main():lattice-best-path.cc:99) For utterance S_S17_W_boons_01, best cost 125.336 + 1405.16 = 1530.5 over 14 frames.
S_S17_W_boons_01 một 
LOG (lattice-best-path[5.5.1023~1-d673]:main():lattice-best-path.cc:99) For utterance S_S17_W_boons_02, best cost 131.87 + 2635 = 2766.87 over 23 frames.
S_S17_W_boons_02 một 
LOG (lattice-best-path[5.5.1023~1-d673]:main():lattice-best-path.cc:99) For utterance S_S17_W_chins_01, best cost 141.044 + 3324.84 = 3465.89 over 27 frames.
S_S17_W_chins_01 chín 
LOG (lattice-best-path[5.5.1023~1-d673]:main():lattice-best-path.cc:99) For utterance S_S17_W_chins_02, best cost 130.944 + 2499.27 = 2630.21 over 19 frames.
S_S17_W_chins_02 chín 
LOG (lattice-best-path[5.5.1023~1-d673]:main():lattice-best-path.cc:99) For utterance S_S17_W_chins_03, best cost 131.181 + 2501.88 = 2633.06 over 21 frames.
S_S17_W_chins_03 chín 
LOG (lattice-best-path[5.5.1023~1-d673]:main():lattice-best-path.cc:99) For utterance S_S17_W_chins_04, best cost 130.556 + 1926.29 = 2056.84 over 16 frames.
S_S17_W_chins_04 chín 
LOG (lattice-best-path[5.5.1023~1-d673]:main():lattice-best-path.cc:99) For utterance S_S17_W_hai_01, best cost 154.157 + 4647.28 = 4801.44 over 49 frames.
S_S17_W_hai_01 tám 
LOG (lattice-best-path[5.5.1023~1-d673]:main():lattice-best-path.cc:99) For utterance S_S17_W_hai_02, best cost 77.3795 + 2651.32 = 2728.69 over 27 frames.
S_S17_W_hai_02 
LOG (lattice-best-path[5.5.1023~1-d673]:main():lattice-best-path.cc:99) For utterance S_S17_W_hai_03, best cost 72.6154 + 1681.03 = 1753.65 over 16 frames.
S_S17_W_hai_03 
LOG (lattice-best-path[5.5.1023~1-d673]:main():lattice-best-path.cc:99) For utterance S_S17_W_hai_04, best cost 65.7773 + 933.325 = 999.102 over 9 frames.
S_S17_W_hai_04 
LOG (lattice-best-path[5.5.1023~1-d673]:main():lattice-best-path.cc:99) For utterance S_S17_W_hai_05, best cost 153.613 + 4622.36 = 4775.98 over 50 frames.
S_S17_W_hai_05 bảy 
LOG (lattice-best-path[5.5.1023~1-d673]:main():lattice-best-path.cc:99) For utterance S_S17_W_hai_06, best cost 72.0735 + 1637.33 = 1709.4 over 15 frames.
S_S17_W_hai_06 
LOG (lattice-best-path[5.5.1023~1-d673]:main():lattice-best-path.cc:99) For utterance S_S17_W_hai_07, best cost 149.126 + 3499.75 = 3648.87 over 39 frames.
S_S17_W_hai_07 tám 
LOG (lattice-best-path[5.5.1023~1-d673]:main():lattice-best-path.cc:99) For utterance S_S17_W_hai_08, best cost 74.4038 + 2236.39 = 2310.8 over 25 frames.
S_S17_W_hai_08 
LOG (lattice-best-path[5.5.1023~1-d673]:main():lattice-best-path.cc:99) For utterance S_S17_W_hai_09, best cost 81.7376 + 2835.74 = 2917.47 over 26 frames.
S_S17_W_hai_09 
LOG (lattice-best-path[5.5.1023~1-d673]:main():lattice-best-path.cc:99) For utterance S_S17_W_hai_10, best cost 79.9103 + 2864.34 = 2944.25 over 25 frames.
S_S17_W_hai_10 
LOG (lattice-best-path[5.5.1023~1-d673]:main():lattice-best-path.cc:99) For utterance S_S17_W_lawm_01, best cost 156.681 + 4385.62 = 4542.3 over 43 frames.
S_S17_W_lawm_01 một 
LOG (lattice-best-path[5.5.1023~1-d673]:main():lattice-best-path.cc:99) For utterance S_S17_W_ler_01, best cost 79.4248 + 3022.26 = 3101.69 over 23 frames.
S_S17_W_ler_01 
LOG (lattice-best-path[5.5.1023~1-d673]:main():lattice-best-path.cc:99) For utterance S_S17_W_mootj_01, best cost 73.925 + 2034.03 = 2107.95 over 17 frames.
S_S17_W_mootj_01 
LOG (lattice-best-path[5.5.1023~1-d673]:main():lattice-best-path.cc:99) For utterance S_S17_W_mootj_02, best cost 131.231 + 1781.84 = 1913.07 over 16 frames.
S_S17_W_mootj_02 một 
LOG (lattice-best-path[5.5.1023~1-d673]:main():lattice-best-path.cc:99) For utterance S_S17_W_mootj_03, best cost 130.633 + 2570.53 = 2701.16 over 22 frames.
S_S17_W_mootj_03 một 
LOG (lattice-best-path[5.5.1023~1-d673]:main():lattice-best-path.cc:99) For utterance S_S17_W_mootj_04, best cost 147.961 + 2962.97 = 3110.93 over 25 frames.
S_S17_W_mootj_04 một 
LOG (lattice-best-path[5.5.1023~1-d673]:main():lattice-best-path.cc:99) For utterance S_S17_W_mootj_05, best cost 129.011 + 1954.15 = 2083.16 over 19 frames.
S_S17_W_mootj_05 một 
LOG (lattice-best-path[5.5.1023~1-d673]:main():lattice-best-path.cc:99) For utterance S_S17_W_mootj_06, best cost 136.282 + 1993.17 = 2129.45 over 18 frames.
S_S17_W_mootj_06 một 
LOG (lattice-best-path[5.5.1023~1-d673]:main():lattice-best-path.cc:99) For utterance S_S17_W_moots_01, best cost 131.976 + 2513.02 = 2645 over 26 frames.
S_S17_W_moots_01 một 
LOG (lattice-best-path[5.5.1023~1-d673]:main():lattice-best-path.cc:99) For utterance S_S17_W_muowi_01, best cost 76.8935 + 2403.73 = 2480.62 over 20 frames.
S_S17_W_muowi_01 
LOG (lattice-best-path[5.5.1023~1-d673]:main():lattice-best-path.cc:99) For utterance S_S17_W_muowi_02, best cost 108.908 + 1776.37 = 1885.28 over 17 frames.
S_S17_W_muowi_02 mươi 
LOG (lattice-best-path[5.5.1023~1-d673]:main():lattice-best-path.cc:99) For utterance S_S17_W_muowi_03, best cost 75.0042 + 2193.45 = 2268.45 over 20 frames.
S_S17_W_muowi_03 
LOG (lattice-best-path[5.5.1023~1-d673]:main():lattice-best-path.cc:99) For utterance S_S17_W_muowi_04, best cost 74.4122 + 2215.64 = 2290.05 over 18 frames.
S_S17_W_muowi_04 
LOG (lattice-best-path[5.5.1023~1-d673]:main():lattice-best-path.cc:99) For utterance S_S17_W_muowi_05, best cost 73.64 + 2113.49 = 2187.13 over 19 frames.
S_S17_W_muowi_05 
LOG (lattice-best-path[5.5.1023~1-d673]:main():lattice-best-path.cc:99) For utterance S_S17_W_muowi_06, best cost 72.5822 + 1909.34 = 1981.92 over 17 frames.
S_S17_W_muowi_06 
LOG (lattice-best-path[5.5.1023~1-d673]:main():lattice-best-path.cc:99) For utterance S_S17_W_muowi_07, best cost 70.6592 + 1455.71 = 1526.37 over 13 frames.
S_S17_W_muowi_07 
LOG (lattice-best-path[5.5.1023~1-d673]:main():lattice-best-path.cc:99) For utterance S_S17_W_muowi_08, best cost 71.4697 + 1775.61 = 1847.08 over 15 frames.
S_S17_W_muowi_08 
LOG (lattice-best-path[5.5.1023~1-d673]:main():lattice-best-path.cc:99) For utterance S_S17_W_muowi_09, best cost 69.2617 + 1383.54 = 1452.8 over 13 frames.
S_S17_W_muowi_09 
LOG (lattice-best-path[5.5.1023~1-d673]:main():lattice-best-path.cc:99) For utterance S_S17_W_muowi_10, best cost 70.7138 + 1603.26 = 1673.98 over 13 frames.
S_S17_W_muowi_10 
LOG (lattice-best-path[5.5.1023~1-d673]:main():lattice-best-path.cc:99) For utterance S_S17_W_muowi_11, best cost 110.239 + 2034.99 = 2145.23 over 20 frames.
S_S17_W_muowi_11 mươi 
LOG (lattice-best-path[5.5.1023~1-d673]:main():lattice-best-path.cc:99) For utterance S_S17_W_muowi_12, best cost 76.3471 + 2226.72 = 2303.07 over 20 frames.
S_S17_W_muowi_12 
LOG (lattice-best-path[5.5.1023~1-d673]:main():lattice-best-path.cc:99) For utterance S_S17_W_muowi_13, best cost 72.1496 + 1958.28 = 2030.43 over 16 frames.
S_S17_W_muowi_13 
LOG (lattice-best-path[5.5.1023~1-d673]:main():lattice-best-path.cc:99) For utterance S_S17_W_muowi_14, best cost 72.5653 + 1765.84 = 1838.4 over 15 frames.
S_S17_W_muowi_14 
LOG (lattice-best-path[5.5.1023~1-d673]:main():lattice-best-path.cc:99) For utterance S_S17_W_muowi_15, best cost 115.793 + 2018.96 = 2134.75 over 21 frames.
S_S17_W_muowi_15 mươi 
LOG (lattice-best-path[5.5.1023~1-d673]:main():lattice-best-path.cc:99) For utterance S_S17_W_muowi_16, best cost 74.4122 + 2102.72 = 2177.13 over 18 frames.
S_S17_W_muowi_16 
LOG (lattice-best-path[5.5.1023~1-d673]:main():lattice-best-path.cc:99) For utterance S_S17_W_muowi_17, best cost 69.7061 + 1350.24 = 1419.94 over 12 frames.
S_S17_W_muowi_17 
LOG (lattice-best-path[5.5.1023~1-d673]:main():lattice-best-path.cc:99) For utterance S_S17_W_muowi_18, best cost 120.884 + 2713.81 = 2834.69 over 25 frames.
S_S17_W_muowi_18 mươi 
LOG (lattice-best-path[5.5.1023~1-d673]:main():lattice-best-path.cc:99) For utterance S_S17_W_muowi_19, best cost 72.3467 + 1635.78 = 1708.13 over 15 frames.
S_S17_W_muowi_19 
LOG (lattice-best-path[5.5.1023~1-d673]:main():lattice-best-path.cc:99) For utterance S_S17_W_muowi_20, best cost 123.86 + 2772.71 = 2896.57 over 27 frames.
S_S17_W_muowi_20 mươi 
LOG (lattice-best-path[5.5.1023~1-d673]:main():lattice-best-path.cc:99) For utterance S_S17_W_muowi_21, best cost 68.401 + 1283.94 = 1352.34 over 10 frames.
S_S17_W_muowi_21 
LOG (lattice-best-path[5.5.1023~1-d673]:main():lattice-best-path.cc:99) For utterance S_S17_W_muowif_01, best cost 126.102 + 3106.53 = 3232.64 over 32 frames.
S_S17_W_muowif_01 mươi 
LOG (lattice-best-path[5.5.1023~1-d673]:main():lattice-best-path.cc:99) For utterance S_S17_W_nawm_01, best cost 141.612 + 3881.81 = 4023.42 over 36 frames.
S_S17_W_nawm_01 năm 
LOG (lattice-best-path[5.5.1023~1-d673]:main():lattice-best-path.cc:99) For utterance S_S17_W_nawm_02, best cost 78.2656 + 2678.15 = 2756.42 over 25 frames.
S_S17_W_nawm_02 
LOG (lattice-best-path[5.5.1023~1-d673]:main():lattice-best-path.cc:99) For utterance S_S17_W_nawm_03, best cost 147.142 + 2648.67 = 2795.81 over 26 frames.
S_S17_W_nawm_03 năm 
LOG (lattice-best-path[5.5.1023~1-d673]:main():lattice-best-path.cc:99) For utterance S_S17_W_saus_01, best cost 121.37 + 3252.65 = 3374.02 over 31 frames.
S_S17_W_saus_01 sáu 
LOG (lattice-best-path[5.5.1023~1-d673]:main():lattice-best-path.cc:99) For utterance S_S17_W_saus_02, best cost 195.386 + 4074.2 = 4269.59 over 42 frames.
S_S17_W_saus_02 sáu một 
LOG (lattice-best-path[5.5.1023~1-d673]:main():lattice-best-path.cc:99) For utterance S_S17_W_saus_03, best cost 134.171 + 3900.77 = 4034.94 over 41 frames.
S_S17_W_saus_03 sáu 
LOG (lattice-best-path[5.5.1023~1-d673]:main():lattice-best-path.cc:99) For utterance S_S17_W_saus_04, best cost 135.699 + 4251.22 = 4386.92 over 44 frames.
S_S17_W_saus_04 sáu 
LOG (lattice-best-path[5.5.1023~1-d673]:main():lattice-best-path.cc:99) For utterance S_S17_W_saus_05, best cost 137.205 + 4868.57 = 5005.78 over 47 frames.
S_S17_W_saus_05 sáu 
LOG (lattice-best-path[5.5.1023~1-d673]:main():lattice-best-path.cc:99) For utterance S_S17_W_saus_06, best cost 129.875 + 2698.52 = 2828.4 over 24 frames.
S_S17_W_saus_06 sáu 
LOG (lattice-best-path[5.5.1023~1-d673]:main():lattice-best-path.cc:99) For utterance S_S17_W_saus_07, best cost 120.708 + 2592.39 = 2713.09 over 24 frames.
S_S17_W_saus_07 sáu 
LOG (lattice-best-path[5.5.1023~1-d673]:main():lattice-best-path.cc:99) For utterance S_S17_W_saus_08, best cost 78.6052 + 2682.52 = 2761.13 over 23 frames.
S_S17_W_saus_08 
LOG (lattice-best-path[5.5.1023~1-d673]:main():lattice-best-path.cc:99) For utterance S_S17_W_saus_09, best cost 118.233 + 1737.04 = 1855.27 over 15 frames.
S_S17_W_saus_09 sáu 
LOG (lattice-best-path[5.5.1023~1-d673]:main():lattice-best-path.cc:99) For utterance S_S17_W_saus_10, best cost 120.989 + 2913.28 = 3034.27 over 28 frames.
S_S17_W_saus_10 sáu 
LOG (lattice-best-path[5.5.1023~1-d673]:main():lattice-best-path.cc:99) For utterance S_S17_W_saus_11, best cost 125.248 + 3452.92 = 3578.17 over 36 frames.
S_S17_W_saus_11 sáu 
LOG (lattice-best-path[5.5.1023~1-d673]:main():lattice-best-path.cc:99) For utterance S_S17_W_tams_01, best cost 133.987 + 2549.53 = 2683.52 over 23 frames.
S_S17_W_tams_01 năm 
LOG (lattice-best-path[5.5.1023~1-d673]:main():lattice-best-path.cc:99) For utterance S_S17_W_tams_02, best cost 141.441 + 3149.39 = 3290.83 over 33 frames.
S_S17_W_tams_02 tám 
LOG (lattice-best-path[5.5.1023~1-d673]:main():lattice-best-path.cc:99) For utterance S_S17_W_tams_03, best cost 77.8707 + 2228.64 = 2306.51 over 22 frames.
S_S17_W_tams_03 
LOG (lattice-best-path[5.5.1023~1-d673]:main():lattice-best-path.cc:99) For utterance S_S17_W_tams_04, best cost 74.8781 + 2304.44 = 2379.32 over 18 frames.
S_S17_W_tams_04 
LOG (lattice-best-path[5.5.1023~1-d673]:main():lattice-best-path.cc:99) For utterance S_S17_W_tams_05, best cost 75.042 + 2158.6 = 2233.64 over 18 frames.
S_S17_W_tams_05 
LOG (lattice-best-path[5.5.1023~1-d673]:main():lattice-best-path.cc:99) For utterance S_S17_W_tams_06, best cost 74.0343 + 2097.77 = 2171.8 over 17 frames.
S_S17_W_tams_06 
LOG (lattice-best-path[5.5.1023~1-d673]:main():lattice-best-path.cc:99) For utterance S_S17_W_tams_07, best cost 75.5033 + 1914.88 = 1990.39 over 19 frames.
S_S17_W_tams_07 
LOG (lattice-best-path[5.5.1023~1-d673]:main():lattice-best-path.cc:99) For utterance S_S17_W_tams_08, best cost 133.667 + 2073.36 = 2207.03 over 20 frames.
S_S17_W_tams_08 năm 
LOG (lattice-best-path[5.5.1023~1-d673]:main():lattice-best-path.cc:99) For utterance S_S17_W_trawm_01, best cost 82.1989 + 3301 = 3383.2 over 27 frames.
S_S17_W_trawm_01 
LOG (lattice-best-path[5.5.1023~1-d673]:main():lattice-best-path.cc:99) For utterance S_S17_W_trawm_02, best cost 85.3222 + 3465.16 = 3550.48 over 32 frames.
S_S17_W_trawm_02 
LOG (lattice-best-path[5.5.1023~1-d673]:main():lattice-best-path.cc:99) For utterance S_S17_W_trawm_03, best cost 72.5107 + 1689.75 = 1762.26 over 15 frames.
S_S17_W_trawm_03 
LOG (lattice-best-path[5.5.1023~1-d673]:main():lattice-best-path.cc:99) For utterance S_S17_W_trawm_04, best cost 73.8157 + 2226.26 = 2300.07 over 17 frames.
S_S17_W_trawm_04 
LOG (lattice-best-path[5.5.1023~1-d673]:main():lattice-best-path.cc:99) For utterance S_S17_W_trawm_05, best cost 142.281 + 3986.43 = 4128.71 over 32 frames.
S_S17_W_trawm_05 chín 
LOG (lattice-best-path[5.5.1023~1-d673]:main():lattice-best-path.cc:99) For utterance S_S17_W_trawm_06, best cost 132.118 + 1767.52 = 1899.63 over 17 frames.
S_S17_W_trawm_06 năm 
LOG (lattice-best-path[5.5.1023~1-d673]:main():lattice-best-path.cc:99) For utterance S_S17_W_trawm_07, best cost 79.6129 + 2682.36 = 2761.97 over 24 frames.
S_S17_W_trawm_07 
LOG (lattice-best-path[5.5.1023~1-d673]:main():lattice-best-path.cc:99) For utterance S_S17_W_trawm_08, best cost 79.7222 + 2962.79 = 3042.51 over 24 frames.
S_S17_W_trawm_08 
LOG (lattice-best-path[5.5.1023~1-d673]:main():lattice-best-path.cc:99) For utterance S_S17_W_trawm_09, best cost 76.6749 + 2829.02 = 2905.7 over 20 frames.
S_S17_W_trawm_09 
LOG (lattice-best-path[5.5.1023~1-d673]:main():lattice-best-path.cc:99) For utterance S_S17_W_trawm_10, best cost 71.4483 + 1706.01 = 1777.46 over 14 frames.
S_S17_W_trawm_10 
LOG (lattice-best-path[5.5.1023~1-d673]:main():lattice-best-path.cc:99) For utterance S_S17_W_trawm_11, best cost 134.132 + 2142.87 = 2277 over 20 frames.
S_S17_W_trawm_11 năm 
LOG (lattice-best-path[5.5.1023~1-d673]:main():lattice-best-path.cc:99) For utterance S_S17_W_trawm_12, best cost 141.888 + 2558.46 = 2700.35 over 22 frames.
S_S17_W_trawm_12 năm 
LOG (lattice-best-path[5.5.1023~1-d673]:main():lattice-best-path.cc:99) For utterance S_S17_W_trawm_13, best cost 138.2 + 2359.58 = 2497.78 over 23 frames.
S_S17_W_trawm_13 năm 
LOG (lattice-best-path[5.5.1023~1-d673]:main():lattice-best-path.cc:99) For utterance S_S17_W_trawm_14, best cost 144.525 + 2917.13 = 3061.66 over 25 frames.
S_S17_W_trawm_14 năm 
LOG (lattice-best-path[5.5.1023~1-d673]:main():lattice-best-path.cc:99) For utterance S_S17_W_trawm_15, best cost 73.8157 + 2001.21 = 2075.02 over 17 frames.
S_S17_W_trawm_15 
LOG (lattice-best-path[5.5.1023~1-d673]:main():lattice-best-path.cc:99) For utterance S_S17_W_trawm_16, best cost 78.8784 + 3029.8 = 3108.67 over 23 frames.
S_S17_W_trawm_16 
LOG (lattice-best-path[5.5.1023~1-d673]:main():lattice-best-path.cc:99) For utterance S_S17_W_trawm_17, best cost 81.3005 + 3024.7 = 3106 over 26 frames.
S_S17_W_trawm_17 
LOG (lattice-best-path[5.5.1023~1-d673]:main():lattice-best-path.cc:99) For utterance S_S17_W_trawm_18, best cost 73.8704 + 1944.04 = 2017.91 over 17 frames.
S_S17_W_trawm_18 
LOG (lattice-best-path[5.5.1023~1-d673]:main():lattice-best-path.cc:99) For utterance S_S17_W_trawm_19, best cost 132.425 + 1669.7 = 1802.13 over 17 frames.
S_S17_W_trawm_19 năm 
LOG (lattice-best-path[5.5.1023~1-d673]:main():lattice-best-path.cc:99) For utterance S_S17_W_trawm_20, best cost 132.891 + 1972.96 = 2105.85 over 18 frames.
S_S17_W_trawm_20 năm 
LOG (lattice-best-path[5.5.1023~1-d673]:main():lattice-best-path.cc:99) For utterance S_S17_W_trawm_21, best cost 128.823 + 2680.86 = 2809.69 over 24 frames.
S_S17_W_trawm_21 sáu 
LOG (lattice-best-path[5.5.1023~1-d673]:main():lattice-best-path.cc:99) For utterance S_S17_W_trawm_22, best cost 133.027 + 2031.29 = 2164.32 over 17 frames.
S_S17_W_trawm_22 năm 
LOG (lattice-best-path[5.5.1023~1-d673]:main():lattice-best-path.cc:99) For utterance S_S19_W_ba_01, best cost 70.1055 + 1501.29 = 1571.4 over 14 frames.
S_S19_W_ba_01 
LOG (lattice-best-path[5.5.1023~1-d673]:main():lattice-best-path.cc:99) For utterance S_S19_W_ba_02, best cost 133.047 + 3475.32 = 3608.37 over 35 frames.
S_S19_W_ba_02 bảy 
LOG (lattice-best-path[5.5.1023~1-d673]:main():lattice-best-path.cc:99) For utterance S_S19_W_ba_03, best cost 73.1026 + 1918.3 = 1991.4 over 17 frames.
S_S19_W_ba_03 
LOG (lattice-best-path[5.5.1023~1-d673]:main():lattice-best-path.cc:99) For utterance S_S19_W_ba_04, best cost 129.167 + 2247.09 = 2376.26 over 23 frames.
S_S19_W_ba_04 bảy 
LOG (lattice-best-path[5.5.1023~1-d673]:main():lattice-best-path.cc:99) For utterance S_S19_W_ba_05, best cost 139.401 + 3476.27 = 3615.67 over 37 frames.
S_S19_W_ba_05 bảy 
LOG (lattice-best-path[5.5.1023~1-d673]:main():lattice-best-path.cc:99) For utterance S_S19_W_ba_06, best cost 142.541 + 3369.07 = 3511.61 over 39 frames.
S_S19_W_ba_06 ba 
LOG (lattice-best-path[5.5.1023~1-d673]:main():lattice-best-path.cc:99) For utterance S_S19_W_ba_07, best cost 76.7797 + 2404.76 = 2481.54 over 21 frames.
S_S19_W_ba_07 
LOG (lattice-best-path[5.5.1023~1-d673]:main():lattice-best-path.cc:99) For utterance S_S19_W_ba_08, best cost 71.3937 + 1479.3 = 1550.7 over 14 frames.
S_S19_W_ba_08 
LOG (lattice-best-path[5.5.1023~1-d673]:main():lattice-best-path.cc:99) For utterance S_S19_W_ba_09, best cost 73.6777 + 1989.07 = 2062.74 over 17 frames.
S_S19_W_ba_09 
LOG (lattice-best-path[5.5.1023~1-d673]:main():lattice-best-path.cc:99) For utterance S_S19_W_ba_10, best cost 142.39 + 3989.49 = 4131.88 over 41 frames.
S_S19_W_ba_10 tám 
LOG (lattice-best-path[5.5.1023~1-d673]:main():lattice-best-path.cc:99) For utterance S_S19_W_ba_11, best cost 132.323 + 2990.34 = 3122.66 over 34 frames.
S_S19_W_ba_11 tám 
LOG (lattice-best-path[5.5.1023~1-d673]:main():lattice-best-path.cc:99) For utterance S_S19_W_bayr_01, best cost 122.314 + 2163.15 = 2285.46 over 19 frames.
S_S19_W_bayr_01 bảy 
LOG (lattice-best-path[5.5.1023~1-d673]:main():lattice-best-path.cc:99) For utterance S_S19_W_bayr_02, best cost 122.599 + 2390.9 = 2513.49 over 20 frames.
S_S19_W_bayr_02 bảy 
LOG (lattice-best-path[5.5.1023~1-d673]:main():lattice-best-path.cc:99) For utterance S_S19_W_bayr_03, best cost 121.72 + 2426.8 = 2548.52 over 21 frames.
S_S19_W_bayr_03 bảy 
LOG (lattice-best-path[5.5.1023~1-d673]:main():lattice-best-path.cc:99) For utterance S_S19_W_bayr_04, best cost 122.072 + 2306.59 = 2428.67 over 19 frames.
S_S19_W_bayr_04 bảy 
LOG (lattice-best-path[5.5.1023~1-d673]:main():lattice-best-path.cc:99) For utterance S_S19_W_bayr_05, best cost 80.9484 + 2784.81 = 2865.76 over 25 frames.
S_S19_W_bayr_05 
LOG (lattice-best-path[5.5.1023~1-d673]:main():lattice-best-path.cc:99) For utterance S_S19_W_bayr_06, best cost 125.814 + 3659.31 = 3785.13 over 32 frames.
S_S19_W_bayr_06 bảy 
LOG (lattice-best-path[5.5.1023~1-d673]:main():lattice-best-path.cc:99) For utterance S_S19_W_bayr_07, best cost 137.479 + 3527.99 = 3665.47 over 32 frames.
S_S19_W_bayr_07 bảy 
LOG (lattice-best-path[5.5.1023~1-d673]:main():lattice-best-path.cc:99) For utterance S_S19_W_bayr_08, best cost 78.4171 + 2794.68 = 2873.1 over 22 frames.
S_S19_W_bayr_08 
LOG (lattice-best-path[5.5.1023~1-d673]:main():lattice-best-path.cc:99) For utterance S_S19_W_bayr_09, best cost 118.815 + 1636.33 = 1755.14 over 15 frames.
S_S19_W_bayr_09 bảy 
LOG (lattice-best-path[5.5.1023~1-d673]:main():lattice-best-path.cc:99) For utterance S_S19_W_boons_01, best cost 125.336 + 1404.03 = 1529.37 over 14 frames.
S_S19_W_boons_01 một 
LOG (lattice-best-path[5.5.1023~1-d673]:main():lattice-best-path.cc:99) For utterance S_S19_W_boons_02, best cost 131.87 + 2626.39 = 2758.26 over 23 frames.
S_S19_W_boons_02 một 
LOG (lattice-best-path[5.5.1023~1-d673]:main():lattice-best-path.cc:99) For utterance S_S19_W_chins_01, best cost 141.044 + 3341.58 = 3482.63 over 27 frames.
S_S19_W_chins_01 chín 
LOG (lattice-best-path[5.5.1023~1-d673]:main():lattice-best-path.cc:99) For utterance S_S19_W_chins_02, best cost 130.944 + 2516.42 = 2647.36 over 19 frames.
S_S19_W_chins_02 chín 
LOG (lattice-best-path[5.5.1023~1-d673]:main():lattice-best-path.cc:99) For utterance S_S19_W_chins_03, best cost 131.181 + 2507.48 = 2638.67 over 21 frames.
S_S19_W_chins_03 chín 
LOG (lattice-best-path[5.5.1023~1-d673]:main():lattice-best-path.cc:99) For utterance S_S19_W_chins_04, best cost 130.392 + 1931.48 = 2061.87 over 16 frames.
S_S19_W_chins_04 chín 
LOG (lattice-best-path[5.5.1023~1-d673]:main():lattice-best-path.cc:99) For utterance S_S19_W_hai_01, best cost 154.157 + 4640.68 = 4794.84 over 49 frames.
S_S19_W_hai_01 tám 
LOG (lattice-best-path[5.5.1023~1-d673]:main():lattice-best-path.cc:99) For utterance S_S19_W_hai_02, best cost 77.3795 + 2653.21 = 2730.59 over 27 frames.
S_S19_W_hai_02 
LOG (lattice-best-path[5.5.1023~1-d673]:main():lattice-best-path.cc:99) For utterance S_S19_W_hai_03, best cost 73.1905 + 1681.46 = 1754.65 over 16 frames.
S_S19_W_hai_03 
LOG (lattice-best-path[5.5.1023~1-d673]:main():lattice-best-path.cc:99) For utterance S_S19_W_hai_04, best cost 65.7773 + 931.601 = 997.378 over 9 frames.
S_S19_W_hai_04 
LOG (lattice-best-path[5.5.1023~1-d673]:main():lattice-best-path.cc:99) For utterance S_S19_W_hai_05, best cost 152.855 + 4625.73 = 4778.58 over 50 frames.
S_S19_W_hai_05 bảy 
LOG (lattice-best-path[5.5.1023~1-d673]:main():lattice-best-path.cc:99) For utterance S_S19_W_hai_06, best cost 72.0735 + 1641.03 = 1713.11 over 15 frames.
S_S19_W_hai_06 
LOG (lattice-best-path[5.5.1023~1-d673]:main():lattice-best-path.cc:99) For utterance S_S19_W_hai_07, best cost 149.647 + 3496.2 = 3645.84 over 39 frames.
S_S19_W_hai_07 tám 
LOG (lattice-best-path[5.5.1023~1-d673]:main():lattice-best-path.cc:99) For utterance S_S19_W_hai_08, best cost 74.4038 + 2237.47 = 2311.87 over 25 frames.
S_S19_W_hai_08 
LOG (lattice-best-path[5.5.1023~1-d673]:main():lattice-best-path.cc:99) For utterance S_S19_W_hai_09, best cost 81.7376 + 2835.96 = 2917.7 over 26 frames.
S_S19_W_hai_09 
LOG (lattice-best-path[5.5.1023~1-d673]:main():lattice-best-path.cc:99) For utterance S_S19_W_hai_10, best cost 79.9103 + 2859.67 = 2939.58 over 25 frames.
S_S19_W_hai_10 
LOG (lattice-best-path[5.5.1023~1-d673]:main():lattice-best-path.cc:99) For utterance S_S19_W_lawm_01, best cost 156.681 + 4387 = 4543.68 over 43 frames.
S_S19_W_lawm_01 một 
LOG (lattice-best-path[5.5.1023~1-d673]:main():lattice-best-path.cc:99) For utterance S_S19_W_ler_01, best cost 79.4248 + 3014.05 = 3093.48 over 23 frames.
S_S19_W_ler_01 
LOG (lattice-best-path[5.5.1023~1-d673]:main():lattice-best-path.cc:99) For utterance S_S19_W_mootj_01, best cost 73.925 + 2037.11 = 2111.04 over 17 frames.
S_S19_W_mootj_01 
LOG (lattice-best-path[5.5.1023~1-d673]:main():lattice-best-path.cc:99) For utterance S_S19_W_mootj_02, best cost 131.231 + 1781.7 = 1912.93 over 16 frames.
S_S19_W_mootj_02 một 
LOG (lattice-best-path[5.5.1023~1-d673]:main():lattice-best-path.cc:99) For utterance S_S19_W_mootj_03, best cost 130.633 + 2569.34 = 2699.97 over 22 frames.
S_S19_W_mootj_03 một 
LOG (lattice-best-path[5.5.1023~1-d673]:main():lattice-best-path.cc:99) For utterance S_S19_W_mootj_04, best cost 147.961 + 2961.67 = 3109.63 over 25 frames.
S_S19_W_mootj_04 một 
LOG (lattice-best-path[5.5.1023~1-d673]:main():lattice-best-path.cc:99) For utterance S_S19_W_mootj_05, best cost 129.011 + 1951.69 = 2080.7 over 19 frames.
S_S19_W_mootj_05 một 
LOG (lattice-best-path[5.5.1023~1-d673]:main():lattice-best-path.cc:99) For utterance S_S19_W_mootj_06, best cost 136.282 + 1996.47 = 2132.75 over 18 frames.
S_S19_W_mootj_06 một 
LOG (lattice-best-path[5.5.1023~1-d673]:main():lattice-best-path.cc:99) For utterance S_S19_W_moots_01, best cost 131.846 + 2519.5 = 2651.35 over 26 frames.
S_S19_W_moots_01 một 
LOG (lattice-best-path[5.5.1023~1-d673]:main():lattice-best-path.cc:99) For utterance S_S19_W_muowi_01, best cost 76.8935 + 2405.29 = 2482.18 over 20 frames.
S_S19_W_muowi_01 
LOG (lattice-best-path[5.5.1023~1-d673]:main():lattice-best-path.cc:99) For utterance S_S19_W_muowi_02, best cost 108.908 + 1777.52 = 1886.43 over 17 frames.
S_S19_W_muowi_02 mươi 
LOG (lattice-best-path[5.5.1023~1-d673]:main():lattice-best-path.cc:99) For utterance S_S19_W_muowi_03, best cost 75.0042 + 2191.73 = 2266.74 over 20 frames.
S_S19_W_muowi_03 
LOG (lattice-best-path[5.5.1023~1-d673]:main():lattice-best-path.cc:99) For utterance S_S19_W_muowi_04, best cost 74.4122 + 2212.2 = 2286.62 over 18 frames.
S_S19_W_muowi_04 
LOG (lattice-best-path[5.5.1023~1-d673]:main():lattice-best-path.cc:99) For utterance S_S19_W_muowi_05, best cost 73.64 + 2109.53 = 2183.17 over 19 frames.
S_S19_W_muowi_05 
LOG (lattice-best-path[5.5.1023~1-d673]:main():lattice-best-path.cc:99) For utterance S_S19_W_muowi_06, best cost 72.5822 + 1903.49 = 1976.07 over 17 frames.
S_S19_W_muowi_06 
LOG (lattice-best-path[5.5.1023~1-d673]:main():lattice-best-path.cc:99) For utterance S_S19_W_muowi_07, best cost 70.6592 + 1452.41 = 1523.07 over 13 frames.
S_S19_W_muowi_07 
LOG (lattice-best-path[5.5.1023~1-d673]:main():lattice-best-path.cc:99) For utterance S_S19_W_muowi_08, best cost 71.4697 + 1781.01 = 1852.48 over 15 frames.
S_S19_W_muowi_08 
LOG (lattice-best-path[5.5.1023~1-d673]:main():lattice-best-path.cc:99) For utterance S_S19_W_muowi_09, best cost 69.2617 + 1380.99 = 1450.25 over 13 frames.
S_S19_W_muowi_09 
LOG (lattice-best-path[5.5.1023~1-d673]:main():lattice-best-path.cc:99) For utterance S_S19_W_muowi_10, best cost 70.7138 + 1599.91 = 1670.62 over 13 frames.
S_S19_W_muowi_10 
LOG (lattice-best-path[5.5.1023~1-d673]:main():lattice-best-path.cc:99) For utterance S_S19_W_muowi_11, best cost 110.239 + 2034.93 = 2145.17 over 20 frames.
S_S19_W_muowi_11 mươi 
LOG (lattice-best-path[5.5.1023~1-d673]:main():lattice-best-path.cc:99) For utterance S_S19_W_muowi_12, best cost 76.3471 + 2226.76 = 2303.11 over 20 frames.
S_S19_W_muowi_12 
LOG (lattice-best-path[5.5.1023~1-d673]:main():lattice-best-path.cc:99) For utterance S_S19_W_muowi_13, best cost 72.1496 + 1960.52 = 2032.67 over 16 frames.
S_S19_W_muowi_13 
LOG (lattice-best-path[5.5.1023~1-d673]:main():lattice-best-path.cc:99) For utterance S_S19_W_muowi_14, best cost 72.5107 + 1763.08 = 1835.59 over 15 frames.
S_S19_W_muowi_14 
LOG (lattice-best-path[5.5.1023~1-d673]:main():lattice-best-path.cc:99) For utterance S_S19_W_muowi_15, best cost 114.934 + 2017.44 = 2132.38 over 21 frames.
S_S19_W_muowi_15 mươi 
LOG (lattice-best-path[5.5.1023~1-d673]:main():lattice-best-path.cc:99) For utterance S_S19_W_muowi_16, best cost 108.743 + 2065.06 = 2173.8 over 18 frames.
S_S19_W_muowi_16 mươi 
LOG (lattice-best-path[5.5.1023~1-d673]:main():lattice-best-path.cc:99) For utterance S_S19_W_muowi_17, best cost 69.7061 + 1353.52 = 1423.23 over 12 frames.
S_S19_W_muowi_17 
LOG (lattice-best-path[5.5.1023~1-d673]:main():lattice-best-path.cc:99) For utterance S_S19_W_muowi_18, best cost 120.884 + 2709.57 = 2830.46 over 25 frames.
S_S19_W_muowi_18 mươi 
LOG (lattice-best-path[5.5.1023~1-d673]:main():lattice-best-path.cc:99) For utterance S_S19_W_muowi_19, best cost 72.3467 + 1636.4 = 1708.75 over 15 frames.
S_S19_W_muowi_19 
LOG (lattice-best-path[5.5.1023~1-d673]:main():lattice-best-path.cc:99) For utterance S_S19_W_muowi_20, best cost 123.518 + 2769.38 = 2892.9 over 27 frames.
S_S19_W_muowi_20 mươi 
LOG (lattice-best-path[5.5.1023~1-d673]:main():lattice-best-path.cc:99) For utterance S_S19_W_muowi_21, best cost 68.401 + 1285.85 = 1354.25 over 10 frames.
S_S19_W_muowi_21 
LOG (lattice-best-path[5.5.1023~1-d673]:main():lattice-best-path.cc:99) For utterance S_S19_W_muowif_01, best cost 126.102 + 3106.81 = 3232.91 over 32 frames.
S_S19_W_muowif_01 mươi 
LOG (lattice-best-path[5.5.1023~1-d673]:main():lattice-best-path.cc:99) For utterance S_S19_W_nawm_01, best cost 141.108 + 3885.94 = 4027.05 over 36 frames.
S_S19_W_nawm_01 năm 
LOG (lattice-best-path[5.5.1023~1-d673]:main():lattice-best-path.cc:99) For utterance S_S19_W_nawm_02, best cost 78.2656 + 2676.6 = 2754.87 over 25 frames.
S_S19_W_nawm_02 
LOG (lattice-best-path[5.5.1023~1-d673]:main():lattice-best-path.cc:99) For utterance S_S19_W_nawm_03, best cost 147.197 + 2655.3 = 2802.49 over 26 frames.
S_S19_W_nawm_03 năm 
LOG (lattice-best-path[5.5.1023~1-d673]:main():lattice-best-path.cc:99) For utterance S_S19_W_saus_01, best cost 121.37 + 3248.86 = 3370.23 over 31 frames.
S_S19_W_saus_01 sáu 
LOG (lattice-best-path[5.5.1023~1-d673]:main():lattice-best-path.cc:99) For utterance S_S19_W_saus_02, best cost 195.386 + 4056.33 = 4251.71 over 42 frames.
S_S19_W_saus_02 sáu một 
LOG (lattice-best-path[5.5.1023~1-d673]:main():lattice-best-path.cc:99) For utterance S_S19_W_saus_03, best cost 134.026 + 3909 = 4043.02 over 41 frames.
S_S19_W_saus_03 sáu 
LOG (lattice-best-path[5.5.1023~1-d673]:main():lattice-best-path.cc:99) For utterance S_S19_W_saus_04, best cost 135.579 + 4251.48 = 4387.06 over 44 frames.
S_S19_W_saus_04 sáu 
LOG (lattice-best-path[5.5.1023~1-d673]:main():lattice-best-path.cc:99) For utterance S_S19_W_saus_05, best cost 137.205 + 4863.29 = 5000.5 over 47 frames.
S_S19_W_saus_05 sáu 
LOG (lattice-best-path[5.5.1023~1-d673]:main():lattice-best-path.cc:99) For utterance S_S19_W_saus_06, best cost 129.875 + 2697.73 = 2827.6 over 24 frames.
S_S19_W_saus_06 sáu 
LOG (lattice-best-path[5.5.1023~1-d673]:main():lattice-best-path.cc:99) For utterance S_S19_W_saus_07, best cost 120.708 + 2581.17 = 2701.88 over 24 frames.
S_S19_W_saus_07 sáu 
LOG (lattice-best-path[5.5.1023~1-d673]:main():lattice-best-path.cc:99) For utterance S_S19_W_saus_08, best cost 78.6052 + 2681.12 = 2759.73 over 23 frames.
S_S19_W_saus_08 
LOG (lattice-best-path[5.5.1023~1-d673]:main():lattice-best-path.cc:99) For utterance S_S19_W_saus_09, best cost 118.233 + 1735.43 = 1853.67 over 15 frames.
S_S19_W_saus_09 sáu 
LOG (lattice-best-path[5.5.1023~1-d673]:main():lattice-best-path.cc:99) For utterance S_S19_W_saus_10, best cost 120.989 + 2910.98 = 3031.97 over 28 frames.
S_S19_W_saus_10 sáu 
LOG (lattice-best-path[5.5.1023~1-d673]:main():lattice-best-path.cc:99) For utterance S_S19_W_saus_11, best cost 124.929 + 3444.69 = 3569.62 over 36 frames.
S_S19_W_saus_11 sáu 
LOG (lattice-best-path[5.5.1023~1-d673]:main():lattice-best-path.cc:99) For utterance S_S19_W_tams_01, best cost 78.9877 + 2611.41 = 2690.4 over 23 frames.
S_S19_W_tams_01 
LOG (lattice-best-path[5.5.1023~1-d673]:main():lattice-best-path.cc:99) For utterance S_S19_W_tams_02, best cost 141.441 + 3146.36 = 3287.81 over 33 frames.
S_S19_W_tams_02 tám 
LOG (lattice-best-path[5.5.1023~1-d673]:main():lattice-best-path.cc:99) For utterance S_S19_W_tams_03, best cost 77.8707 + 2228.55 = 2306.43 over 22 frames.
S_S19_W_tams_03 
LOG (lattice-best-path[5.5.1023~1-d673]:main():lattice-best-path.cc:99) For utterance S_S19_W_tams_04, best cost 74.8781 + 2306.94 = 2381.82 over 18 frames.
S_S19_W_tams_04 
LOG (lattice-best-path[5.5.1023~1-d673]:main():lattice-best-path.cc:99) For utterance S_S19_W_tams_05, best cost 75.042 + 2158.69 = 2233.73 over 18 frames.
S_S19_W_tams_05 
LOG (lattice-best-path[5.5.1023~1-d673]:main():lattice-best-path.cc:99) For utterance S_S19_W_tams_06, best cost 74.0343 + 2104.69 = 2178.72 over 17 frames.
S_S19_W_tams_06 
LOG (lattice-best-path[5.5.1023~1-d673]:main():lattice-best-path.cc:99) For utterance S_S19_W_tams_07, best cost 75.5033 + 1918.69 = 1994.19 over 19 frames.
S_S19_W_tams_07 
LOG (lattice-best-path[5.5.1023~1-d673]:main():lattice-best-path.cc:99) For utterance S_S19_W_tams_08, best cost 76.2378 + 2135.57 = 2211.81 over 20 frames.
S_S19_W_tams_08 
LOG (lattice-best-path[5.5.1023~1-d673]:main():lattice-best-path.cc:99) For utterance S_S19_W_trawm_01, best cost 82.1989 + 3309.82 = 3392.02 over 27 frames.
S_S19_W_trawm_01 
LOG (lattice-best-path[5.5.1023~1-d673]:main():lattice-best-path.cc:99) For utterance S_S19_W_trawm_02, best cost 85.3222 + 3462.48 = 3547.8 over 32 frames.
S_S19_W_trawm_02 
LOG (lattice-best-path[5.5.1023~1-d673]:main():lattice-best-path.cc:99) For utterance S_S19_W_trawm_03, best cost 72.5107 + 1689.17 = 1761.68 over 15 frames.
S_S19_W_trawm_03 
LOG (lattice-best-path[5.5.1023~1-d673]:main():lattice-best-path.cc:99) For utterance S_S19_W_trawm_04, best cost 73.8157 + 2226.2 = 2300.02 over 17 frames.
S_S19_W_trawm_04 
LOG (lattice-best-path[5.5.1023~1-d673]:main():lattice-best-path.cc:99) For utterance S_S19_W_trawm_05, best cost 142.227 + 3983.29 = 4125.51 over 32 frames.
S_S19_W_trawm_05 chín 
LOG (lattice-best-path[5.5.1023~1-d673]:main():lattice-best-path.cc:99) For utterance S_S19_W_trawm_06, best cost 132.118 + 1765.04 = 1897.16 over 17 frames.
S_S19_W_trawm_06 năm 
LOG (lattice-best-path[5.5.1023~1-d673]:main():lattice-best-path.cc:99) For utterance S_S19_W_trawm_07, best cost 79.6129 + 2690.82 = 2770.43 over 24 frames.
S_S19_W_trawm_07 
LOG (lattice-best-path[5.5.1023~1-d673]:main():lattice-best-path.cc:99) For utterance S_S19_W_trawm_08, best cost 79.7222 + 2971.7 = 3051.42 over 24 frames.
S_S19_W_trawm_08 
LOG (lattice-best-path[5.5.1023~1-d673]:main():lattice-best-path.cc:99) For utterance S_S19_W_trawm_09, best cost 76.6749 + 2832.87 = 2909.54 over 20 frames.
S_S19_W_trawm_09 
LOG (lattice-best-path[5.5.1023~1-d673]:main():lattice-best-path.cc:99) For utterance S_S19_W_trawm_10, best cost 71.4483 + 1708.89 = 1780.34 over 14 frames.
S_S19_W_trawm_10 
LOG (lattice-best-path[5.5.1023~1-d673]:main():lattice-best-path.cc:99) For utterance S_S19_W_trawm_11, best cost 134.132 + 2141.88 = 2276.01 over 20 frames.
S_S19_W_trawm_11 năm 
LOG (lattice-best-path[5.5.1023~1-d673]:main():lattice-best-path.cc:99) For utterance S_S19_W_trawm_12, best cost 141.888 + 2561.81 = 2703.7 over 22 frames.
S_S19_W_trawm_12 năm 
LOG (lattice-best-path[5.5.1023~1-d673]:main():lattice-best-path.cc:99) For utterance S_S19_W_trawm_13, best cost 138.2 + 2355.84 = 2494.04 over 23 frames.
S_S19_W_trawm_13 năm 
LOG (lattice-best-path[5.5.1023~1-d673]:main():lattice-best-path.cc:99) For utterance S_S19_W_trawm_14, best cost 144.525 + 2911.78 = 3056.31 over 25 frames.
S_S19_W_trawm_14 năm 
LOG (lattice-best-path[5.5.1023~1-d673]:main():lattice-best-path.cc:99) For utterance S_S19_W_trawm_15, best cost 73.8157 + 2000.07 = 2073.89 over 17 frames.
S_S19_W_trawm_15 
LOG (lattice-best-path[5.5.1023~1-d673]:main():lattice-best-path.cc:99) For utterance S_S19_W_trawm_16, best cost 78.8784 + 3051.23 = 3130.11 over 23 frames.
S_S19_W_trawm_16 
LOG (lattice-best-path[5.5.1023~1-d673]:main():lattice-best-path.cc:99) For utterance S_S19_W_trawm_17, best cost 81.3005 + 3017.02 = 3098.32 over 26 frames.
S_S19_W_trawm_17 
LOG (lattice-best-path[5.5.1023~1-d673]:main():lattice-best-path.cc:99) For utterance S_S19_W_trawm_18, best cost 73.8704 + 1937.31 = 2011.18 over 17 frames.
S_S19_W_trawm_18 
LOG (lattice-best-path[5.5.1023~1-d673]:main():lattice-best-path.cc:99) For utterance S_S19_W_trawm_19, best cost 132.425 + 1670.04 = 1802.46 over 17 frames.
S_S19_W_trawm_19 năm 
LOG (lattice-best-path[5.5.1023~1-d673]:main():lattice-best-path.cc:99) For utterance S_S19_W_trawm_20, best cost 132.891 + 1973.2 = 2106.09 over 18 frames.
S_S19_W_trawm_20 năm 
LOG (lattice-best-path[5.5.1023~1-d673]:main():lattice-best-path.cc:99) For utterance S_S19_W_trawm_21, best cost 128.823 + 2684.53 = 2813.35 over 24 frames.
S_S19_W_trawm_21 sáu 
LOG (lattice-best-path[5.5.1023~1-d673]:main():lattice-best-path.cc:99) For utterance S_S19_W_trawm_22, best cost 133.027 + 2032.07 = 2165.09 over 17 frames.
S_S19_W_trawm_22 năm 
LOG (lattice-best-path[5.5.1023~1-d673]:main():lattice-best-path.cc:99) For utterance S_S22_W_ba_01, best cost 118.162 + 1002.16 = 1120.33 over 10 frames.
S_S22_W_ba_01 bảy 
LOG (lattice-best-path[5.5.1023~1-d673]:main():lattice-best-path.cc:99) For utterance S_S22_W_ba_02, best cost 129.302 + 2639.88 = 2769.18 over 27 frames.
S_S22_W_ba_02 tám 
LOG (lattice-best-path[5.5.1023~1-d673]:main():lattice-best-path.cc:99) For utterance S_S22_W_ba_03, best cost 67.2841 + 951.796 = 1019.08 over 9 frames.
S_S22_W_ba_03 
LOG (lattice-best-path[5.5.1023~1-d673]:main():lattice-best-path.cc:99) For utterance S_S22_W_ba_04, best cost 129.302 + 2470 = 2599.3 over 27 frames.
S_S22_W_ba_04 tám 
LOG (lattice-best-path[5.5.1023~1-d673]:main():lattice-best-path.cc:99) For utterance S_S22_W_ba_05, best cost 129.671 + 2214.6 = 2344.28 over 23 frames.
S_S22_W_ba_05 ba 
LOG (lattice-best-path[5.5.1023~1-d673]:main():lattice-best-path.cc:99) For utterance S_S22_W_ba_06, best cost 129.734 + 2512.42 = 2642.16 over 28 frames.
S_S22_W_ba_06 tám 
LOG (lattice-best-path[5.5.1023~1-d673]:main():lattice-best-path.cc:99) For utterance S_S22_W_ba_07, best cost 69.2995 + 1390.05 = 1459.35 over 11 frames.
S_S22_W_ba_07 
LOG (lattice-best-path[5.5.1023~1-d673]:main():lattice-best-path.cc:99) For utterance S_S22_W_ba_08, best cost 64.2368 + 522.211 = 586.448 over 5 frames.
S_S22_W_ba_08 
LOG (lattice-best-path[5.5.1023~1-d673]:main():lattice-best-path.cc:99) For utterance S_S22_W_ba_09, best cost 70.987 + 1563.06 = 1634.05 over 13 frames.
S_S22_W_ba_09 
LOG (lattice-best-path[5.5.1023~1-d673]:main():lattice-best-path.cc:99) For utterance S_S22_W_ba_10, best cost 128.007 + 2232.66 = 2360.67 over 24 frames.
S_S22_W_ba_10 tám 
LOG (lattice-best-path[5.5.1023~1-d673]:main():lattice-best-path.cc:99) For utterance S_S22_W_ba_11, best cost 128.871 + 2502.17 = 2631.04 over 26 frames.
S_S22_W_ba_11 tám 
LOG (lattice-best-path[5.5.1023~1-d673]:main():lattice-best-path.cc:99) For utterance S_S22_W_bayr_01, best cost 118.74 + 1670.83 = 1789.57 over 12 frames.
S_S22_W_bayr_01 bảy 
LOG (lattice-best-path[5.5.1023~1-d673]:main():lattice-best-path.cc:99) For utterance S_S22_W_bayr_02, best cost 128.08 + 2096.95 = 2225.04 over 18 frames.
S_S22_W_bayr_02 bảy 
LOG (lattice-best-path[5.5.1023~1-d673]:main():lattice-best-path.cc:99) For utterance S_S22_W_bayr_03, best cost 116.554 + 897.525 = 1014.08 over 8 frames.
S_S22_W_bayr_03 bảy 
LOG (lattice-best-path[5.5.1023~1-d673]:main():lattice-best-path.cc:99) For utterance S_S22_W_bayr_04, best cost 116.825 + 912.77 = 1029.59 over 9 frames.
S_S22_W_bayr_04 bảy 
LOG (lattice-best-path[5.5.1023~1-d673]:main():lattice-best-path.cc:99) For utterance S_S22_W_bayr_05, best cost 123.177 + 2869.92 = 2993.1 over 26 frames.
S_S22_W_bayr_05 bảy 
LOG (lattice-best-path[5.5.1023~1-d673]:main():lattice-best-path.cc:99) For utterance S_S22_W_bayr_06, best cost 134.572 + 3129.13 = 3263.7 over 29 frames.
S_S22_W_bayr_06 bảy 
LOG (lattice-best-path[5.5.1023~1-d673]:main():lattice-best-path.cc:99) For utterance S_S22_W_bayr_07, best cost 132.315 + 2994.7 = 3127.02 over 25 frames.
S_S22_W_bayr_07 bảy 
LOG (lattice-best-path[5.5.1023~1-d673]:main():lattice-best-path.cc:99) For utterance S_S22_W_bayr_08, best cost 128.176 + 1951.56 = 2079.74 over 16 frames.
S_S22_W_bayr_08 bảy 
LOG (lattice-best-path[5.5.1023~1-d673]:main():lattice-best-path.cc:99) For utterance S_S22_W_bayr_09, best cost 69.1355 + 1429.56 = 1498.7 over 11 frames.
S_S22_W_bayr_09 
LOG (lattice-best-path[5.5.1023~1-d673]:main():lattice-best-path.cc:99) For utterance S_S22_W_boons_01, best cost 71.8308 + 1637.42 = 1709.25 over 14 frames.
S_S22_W_boons_01 
LOG (lattice-best-path[5.5.1023~1-d673]:main():lattice-best-path.cc:99) For utterance S_S22_W_boons_02, best cost 75.1755 + 2427.46 = 2502.64 over 19 frames.
S_S22_W_boons_02 
LOG (lattice-best-path[5.5.1023~1-d673]:main():lattice-best-path.cc:99) For utterance S_S22_W_chins_01, best cost 77.0816 + 2692.64 = 2769.73 over 21 frames.
S_S22_W_chins_01 
LOG (lattice-best-path[5.5.1023~1-d673]:main():lattice-best-path.cc:99) For utterance S_S22_W_chins_02, best cost 129.839 + 1853.95 = 1983.79 over 14 frames.
S_S22_W_chins_02 chín 
LOG (lattice-best-path[5.5.1023~1-d673]:main():lattice-best-path.cc:99) For utterance S_S22_W_chins_03, best cost 130.162 + 2225.76 = 2355.92 over 18 frames.
S_S22_W_chins_03 chín 
LOG (lattice-best-path[5.5.1023~1-d673]:main():lattice-best-path.cc:99) For utterance S_S22_W_chins_04, best cost 68.2918 + 1425.2 = 1493.49 over 10 frames.
S_S22_W_chins_04 
LOG (lattice-best-path[5.5.1023~1-d673]:main():lattice-best-path.cc:99) For utterance S_S22_W_hai_01, best cost 160.692 + 6001.53 = 6162.22 over 56 frames.
S_S22_W_hai_01 tám 
LOG (lattice-best-path[5.5.1023~1-d673]:main():lattice-best-path.cc:99) For utterance S_S22_W_hai_02, best cost 138.753 + 3418.9 = 3557.65 over 35 frames.
S_S22_W_hai_02 bảy 
LOG (lattice-best-path[5.5.1023~1-d673]:main():lattice-best-path.cc:99) For utterance S_S22_W_hai_03, best cost 75.2847 + 2234.79 = 2310.07 over 19 frames.
S_S22_W_hai_03 
LOG (lattice-best-path[5.5.1023~1-d673]:main():lattice-best-path.cc:99) For utterance S_S22_W_hai_04, best cost 72.6746 + 1742.95 = 1815.63 over 15 frames.
S_S22_W_hai_04 
LOG (lattice-best-path[5.5.1023~1-d673]:main():lattice-best-path.cc:99) For utterance S_S22_W_hai_05, best cost 138.951 + 3601.27 = 3740.22 over 35 frames.
S_S22_W_hai_05 bảy 
LOG (lattice-best-path[5.5.1023~1-d673]:main():lattice-best-path.cc:99) For utterance S_S22_W_hai_06, best cost 73.5183 + 1888.6 = 1962.12 over 16 frames.
S_S22_W_hai_06 
LOG (lattice-best-path[5.5.1023~1-d673]:main():lattice-best-path.cc:99) For utterance S_S22_W_hai_07, best cost 130.429 + 3268.51 = 3398.94 over 32 frames.
S_S22_W_hai_07 hai 
LOG (lattice-best-path[5.5.1023~1-d673]:main():lattice-best-path.cc:99) For utterance S_S22_W_hai_08, best cost 136.631 + 3074.1 = 3210.73 over 30 frames.
S_S22_W_hai_08 bảy 
LOG (lattice-best-path[5.5.1023~1-d673]:main():lattice-best-path.cc:99) For utterance S_S22_W_hai_09, best cost 75.995 + 2246.54 = 2322.53 over 19 frames.
S_S22_W_hai_09 
LOG (lattice-best-path[5.5.1023~1-d673]:main():lattice-best-path.cc:99) For utterance S_S22_W_hai_10, best cost 75.0966 + 2174.73 = 2249.83 over 18 frames.
S_S22_W_hai_10 
LOG (lattice-best-path[5.5.1023~1-d673]:main():lattice-best-path.cc:99) For utterance S_S22_W_lawm_01, best cost 145.188 + 3080.9 = 3226.09 over 28 frames.
S_S22_W_lawm_01 một 
LOG (lattice-best-path[5.5.1023~1-d673]:main():lattice-best-path.cc:99) For utterance S_S22_W_ler_01, best cost 74.3863 + 2075.24 = 2149.62 over 18 frames.
S_S22_W_ler_01 
LOG (lattice-best-path[5.5.1023~1-d673]:main():lattice-best-path.cc:99) For utterance S_S22_W_mootj_01, best cost 127.667 + 2553.84 = 2681.51 over 20 frames.
S_S22_W_mootj_01 một 
LOG (lattice-best-path[5.5.1023~1-d673]:main():lattice-best-path.cc:99) For utterance S_S22_W_mootj_02, best cost 71.2298 + 1830.44 = 1901.67 over 14 frames.
S_S22_W_mootj_02 
LOG (lattice-best-path[5.5.1023~1-d673]:main():lattice-best-path.cc:99) For utterance S_S22_W_mootj_03, best cost 65.0806 + 744.692 = 809.773 over 6 frames.
S_S22_W_mootj_03 
LOG (lattice-best-path[5.5.1023~1-d673]:main():lattice-best-path.cc:99) For utterance S_S22_W_mootj_04, best cost 65.9243 + 908.759 = 974.683 over 7 frames.
S_S22_W_mootj_04 
LOG (lattice-best-path[5.5.1023~1-d673]:main():lattice-best-path.cc:99) For utterance S_S22_W_mootj_05, best cost 70.7138 + 1698.79 = 1769.51 over 13 frames.
S_S22_W_mootj_05 
LOG (lattice-best-path[5.5.1023~1-d673]:main():lattice-best-path.cc:99) For utterance S_S22_W_mootj_06, best cost 75.1513 + 2232.8 = 2307.96 over 18 frames.
S_S22_W_mootj_06 
LOG (lattice-best-path[5.5.1023~1-d673]:main():lattice-best-path.cc:99) For utterance S_S22_W_moots_01, best cost 133.857 + 2482.5 = 2616.35 over 22 frames.
S_S22_W_moots_01 một 
LOG (lattice-best-path[5.5.1023~1-d673]:main():lattice-best-path.cc:99) For utterance S_S22_W_muowi_01, best cost 116.629 + 2431.59 = 2548.22 over 20 frames.
S_S22_W_muowi_01 mươi 
LOG (lattice-best-path[5.5.1023~1-d673]:main():lattice-best-path.cc:99) For utterance S_S22_W_muowi_02, best cost 72.1665 + 2189.95 = 2262.12 over 18 frames.
S_S22_W_muowi_02 
LOG (lattice-best-path[5.5.1023~1-d673]:main():lattice-best-path.cc:99) For utterance S_S22_W_muowi_03, best cost 109.853 + 2297.11 = 2406.97 over 20 frames.
S_S22_W_muowi_03 mươi 
LOG (lattice-best-path[5.5.1023~1-d673]:main():lattice-best-path.cc:99) For utterance S_S22_W_muowi_04, best cost 73.0266 + 2095.56 = 2168.58 over 16 frames.
S_S22_W_muowi_04 
LOG (lattice-best-path[5.5.1023~1-d673]:main():lattice-best-path.cc:99) For utterance S_S22_W_muowi_05, best cost 67.448 + 1111.89 = 1179.34 over 9 frames.
S_S22_W_muowi_05 
LOG (lattice-best-path[5.5.1023~1-d673]:main():lattice-best-path.cc:99) For utterance S_S22_W_muowi_06, best cost 68.7745 + 1313.25 = 1382.02 over 12 frames.
S_S22_W_muowi_06 
LOG (lattice-best-path[5.5.1023~1-d673]:main():lattice-best-path.cc:99) For utterance S_S22_W_muowi_07, best cost 74.9874 + 2340.66 = 2415.64 over 18 frames.
S_S22_W_muowi_07 
LOG (lattice-best-path[5.5.1023~1-d673]:main():lattice-best-path.cc:99) For utterance S_S22_W_muowi_08, best cost 70.7307 + 1837.27 = 1908 over 15 frames.
S_S22_W_muowi_08 
LOG (lattice-best-path[5.5.1023~1-d673]:main():lattice-best-path.cc:99) For utterance S_S22_W_muowi_09, best cost 109.153 + 2192.77 = 2301.92 over 18 frames.
S_S22_W_muowi_09 mươi 
LOG (lattice-best-path[5.5.1023~1-d673]:main():lattice-best-path.cc:99) For utterance S_S22_W_muowi_10, best cost 69.87 + 1807.59 = 1877.46 over 12 frames.
S_S22_W_muowi_10 
LOG (lattice-best-path[5.5.1023~1-d673]:main():lattice-best-path.cc:99) For utterance S_S22_W_muowi_11, best cost 74.6049 + 2340.84 = 2415.45 over 18 frames.
S_S22_W_muowi_11 
LOG (lattice-best-path[5.5.1023~1-d673]:main():lattice-best-path.cc:99) For utterance S_S22_W_muowi_12, best cost 72.4729 + 2223.08 = 2295.56 over 17 frames.
S_S22_W_muowi_12 
LOG (lattice-best-path[5.5.1023~1-d673]:main():lattice-best-path.cc:99) For utterance S_S22_W_muowi_13, best cost 74.3576 + 2308.83 = 2383.19 over 18 frames.
S_S22_W_muowi_13 
LOG (lattice-best-path[5.5.1023~1-d673]:main():lattice-best-path.cc:99) For utterance S_S22_W_muowi_14, best cost 68.3464 + 1434.66 = 1503.01 over 10 frames.
S_S22_W_muowi_14 
LOG (lattice-best-path[5.5.1023~1-d673]:main():lattice-best-path.cc:99) For utterance S_S22_W_muowi_15, best cost 73.7825 + 2153.09 = 2226.87 over 18 frames.
S_S22_W_muowi_15 
LOG (lattice-best-path[5.5.1023~1-d673]:main():lattice-best-path.cc:99) For utterance S_S22_W_muowi_16, best cost 107.268 + 1604.35 = 1711.61 over 14 frames.
S_S22_W_muowi_16 mươi 
LOG (lattice-best-path[5.5.1023~1-d673]:main():lattice-best-path.cc:99) For utterance S_S22_W_muowi_17, best cost 107.545 + 1985.27 = 2092.82 over 16 frames.
S_S22_W_muowi_17 mươi 
LOG (lattice-best-path[5.5.1023~1-d673]:main():lattice-best-path.cc:99) For utterance S_S22_W_muowi_18, best cost 73.4592 + 2249.35 = 2322.8 over 17 frames.
S_S22_W_muowi_18 
LOG (lattice-best-path[5.5.1023~1-d673]:main():lattice-best-path.cc:99) For utterance S_S22_W_muowi_19, best cost 71.5576 + 1842.96 = 1914.51 over 14 frames.
S_S22_W_muowi_19 
LOG (lattice-best-path[5.5.1023~1-d673]:main():lattice-best-path.cc:99) For utterance S_S22_W_muowi_20, best cost 139.835 + 2954.34 = 3094.18 over 26 frames.
S_S22_W_muowi_20 một 
LOG (lattice-best-path[5.5.1023~1-d673]:main():lattice-best-path.cc:99) For utterance S_S22_W_muowi_21, best cost 66.7681 + 1000.39 = 1067.16 over 8 frames.
S_S22_W_muowi_21 
LOG (lattice-best-path[5.5.1023~1-d673]:main():lattice-best-path.cc:99) For utterance S_S22_W_muowif_01, best cost 123.138 + 2802.4 = 2925.54 over 26 frames.
S_S22_W_muowif_01 mươi 
LOG (lattice-best-path[5.5.1023~1-d673]:main():lattice-best-path.cc:99) For utterance S_S22_W_nawm_01, best cost 76.511 + 2587.03 = 2663.54 over 20 frames.
S_S22_W_nawm_01 
LOG (lattice-best-path[5.5.1023~1-d673]:main():lattice-best-path.cc:99) For utterance S_S22_W_nawm_02, best cost 134.063 + 1899.9 = 2033.96 over 16 frames.
S_S22_W_nawm_02 năm 
LOG (lattice-best-path[5.5.1023~1-d673]:main():lattice-best-path.cc:99) For utterance S_S22_W_nawm_03, best cost 72.5107 + 1923.77 = 1996.28 over 15 frames.
S_S22_W_nawm_03 
LOG (lattice-best-path[5.5.1023~1-d673]:main():lattice-best-path.cc:99) For utterance S_S22_W_saus_01, best cost 148.123 + 4395.51 = 4543.63 over 36 frames.
S_S22_W_saus_01 sáu 
LOG (lattice-best-path[5.5.1023~1-d673]:main():lattice-best-path.cc:99) For utterance S_S22_W_saus_02, best cost 150.891 + 4935.5 = 5086.39 over 43 frames.
S_S22_W_saus_02 sáu 
LOG (lattice-best-path[5.5.1023~1-d673]:main():lattice-best-path.cc:99) For utterance S_S22_W_saus_03, best cost 145.738 + 3937.78 = 4083.52 over 34 frames.
S_S22_W_saus_03 sáu 
LOG (lattice-best-path[5.5.1023~1-d673]:main():lattice-best-path.cc:99) For utterance S_S22_W_saus_04, best cost 145.723 + 3799.67 = 3945.39 over 34 frames.
S_S22_W_saus_04 sáu 
LOG (lattice-best-path[5.5.1023~1-d673]:main():lattice-best-path.cc:99) For utterance S_S22_W_saus_05, best cost 144.439 + 3529.99 = 3674.43 over 33 frames.
S_S22_W_saus_05 sáu 
LOG (lattice-best-path[5.5.1023~1-d673]:main():lattice-best-path.cc:99) For utterance S_S22_W_saus_06, best cost 74.3863 + 2512.31 = 2586.7 over 18 frames.
S_S22_W_saus_06 
LOG (lattice-best-path[5.5.1023~1-d673]:main():lattice-best-path.cc:99) For utterance S_S22_W_saus_07, best cost 77.7372 + 2680.49 = 2758.23 over 21 frames.
S_S22_W_saus_07 
LOG (lattice-best-path[5.5.1023~1-d673]:main():lattice-best-path.cc:99) For utterance S_S22_W_saus_08, best cost 78.4171 + 2639.75 = 2718.17 over 22 frames.
S_S22_W_saus_08 
LOG (lattice-best-path[5.5.1023~1-d673]:main():lattice-best-path.cc:99) For utterance S_S22_W_saus_09, best cost 71.2298 + 2008.67 = 2079.9 over 14 frames.
S_S22_W_saus_09 
LOG (lattice-best-path[5.5.1023~1-d673]:main():lattice-best-path.cc:99) For utterance S_S22_W_saus_10, best cost 73.5972 + 2271.33 = 2344.93 over 17 frames.
S_S22_W_saus_10 
LOG (lattice-best-path[5.5.1023~1-d673]:main():lattice-best-path.cc:99) For utterance S_S22_W_saus_11, best cost 140.06 + 3127.91 = 3267.97 over 27 frames.
S_S22_W_saus_11 tám 
LOG (lattice-best-path[5.5.1023~1-d673]:main():lattice-best-path.cc:99) For utterance S_S22_W_tams_01, best cost 126.852 + 2127.68 = 2254.53 over 20 frames.
S_S22_W_tams_01 tám 
LOG (lattice-best-path[5.5.1023~1-d673]:main():lattice-best-path.cc:99) For utterance S_S22_W_tams_02, best cost 131.23 + 3049.43 = 3180.66 over 31 frames.
S_S22_W_tams_02 tám 
LOG (lattice-best-path[5.5.1023~1-d673]:main():lattice-best-path.cc:99) For utterance S_S22_W_tams_03, best cost 77.9253 + 2474.45 = 2552.38 over 22 frames.
S_S22_W_tams_03 
LOG (lattice-best-path[5.5.1023~1-d673]:main():lattice-best-path.cc:99) For utterance S_S22_W_tams_04, best cost 75.5579 + 2294.18 = 2369.74 over 19 frames.
S_S22_W_tams_04 
LOG (lattice-best-path[5.5.1023~1-d673]:main():lattice-best-path.cc:99) For utterance S_S22_W_tams_05, best cost 70.7685 + 1440.1 = 1510.87 over 13 frames.
S_S22_W_tams_05 
LOG (lattice-best-path[5.5.1023~1-d673]:main():lattice-best-path.cc:99) For utterance S_S22_W_tams_06, best cost 69.1355 + 1156.94 = 1226.08 over 11 frames.
S_S22_W_tams_06 
LOG (lattice-best-path[5.5.1023~1-d673]:main():lattice-best-path.cc:99) For utterance S_S22_W_tams_07, best cost 73.1905 + 1922.76 = 1995.95 over 16 frames.
S_S22_W_tams_07 
LOG (lattice-best-path[5.5.1023~1-d673]:main():lattice-best-path.cc:99) For utterance S_S22_W_tams_08, best cost 70.8231 + 1405.43 = 1476.25 over 13 frames.
S_S22_W_tams_08 
LOG (lattice-best-path[5.5.1023~1-d673]:main():lattice-best-path.cc:99) For utterance S_S22_W_trawm_01, best cost 155.951 + 5415.79 = 5571.74 over 43 frames.
S_S22_W_trawm_01 tám 
LOG (lattice-best-path[5.5.1023~1-d673]:main():lattice-best-path.cc:99) For utterance S_S22_W_trawm_02, best cost 80.6994 + 3250.52 = 3331.21 over 26 frames.
S_S22_W_trawm_02 
LOG (lattice-best-path[5.5.1023~1-d673]:main():lattice-best-path.cc:99) For utterance S_S22_W_trawm_03, best cost 140.974 + 3076.25 = 3217.22 over 25 frames.
S_S22_W_trawm_03 một 
LOG (lattice-best-path[5.5.1023~1-d673]:main():lattice-best-path.cc:99) For utterance S_S22_W_trawm_04, best cost 76.4017 + 2431.76 = 2508.16 over 20 frames.
S_S22_W_trawm_04 
LOG (lattice-best-path[5.5.1023~1-d673]:main():lattice-best-path.cc:99) For utterance S_S22_W_trawm_05, best cost 74.7688 + 2227.7 = 2302.47 over 18 frames.
S_S22_W_trawm_05 
LOG (lattice-best-path[5.5.1023~1-d673]:main():lattice-best-path.cc:99) For utterance S_S22_W_trawm_06, best cost 77.98 + 2572.82 = 2650.8 over 22 frames.
S_S22_W_trawm_06 
LOG (lattice-best-path[5.5.1023~1-d673]:main():lattice-best-path.cc:99) For utterance S_S22_W_trawm_07, best cost 73.925 + 2084.21 = 2158.13 over 17 frames.
S_S22_W_trawm_07 
LOG (lattice-best-path[5.5.1023~1-d673]:main():lattice-best-path.cc:99) For utterance S_S22_W_trawm_08, best cost 73.9797 + 2032.9 = 2106.88 over 17 frames.
S_S22_W_trawm_08 
LOG (lattice-best-path[5.5.1023~1-d673]:main():lattice-best-path.cc:99) For utterance S_S22_W_trawm_09, best cost 75.4487 + 2222.94 = 2298.39 over 19 frames.
S_S22_W_trawm_09 
LOG (lattice-best-path[5.5.1023~1-d673]:main():lattice-best-path.cc:99) For utterance S_S22_W_trawm_10, best cost 69.1355 + 1227.75 = 1296.88 over 11 frames.
S_S22_W_trawm_10 
LOG (lattice-best-path[5.5.1023~1-d673]:main():lattice-best-path.cc:99) For utterance S_S22_W_trawm_11, best cost 76.3471 + 2320.31 = 2396.65 over 20 frames.
S_S22_W_trawm_11 
LOG (lattice-best-path[5.5.1023~1-d673]:main():lattice-best-path.cc:99) For utterance S_S22_W_trawm_12, best cost 73.1359 + 1898.32 = 1971.45 over 16 frames.
S_S22_W_trawm_12 
LOG (lattice-best-path[5.5.1023~1-d673]:main():lattice-best-path.cc:99) For utterance S_S22_W_trawm_13, best cost 73.1359 + 1729.29 = 1802.43 over 16 frames.
S_S22_W_trawm_13 
LOG (lattice-best-path[5.5.1023~1-d673]:main():lattice-best-path.cc:99) For utterance S_S22_W_trawm_14, best cost 73.0812 + 1926.78 = 1999.86 over 16 frames.
S_S22_W_trawm_14 
LOG (lattice-best-path[5.5.1023~1-d673]:main():lattice-best-path.cc:99) For utterance S_S22_W_trawm_15, best cost 71.6122 + 1857.09 = 1928.71 over 14 frames.
S_S22_W_trawm_15 
LOG (lattice-best-path[5.5.1023~1-d673]:main():lattice-best-path.cc:99) For utterance S_S22_W_trawm_16, best cost 76.4563 + 2342.53 = 2418.98 over 20 frames.
S_S22_W_trawm_16 
LOG (lattice-best-path[5.5.1023~1-d673]:main():lattice-best-path.cc:99) For utterance S_S22_W_trawm_17, best cost 69.1902 + 1475.24 = 1544.43 over 11 frames.
S_S22_W_trawm_17 
LOG (lattice-best-path[5.5.1023~1-d673]:main():lattice-best-path.cc:99) For utterance S_S22_W_trawm_18, best cost 73.3544 + 1871.2 = 1944.56 over 16 frames.
S_S22_W_trawm_18 
LOG (lattice-best-path[5.5.1023~1-d673]:main():lattice-best-path.cc:99) For utterance S_S22_W_trawm_19, best cost 73.925 + 2099.76 = 2173.68 over 17 frames.
S_S22_W_trawm_19 
LOG (lattice-best-path[5.5.1023~1-d673]:main():lattice-best-path.cc:99) For utterance S_S22_W_trawm_20, best cost 69.0809 + 1405.76 = 1474.84 over 11 frames.
S_S22_W_trawm_20 
LOG (lattice-best-path[5.5.1023~1-d673]:main():lattice-best-path.cc:99) For utterance S_S22_W_trawm_21, best cost 69.8154 + 1569.69 = 1639.5 over 12 frames.
S_S22_W_trawm_21 
LOG (lattice-best-path[5.5.1023~1-d673]:main():lattice-best-path.cc:99) For utterance S_S22_W_trawm_22, best cost 72.456 + 2095.15 = 2167.6 over 15 frames.
S_S22_W_trawm_22 
LOG (lattice-best-path[5.5.1023~1-d673]:main():lattice-best-path.cc:124) Overall cost per frame is 115.638 = 4.68651 [graph] + 110.952 [acoustic] over 7303 frames.
LOG (lattice-best-path[5.5.1023~1-d673]:main():lattice-best-path.cc:128) Done 333 lattices, failed for 0
# Accounting: time=0 threads=1
# Ended (code 0) at Thứ ba, 17 Tháng 5 năm 2022 11:04:29 +07, elapsed time 0 seconds
