# gmm-latgen-faster --max-active=7000 --beam=13.0 --lattice-beam=6.0 --acoustic-scale=0.083333 --allow-partial=true --word-symbol-table=exp/tri1/graph/words.txt exp/tri1/final.mdl exp/tri1/graph/HCLG.fst "ark,s,cs:apply-cmvn  --utt2spk=ark:data/test/split1/1/utt2spk scp:data/test/split1/1/cmvn.scp scp:data/test/split1/1/feats.scp ark:- | add-deltas  ark:- ark:- |" "ark:|gzip -c > exp/tri1/decode/lat.1.gz" 
# Started at Thứ ba, 17 Tháng 5 năm 2022 12:23:06 +07
#
gmm-latgen-faster --max-active=7000 --beam=13.0 --lattice-beam=6.0 --acoustic-scale=0.083333 --allow-partial=true --word-symbol-table=exp/tri1/graph/words.txt exp/tri1/final.mdl exp/tri1/graph/HCLG.fst 'ark,s,cs:apply-cmvn  --utt2spk=ark:data/test/split1/1/utt2spk scp:data/test/split1/1/cmvn.scp scp:data/test/split1/1/feats.scp ark:- | add-deltas  ark:- ark:- |' 'ark:|gzip -c > exp/tri1/decode/lat.1.gz' 
apply-cmvn --utt2spk=ark:data/test/split1/1/utt2spk scp:data/test/split1/1/cmvn.scp scp:data/test/split1/1/feats.scp ark:- 
add-deltas ark:- ark:- 
S_S17_W_ba_01 ba 
LOG (gmm-latgen-faster[5.5.1023~1-d673]:DecodeUtteranceLatticeFaster():decoder-wrappers.cc:375) Log-like per frame for utterance S_S17_W_ba_01 is -8.04968 over 14 frames.
S_S17_W_ba_02 lẻ 
LOG (gmm-latgen-faster[5.5.1023~1-d673]:DecodeUtteranceLatticeFaster():decoder-wrappers.cc:375) Log-like per frame for utterance S_S17_W_ba_02 is -8.55673 over 35 frames.
S_S17_W_ba_03 ba 
LOG (gmm-latgen-faster[5.5.1023~1-d673]:DecodeUtteranceLatticeFaster():decoder-wrappers.cc:375) Log-like per frame for utterance S_S17_W_ba_03 is -8.79561 over 17 frames.
S_S17_W_ba_04 lẻ 
LOG (gmm-latgen-faster[5.5.1023~1-d673]:DecodeUtteranceLatticeFaster():decoder-wrappers.cc:375) Log-like per frame for utterance S_S17_W_ba_04 is -8.45727 over 23 frames.
S_S17_W_ba_05 ba 
LOG (gmm-latgen-faster[5.5.1023~1-d673]:DecodeUtteranceLatticeFaster():decoder-wrappers.cc:375) Log-like per frame for utterance S_S17_W_ba_05 is -7.76139 over 37 frames.
S_S17_W_ba_06 ba 
LOG (gmm-latgen-faster[5.5.1023~1-d673]:DecodeUtteranceLatticeFaster():decoder-wrappers.cc:375) Log-like per frame for utterance S_S17_W_ba_06 is -7.20321 over 39 frames.
S_S17_W_ba_07 bảy 
LOG (gmm-latgen-faster[5.5.1023~1-d673]:DecodeUtteranceLatticeFaster():decoder-wrappers.cc:375) Log-like per frame for utterance S_S17_W_ba_07 is -9.25957 over 21 frames.
S_S17_W_ba_08 tám 
LOG (gmm-latgen-faster[5.5.1023~1-d673]:DecodeUtteranceLatticeFaster():decoder-wrappers.cc:375) Log-like per frame for utterance S_S17_W_ba_08 is -7.8859 over 14 frames.
S_S17_W_ba_09 tám 
LOG (gmm-latgen-faster[5.5.1023~1-d673]:DecodeUtteranceLatticeFaster():decoder-wrappers.cc:375) Log-like per frame for utterance S_S17_W_ba_09 is -8.72919 over 17 frames.
S_S17_W_ba_10 ba ba 
LOG (gmm-latgen-faster[5.5.1023~1-d673]:DecodeUtteranceLatticeFaster():decoder-wrappers.cc:375) Log-like per frame for utterance S_S17_W_ba_10 is -7.49499 over 41 frames.
S_S17_W_ba_11 ba 
LOG (gmm-latgen-faster[5.5.1023~1-d673]:DecodeUtteranceLatticeFaster():decoder-wrappers.cc:375) Log-like per frame for utterance S_S17_W_ba_11 is -6.72496 over 34 frames.
S_S17_W_bayr_01 bảy 
LOG (gmm-latgen-faster[5.5.1023~1-d673]:DecodeUtteranceLatticeFaster():decoder-wrappers.cc:375) Log-like per frame for utterance S_S17_W_bayr_01 is -8.90688 over 19 frames.
S_S17_W_bayr_02 bảy 
LOG (gmm-latgen-faster[5.5.1023~1-d673]:DecodeUtteranceLatticeFaster():decoder-wrappers.cc:375) Log-like per frame for utterance S_S17_W_bayr_02 is -9.06364 over 20 frames.
S_S17_W_bayr_03 bảy 
LOG (gmm-latgen-faster[5.5.1023~1-d673]:DecodeUtteranceLatticeFaster():decoder-wrappers.cc:375) Log-like per frame for utterance S_S17_W_bayr_03 is -8.84638 over 21 frames.
S_S17_W_bayr_04 bảy 
LOG (gmm-latgen-faster[5.5.1023~1-d673]:DecodeUtteranceLatticeFaster():decoder-wrappers.cc:375) Log-like per frame for utterance S_S17_W_bayr_04 is -9.26602 over 19 frames.
S_S17_W_bayr_05 bảy 
LOG (gmm-latgen-faster[5.5.1023~1-d673]:DecodeUtteranceLatticeFaster():decoder-wrappers.cc:375) Log-like per frame for utterance S_S17_W_bayr_05 is -8.21459 over 25 frames.
S_S17_W_bayr_06 bảy 
LOG (gmm-latgen-faster[5.5.1023~1-d673]:DecodeUtteranceLatticeFaster():decoder-wrappers.cc:375) Log-like per frame for utterance S_S17_W_bayr_06 is -8.4903 over 32 frames.
S_S17_W_bayr_07 bảy 
LOG (gmm-latgen-faster[5.5.1023~1-d673]:DecodeUtteranceLatticeFaster():decoder-wrappers.cc:375) Log-like per frame for utterance S_S17_W_bayr_07 is -8.43226 over 32 frames.
S_S17_W_bayr_08 bảy 
LOG (gmm-latgen-faster[5.5.1023~1-d673]:DecodeUtteranceLatticeFaster():decoder-wrappers.cc:375) Log-like per frame for utterance S_S17_W_bayr_08 is -9.19935 over 22 frames.
S_S17_W_bayr_09 bảy 
LOG (gmm-latgen-faster[5.5.1023~1-d673]:DecodeUtteranceLatticeFaster():decoder-wrappers.cc:375) Log-like per frame for utterance S_S17_W_bayr_09 is -8.58052 over 15 frames.
S_S17_W_boons_01 bốn 
LOG (gmm-latgen-faster[5.5.1023~1-d673]:DecodeUtteranceLatticeFaster():decoder-wrappers.cc:375) Log-like per frame for utterance S_S17_W_boons_01 is -7.93884 over 14 frames.
S_S17_W_boons_02 một 
LOG (gmm-latgen-faster[5.5.1023~1-d673]:DecodeUtteranceLatticeFaster():decoder-wrappers.cc:375) Log-like per frame for utterance S_S17_W_boons_02 is -8.69451 over 23 frames.
S_S17_W_chins_01 chín 
LOG (gmm-latgen-faster[5.5.1023~1-d673]:DecodeUtteranceLatticeFaster():decoder-wrappers.cc:375) Log-like per frame for utterance S_S17_W_chins_01 is -8.97254 over 27 frames.
S_S17_W_chins_02 chín 
LOG (gmm-latgen-faster[5.5.1023~1-d673]:DecodeUtteranceLatticeFaster():decoder-wrappers.cc:375) Log-like per frame for utterance S_S17_W_chins_02 is -9.26377 over 19 frames.
S_S17_W_chins_03 chín 
LOG (gmm-latgen-faster[5.5.1023~1-d673]:DecodeUtteranceLatticeFaster():decoder-wrappers.cc:375) Log-like per frame for utterance S_S17_W_chins_03 is -8.65138 over 21 frames.
S_S17_W_chins_04 chín 
LOG (gmm-latgen-faster[5.5.1023~1-d673]:DecodeUtteranceLatticeFaster():decoder-wrappers.cc:375) Log-like per frame for utterance S_S17_W_chins_04 is -8.5628 over 16 frames.
S_S17_W_hai_01 hai 
LOG (gmm-latgen-faster[5.5.1023~1-d673]:DecodeUtteranceLatticeFaster():decoder-wrappers.cc:375) Log-like per frame for utterance S_S17_W_hai_01 is -7.40409 over 49 frames.
S_S17_W_hai_02 hai 
LOG (gmm-latgen-faster[5.5.1023~1-d673]:DecodeUtteranceLatticeFaster():decoder-wrappers.cc:375) Log-like per frame for utterance S_S17_W_hai_02 is -7.80129 over 27 frames.
S_S17_W_hai_03 hai 
LOG (gmm-latgen-faster[5.5.1023~1-d673]:DecodeUtteranceLatticeFaster():decoder-wrappers.cc:375) Log-like per frame for utterance S_S17_W_hai_03 is -8.25564 over 16 frames.
S_S17_W_hai_04 hai 
LOG (gmm-latgen-faster[5.5.1023~1-d673]:DecodeUtteranceLatticeFaster():decoder-wrappers.cc:375) Log-like per frame for utterance S_S17_W_hai_04 is -8.34045 over 9 frames.
S_S17_W_hai_05 hai 
LOG (gmm-latgen-faster[5.5.1023~1-d673]:DecodeUtteranceLatticeFaster():decoder-wrappers.cc:375) Log-like per frame for utterance S_S17_W_hai_05 is -7.35193 over 50 frames.
S_S17_W_hai_06 hai 
LOG (gmm-latgen-faster[5.5.1023~1-d673]:DecodeUtteranceLatticeFaster():decoder-wrappers.cc:375) Log-like per frame for utterance S_S17_W_hai_06 is -8.57414 over 15 frames.
S_S17_W_hai_07 hai 
LOG (gmm-latgen-faster[5.5.1023~1-d673]:DecodeUtteranceLatticeFaster():decoder-wrappers.cc:375) Log-like per frame for utterance S_S17_W_hai_07 is -6.78021 over 39 frames.
S_S17_W_hai_08 
LOG (gmm-latgen-faster[5.5.1023~1-d673]:DecodeUtteranceLatticeFaster():decoder-wrappers.cc:375) Log-like per frame for utterance S_S17_W_hai_08 is -7.50377 over 25 frames.
S_S17_W_hai_09 hai 
LOG (gmm-latgen-faster[5.5.1023~1-d673]:DecodeUtteranceLatticeFaster():decoder-wrappers.cc:375) Log-like per frame for utterance S_S17_W_hai_09 is -8.29974 over 26 frames.
S_S17_W_hai_10 hai 
LOG (gmm-latgen-faster[5.5.1023~1-d673]:DecodeUtteranceLatticeFaster():decoder-wrappers.cc:375) Log-like per frame for utterance S_S17_W_hai_10 is -8.28795 over 25 frames.
S_S17_W_lawm_01 lăm 
LOG (gmm-latgen-faster[5.5.1023~1-d673]:DecodeUtteranceLatticeFaster():decoder-wrappers.cc:375) Log-like per frame for utterance S_S17_W_lawm_01 is -7.48664 over 43 frames.
S_S17_W_ler_01 
LOG (gmm-latgen-faster[5.5.1023~1-d673]:DecodeUtteranceLatticeFaster():decoder-wrappers.cc:375) Log-like per frame for utterance S_S17_W_ler_01 is -10.0795 over 23 frames.
S_S17_W_mootj_01 
LOG (gmm-latgen-faster[5.5.1023~1-d673]:DecodeUtteranceLatticeFaster():decoder-wrappers.cc:375) Log-like per frame for utterance S_S17_W_mootj_01 is -9.40661 over 17 frames.
S_S17_W_mootj_02 một 
LOG (gmm-latgen-faster[5.5.1023~1-d673]:DecodeUtteranceLatticeFaster():decoder-wrappers.cc:375) Log-like per frame for utterance S_S17_W_mootj_02 is -8.76729 over 16 frames.
S_S17_W_mootj_03 một 
LOG (gmm-latgen-faster[5.5.1023~1-d673]:DecodeUtteranceLatticeFaster():decoder-wrappers.cc:375) Log-like per frame for utterance S_S17_W_mootj_03 is -9.02651 over 22 frames.
S_S17_W_mootj_04 một 
LOG (gmm-latgen-faster[5.5.1023~1-d673]:DecodeUtteranceLatticeFaster():decoder-wrappers.cc:375) Log-like per frame for utterance S_S17_W_mootj_04 is -9.17178 over 25 frames.
S_S17_W_mootj_05 một 
LOG (gmm-latgen-faster[5.5.1023~1-d673]:DecodeUtteranceLatticeFaster():decoder-wrappers.cc:375) Log-like per frame for utterance S_S17_W_mootj_05 is -8.22931 over 19 frames.
S_S17_W_mootj_06 mốt 
LOG (gmm-latgen-faster[5.5.1023~1-d673]:DecodeUtteranceLatticeFaster():decoder-wrappers.cc:375) Log-like per frame for utterance S_S17_W_mootj_06 is -8.46386 over 18 frames.
S_S17_W_moots_01 mốt 
LOG (gmm-latgen-faster[5.5.1023~1-d673]:DecodeUtteranceLatticeFaster():decoder-wrappers.cc:375) Log-like per frame for utterance S_S17_W_moots_01 is -7.57514 over 26 frames.
S_S17_W_muowi_01 mươi 
LOG (gmm-latgen-faster[5.5.1023~1-d673]:DecodeUtteranceLatticeFaster():decoder-wrappers.cc:375) Log-like per frame for utterance S_S17_W_muowi_01 is -8.80673 over 20 frames.
S_S17_W_muowi_02 mươi 
LOG (gmm-latgen-faster[5.5.1023~1-d673]:DecodeUtteranceLatticeFaster():decoder-wrappers.cc:375) Log-like per frame for utterance S_S17_W_muowi_02 is -7.99848 over 17 frames.
S_S17_W_muowi_03 mươi 
LOG (gmm-latgen-faster[5.5.1023~1-d673]:DecodeUtteranceLatticeFaster():decoder-wrappers.cc:375) Log-like per frame for utterance S_S17_W_muowi_03 is -8.37169 over 20 frames.
S_S17_W_muowi_04 mươi 
LOG (gmm-latgen-faster[5.5.1023~1-d673]:DecodeUtteranceLatticeFaster():decoder-wrappers.cc:375) Log-like per frame for utterance S_S17_W_muowi_04 is -8.8369 over 18 frames.
S_S17_W_muowi_05 mươi 
LOG (gmm-latgen-faster[5.5.1023~1-d673]:DecodeUtteranceLatticeFaster():decoder-wrappers.cc:375) Log-like per frame for utterance S_S17_W_muowi_05 is -8.3075 over 19 frames.
S_S17_W_muowi_06 mươi 
LOG (gmm-latgen-faster[5.5.1023~1-d673]:DecodeUtteranceLatticeFaster():decoder-wrappers.cc:375) Log-like per frame for utterance S_S17_W_muowi_06 is -8.21505 over 17 frames.
S_S17_W_muowi_07 mươi 
LOG (gmm-latgen-faster[5.5.1023~1-d673]:DecodeUtteranceLatticeFaster():decoder-wrappers.cc:375) Log-like per frame for utterance S_S17_W_muowi_07 is -8.85705 over 13 frames.
S_S17_W_muowi_08 mươi 
LOG (gmm-latgen-faster[5.5.1023~1-d673]:DecodeUtteranceLatticeFaster():decoder-wrappers.cc:375) Log-like per frame for utterance S_S17_W_muowi_08 is -8.86644 over 15 frames.
S_S17_W_muowi_09 mươi 
LOG (gmm-latgen-faster[5.5.1023~1-d673]:DecodeUtteranceLatticeFaster():decoder-wrappers.cc:375) Log-like per frame for utterance S_S17_W_muowi_09 is -8.04582 over 13 frames.
S_S17_W_muowi_10 mươi 
LOG (gmm-latgen-faster[5.5.1023~1-d673]:DecodeUtteranceLatticeFaster():decoder-wrappers.cc:375) Log-like per frame for utterance S_S17_W_muowi_10 is -8.85429 over 13 frames.
S_S17_W_muowi_11 mươi 
LOG (gmm-latgen-faster[5.5.1023~1-d673]:DecodeUtteranceLatticeFaster():decoder-wrappers.cc:375) Log-like per frame for utterance S_S17_W_muowi_11 is -7.81137 over 20 frames.
S_S17_W_muowi_12 mươi 
LOG (gmm-latgen-faster[5.5.1023~1-d673]:DecodeUtteranceLatticeFaster():decoder-wrappers.cc:375) Log-like per frame for utterance S_S17_W_muowi_12 is -8.2293 over 20 frames.
S_S17_W_muowi_13 mươi 
LOG (gmm-latgen-faster[5.5.1023~1-d673]:DecodeUtteranceLatticeFaster():decoder-wrappers.cc:375) Log-like per frame for utterance S_S17_W_muowi_13 is -8.50597 over 16 frames.
S_S17_W_muowi_14 mươi 
LOG (gmm-latgen-faster[5.5.1023~1-d673]:DecodeUtteranceLatticeFaster():decoder-wrappers.cc:375) Log-like per frame for utterance S_S17_W_muowi_14 is -8.45202 over 15 frames.
S_S17_W_muowi_15 mươi 
LOG (gmm-latgen-faster[5.5.1023~1-d673]:DecodeUtteranceLatticeFaster():decoder-wrappers.cc:375) Log-like per frame for utterance S_S17_W_muowi_15 is -7.44117 over 21 frames.
S_S17_W_muowi_16 mươi 
LOG (gmm-latgen-faster[5.5.1023~1-d673]:DecodeUtteranceLatticeFaster():decoder-wrappers.cc:375) Log-like per frame for utterance S_S17_W_muowi_16 is -8.16661 over 18 frames.
S_S17_W_muowi_17 mươi 
LOG (gmm-latgen-faster[5.5.1023~1-d673]:DecodeUtteranceLatticeFaster():decoder-wrappers.cc:375) Log-like per frame for utterance S_S17_W_muowi_17 is -8.37149 over 12 frames.
S_S17_W_muowi_18 mươi 
LOG (gmm-latgen-faster[5.5.1023~1-d673]:DecodeUtteranceLatticeFaster():decoder-wrappers.cc:375) Log-like per frame for utterance S_S17_W_muowi_18 is -7.98852 over 25 frames.
S_S17_W_muowi_19 mươi 
LOG (gmm-latgen-faster[5.5.1023~1-d673]:DecodeUtteranceLatticeFaster():decoder-wrappers.cc:375) Log-like per frame for utterance S_S17_W_muowi_19 is -7.90688 over 15 frames.
S_S17_W_muowi_20 mươi 
LOG (gmm-latgen-faster[5.5.1023~1-d673]:DecodeUtteranceLatticeFaster():decoder-wrappers.cc:375) Log-like per frame for utterance S_S17_W_muowi_20 is -7.93905 over 27 frames.
S_S17_W_muowi_21 mươi 
LOG (gmm-latgen-faster[5.5.1023~1-d673]:DecodeUtteranceLatticeFaster():decoder-wrappers.cc:375) Log-like per frame for utterance S_S17_W_muowi_21 is -10.0426 over 10 frames.
S_S17_W_muowif_01 mười 
LOG (gmm-latgen-faster[5.5.1023~1-d673]:DecodeUtteranceLatticeFaster():decoder-wrappers.cc:375) Log-like per frame for utterance S_S17_W_muowif_01 is -7.5569 over 32 frames.
S_S17_W_nawm_01 năm 
LOG (gmm-latgen-faster[5.5.1023~1-d673]:DecodeUtteranceLatticeFaster():decoder-wrappers.cc:375) Log-like per frame for utterance S_S17_W_nawm_01 is -8.15856 over 36 frames.
S_S17_W_nawm_02 năm 
LOG (gmm-latgen-faster[5.5.1023~1-d673]:DecodeUtteranceLatticeFaster():decoder-wrappers.cc:375) Log-like per frame for utterance S_S17_W_nawm_02 is -8.14959 over 25 frames.
S_S17_W_nawm_03 năm 
LOG (gmm-latgen-faster[5.5.1023~1-d673]:DecodeUtteranceLatticeFaster():decoder-wrappers.cc:375) Log-like per frame for utterance S_S17_W_nawm_03 is -7.63954 over 26 frames.
S_S17_W_saus_01 sáu 
LOG (gmm-latgen-faster[5.5.1023~1-d673]:DecodeUtteranceLatticeFaster():decoder-wrappers.cc:375) Log-like per frame for utterance S_S17_W_saus_01 is -8.33642 over 31 frames.
S_S17_W_saus_02 sáu 
LOG (gmm-latgen-faster[5.5.1023~1-d673]:DecodeUtteranceLatticeFaster():decoder-wrappers.cc:375) Log-like per frame for utterance S_S17_W_saus_02 is -8.0154 over 42 frames.
S_S17_W_saus_03 sáu 
LOG (gmm-latgen-faster[5.5.1023~1-d673]:DecodeUtteranceLatticeFaster():decoder-wrappers.cc:375) Log-like per frame for utterance S_S17_W_saus_03 is -7.67355 over 41 frames.
S_S17_W_saus_04 sáu 
LOG (gmm-latgen-faster[5.5.1023~1-d673]:DecodeUtteranceLatticeFaster():decoder-wrappers.cc:375) Log-like per frame for utterance S_S17_W_saus_04 is -7.75947 over 44 frames.
S_S17_W_saus_05 sáu 
LOG (gmm-latgen-faster[5.5.1023~1-d673]:DecodeUtteranceLatticeFaster():decoder-wrappers.cc:375) Log-like per frame for utterance S_S17_W_saus_05 is -7.99811 over 47 frames.
S_S17_W_saus_06 sáu 
LOG (gmm-latgen-faster[5.5.1023~1-d673]:DecodeUtteranceLatticeFaster():decoder-wrappers.cc:375) Log-like per frame for utterance S_S17_W_saus_06 is -8.60047 over 24 frames.
S_S17_W_saus_07 sáu 
LOG (gmm-latgen-faster[5.5.1023~1-d673]:DecodeUtteranceLatticeFaster():decoder-wrappers.cc:375) Log-like per frame for utterance S_S17_W_saus_07 is -8.29707 over 24 frames.
S_S17_W_saus_08 sáu 
LOG (gmm-latgen-faster[5.5.1023~1-d673]:DecodeUtteranceLatticeFaster():decoder-wrappers.cc:375) Log-like per frame for utterance S_S17_W_saus_08 is -8.69749 over 23 frames.
S_S17_W_saus_09 sáu 
LOG (gmm-latgen-faster[5.5.1023~1-d673]:DecodeUtteranceLatticeFaster():decoder-wrappers.cc:375) Log-like per frame for utterance S_S17_W_saus_09 is -8.87342 over 15 frames.
S_S17_W_saus_10 sáu 
LOG (gmm-latgen-faster[5.5.1023~1-d673]:DecodeUtteranceLatticeFaster():decoder-wrappers.cc:375) Log-like per frame for utterance S_S17_W_saus_10 is -8.11695 over 28 frames.
S_S17_W_saus_11 sáu 
LOG (gmm-latgen-faster[5.5.1023~1-d673]:DecodeUtteranceLatticeFaster():decoder-wrappers.cc:375) Log-like per frame for utterance S_S17_W_saus_11 is -7.49729 over 36 frames.
S_S17_W_tams_01 tám 
LOG (gmm-latgen-faster[5.5.1023~1-d673]:DecodeUtteranceLatticeFaster():decoder-wrappers.cc:375) Log-like per frame for utterance S_S17_W_tams_01 is -8.00176 over 23 frames.
S_S17_W_tams_02 tám 
LOG (gmm-latgen-faster[5.5.1023~1-d673]:DecodeUtteranceLatticeFaster():decoder-wrappers.cc:375) Log-like per frame for utterance S_S17_W_tams_02 is -7.70767 over 33 frames.
S_S17_W_tams_03 tám 
LOG (gmm-latgen-faster[5.5.1023~1-d673]:DecodeUtteranceLatticeFaster():decoder-wrappers.cc:375) Log-like per frame for utterance S_S17_W_tams_03 is -8.07382 over 22 frames.
S_S17_W_tams_04 tám 
LOG (gmm-latgen-faster[5.5.1023~1-d673]:DecodeUtteranceLatticeFaster():decoder-wrappers.cc:375) Log-like per frame for utterance S_S17_W_tams_04 is -8.80527 over 18 frames.
S_S17_W_tams_05 tám 
LOG (gmm-latgen-faster[5.5.1023~1-d673]:DecodeUtteranceLatticeFaster():decoder-wrappers.cc:375) Log-like per frame for utterance S_S17_W_tams_05 is -8.86303 over 18 frames.
S_S17_W_tams_06 tám 
LOG (gmm-latgen-faster[5.5.1023~1-d673]:DecodeUtteranceLatticeFaster():decoder-wrappers.cc:375) Log-like per frame for utterance S_S17_W_tams_06 is -8.70636 over 17 frames.
S_S17_W_tams_07 tám 
LOG (gmm-latgen-faster[5.5.1023~1-d673]:DecodeUtteranceLatticeFaster():decoder-wrappers.cc:375) Log-like per frame for utterance S_S17_W_tams_07 is -8.03464 over 19 frames.
S_S17_W_tams_08 tám 
LOG (gmm-latgen-faster[5.5.1023~1-d673]:DecodeUtteranceLatticeFaster():decoder-wrappers.cc:375) Log-like per frame for utterance S_S17_W_tams_08 is -7.75663 over 20 frames.
S_S17_W_trawm_01 tám 
LOG (gmm-latgen-faster[5.5.1023~1-d673]:DecodeUtteranceLatticeFaster():decoder-wrappers.cc:375) Log-like per frame for utterance S_S17_W_trawm_01 is -9.07317 over 27 frames.
S_S17_W_trawm_02 trăm 
LOG (gmm-latgen-faster[5.5.1023~1-d673]:DecodeUtteranceLatticeFaster():decoder-wrappers.cc:375) Log-like per frame for utterance S_S17_W_trawm_02 is -8.00547 over 32 frames.
S_S17_W_trawm_03 trăm 
LOG (gmm-latgen-faster[5.5.1023~1-d673]:DecodeUtteranceLatticeFaster():decoder-wrappers.cc:375) Log-like per frame for utterance S_S17_W_trawm_03 is -8.56752 over 15 frames.
S_S17_W_trawm_04 tám 
LOG (gmm-latgen-faster[5.5.1023~1-d673]:DecodeUtteranceLatticeFaster():decoder-wrappers.cc:375) Log-like per frame for utterance S_S17_W_trawm_04 is -9.98517 over 17 frames.
S_S17_W_trawm_05 trăm 
LOG (gmm-latgen-faster[5.5.1023~1-d673]:DecodeUtteranceLatticeFaster():decoder-wrappers.cc:375) Log-like per frame for utterance S_S17_W_trawm_05 is -9.27733 over 32 frames.
S_S17_W_trawm_06 trăm 
LOG (gmm-latgen-faster[5.5.1023~1-d673]:DecodeUtteranceLatticeFaster():decoder-wrappers.cc:375) Log-like per frame for utterance S_S17_W_trawm_06 is -8.22475 over 17 frames.
S_S17_W_trawm_07 trăm 
LOG (gmm-latgen-faster[5.5.1023~1-d673]:DecodeUtteranceLatticeFaster():decoder-wrappers.cc:375) Log-like per frame for utterance S_S17_W_trawm_07 is -8.20911 over 24 frames.
S_S17_W_trawm_08 tám 
LOG (gmm-latgen-faster[5.5.1023~1-d673]:DecodeUtteranceLatticeFaster():decoder-wrappers.cc:375) Log-like per frame for utterance S_S17_W_trawm_08 is -9.29429 over 24 frames.
S_S17_W_trawm_09 trăm 
LOG (gmm-latgen-faster[5.5.1023~1-d673]:DecodeUtteranceLatticeFaster():decoder-wrappers.cc:375) Log-like per frame for utterance S_S17_W_trawm_09 is -9.76079 over 20 frames.
S_S17_W_trawm_10 trăm 
LOG (gmm-latgen-faster[5.5.1023~1-d673]:DecodeUtteranceLatticeFaster():decoder-wrappers.cc:375) Log-like per frame for utterance S_S17_W_trawm_10 is -8.82164 over 14 frames.
S_S17_W_trawm_11 trăm 
LOG (gmm-latgen-faster[5.5.1023~1-d673]:DecodeUtteranceLatticeFaster():decoder-wrappers.cc:375) Log-like per frame for utterance S_S17_W_trawm_11 is -8.05257 over 20 frames.
S_S17_W_trawm_12 tám 
LOG (gmm-latgen-faster[5.5.1023~1-d673]:DecodeUtteranceLatticeFaster():decoder-wrappers.cc:375) Log-like per frame for utterance S_S17_W_trawm_12 is -8.67321 over 22 frames.
S_S17_W_trawm_13 trăm 
LOG (gmm-latgen-faster[5.5.1023~1-d673]:DecodeUtteranceLatticeFaster():decoder-wrappers.cc:375) Log-like per frame for utterance S_S17_W_trawm_13 is -7.85176 over 23 frames.
S_S17_W_trawm_14 trăm 
LOG (gmm-latgen-faster[5.5.1023~1-d673]:DecodeUtteranceLatticeFaster():decoder-wrappers.cc:375) Log-like per frame for utterance S_S17_W_trawm_14 is -8.81916 over 25 frames.
S_S17_W_trawm_15 trăm 
LOG (gmm-latgen-faster[5.5.1023~1-d673]:DecodeUtteranceLatticeFaster():decoder-wrappers.cc:375) Log-like per frame for utterance S_S17_W_trawm_15 is -8.4327 over 17 frames.
S_S17_W_trawm_16 tám 
LOG (gmm-latgen-faster[5.5.1023~1-d673]:DecodeUtteranceLatticeFaster():decoder-wrappers.cc:375) Log-like per frame for utterance S_S17_W_trawm_16 is -9.32398 over 23 frames.
S_S17_W_trawm_17 trăm 
LOG (gmm-latgen-faster[5.5.1023~1-d673]:DecodeUtteranceLatticeFaster():decoder-wrappers.cc:375) Log-like per frame for utterance S_S17_W_trawm_17 is -8.52359 over 26 frames.
S_S17_W_trawm_18 trăm 
LOG (gmm-latgen-faster[5.5.1023~1-d673]:DecodeUtteranceLatticeFaster():decoder-wrappers.cc:375) Log-like per frame for utterance S_S17_W_trawm_18 is -8.71621 over 17 frames.
S_S17_W_trawm_19 trăm 
LOG (gmm-latgen-faster[5.5.1023~1-d673]:DecodeUtteranceLatticeFaster():decoder-wrappers.cc:375) Log-like per frame for utterance S_S17_W_trawm_19 is -7.31562 over 17 frames.
S_S17_W_trawm_20 trăm 
LOG (gmm-latgen-faster[5.5.1023~1-d673]:DecodeUtteranceLatticeFaster():decoder-wrappers.cc:375) Log-like per frame for utterance S_S17_W_trawm_20 is -8.01092 over 18 frames.
S_S17_W_trawm_21 trăm 
LOG (gmm-latgen-faster[5.5.1023~1-d673]:DecodeUtteranceLatticeFaster():decoder-wrappers.cc:375) Log-like per frame for utterance S_S17_W_trawm_21 is -7.77182 over 24 frames.
S_S17_W_trawm_22 trăm 
LOG (gmm-latgen-faster[5.5.1023~1-d673]:DecodeUtteranceLatticeFaster():decoder-wrappers.cc:375) Log-like per frame for utterance S_S17_W_trawm_22 is -8.24253 over 17 frames.
S_S19_W_ba_01 ba 
LOG (gmm-latgen-faster[5.5.1023~1-d673]:DecodeUtteranceLatticeFaster():decoder-wrappers.cc:375) Log-like per frame for utterance S_S19_W_ba_01 is -8.04354 over 14 frames.
S_S19_W_ba_02 lẻ 
LOG (gmm-latgen-faster[5.5.1023~1-d673]:DecodeUtteranceLatticeFaster():decoder-wrappers.cc:375) Log-like per frame for utterance S_S19_W_ba_02 is -8.56442 over 35 frames.
S_S19_W_ba_03 ba 
LOG (gmm-latgen-faster[5.5.1023~1-d673]:DecodeUtteranceLatticeFaster():decoder-wrappers.cc:375) Log-like per frame for utterance S_S19_W_ba_03 is -8.78717 over 17 frames.
S_S19_W_ba_04 lẻ 
LOG (gmm-latgen-faster[5.5.1023~1-d673]:DecodeUtteranceLatticeFaster():decoder-wrappers.cc:375) Log-like per frame for utterance S_S19_W_ba_04 is -8.46327 over 23 frames.
S_S19_W_ba_05 ba 
LOG (gmm-latgen-faster[5.5.1023~1-d673]:DecodeUtteranceLatticeFaster():decoder-wrappers.cc:375) Log-like per frame for utterance S_S19_W_ba_05 is -7.76432 over 37 frames.
S_S19_W_ba_06 ba 
LOG (gmm-latgen-faster[5.5.1023~1-d673]:DecodeUtteranceLatticeFaster():decoder-wrappers.cc:375) Log-like per frame for utterance S_S19_W_ba_06 is -7.19849 over 39 frames.
S_S19_W_ba_07 bảy 
LOG (gmm-latgen-faster[5.5.1023~1-d673]:DecodeUtteranceLatticeFaster():decoder-wrappers.cc:375) Log-like per frame for utterance S_S19_W_ba_07 is -9.26107 over 21 frames.
S_S19_W_ba_08 tám 
LOG (gmm-latgen-faster[5.5.1023~1-d673]:DecodeUtteranceLatticeFaster():decoder-wrappers.cc:375) Log-like per frame for utterance S_S19_W_ba_08 is -7.88025 over 14 frames.
S_S19_W_ba_09 tám 
LOG (gmm-latgen-faster[5.5.1023~1-d673]:DecodeUtteranceLatticeFaster():decoder-wrappers.cc:375) Log-like per frame for utterance S_S19_W_ba_09 is -8.76499 over 17 frames.
S_S19_W_ba_10 ba ba 
LOG (gmm-latgen-faster[5.5.1023~1-d673]:DecodeUtteranceLatticeFaster():decoder-wrappers.cc:375) Log-like per frame for utterance S_S19_W_ba_10 is -7.46534 over 41 frames.
S_S19_W_ba_11 ba 
LOG (gmm-latgen-faster[5.5.1023~1-d673]:DecodeUtteranceLatticeFaster():decoder-wrappers.cc:375) Log-like per frame for utterance S_S19_W_ba_11 is -6.72157 over 34 frames.
S_S19_W_bayr_01 bảy 
LOG (gmm-latgen-faster[5.5.1023~1-d673]:DecodeUtteranceLatticeFaster():decoder-wrappers.cc:375) Log-like per frame for utterance S_S19_W_bayr_01 is -8.89734 over 19 frames.
S_S19_W_bayr_02 bảy 
LOG (gmm-latgen-faster[5.5.1023~1-d673]:DecodeUtteranceLatticeFaster():decoder-wrappers.cc:375) Log-like per frame for utterance S_S19_W_bayr_02 is -9.06771 over 20 frames.
S_S19_W_bayr_03 bảy 
LOG (gmm-latgen-faster[5.5.1023~1-d673]:DecodeUtteranceLatticeFaster():decoder-wrappers.cc:375) Log-like per frame for utterance S_S19_W_bayr_03 is -8.85562 over 21 frames.
S_S19_W_bayr_04 bảy 
LOG (gmm-latgen-faster[5.5.1023~1-d673]:DecodeUtteranceLatticeFaster():decoder-wrappers.cc:375) Log-like per frame for utterance S_S19_W_bayr_04 is -9.27084 over 19 frames.
S_S19_W_bayr_05 bảy 
LOG (gmm-latgen-faster[5.5.1023~1-d673]:DecodeUtteranceLatticeFaster():decoder-wrappers.cc:375) Log-like per frame for utterance S_S19_W_bayr_05 is -8.22821 over 25 frames.
S_S19_W_bayr_06 bảy 
LOG (gmm-latgen-faster[5.5.1023~1-d673]:DecodeUtteranceLatticeFaster():decoder-wrappers.cc:375) Log-like per frame for utterance S_S19_W_bayr_06 is -8.49363 over 32 frames.
S_S19_W_bayr_07 bảy 
LOG (gmm-latgen-faster[5.5.1023~1-d673]:DecodeUtteranceLatticeFaster():decoder-wrappers.cc:375) Log-like per frame for utterance S_S19_W_bayr_07 is -8.41863 over 32 frames.
S_S19_W_bayr_08 bảy 
LOG (gmm-latgen-faster[5.5.1023~1-d673]:DecodeUtteranceLatticeFaster():decoder-wrappers.cc:375) Log-like per frame for utterance S_S19_W_bayr_08 is -9.19872 over 22 frames.
S_S19_W_bayr_09 bảy 
LOG (gmm-latgen-faster[5.5.1023~1-d673]:DecodeUtteranceLatticeFaster():decoder-wrappers.cc:375) Log-like per frame for utterance S_S19_W_bayr_09 is -8.58762 over 15 frames.
S_S19_W_boons_01 bốn 
LOG (gmm-latgen-faster[5.5.1023~1-d673]:DecodeUtteranceLatticeFaster():decoder-wrappers.cc:375) Log-like per frame for utterance S_S19_W_boons_01 is -7.93991 over 14 frames.
S_S19_W_boons_02 một 
LOG (gmm-latgen-faster[5.5.1023~1-d673]:DecodeUtteranceLatticeFaster():decoder-wrappers.cc:375) Log-like per frame for utterance S_S19_W_boons_02 is -8.67655 over 23 frames.
S_S19_W_chins_01 chín 
LOG (gmm-latgen-faster[5.5.1023~1-d673]:DecodeUtteranceLatticeFaster():decoder-wrappers.cc:375) Log-like per frame for utterance S_S19_W_chins_01 is -8.99582 over 27 frames.
S_S19_W_chins_02 chín 
LOG (gmm-latgen-faster[5.5.1023~1-d673]:DecodeUtteranceLatticeFaster():decoder-wrappers.cc:375) Log-like per frame for utterance S_S19_W_chins_02 is -9.26794 over 19 frames.
S_S19_W_chins_03 chín 
LOG (gmm-latgen-faster[5.5.1023~1-d673]:DecodeUtteranceLatticeFaster():decoder-wrappers.cc:375) Log-like per frame for utterance S_S19_W_chins_03 is -8.65703 over 21 frames.
S_S19_W_chins_04 chín 
LOG (gmm-latgen-faster[5.5.1023~1-d673]:DecodeUtteranceLatticeFaster():decoder-wrappers.cc:375) Log-like per frame for utterance S_S19_W_chins_04 is -8.53794 over 16 frames.
S_S19_W_hai_01 hai 
LOG (gmm-latgen-faster[5.5.1023~1-d673]:DecodeUtteranceLatticeFaster():decoder-wrappers.cc:375) Log-like per frame for utterance S_S19_W_hai_01 is -7.39378 over 49 frames.
S_S19_W_hai_02 hai 
LOG (gmm-latgen-faster[5.5.1023~1-d673]:DecodeUtteranceLatticeFaster():decoder-wrappers.cc:375) Log-like per frame for utterance S_S19_W_hai_02 is -7.81366 over 27 frames.
S_S19_W_hai_03 hai 
LOG (gmm-latgen-faster[5.5.1023~1-d673]:DecodeUtteranceLatticeFaster():decoder-wrappers.cc:375) Log-like per frame for utterance S_S19_W_hai_03 is -8.25824 over 16 frames.
S_S19_W_hai_04 hai 
LOG (gmm-latgen-faster[5.5.1023~1-d673]:DecodeUtteranceLatticeFaster():decoder-wrappers.cc:375) Log-like per frame for utterance S_S19_W_hai_04 is -8.33716 over 9 frames.
S_S19_W_hai_05 hai 
LOG (gmm-latgen-faster[5.5.1023~1-d673]:DecodeUtteranceLatticeFaster():decoder-wrappers.cc:375) Log-like per frame for utterance S_S19_W_hai_05 is -7.34822 over 50 frames.
S_S19_W_hai_06 hai 
LOG (gmm-latgen-faster[5.5.1023~1-d673]:DecodeUtteranceLatticeFaster():decoder-wrappers.cc:375) Log-like per frame for utterance S_S19_W_hai_06 is -8.57766 over 15 frames.
S_S19_W_hai_07 hai 
LOG (gmm-latgen-faster[5.5.1023~1-d673]:DecodeUtteranceLatticeFaster():decoder-wrappers.cc:375) Log-like per frame for utterance S_S19_W_hai_07 is -6.77336 over 39 frames.
S_S19_W_hai_08 
LOG (gmm-latgen-faster[5.5.1023~1-d673]:DecodeUtteranceLatticeFaster():decoder-wrappers.cc:375) Log-like per frame for utterance S_S19_W_hai_08 is -7.49908 over 25 frames.
S_S19_W_hai_09 hai 
LOG (gmm-latgen-faster[5.5.1023~1-d673]:DecodeUtteranceLatticeFaster():decoder-wrappers.cc:375) Log-like per frame for utterance S_S19_W_hai_09 is -8.29676 over 26 frames.
S_S19_W_hai_10 hai 
LOG (gmm-latgen-faster[5.5.1023~1-d673]:DecodeUtteranceLatticeFaster():decoder-wrappers.cc:375) Log-like per frame for utterance S_S19_W_hai_10 is -8.29442 over 25 frames.
S_S19_W_lawm_01 lăm 
LOG (gmm-latgen-faster[5.5.1023~1-d673]:DecodeUtteranceLatticeFaster():decoder-wrappers.cc:375) Log-like per frame for utterance S_S19_W_lawm_01 is -7.48385 over 43 frames.
S_S19_W_ler_01 
LOG (gmm-latgen-faster[5.5.1023~1-d673]:DecodeUtteranceLatticeFaster():decoder-wrappers.cc:375) Log-like per frame for utterance S_S19_W_ler_01 is -10.0638 over 23 frames.
S_S19_W_mootj_01 
LOG (gmm-latgen-faster[5.5.1023~1-d673]:DecodeUtteranceLatticeFaster():decoder-wrappers.cc:375) Log-like per frame for utterance S_S19_W_mootj_01 is -9.41092 over 17 frames.
S_S19_W_mootj_02 một 
LOG (gmm-latgen-faster[5.5.1023~1-d673]:DecodeUtteranceLatticeFaster():decoder-wrappers.cc:375) Log-like per frame for utterance S_S19_W_mootj_02 is -8.75887 over 16 frames.
S_S19_W_mootj_03 một 
LOG (gmm-latgen-faster[5.5.1023~1-d673]:DecodeUtteranceLatticeFaster():decoder-wrappers.cc:375) Log-like per frame for utterance S_S19_W_mootj_03 is -9.01718 over 22 frames.
S_S19_W_mootj_04 một 
LOG (gmm-latgen-faster[5.5.1023~1-d673]:DecodeUtteranceLatticeFaster():decoder-wrappers.cc:375) Log-like per frame for utterance S_S19_W_mootj_04 is -9.17341 over 25 frames.
S_S19_W_mootj_05 một 
LOG (gmm-latgen-faster[5.5.1023~1-d673]:DecodeUtteranceLatticeFaster():decoder-wrappers.cc:375) Log-like per frame for utterance S_S19_W_mootj_05 is -8.22954 over 19 frames.
S_S19_W_mootj_06 mốt 
LOG (gmm-latgen-faster[5.5.1023~1-d673]:DecodeUtteranceLatticeFaster():decoder-wrappers.cc:375) Log-like per frame for utterance S_S19_W_mootj_06 is -8.48977 over 18 frames.
S_S19_W_moots_01 mốt 
LOG (gmm-latgen-faster[5.5.1023~1-d673]:DecodeUtteranceLatticeFaster():decoder-wrappers.cc:375) Log-like per frame for utterance S_S19_W_moots_01 is -7.5952 over 26 frames.
S_S19_W_muowi_01 mươi 
LOG (gmm-latgen-faster[5.5.1023~1-d673]:DecodeUtteranceLatticeFaster():decoder-wrappers.cc:375) Log-like per frame for utterance S_S19_W_muowi_01 is -8.79244 over 20 frames.
S_S19_W_muowi_02 mươi 
LOG (gmm-latgen-faster[5.5.1023~1-d673]:DecodeUtteranceLatticeFaster():decoder-wrappers.cc:375) Log-like per frame for utterance S_S19_W_muowi_02 is -8.00102 over 17 frames.
S_S19_W_muowi_03 mươi 
LOG (gmm-latgen-faster[5.5.1023~1-d673]:DecodeUtteranceLatticeFaster():decoder-wrappers.cc:375) Log-like per frame for utterance S_S19_W_muowi_03 is -8.36116 over 20 frames.
S_S19_W_muowi_04 mươi 
LOG (gmm-latgen-faster[5.5.1023~1-d673]:DecodeUtteranceLatticeFaster():decoder-wrappers.cc:375) Log-like per frame for utterance S_S19_W_muowi_04 is -8.83383 over 18 frames.
S_S19_W_muowi_05 mươi 
LOG (gmm-latgen-faster[5.5.1023~1-d673]:DecodeUtteranceLatticeFaster():decoder-wrappers.cc:375) Log-like per frame for utterance S_S19_W_muowi_05 is -8.30525 over 19 frames.
S_S19_W_muowi_06 mươi 
LOG (gmm-latgen-faster[5.5.1023~1-d673]:DecodeUtteranceLatticeFaster():decoder-wrappers.cc:375) Log-like per frame for utterance S_S19_W_muowi_06 is -8.20979 over 17 frames.
S_S19_W_muowi_07 mươi 
LOG (gmm-latgen-faster[5.5.1023~1-d673]:DecodeUtteranceLatticeFaster():decoder-wrappers.cc:375) Log-like per frame for utterance S_S19_W_muowi_07 is -8.88904 over 13 frames.
S_S19_W_muowi_08 mươi 
LOG (gmm-latgen-faster[5.5.1023~1-d673]:DecodeUtteranceLatticeFaster():decoder-wrappers.cc:375) Log-like per frame for utterance S_S19_W_muowi_08 is -8.90264 over 15 frames.
S_S19_W_muowi_09 mươi 
LOG (gmm-latgen-faster[5.5.1023~1-d673]:DecodeUtteranceLatticeFaster():decoder-wrappers.cc:375) Log-like per frame for utterance S_S19_W_muowi_09 is -8.04824 over 13 frames.
S_S19_W_muowi_10 mươi 
LOG (gmm-latgen-faster[5.5.1023~1-d673]:DecodeUtteranceLatticeFaster():decoder-wrappers.cc:375) Log-like per frame for utterance S_S19_W_muowi_10 is -8.85108 over 13 frames.
S_S19_W_muowi_11 mươi 
LOG (gmm-latgen-faster[5.5.1023~1-d673]:DecodeUtteranceLatticeFaster():decoder-wrappers.cc:375) Log-like per frame for utterance S_S19_W_muowi_11 is -7.8122 over 20 frames.
S_S19_W_muowi_12 mươi 
LOG (gmm-latgen-faster[5.5.1023~1-d673]:DecodeUtteranceLatticeFaster():decoder-wrappers.cc:375) Log-like per frame for utterance S_S19_W_muowi_12 is -8.24034 over 20 frames.
S_S19_W_muowi_13 mươi 
LOG (gmm-latgen-faster[5.5.1023~1-d673]:DecodeUtteranceLatticeFaster():decoder-wrappers.cc:375) Log-like per frame for utterance S_S19_W_muowi_13 is -8.52769 over 16 frames.
S_S19_W_muowi_14 mươi 
LOG (gmm-latgen-faster[5.5.1023~1-d673]:DecodeUtteranceLatticeFaster():decoder-wrappers.cc:375) Log-like per frame for utterance S_S19_W_muowi_14 is -8.45064 over 15 frames.
S_S19_W_muowi_15 mươi 
LOG (gmm-latgen-faster[5.5.1023~1-d673]:DecodeUtteranceLatticeFaster():decoder-wrappers.cc:375) Log-like per frame for utterance S_S19_W_muowi_15 is -7.46546 over 21 frames.
S_S19_W_muowi_16 mươi 
LOG (gmm-latgen-faster[5.5.1023~1-d673]:DecodeUtteranceLatticeFaster():decoder-wrappers.cc:375) Log-like per frame for utterance S_S19_W_muowi_16 is -8.16308 over 18 frames.
S_S19_W_muowi_17 mươi 
LOG (gmm-latgen-faster[5.5.1023~1-d673]:DecodeUtteranceLatticeFaster():decoder-wrappers.cc:375) Log-like per frame for utterance S_S19_W_muowi_17 is -8.39053 over 12 frames.
S_S19_W_muowi_18 mươi 
LOG (gmm-latgen-faster[5.5.1023~1-d673]:DecodeUtteranceLatticeFaster():decoder-wrappers.cc:375) Log-like per frame for utterance S_S19_W_muowi_18 is -7.98046 over 25 frames.
S_S19_W_muowi_19 mươi 
LOG (gmm-latgen-faster[5.5.1023~1-d673]:DecodeUtteranceLatticeFaster():decoder-wrappers.cc:375) Log-like per frame for utterance S_S19_W_muowi_19 is -7.87042 over 15 frames.
S_S19_W_muowi_20 mươi 
LOG (gmm-latgen-faster[5.5.1023~1-d673]:DecodeUtteranceLatticeFaster():decoder-wrappers.cc:375) Log-like per frame for utterance S_S19_W_muowi_20 is -7.92379 over 27 frames.
S_S19_W_muowi_21 mươi 
LOG (gmm-latgen-faster[5.5.1023~1-d673]:DecodeUtteranceLatticeFaster():decoder-wrappers.cc:375) Log-like per frame for utterance S_S19_W_muowi_21 is -10.0457 over 10 frames.
S_S19_W_muowif_01 mười 
LOG (gmm-latgen-faster[5.5.1023~1-d673]:DecodeUtteranceLatticeFaster():decoder-wrappers.cc:375) Log-like per frame for utterance S_S19_W_muowif_01 is -7.56159 over 32 frames.
S_S19_W_nawm_01 năm 
LOG (gmm-latgen-faster[5.5.1023~1-d673]:DecodeUtteranceLatticeFaster():decoder-wrappers.cc:375) Log-like per frame for utterance S_S19_W_nawm_01 is -8.15929 over 36 frames.
S_S19_W_nawm_02 năm 
LOG (gmm-latgen-faster[5.5.1023~1-d673]:DecodeUtteranceLatticeFaster():decoder-wrappers.cc:375) Log-like per frame for utterance S_S19_W_nawm_02 is -8.13223 over 25 frames.
S_S19_W_nawm_03 năm 
LOG (gmm-latgen-faster[5.5.1023~1-d673]:DecodeUtteranceLatticeFaster():decoder-wrappers.cc:375) Log-like per frame for utterance S_S19_W_nawm_03 is -7.66277 over 26 frames.
S_S19_W_saus_01 sáu 
LOG (gmm-latgen-faster[5.5.1023~1-d673]:DecodeUtteranceLatticeFaster():decoder-wrappers.cc:375) Log-like per frame for utterance S_S19_W_saus_01 is -8.34383 over 31 frames.
S_S19_W_saus_02 sáu 
LOG (gmm-latgen-faster[5.5.1023~1-d673]:DecodeUtteranceLatticeFaster():decoder-wrappers.cc:375) Log-like per frame for utterance S_S19_W_saus_02 is -7.99174 over 42 frames.
S_S19_W_saus_03 sáu 
LOG (gmm-latgen-faster[5.5.1023~1-d673]:DecodeUtteranceLatticeFaster():decoder-wrappers.cc:375) Log-like per frame for utterance S_S19_W_saus_03 is -7.66745 over 41 frames.
S_S19_W_saus_04 sáu 
LOG (gmm-latgen-faster[5.5.1023~1-d673]:DecodeUtteranceLatticeFaster():decoder-wrappers.cc:375) Log-like per frame for utterance S_S19_W_saus_04 is -7.76131 over 44 frames.
S_S19_W_saus_05 sáu 
LOG (gmm-latgen-faster[5.5.1023~1-d673]:DecodeUtteranceLatticeFaster():decoder-wrappers.cc:375) Log-like per frame for utterance S_S19_W_saus_05 is -8.00957 over 47 frames.
S_S19_W_saus_06 sáu 
LOG (gmm-latgen-faster[5.5.1023~1-d673]:DecodeUtteranceLatticeFaster():decoder-wrappers.cc:375) Log-like per frame for utterance S_S19_W_saus_06 is -8.5983 over 24 frames.
S_S19_W_saus_07 sáu 
LOG (gmm-latgen-faster[5.5.1023~1-d673]:DecodeUtteranceLatticeFaster():decoder-wrappers.cc:375) Log-like per frame for utterance S_S19_W_saus_07 is -8.26947 over 24 frames.
S_S19_W_saus_08 sáu 
LOG (gmm-latgen-faster[5.5.1023~1-d673]:DecodeUtteranceLatticeFaster():decoder-wrappers.cc:375) Log-like per frame for utterance S_S19_W_saus_08 is -8.69544 over 23 frames.
S_S19_W_saus_09 sáu 
LOG (gmm-latgen-faster[5.5.1023~1-d673]:DecodeUtteranceLatticeFaster():decoder-wrappers.cc:375) Log-like per frame for utterance S_S19_W_saus_09 is -8.8565 over 15 frames.
S_S19_W_saus_10 sáu 
LOG (gmm-latgen-faster[5.5.1023~1-d673]:DecodeUtteranceLatticeFaster():decoder-wrappers.cc:375) Log-like per frame for utterance S_S19_W_saus_10 is -8.12081 over 28 frames.
S_S19_W_saus_11 sáu 
LOG (gmm-latgen-faster[5.5.1023~1-d673]:DecodeUtteranceLatticeFaster():decoder-wrappers.cc:375) Log-like per frame for utterance S_S19_W_saus_11 is -7.48895 over 36 frames.
S_S19_W_tams_01 tám 
LOG (gmm-latgen-faster[5.5.1023~1-d673]:DecodeUtteranceLatticeFaster():decoder-wrappers.cc:375) Log-like per frame for utterance S_S19_W_tams_01 is -7.99986 over 23 frames.
S_S19_W_tams_02 tám 
LOG (gmm-latgen-faster[5.5.1023~1-d673]:DecodeUtteranceLatticeFaster():decoder-wrappers.cc:375) Log-like per frame for utterance S_S19_W_tams_02 is -7.68909 over 33 frames.
S_S19_W_tams_03 tám 
LOG (gmm-latgen-faster[5.5.1023~1-d673]:DecodeUtteranceLatticeFaster():decoder-wrappers.cc:375) Log-like per frame for utterance S_S19_W_tams_03 is -8.08684 over 22 frames.
S_S19_W_tams_04 tám 
LOG (gmm-latgen-faster[5.5.1023~1-d673]:DecodeUtteranceLatticeFaster():decoder-wrappers.cc:375) Log-like per frame for utterance S_S19_W_tams_04 is -8.8148 over 18 frames.
S_S19_W_tams_05 tám 
LOG (gmm-latgen-faster[5.5.1023~1-d673]:DecodeUtteranceLatticeFaster():decoder-wrappers.cc:375) Log-like per frame for utterance S_S19_W_tams_05 is -8.89782 over 18 frames.
S_S19_W_tams_06 tám 
LOG (gmm-latgen-faster[5.5.1023~1-d673]:DecodeUtteranceLatticeFaster():decoder-wrappers.cc:375) Log-like per frame for utterance S_S19_W_tams_06 is -8.72724 over 17 frames.
S_S19_W_tams_07 tám 
LOG (gmm-latgen-faster[5.5.1023~1-d673]:DecodeUtteranceLatticeFaster():decoder-wrappers.cc:375) Log-like per frame for utterance S_S19_W_tams_07 is -8.05072 over 19 frames.
S_S19_W_tams_08 tám 
LOG (gmm-latgen-faster[5.5.1023~1-d673]:DecodeUtteranceLatticeFaster():decoder-wrappers.cc:375) Log-like per frame for utterance S_S19_W_tams_08 is -7.74859 over 20 frames.
S_S19_W_trawm_01 tám 
LOG (gmm-latgen-faster[5.5.1023~1-d673]:DecodeUtteranceLatticeFaster():decoder-wrappers.cc:375) Log-like per frame for utterance S_S19_W_trawm_01 is -9.07809 over 27 frames.
S_S19_W_trawm_02 trăm 
LOG (gmm-latgen-faster[5.5.1023~1-d673]:DecodeUtteranceLatticeFaster():decoder-wrappers.cc:375) Log-like per frame for utterance S_S19_W_trawm_02 is -7.99588 over 32 frames.
S_S19_W_trawm_03 trăm 
LOG (gmm-latgen-faster[5.5.1023~1-d673]:DecodeUtteranceLatticeFaster():decoder-wrappers.cc:375) Log-like per frame for utterance S_S19_W_trawm_03 is -8.57913 over 15 frames.
S_S19_W_trawm_04 tám 
LOG (gmm-latgen-faster[5.5.1023~1-d673]:DecodeUtteranceLatticeFaster():decoder-wrappers.cc:375) Log-like per frame for utterance S_S19_W_trawm_04 is -9.99575 over 17 frames.
S_S19_W_trawm_05 trăm 
LOG (gmm-latgen-faster[5.5.1023~1-d673]:DecodeUtteranceLatticeFaster():decoder-wrappers.cc:375) Log-like per frame for utterance S_S19_W_trawm_05 is -9.2686 over 32 frames.
S_S19_W_trawm_06 trăm 
LOG (gmm-latgen-faster[5.5.1023~1-d673]:DecodeUtteranceLatticeFaster():decoder-wrappers.cc:375) Log-like per frame for utterance S_S19_W_trawm_06 is -8.21971 over 17 frames.
S_S19_W_trawm_07 trăm 
LOG (gmm-latgen-faster[5.5.1023~1-d673]:DecodeUtteranceLatticeFaster():decoder-wrappers.cc:375) Log-like per frame for utterance S_S19_W_trawm_07 is -8.22202 over 24 frames.
S_S19_W_trawm_08 tám 
LOG (gmm-latgen-faster[5.5.1023~1-d673]:DecodeUtteranceLatticeFaster():decoder-wrappers.cc:375) Log-like per frame for utterance S_S19_W_trawm_08 is -9.31059 over 24 frames.
S_S19_W_trawm_09 trăm 
LOG (gmm-latgen-faster[5.5.1023~1-d673]:DecodeUtteranceLatticeFaster():decoder-wrappers.cc:375) Log-like per frame for utterance S_S19_W_trawm_09 is -9.77766 over 20 frames.
S_S19_W_trawm_10 trăm 
LOG (gmm-latgen-faster[5.5.1023~1-d673]:DecodeUtteranceLatticeFaster():decoder-wrappers.cc:375) Log-like per frame for utterance S_S19_W_trawm_10 is -8.84293 over 14 frames.
S_S19_W_trawm_11 trăm 
LOG (gmm-latgen-faster[5.5.1023~1-d673]:DecodeUtteranceLatticeFaster():decoder-wrappers.cc:375) Log-like per frame for utterance S_S19_W_trawm_11 is -8.05226 over 20 frames.
S_S19_W_trawm_12 tám 
LOG (gmm-latgen-faster[5.5.1023~1-d673]:DecodeUtteranceLatticeFaster():decoder-wrappers.cc:375) Log-like per frame for utterance S_S19_W_trawm_12 is -8.67747 over 22 frames.
S_S19_W_trawm_13 trăm 
LOG (gmm-latgen-faster[5.5.1023~1-d673]:DecodeUtteranceLatticeFaster():decoder-wrappers.cc:375) Log-like per frame for utterance S_S19_W_trawm_13 is -7.82508 over 23 frames.
S_S19_W_trawm_14 trăm 
LOG (gmm-latgen-faster[5.5.1023~1-d673]:DecodeUtteranceLatticeFaster():decoder-wrappers.cc:375) Log-like per frame for utterance S_S19_W_trawm_14 is -8.82393 over 25 frames.
S_S19_W_trawm_15 trăm 
LOG (gmm-latgen-faster[5.5.1023~1-d673]:DecodeUtteranceLatticeFaster():decoder-wrappers.cc:375) Log-like per frame for utterance S_S19_W_trawm_15 is -8.43198 over 17 frames.
S_S19_W_trawm_16 tám 
LOG (gmm-latgen-faster[5.5.1023~1-d673]:DecodeUtteranceLatticeFaster():decoder-wrappers.cc:375) Log-like per frame for utterance S_S19_W_trawm_16 is -9.37807 over 23 frames.
S_S19_W_trawm_17 trăm 
LOG (gmm-latgen-faster[5.5.1023~1-d673]:DecodeUtteranceLatticeFaster():decoder-wrappers.cc:375) Log-like per frame for utterance S_S19_W_trawm_17 is -8.50178 over 26 frames.
S_S19_W_trawm_18 trăm 
LOG (gmm-latgen-faster[5.5.1023~1-d673]:DecodeUtteranceLatticeFaster():decoder-wrappers.cc:375) Log-like per frame for utterance S_S19_W_trawm_18 is -8.6993 over 17 frames.
S_S19_W_trawm_19 trăm 
LOG (gmm-latgen-faster[5.5.1023~1-d673]:DecodeUtteranceLatticeFaster():decoder-wrappers.cc:375) Log-like per frame for utterance S_S19_W_trawm_19 is -7.3089 over 17 frames.
S_S19_W_trawm_20 trăm 
LOG (gmm-latgen-faster[5.5.1023~1-d673]:DecodeUtteranceLatticeFaster():decoder-wrappers.cc:375) Log-like per frame for utterance S_S19_W_trawm_20 is -8.00677 over 18 frames.
S_S19_W_trawm_21 trăm 
LOG (gmm-latgen-faster[5.5.1023~1-d673]:DecodeUtteranceLatticeFaster():decoder-wrappers.cc:375) Log-like per frame for utterance S_S19_W_trawm_21 is -7.78018 over 24 frames.
S_S19_W_trawm_22 trăm 
LOG (gmm-latgen-faster[5.5.1023~1-d673]:DecodeUtteranceLatticeFaster():decoder-wrappers.cc:375) Log-like per frame for utterance S_S19_W_trawm_22 is -8.26113 over 17 frames.
S_S22_W_ba_01 ba 
LOG (gmm-latgen-faster[5.5.1023~1-d673]:DecodeUtteranceLatticeFaster():decoder-wrappers.cc:375) Log-like per frame for utterance S_S22_W_ba_01 is -8.39525 over 10 frames.
S_S22_W_ba_02 ba 
LOG (gmm-latgen-faster[5.5.1023~1-d673]:DecodeUtteranceLatticeFaster():decoder-wrappers.cc:375) Log-like per frame for utterance S_S22_W_ba_02 is -7.94893 over 27 frames.
S_S22_W_ba_03 ba 
LOG (gmm-latgen-faster[5.5.1023~1-d673]:DecodeUtteranceLatticeFaster():decoder-wrappers.cc:375) Log-like per frame for utterance S_S22_W_ba_03 is -8.17924 over 9 frames.
S_S22_W_ba_04 ba 
LOG (gmm-latgen-faster[5.5.1023~1-d673]:DecodeUtteranceLatticeFaster():decoder-wrappers.cc:375) Log-like per frame for utterance S_S22_W_ba_04 is -7.5785 over 27 frames.
S_S22_W_ba_05 ba 
LOG (gmm-latgen-faster[5.5.1023~1-d673]:DecodeUtteranceLatticeFaster():decoder-wrappers.cc:375) Log-like per frame for utterance S_S22_W_ba_05 is -7.92375 over 23 frames.
S_S22_W_ba_06 ba 
LOG (gmm-latgen-faster[5.5.1023~1-d673]:DecodeUtteranceLatticeFaster():decoder-wrappers.cc:375) Log-like per frame for utterance S_S22_W_ba_06 is -7.2459 over 28 frames.
S_S22_W_ba_07 bảy 
LOG (gmm-latgen-faster[5.5.1023~1-d673]:DecodeUtteranceLatticeFaster():decoder-wrappers.cc:375) Log-like per frame for utterance S_S22_W_ba_07 is -9.43142 over 11 frames.
S_S22_W_ba_08 
LOG (gmm-latgen-faster[5.5.1023~1-d673]:DecodeUtteranceLatticeFaster():decoder-wrappers.cc:375) Log-like per frame for utterance S_S22_W_ba_08 is -9.50361 over 5 frames.
S_S22_W_ba_09 ba 
LOG (gmm-latgen-faster[5.5.1023~1-d673]:DecodeUtteranceLatticeFaster():decoder-wrappers.cc:375) Log-like per frame for utterance S_S22_W_ba_09 is -9.02127 over 13 frames.
S_S22_W_ba_10 ba 
LOG (gmm-latgen-faster[5.5.1023~1-d673]:DecodeUtteranceLatticeFaster():decoder-wrappers.cc:375) Log-like per frame for utterance S_S22_W_ba_10 is -7.64906 over 24 frames.
S_S22_W_ba_11 ba 
LOG (gmm-latgen-faster[5.5.1023~1-d673]:DecodeUtteranceLatticeFaster():decoder-wrappers.cc:375) Log-like per frame for utterance S_S22_W_ba_11 is -7.98731 over 26 frames.
S_S22_W_bayr_01 bảy 
LOG (gmm-latgen-faster[5.5.1023~1-d673]:DecodeUtteranceLatticeFaster():decoder-wrappers.cc:375) Log-like per frame for utterance S_S22_W_bayr_01 is -9.97747 over 12 frames.
S_S22_W_bayr_02 bảy 
LOG (gmm-latgen-faster[5.5.1023~1-d673]:DecodeUtteranceLatticeFaster():decoder-wrappers.cc:375) Log-like per frame for utterance S_S22_W_bayr_02 is -8.48552 over 18 frames.
S_S22_W_bayr_03 bảy 
LOG (gmm-latgen-faster[5.5.1023~1-d673]:DecodeUtteranceLatticeFaster():decoder-wrappers.cc:375) Log-like per frame for utterance S_S22_W_bayr_03 is -8.8082 over 8 frames.
S_S22_W_bayr_04 bảy 
LOG (gmm-latgen-faster[5.5.1023~1-d673]:DecodeUtteranceLatticeFaster():decoder-wrappers.cc:375) Log-like per frame for utterance S_S22_W_bayr_04 is -8.42501 over 9 frames.
S_S22_W_bayr_05 bảy 
LOG (gmm-latgen-faster[5.5.1023~1-d673]:DecodeUtteranceLatticeFaster():decoder-wrappers.cc:375) Log-like per frame for utterance S_S22_W_bayr_05 is -8.1895 over 26 frames.
S_S22_W_bayr_06 bảy 
LOG (gmm-latgen-faster[5.5.1023~1-d673]:DecodeUtteranceLatticeFaster():decoder-wrappers.cc:375) Log-like per frame for utterance S_S22_W_bayr_06 is -8.1078 over 29 frames.
S_S22_W_bayr_07 bảy 
LOG (gmm-latgen-faster[5.5.1023~1-d673]:DecodeUtteranceLatticeFaster():decoder-wrappers.cc:375) Log-like per frame for utterance S_S22_W_bayr_07 is -8.48495 over 25 frames.
S_S22_W_bayr_08 bảy 
LOG (gmm-latgen-faster[5.5.1023~1-d673]:DecodeUtteranceLatticeFaster():decoder-wrappers.cc:375) Log-like per frame for utterance S_S22_W_bayr_08 is -9.0184 over 16 frames.
S_S22_W_bayr_09 bảy 
LOG (gmm-latgen-faster[5.5.1023~1-d673]:DecodeUtteranceLatticeFaster():decoder-wrappers.cc:375) Log-like per frame for utterance S_S22_W_bayr_09 is -9.81577 over 11 frames.
S_S22_W_boons_01 bốn 
LOG (gmm-latgen-faster[5.5.1023~1-d673]:DecodeUtteranceLatticeFaster():decoder-wrappers.cc:375) Log-like per frame for utterance S_S22_W_boons_01 is -8.71126 over 14 frames.
S_S22_W_boons_02 một 
LOG (gmm-latgen-faster[5.5.1023~1-d673]:DecodeUtteranceLatticeFaster():decoder-wrappers.cc:375) Log-like per frame for utterance S_S22_W_boons_02 is -9.24449 over 19 frames.
S_S22_W_chins_01 chín 
LOG (gmm-latgen-faster[5.5.1023~1-d673]:DecodeUtteranceLatticeFaster():decoder-wrappers.cc:375) Log-like per frame for utterance S_S22_W_chins_01 is -8.67372 over 21 frames.
S_S22_W_chins_02 chín 
LOG (gmm-latgen-faster[5.5.1023~1-d673]:DecodeUtteranceLatticeFaster():decoder-wrappers.cc:375) Log-like per frame for utterance S_S22_W_chins_02 is -9.14793 over 14 frames.
S_S22_W_chins_03 chín 
LOG (gmm-latgen-faster[5.5.1023~1-d673]:DecodeUtteranceLatticeFaster():decoder-wrappers.cc:375) Log-like per frame for utterance S_S22_W_chins_03 is -9.20115 over 18 frames.
S_S22_W_chins_04 chín 
LOG (gmm-latgen-faster[5.5.1023~1-d673]:DecodeUtteranceLatticeFaster():decoder-wrappers.cc:375) Log-like per frame for utterance S_S22_W_chins_04 is -9.31519 over 10 frames.
S_S22_W_hai_01 hai hai 
LOG (gmm-latgen-faster[5.5.1023~1-d673]:DecodeUtteranceLatticeFaster():decoder-wrappers.cc:375) Log-like per frame for utterance S_S22_W_hai_01 is -8.24287 over 56 frames.
LOG (apply-cmvn[5.5.1023~1-d673]:main():apply-cmvn.cc:162) Applied cepstral mean normalization to 333 utterances, errors on 0
S_S22_W_hai_02 hai 
LOG (gmm-latgen-faster[5.5.1023~1-d673]:DecodeUtteranceLatticeFaster():decoder-wrappers.cc:375) Log-like per frame for utterance S_S22_W_hai_02 is -7.05927 over 35 frames.
S_S22_W_hai_03 hai 
LOG (gmm-latgen-faster[5.5.1023~1-d673]:DecodeUtteranceLatticeFaster():decoder-wrappers.cc:375) Log-like per frame for utterance S_S22_W_hai_03 is -8.76637 over 19 frames.
S_S22_W_hai_04 hai 
LOG (gmm-latgen-faster[5.5.1023~1-d673]:DecodeUtteranceLatticeFaster():decoder-wrappers.cc:375) Log-like per frame for utterance S_S22_W_hai_04 is -9.17793 over 15 frames.
S_S22_W_hai_05 hai 
LOG (gmm-latgen-faster[5.5.1023~1-d673]:DecodeUtteranceLatticeFaster():decoder-wrappers.cc:375) Log-like per frame for utterance S_S22_W_hai_05 is -7.60074 over 35 frames.
S_S22_W_hai_06 hai 
LOG (gmm-latgen-faster[5.5.1023~1-d673]:DecodeUtteranceLatticeFaster():decoder-wrappers.cc:375) Log-like per frame for utterance S_S22_W_hai_06 is -9.17768 over 16 frames.
S_S22_W_hai_07 hai 
LOG (gmm-latgen-faster[5.5.1023~1-d673]:DecodeUtteranceLatticeFaster():decoder-wrappers.cc:375) Log-like per frame for utterance S_S22_W_hai_07 is -7.8982 over 32 frames.
S_S22_W_hai_08 hai 
LOG (gmm-latgen-faster[5.5.1023~1-d673]:DecodeUtteranceLatticeFaster():decoder-wrappers.cc:375) Log-like per frame for utterance S_S22_W_hai_08 is -8.0868 over 30 frames.
S_S22_W_hai_09 hai 
LOG (gmm-latgen-faster[5.5.1023~1-d673]:DecodeUtteranceLatticeFaster():decoder-wrappers.cc:375) Log-like per frame for utterance S_S22_W_hai_09 is -8.99559 over 19 frames.
S_S22_W_hai_10 hai 
LOG (gmm-latgen-faster[5.5.1023~1-d673]:DecodeUtteranceLatticeFaster():decoder-wrappers.cc:375) Log-like per frame for utterance S_S22_W_hai_10 is -9.44975 over 18 frames.
S_S22_W_lawm_01 lăm 
LOG (gmm-latgen-faster[5.5.1023~1-d673]:DecodeUtteranceLatticeFaster():decoder-wrappers.cc:375) Log-like per frame for utterance S_S22_W_lawm_01 is -8.56589 over 28 frames.
S_S22_W_ler_01 lẻ 
LOG (gmm-latgen-faster[5.5.1023~1-d673]:DecodeUtteranceLatticeFaster():decoder-wrappers.cc:375) Log-like per frame for utterance S_S22_W_ler_01 is -8.79843 over 18 frames.
S_S22_W_mootj_01 một 
LOG (gmm-latgen-faster[5.5.1023~1-d673]:DecodeUtteranceLatticeFaster():decoder-wrappers.cc:375) Log-like per frame for utterance S_S22_W_mootj_01 is -9.25318 over 20 frames.
S_S22_W_mootj_02 một 
LOG (gmm-latgen-faster[5.5.1023~1-d673]:DecodeUtteranceLatticeFaster():decoder-wrappers.cc:375) Log-like per frame for utterance S_S22_W_mootj_02 is -8.81291 over 14 frames.
S_S22_W_mootj_03 
LOG (gmm-latgen-faster[5.5.1023~1-d673]:DecodeUtteranceLatticeFaster():decoder-wrappers.cc:375) Log-like per frame for utterance S_S22_W_mootj_03 is -10.3437 over 6 frames.
S_S22_W_mootj_04 
LOG (gmm-latgen-faster[5.5.1023~1-d673]:DecodeUtteranceLatticeFaster():decoder-wrappers.cc:375) Log-like per frame for utterance S_S22_W_mootj_04 is -10.3243 over 7 frames.
S_S22_W_mootj_05 một 
LOG (gmm-latgen-faster[5.5.1023~1-d673]:DecodeUtteranceLatticeFaster():decoder-wrappers.cc:375) Log-like per frame for utterance S_S22_W_mootj_05 is -9.43607 over 13 frames.
S_S22_W_mootj_06 một 
LOG (gmm-latgen-faster[5.5.1023~1-d673]:DecodeUtteranceLatticeFaster():decoder-wrappers.cc:375) Log-like per frame for utterance S_S22_W_mootj_06 is -8.96716 over 18 frames.
S_S22_W_moots_01 một 
LOG (gmm-latgen-faster[5.5.1023~1-d673]:DecodeUtteranceLatticeFaster():decoder-wrappers.cc:375) Log-like per frame for utterance S_S22_W_moots_01 is -8.61639 over 22 frames.
S_S22_W_muowi_01 mươi 
LOG (gmm-latgen-faster[5.5.1023~1-d673]:DecodeUtteranceLatticeFaster():decoder-wrappers.cc:375) Log-like per frame for utterance S_S22_W_muowi_01 is -8.85968 over 20 frames.
S_S22_W_muowi_02 mươi 
LOG (gmm-latgen-faster[5.5.1023~1-d673]:DecodeUtteranceLatticeFaster():decoder-wrappers.cc:375) Log-like per frame for utterance S_S22_W_muowi_02 is -8.38141 over 18 frames.
S_S22_W_muowi_03 mươi 
LOG (gmm-latgen-faster[5.5.1023~1-d673]:DecodeUtteranceLatticeFaster():decoder-wrappers.cc:375) Log-like per frame for utterance S_S22_W_muowi_03 is -8.69625 over 20 frames.
S_S22_W_muowi_04 mươi 
LOG (gmm-latgen-faster[5.5.1023~1-d673]:DecodeUtteranceLatticeFaster():decoder-wrappers.cc:375) Log-like per frame for utterance S_S22_W_muowi_04 is -9.07487 over 16 frames.
S_S22_W_muowi_05 mươi 
LOG (gmm-latgen-faster[5.5.1023~1-d673]:DecodeUtteranceLatticeFaster():decoder-wrappers.cc:375) Log-like per frame for utterance S_S22_W_muowi_05 is -9.48463 over 9 frames.
S_S22_W_muowi_06 mươi 
LOG (gmm-latgen-faster[5.5.1023~1-d673]:DecodeUtteranceLatticeFaster():decoder-wrappers.cc:375) Log-like per frame for utterance S_S22_W_muowi_06 is -8.25794 over 12 frames.
S_S22_W_muowi_07 mươi 
LOG (gmm-latgen-faster[5.5.1023~1-d673]:DecodeUtteranceLatticeFaster():decoder-wrappers.cc:375) Log-like per frame for utterance S_S22_W_muowi_07 is -9.17825 over 18 frames.
S_S22_W_muowi_08 mươi 
LOG (gmm-latgen-faster[5.5.1023~1-d673]:DecodeUtteranceLatticeFaster():decoder-wrappers.cc:375) Log-like per frame for utterance S_S22_W_muowi_08 is -8.93083 over 15 frames.
S_S22_W_muowi_09 mươi 
LOG (gmm-latgen-faster[5.5.1023~1-d673]:DecodeUtteranceLatticeFaster():decoder-wrappers.cc:375) Log-like per frame for utterance S_S22_W_muowi_09 is -8.54861 over 18 frames.
S_S22_W_muowi_10 
LOG (gmm-latgen-faster[5.5.1023~1-d673]:DecodeUtteranceLatticeFaster():decoder-wrappers.cc:375) Log-like per frame for utterance S_S22_W_muowi_10 is -10.2491 over 12 frames.
S_S22_W_muowi_11 mươi 
LOG (gmm-latgen-faster[5.5.1023~1-d673]:DecodeUtteranceLatticeFaster():decoder-wrappers.cc:375) Log-like per frame for utterance S_S22_W_muowi_11 is -8.93645 over 18 frames.
S_S22_W_muowi_12 mươi 
LOG (gmm-latgen-faster[5.5.1023~1-d673]:DecodeUtteranceLatticeFaster():decoder-wrappers.cc:375) Log-like per frame for utterance S_S22_W_muowi_12 is -9.39008 over 17 frames.
S_S22_W_muowi_13 mươi 
LOG (gmm-latgen-faster[5.5.1023~1-d673]:DecodeUtteranceLatticeFaster():decoder-wrappers.cc:375) Log-like per frame for utterance S_S22_W_muowi_13 is -8.84287 over 18 frames.
S_S22_W_muowi_14 mươi 
LOG (gmm-latgen-faster[5.5.1023~1-d673]:DecodeUtteranceLatticeFaster():decoder-wrappers.cc:375) Log-like per frame for utterance S_S22_W_muowi_14 is -9.64832 over 10 frames.
S_S22_W_muowi_15 mươi 
LOG (gmm-latgen-faster[5.5.1023~1-d673]:DecodeUtteranceLatticeFaster():decoder-wrappers.cc:375) Log-like per frame for utterance S_S22_W_muowi_15 is -8.37223 over 18 frames.
S_S22_W_muowi_16 mươi 
LOG (gmm-latgen-faster[5.5.1023~1-d673]:DecodeUtteranceLatticeFaster():decoder-wrappers.cc:375) Log-like per frame for utterance S_S22_W_muowi_16 is -8.34366 over 14 frames.
S_S22_W_muowi_17 mươi 
LOG (gmm-latgen-faster[5.5.1023~1-d673]:DecodeUtteranceLatticeFaster():decoder-wrappers.cc:375) Log-like per frame for utterance S_S22_W_muowi_17 is -8.63383 over 16 frames.
S_S22_W_muowi_18 mươi 
LOG (gmm-latgen-faster[5.5.1023~1-d673]:DecodeUtteranceLatticeFaster():decoder-wrappers.cc:375) Log-like per frame for utterance S_S22_W_muowi_18 is -9.19318 over 17 frames.
S_S22_W_muowi_19 mươi 
LOG (gmm-latgen-faster[5.5.1023~1-d673]:DecodeUtteranceLatticeFaster():decoder-wrappers.cc:375) Log-like per frame for utterance S_S22_W_muowi_19 is -9.51782 over 14 frames.
S_S22_W_muowi_20 mươi 
LOG (gmm-latgen-faster[5.5.1023~1-d673]:DecodeUtteranceLatticeFaster():decoder-wrappers.cc:375) Log-like per frame for utterance S_S22_W_muowi_20 is -8.31181 over 26 frames.
S_S22_W_muowi_21 mươi 
LOG (gmm-latgen-faster[5.5.1023~1-d673]:DecodeUtteranceLatticeFaster():decoder-wrappers.cc:375) Log-like per frame for utterance S_S22_W_muowi_21 is -9.4532 over 8 frames.
S_S22_W_muowif_01 mươi 
LOG (gmm-latgen-faster[5.5.1023~1-d673]:DecodeUtteranceLatticeFaster():decoder-wrappers.cc:375) Log-like per frame for utterance S_S22_W_muowif_01 is -8.27608 over 26 frames.
S_S22_W_nawm_01 năm 
LOG (gmm-latgen-faster[5.5.1023~1-d673]:DecodeUtteranceLatticeFaster():decoder-wrappers.cc:375) Log-like per frame for utterance S_S22_W_nawm_01 is -8.81075 over 20 frames.
S_S22_W_nawm_02 năm 
LOG (gmm-latgen-faster[5.5.1023~1-d673]:DecodeUtteranceLatticeFaster():decoder-wrappers.cc:375) Log-like per frame for utterance S_S22_W_nawm_02 is -9.11036 over 16 frames.
S_S22_W_nawm_03 năm 
LOG (gmm-latgen-faster[5.5.1023~1-d673]:DecodeUtteranceLatticeFaster():decoder-wrappers.cc:375) Log-like per frame for utterance S_S22_W_nawm_03 is -8.96826 over 15 frames.
S_S22_W_saus_01 sáu 
LOG (gmm-latgen-faster[5.5.1023~1-d673]:DecodeUtteranceLatticeFaster():decoder-wrappers.cc:375) Log-like per frame for utterance S_S22_W_saus_01 is -8.71239 over 36 frames.
S_S22_W_saus_02 sáu 
LOG (gmm-latgen-faster[5.5.1023~1-d673]:DecodeUtteranceLatticeFaster():decoder-wrappers.cc:375) Log-like per frame for utterance S_S22_W_saus_02 is -8.61418 over 43 frames.
S_S22_W_saus_03 sáu 
LOG (gmm-latgen-faster[5.5.1023~1-d673]:DecodeUtteranceLatticeFaster():decoder-wrappers.cc:375) Log-like per frame for utterance S_S22_W_saus_03 is -8.56094 over 34 frames.
S_S22_W_saus_04 sáu 
LOG (gmm-latgen-faster[5.5.1023~1-d673]:DecodeUtteranceLatticeFaster():decoder-wrappers.cc:375) Log-like per frame for utterance S_S22_W_saus_04 is -8.26544 over 34 frames.
S_S22_W_saus_05 sáu 
LOG (gmm-latgen-faster[5.5.1023~1-d673]:DecodeUtteranceLatticeFaster():decoder-wrappers.cc:375) Log-like per frame for utterance S_S22_W_saus_05 is -8.10185 over 33 frames.
S_S22_W_saus_06 sáu 
LOG (gmm-latgen-faster[5.5.1023~1-d673]:DecodeUtteranceLatticeFaster():decoder-wrappers.cc:375) Log-like per frame for utterance S_S22_W_saus_06 is -9.68256 over 18 frames.
S_S22_W_saus_07 sáu 
LOG (gmm-latgen-faster[5.5.1023~1-d673]:DecodeUtteranceLatticeFaster():decoder-wrappers.cc:375) Log-like per frame for utterance S_S22_W_saus_07 is -9.19826 over 21 frames.
S_S22_W_saus_08 sáu 
LOG (gmm-latgen-faster[5.5.1023~1-d673]:DecodeUtteranceLatticeFaster():decoder-wrappers.cc:375) Log-like per frame for utterance S_S22_W_saus_08 is -8.94781 over 22 frames.
S_S22_W_saus_09 sáu 
LOG (gmm-latgen-faster[5.5.1023~1-d673]:DecodeUtteranceLatticeFaster():decoder-wrappers.cc:375) Log-like per frame for utterance S_S22_W_saus_09 is -9.31575 over 14 frames.
S_S22_W_saus_10 sáu 
LOG (gmm-latgen-faster[5.5.1023~1-d673]:DecodeUtteranceLatticeFaster():decoder-wrappers.cc:375) Log-like per frame for utterance S_S22_W_saus_10 is -9.46723 over 17 frames.
S_S22_W_saus_11 sáu 
LOG (gmm-latgen-faster[5.5.1023~1-d673]:DecodeUtteranceLatticeFaster():decoder-wrappers.cc:375) Log-like per frame for utterance S_S22_W_saus_11 is -8.53746 over 27 frames.
S_S22_W_tams_01 tám 
LOG (gmm-latgen-faster[5.5.1023~1-d673]:DecodeUtteranceLatticeFaster():decoder-wrappers.cc:375) Log-like per frame for utterance S_S22_W_tams_01 is -9.01101 over 20 frames.
S_S22_W_tams_02 ba tám 
LOG (gmm-latgen-faster[5.5.1023~1-d673]:DecodeUtteranceLatticeFaster():decoder-wrappers.cc:375) Log-like per frame for utterance S_S22_W_tams_02 is -8.01987 over 31 frames.
S_S22_W_tams_03 tám 
LOG (gmm-latgen-faster[5.5.1023~1-d673]:DecodeUtteranceLatticeFaster():decoder-wrappers.cc:375) Log-like per frame for utterance S_S22_W_tams_03 is -8.65596 over 22 frames.
S_S22_W_tams_04 tám 
LOG (gmm-latgen-faster[5.5.1023~1-d673]:DecodeUtteranceLatticeFaster():decoder-wrappers.cc:375) Log-like per frame for utterance S_S22_W_tams_04 is -8.72494 over 19 frames.
S_S22_W_tams_05 tám 
LOG (gmm-latgen-faster[5.5.1023~1-d673]:DecodeUtteranceLatticeFaster():decoder-wrappers.cc:375) Log-like per frame for utterance S_S22_W_tams_05 is -8.15096 over 13 frames.
S_S22_W_tams_06 tám 
LOG (gmm-latgen-faster[5.5.1023~1-d673]:DecodeUtteranceLatticeFaster():decoder-wrappers.cc:375) Log-like per frame for utterance S_S22_W_tams_06 is -7.95882 over 11 frames.
S_S22_W_tams_07 tám 
LOG (gmm-latgen-faster[5.5.1023~1-d673]:DecodeUtteranceLatticeFaster():decoder-wrappers.cc:375) Log-like per frame for utterance S_S22_W_tams_07 is -8.76764 over 16 frames.
S_S22_W_tams_08 tám 
LOG (gmm-latgen-faster[5.5.1023~1-d673]:DecodeUtteranceLatticeFaster():decoder-wrappers.cc:375) Log-like per frame for utterance S_S22_W_tams_08 is -8.25777 over 13 frames.
S_S22_W_trawm_01 trăm 
LOG (gmm-latgen-faster[5.5.1023~1-d673]:DecodeUtteranceLatticeFaster():decoder-wrappers.cc:375) Log-like per frame for utterance S_S22_W_trawm_01 is -8.84429 over 43 frames.
S_S22_W_trawm_02 trăm 
LOG (gmm-latgen-faster[5.5.1023~1-d673]:DecodeUtteranceLatticeFaster():decoder-wrappers.cc:375) Log-like per frame for utterance S_S22_W_trawm_02 is -8.88138 over 26 frames.
S_S22_W_trawm_03 tám 
LOG (gmm-latgen-faster[5.5.1023~1-d673]:DecodeUtteranceLatticeFaster():decoder-wrappers.cc:375) Log-like per frame for utterance S_S22_W_trawm_03 is -8.9055 over 25 frames.
S_S22_W_trawm_04 trăm 
LOG (gmm-latgen-faster[5.5.1023~1-d673]:DecodeUtteranceLatticeFaster():decoder-wrappers.cc:375) Log-like per frame for utterance S_S22_W_trawm_04 is -8.9979 over 20 frames.
S_S22_W_trawm_05 tám 
LOG (gmm-latgen-faster[5.5.1023~1-d673]:DecodeUtteranceLatticeFaster():decoder-wrappers.cc:375) Log-like per frame for utterance S_S22_W_trawm_05 is -9.17078 over 18 frames.
S_S22_W_trawm_06 năm 
LOG (gmm-latgen-faster[5.5.1023~1-d673]:DecodeUtteranceLatticeFaster():decoder-wrappers.cc:375) Log-like per frame for utterance S_S22_W_trawm_06 is -8.3233 over 22 frames.
S_S22_W_trawm_07 trăm 
LOG (gmm-latgen-faster[5.5.1023~1-d673]:DecodeUtteranceLatticeFaster():decoder-wrappers.cc:375) Log-like per frame for utterance S_S22_W_trawm_07 is -8.59678 over 17 frames.
S_S22_W_trawm_08 trăm 
LOG (gmm-latgen-faster[5.5.1023~1-d673]:DecodeUtteranceLatticeFaster():decoder-wrappers.cc:375) Log-like per frame for utterance S_S22_W_trawm_08 is -8.96685 over 17 frames.
S_S22_W_trawm_09 trăm 
LOG (gmm-latgen-faster[5.5.1023~1-d673]:DecodeUtteranceLatticeFaster():decoder-wrappers.cc:375) Log-like per frame for utterance S_S22_W_trawm_09 is -8.73701 over 19 frames.
S_S22_W_trawm_10 trăm 
LOG (gmm-latgen-faster[5.5.1023~1-d673]:DecodeUtteranceLatticeFaster():decoder-wrappers.cc:375) Log-like per frame for utterance S_S22_W_trawm_10 is -8.83654 over 11 frames.
S_S22_W_trawm_11 trăm 
LOG (gmm-latgen-faster[5.5.1023~1-d673]:DecodeUtteranceLatticeFaster():decoder-wrappers.cc:375) Log-like per frame for utterance S_S22_W_trawm_11 is -8.65423 over 20 frames.
S_S22_W_trawm_12 tám 
LOG (gmm-latgen-faster[5.5.1023~1-d673]:DecodeUtteranceLatticeFaster():decoder-wrappers.cc:375) Log-like per frame for utterance S_S22_W_trawm_12 is -9.1043 over 16 frames.
S_S22_W_trawm_13 trăm 
LOG (gmm-latgen-faster[5.5.1023~1-d673]:DecodeUtteranceLatticeFaster():decoder-wrappers.cc:375) Log-like per frame for utterance S_S22_W_trawm_13 is -8.13275 over 16 frames.
S_S22_W_trawm_14 trăm 
LOG (gmm-latgen-faster[5.5.1023~1-d673]:DecodeUtteranceLatticeFaster():decoder-wrappers.cc:375) Log-like per frame for utterance S_S22_W_trawm_14 is -8.44308 over 16 frames.
S_S22_W_trawm_15 trăm 
LOG (gmm-latgen-faster[5.5.1023~1-d673]:DecodeUtteranceLatticeFaster():decoder-wrappers.cc:375) Log-like per frame for utterance S_S22_W_trawm_15 is -9.89211 over 14 frames.
S_S22_W_trawm_16 năm 
LOG (gmm-latgen-faster[5.5.1023~1-d673]:DecodeUtteranceLatticeFaster():decoder-wrappers.cc:375) Log-like per frame for utterance S_S22_W_trawm_16 is -9.10574 over 20 frames.
S_S22_W_trawm_17 tám 
LOG (gmm-latgen-faster[5.5.1023~1-d673]:DecodeUtteranceLatticeFaster():decoder-wrappers.cc:375) Log-like per frame for utterance S_S22_W_trawm_17 is -9.91637 over 11 frames.
S_S22_W_trawm_18 trăm 
LOG (gmm-latgen-faster[5.5.1023~1-d673]:DecodeUtteranceLatticeFaster():decoder-wrappers.cc:375) Log-like per frame for utterance S_S22_W_trawm_18 is -9.21322 over 16 frames.
S_S22_W_trawm_19 năm 
LOG (gmm-latgen-faster[5.5.1023~1-d673]:DecodeUtteranceLatticeFaster():decoder-wrappers.cc:375) Log-like per frame for utterance S_S22_W_trawm_19 is -9.03872 over 17 frames.
S_S22_W_trawm_20 trăm 
LOG (gmm-latgen-faster[5.5.1023~1-d673]:DecodeUtteranceLatticeFaster():decoder-wrappers.cc:375) Log-like per frame for utterance S_S22_W_trawm_20 is -9.39537 over 11 frames.
S_S22_W_trawm_21 trăm 
LOG (gmm-latgen-faster[5.5.1023~1-d673]:DecodeUtteranceLatticeFaster():decoder-wrappers.cc:375) Log-like per frame for utterance S_S22_W_trawm_21 is -9.72624 over 12 frames.
S_S22_W_trawm_22 trăm 
LOG (gmm-latgen-faster[5.5.1023~1-d673]:DecodeUtteranceLatticeFaster():decoder-wrappers.cc:375) Log-like per frame for utterance S_S22_W_trawm_22 is -9.77975 over 15 frames.
LOG (gmm-latgen-faster[5.5.1023~1-d673]:main():gmm-latgen-faster.cc:176) Time taken 1.05238s: real-time factor assuming 100 frames/sec is 0.0144102
LOG (gmm-latgen-faster[5.5.1023~1-d673]:main():gmm-latgen-faster.cc:179) Done 333 utterances, failed for 0
LOG (gmm-latgen-faster[5.5.1023~1-d673]:main():gmm-latgen-faster.cc:181) Overall log-likelihood per frame is -8.37937 over 7303 frames.
# Accounting: time=1 threads=1
# Ended (code 0) at Thứ ba, 17 Tháng 5 năm 2022 12:23:07 +07, elapsed time 1 seconds
