# gmm-acc-stats-ali exp/tri1/24.mdl "ark,s,cs:apply-cmvn  --utt2spk=ark:data/train/split1/1/utt2spk scp:data/train/split1/1/cmvn.scp scp:data/train/split1/1/feats.scp ark:- | add-deltas  ark:- ark:- |" "ark,s,cs:gunzip -c exp/tri1/ali.1.gz|" exp/tri1/24.1.acc 
# Started at Thứ ba, 17 Tháng 5 năm 2022 12:23:00 +07
#
gmm-acc-stats-ali exp/tri1/24.mdl 'ark,s,cs:apply-cmvn  --utt2spk=ark:data/train/split1/1/utt2spk scp:data/train/split1/1/cmvn.scp scp:data/train/split1/1/feats.scp ark:- | add-deltas  ark:- ark:- |' 'ark,s,cs:gunzip -c exp/tri1/ali.1.gz|' exp/tri1/24.1.acc 
apply-cmvn --utt2spk=ark:data/train/split1/1/utt2spk scp:data/train/split1/1/cmvn.scp scp:data/train/split1/1/feats.scp ark:- 
add-deltas ark:- ark:- 
LOG (gmm-acc-stats-ali[5.5.1023~1-d673]:main():gmm-acc-stats-ali.cc:105) Processed 50 utterances; for utterance S_S01_W_muowi_05 avg. like is -77.283 over 13 frames.
LOG (gmm-acc-stats-ali[5.5.1023~1-d673]:main():gmm-acc-stats-ali.cc:105) Processed 100 utterances; for utterance S_S01_W_trawm_11 avg. like is -73.5057 over 27 frames.
LOG (gmm-acc-stats-ali[5.5.1023~1-d673]:main():gmm-acc-stats-ali.cc:105) Processed 150 utterances; for utterance S_S03_W_mootj_01 avg. like is -88.1424 over 25 frames.
LOG (gmm-acc-stats-ali[5.5.1023~1-d673]:main():gmm-acc-stats-ali.cc:105) Processed 200 utterances; for utterance S_S03_W_tams_08 avg. like is -90.2479 over 28 frames.
LOG (gmm-acc-stats-ali[5.5.1023~1-d673]:main():gmm-acc-stats-ali.cc:105) Processed 250 utterances; for utterance S_S04_W_hai_02 avg. like is -64.27 over 49 frames.
LOG (gmm-acc-stats-ali[5.5.1023~1-d673]:main():gmm-acc-stats-ali.cc:105) Processed 300 utterances; for utterance S_S04_W_saus_08 avg. like is -82.1452 over 32 frames.
LOG (gmm-acc-stats-ali[5.5.1023~1-d673]:main():gmm-acc-stats-ali.cc:105) Processed 350 utterances; for utterance S_S05_W_bayr_06 avg. like is -89.9126 over 24 frames.
LOG (gmm-acc-stats-ali[5.5.1023~1-d673]:main():gmm-acc-stats-ali.cc:105) Processed 400 utterances; for utterance S_S05_W_muowi_22 avg. like is -84.3279 over 20 frames.
LOG (gmm-acc-stats-ali[5.5.1023~1-d673]:main():gmm-acc-stats-ali.cc:105) Processed 450 utterances; for utterance S_S06_W_ba_06 avg. like is -74.2811 over 42 frames.
LOG (gmm-acc-stats-ali[5.5.1023~1-d673]:main():gmm-acc-stats-ali.cc:105) Processed 500 utterances; for utterance S_S06_W_muowi_11 avg. like is -91.9034 over 26 frames.
LOG (gmm-acc-stats-ali[5.5.1023~1-d673]:main():gmm-acc-stats-ali.cc:105) Processed 550 utterances; for utterance S_S06_W_trawm_17 avg. like is -79.9286 over 37 frames.
LOG (gmm-acc-stats-ali[5.5.1023~1-d673]:main():gmm-acc-stats-ali.cc:105) Processed 600 utterances; for utterance S_S07_W_moots_01 avg. like is -93.9119 over 21 frames.
LOG (gmm-acc-stats-ali[5.5.1023~1-d673]:main():gmm-acc-stats-ali.cc:105) Processed 650 utterances; for utterance S_S07_W_trawm_05 avg. like is -77.9343 over 22 frames.
LOG (gmm-acc-stats-ali[5.5.1023~1-d673]:main():gmm-acc-stats-ali.cc:105) Processed 700 utterances; for utterance S_S08_W_hai_07 avg. like is -64.3824 over 48 frames.
LOG (gmm-acc-stats-ali[5.5.1023~1-d673]:main():gmm-acc-stats-ali.cc:105) Processed 750 utterances; for utterance S_S08_W_tams_02 avg. like is -76.5408 over 46 frames.
LOG (gmm-acc-stats-ali[5.5.1023~1-d673]:main():gmm-acc-stats-ali.cc:105) Processed 800 utterances; for utterance S_S10_W_boons_02 avg. like is -92.583 over 26 frames.
LOG (gmm-acc-stats-ali[5.5.1023~1-d673]:main():gmm-acc-stats-ali.cc:105) Processed 850 utterances; for utterance S_S10_W_saus_02 avg. like is -80.7238 over 42 frames.
LOG (gmm-acc-stats-ali[5.5.1023~1-d673]:main():gmm-acc-stats-ali.cc:105) Processed 900 utterances; for utterance S_S11_W_ba_11 avg. like is -73.0185 over 42 frames.
LOG (gmm-acc-stats-ali[5.5.1023~1-d673]:main():gmm-acc-stats-ali.cc:105) Processed 950 utterances; for utterance S_S11_W_muowi_16 avg. like is -83.8958 over 21 frames.
LOG (gmm-acc-stats-ali[5.5.1023~1-d673]:main():gmm-acc-stats-ali.cc:105) Processed 1000 utterances; for utterance S_S11_W_trawm_22 avg. like is -76.9382 over 24 frames.
LOG (gmm-acc-stats-ali[5.5.1023~1-d673]:main():gmm-acc-stats-ali.cc:105) Processed 1050 utterances; for utterance S_S14_W_muowi_05 avg. like is -89.5358 over 12 frames.
WARNING (gmm-acc-stats-ali[5.5.1023~1-d673]:main():gmm-acc-stats-ali.cc:79) No alignment for utterance S_S14_W_tams_04
WARNING (gmm-acc-stats-ali[5.5.1023~1-d673]:main():gmm-acc-stats-ali.cc:79) No alignment for utterance S_S14_W_tams_05
WARNING (gmm-acc-stats-ali[5.5.1023~1-d673]:main():gmm-acc-stats-ali.cc:79) No alignment for utterance S_S14_W_trawm_02
LOG (gmm-acc-stats-ali[5.5.1023~1-d673]:main():gmm-acc-stats-ali.cc:105) Processed 1100 utterances; for utterance S_S14_W_trawm_14 avg. like is -93.2644 over 20 frames.
WARNING (gmm-acc-stats-ali[5.5.1023~1-d673]:main():gmm-acc-stats-ali.cc:79) No alignment for utterance S_S16_W_chins_04
LOG (gmm-acc-stats-ali[5.5.1023~1-d673]:main():gmm-acc-stats-ali.cc:105) Processed 1150 utterances; for utterance S_S16_W_mootj_05 avg. like is -79.8835 over 23 frames.
WARNING (gmm-acc-stats-ali[5.5.1023~1-d673]:main():gmm-acc-stats-ali.cc:79) No alignment for utterance S_S16_W_tams_04
WARNING (gmm-acc-stats-ali[5.5.1023~1-d673]:main():gmm-acc-stats-ali.cc:79) No alignment for utterance S_S16_W_tams_06
LOG (gmm-acc-stats-ali[5.5.1023~1-d673]:main():gmm-acc-stats-ali.cc:105) Processed 1200 utterances; for utterance S_S16_W_trawm_06 avg. like is -78.9626 over 32 frames.
LOG (gmm-acc-stats-ali[5.5.1023~1-d673]:main():gmm-acc-stats-ali.cc:105) Processed 1250 utterances; for utterance S_S18_W_hai_08 avg. like is -78.3303 over 30 frames.
LOG (gmm-acc-stats-ali[5.5.1023~1-d673]:main():gmm-acc-stats-ali.cc:105) Processed 1300 utterances; for utterance S_S18_W_tams_03 avg. like is -70.5372 over 24 frames.
WARNING (gmm-acc-stats-ali[5.5.1023~1-d673]:main():gmm-acc-stats-ali.cc:79) No alignment for utterance S_S21_W_boons_01
LOG (gmm-acc-stats-ali[5.5.1023~1-d673]:main():gmm-acc-stats-ali.cc:105) Processed 1350 utterances; for utterance S_S21_W_chins_02 avg. like is -104.537 over 13 frames.
WARNING (gmm-acc-stats-ali[5.5.1023~1-d673]:main():gmm-acc-stats-ali.cc:79) No alignment for utterance S_S21_W_mootj_03
WARNING (gmm-acc-stats-ali[5.5.1023~1-d673]:main():gmm-acc-stats-ali.cc:79) No alignment for utterance S_S21_W_mootj_04
WARNING (gmm-acc-stats-ali[5.5.1023~1-d673]:main():gmm-acc-stats-ali.cc:79) No alignment for utterance S_S21_W_mootj_05
WARNING (gmm-acc-stats-ali[5.5.1023~1-d673]:main():gmm-acc-stats-ali.cc:79) No alignment for utterance S_S21_W_mootj_06
LOG (gmm-acc-stats-ali[5.5.1023~1-d673]:main():gmm-acc-stats-ali.cc:105) Processed 1400 utterances; for utterance S_S21_W_saus_08 avg. like is -87.1112 over 21 frames.
LOG (gmm-acc-stats-ali[5.5.1023~1-d673]:main():gmm-acc-stats-ali.cc:105) Processed 1450 utterances; for utterance S_S23_W_bayr_06 avg. like is -66.0103 over 40 frames.
WARNING (gmm-acc-stats-ali[5.5.1023~1-d673]:main():gmm-acc-stats-ali.cc:79) No alignment for utterance S_S23_W_boons_01
LOG (apply-cmvn[5.5.1023~1-d673]:main():apply-cmvn.cc:162) Applied cepstral mean normalization to 1555 utterances, errors on 0
WARNING (gmm-acc-stats-ali[5.5.1023~1-d673]:main():gmm-acc-stats-ali.cc:79) No alignment for utterance S_S23_W_mootj_03
WARNING (gmm-acc-stats-ali[5.5.1023~1-d673]:main():gmm-acc-stats-ali.cc:79) No alignment for utterance S_S23_W_mootj_04
LOG (gmm-acc-stats-ali[5.5.1023~1-d673]:main():gmm-acc-stats-ali.cc:105) Processed 1500 utterances; for utterance S_S23_W_nawm_03 avg. like is -66.492 over 23 frames.
WARNING (gmm-acc-stats-ali[5.5.1023~1-d673]:main():gmm-acc-stats-ali.cc:79) No alignment for utterance S_S23_W_tams_06
LOG (gmm-acc-stats-ali[5.5.1023~1-d673]:main():gmm-acc-stats-ali.cc:112) Done 1540 files, 15 with errors.
LOG (gmm-acc-stats-ali[5.5.1023~1-d673]:main():gmm-acc-stats-ali.cc:115) Overall avg like per frame (Gaussian only) = -80.0649 over 39759 frames.
LOG (gmm-acc-stats-ali[5.5.1023~1-d673]:main():gmm-acc-stats-ali.cc:123) Written accs.
# Accounting: time=1 threads=1
# Ended (code 0) at Thứ ba, 17 Tháng 5 năm 2022 12:23:01 +07, elapsed time 1 seconds
