# build-tree --verbose=1 --max-leaves=2000 --cluster-thresh=-1 exp/tri1/treeacc data/lang/phones/roots.int exp/tri1/questions.qst data/lang/topo exp/tri1/tree 
# Started at Thứ ba, 17 Tháng 5 năm 2022 11:04:31 +07
#
build-tree --verbose=1 --max-leaves=2000 --cluster-thresh=-1 exp/tri1/treeacc data/lang/phones/roots.int exp/tri1/questions.qst data/lang/topo exp/tri1/tree 
LOG (build-tree[5.5.1023~1-d673]:main():build-tree.cc:104) Number of separate statistics is 128
LOG (build-tree[5.5.1023~1-d673]:BuildTree():build-tree.cc:161) BuildTree: before building trees, map has 28 leaves.
LOG (build-tree[5.5.1023~1-d673]:SplitDecisionTree():build-tree-utils.cc:577) DoDecisionTreeSplit: split 23 times, #leaves now 51
LOG (build-tree[5.5.1023~1-d673]:BuildTree():build-tree.cc:187) Setting clustering threshold to smallest split 322.193
VLOG[1] (build-tree[5.5.1023~1-d673]:BuildTree():build-tree.cc:196) After decision tree split, num-leaves = 51, like-impr = 5.35417 per frame over 3911 frames.
VLOG[1] (build-tree[5.5.1023~1-d673]:BuildTree():build-tree.cc:200) Including just phones that were split, improvement is 5.35417 per frame over 3911 frames.
LOG (build-tree[5.5.1023~1-d673]:BuildTree():build-tree.cc:215) BuildTree: removed 1 leaves.
VLOG[1] (build-tree[5.5.1023~1-d673]:ClusterEventMapToNClustersRestrictedByMap():build-tree-utils.cc:914) Number of non-empty clusters in map = 21
VLOG[1] (build-tree[5.5.1023~1-d673]:ClusterEventMapToNClustersRestrictedByMap():build-tree-utils.cc:915) Number of non-empty clusters = 43
LOG (build-tree[5.5.1023~1-d673]:BuildTree():build-tree.cc:231) BuildTree: Rounded num leaves to multiple of 8 by removing 1 leaves.
WARNING (build-tree[5.5.1023~1-d673]:BuildTree():build-tree.cc:236) Did not get expected number of leaves: 51 - 1 - 1 != 48
WARNING (build-tree[5.5.1023~1-d673]:BuildTree():build-tree.cc:245) num-leaves-out != num-leaves-required: 49 != 48
VLOG[1] (build-tree[5.5.1023~1-d673]:BuildTree():build-tree.cc:256) Objf change due to clustering -0.174843 per frame.
VLOG[1] (build-tree[5.5.1023~1-d673]:BuildTree():build-tree.cc:259) Normalizing over only split phones, this is: -0.174843 per frame.
VLOG[1] (build-tree[5.5.1023~1-d673]:BuildTree():build-tree.cc:262) Num-leaves is now 49
VLOG[1] (build-tree[5.5.1023~1-d673]:main():build-tree.cc:143) For pdf-id 1, low count 0
VLOG[1] (build-tree[5.5.1023~1-d673]:main():build-tree.cc:143) For pdf-id 2, low count 0
VLOG[1] (build-tree[5.5.1023~1-d673]:main():build-tree.cc:143) For pdf-id 3, low count 0
VLOG[1] (build-tree[5.5.1023~1-d673]:main():build-tree.cc:143) For pdf-id 4, low count 9
VLOG[1] (build-tree[5.5.1023~1-d673]:main():build-tree.cc:143) For pdf-id 6, low count 33
VLOG[1] (build-tree[5.5.1023~1-d673]:main():build-tree.cc:143) For pdf-id 7, low count 45
VLOG[1] (build-tree[5.5.1023~1-d673]:main():build-tree.cc:143) For pdf-id 8, low count 84
VLOG[1] (build-tree[5.5.1023~1-d673]:main():build-tree.cc:143) For pdf-id 9, low count 38
VLOG[1] (build-tree[5.5.1023~1-d673]:main():build-tree.cc:143) For pdf-id 10, low count 68
VLOG[1] (build-tree[5.5.1023~1-d673]:main():build-tree.cc:143) For pdf-id 12, low count 17
VLOG[1] (build-tree[5.5.1023~1-d673]:main():build-tree.cc:143) For pdf-id 13, low count 19
VLOG[1] (build-tree[5.5.1023~1-d673]:main():build-tree.cc:143) For pdf-id 14, low count 24
VLOG[1] (build-tree[5.5.1023~1-d673]:main():build-tree.cc:143) For pdf-id 16, low count 84
VLOG[1] (build-tree[5.5.1023~1-d673]:main():build-tree.cc:143) For pdf-id 17, low count 71
VLOG[1] (build-tree[5.5.1023~1-d673]:main():build-tree.cc:143) For pdf-id 18, low count 0
VLOG[1] (build-tree[5.5.1023~1-d673]:main():build-tree.cc:143) For pdf-id 19, low count 0
VLOG[1] (build-tree[5.5.1023~1-d673]:main():build-tree.cc:143) For pdf-id 20, low count 41
VLOG[1] (build-tree[5.5.1023~1-d673]:main():build-tree.cc:143) For pdf-id 21, low count 15
VLOG[1] (build-tree[5.5.1023~1-d673]:main():build-tree.cc:143) For pdf-id 22, low count 55
VLOG[1] (build-tree[5.5.1023~1-d673]:main():build-tree.cc:143) For pdf-id 23, low count 13
VLOG[1] (build-tree[5.5.1023~1-d673]:main():build-tree.cc:143) For pdf-id 24, low count 8
VLOG[1] (build-tree[5.5.1023~1-d673]:main():build-tree.cc:143) For pdf-id 25, low count 0
VLOG[1] (build-tree[5.5.1023~1-d673]:main():build-tree.cc:143) For pdf-id 26, low count 48
VLOG[1] (build-tree[5.5.1023~1-d673]:main():build-tree.cc:143) For pdf-id 27, low count 0
VLOG[1] (build-tree[5.5.1023~1-d673]:main():build-tree.cc:143) For pdf-id 28, low count 37
VLOG[1] (build-tree[5.5.1023~1-d673]:main():build-tree.cc:143) For pdf-id 29, low count 42
VLOG[1] (build-tree[5.5.1023~1-d673]:main():build-tree.cc:143) For pdf-id 30, low count 98
VLOG[1] (build-tree[5.5.1023~1-d673]:main():build-tree.cc:143) For pdf-id 31, low count 52
VLOG[1] (build-tree[5.5.1023~1-d673]:main():build-tree.cc:143) For pdf-id 32, low count 83
VLOG[1] (build-tree[5.5.1023~1-d673]:main():build-tree.cc:143) For pdf-id 34, low count 62
VLOG[1] (build-tree[5.5.1023~1-d673]:main():build-tree.cc:143) For pdf-id 36, low count 40
VLOG[1] (build-tree[5.5.1023~1-d673]:main():build-tree.cc:143) For pdf-id 37, low count 53
VLOG[1] (build-tree[5.5.1023~1-d673]:main():build-tree.cc:143) For pdf-id 38, low count 64
VLOG[1] (build-tree[5.5.1023~1-d673]:main():build-tree.cc:143) For pdf-id 41, low count 40
VLOG[1] (build-tree[5.5.1023~1-d673]:main():build-tree.cc:143) For pdf-id 42, low count 94
VLOG[1] (build-tree[5.5.1023~1-d673]:main():build-tree.cc:143) For pdf-id 43, low count 79
VLOG[1] (build-tree[5.5.1023~1-d673]:main():build-tree.cc:143) For pdf-id 44, low count 53
VLOG[1] (build-tree[5.5.1023~1-d673]:main():build-tree.cc:143) For pdf-id 45, low count 42
VLOG[1] (build-tree[5.5.1023~1-d673]:main():build-tree.cc:143) For pdf-id 46, low count 56
VLOG[1] (build-tree[5.5.1023~1-d673]:main():build-tree.cc:143) For pdf-id 47, low count 64
VLOG[1] (build-tree[5.5.1023~1-d673]:main():build-tree.cc:143) For pdf-id 48, low count 35
WARNING (build-tree[5.5.1023~1-d673]:main():build-tree.cc:185) Saw no stats for following phones: 2 3 4 6 7 8 9 10 11 12 13 14 15 16 17 18 19 21 22 25 26 27 28 30 31 33 34 36 37 38 39 41 42 44 45 46 47 49 50 51 52 54 57 58 59 60 62 64 65 66 67 69 70 71 73 74 75 76 77 78 79 80 81 82 83 84 86 87 89 90 91 93 94 96 97 98 99 101 102 103 104 105 106 108 109 110 111 112 113 114 
LOG (build-tree[5.5.1023~1-d673]:main():build-tree.cc:189) Wrote tree
# Accounting: time=0 threads=1
# Ended (code 0) at Thứ ba, 17 Tháng 5 năm 2022 11:04:32 +07, elapsed time 0 seconds
