# gmm-init-model --write-occs=exp/tri1/1.occs exp/tri1/tree exp/tri1/treeacc data/lang/topo exp/tri1/1.mdl 
# Started at Thứ ba, 17 Tháng 5 năm 2022 12:22:49 +07
#
gmm-init-model --write-occs=exp/tri1/1.occs exp/tri1/tree exp/tri1/treeacc data/lang/topo exp/tri1/1.mdl 
LOG (gmm-init-model[5.5.1023~1-d673]:main():gmm-init-model.cc:271) Number of separate statistics is 185
WARNING (gmm-init-model[5.5.1023~1-d673]:InitAmGmm():gmm-init-model.cc:55) Tree has pdf-id 1 with no stats; corresponding phone list: 6 7 8 9 10 
WARNING (gmm-init-model[5.5.1023~1-d673]:InitAmGmm():gmm-init-model.cc:55) Tree has pdf-id 2 with no stats; corresponding phone list: 11 12 13 14 
WARNING (gmm-init-model[5.5.1023~1-d673]:InitAmGmm():gmm-init-model.cc:55) Tree has pdf-id 3 with no stats; corresponding phone list: 15 16 17 18 
WARNING (gmm-init-model[5.5.1023~1-d673]:InitAmGmm():gmm-init-model.cc:55) Tree has pdf-id 27 with no stats; corresponding phone list: 111 112 113 114 
WARNING (gmm-init-model[5.5.1023~1-d673]:InitAmGmm():gmm-init-model.cc:83) Very small count for state 4: 60; corresponding phone list: 19 20 21 22 
WARNING (gmm-init-model[5.5.1023~1-d673]:InitAmGmm():gmm-init-model.cc:83) Very small count for state 12: 89; corresponding phone list: 51 52 53 54 
WARNING (gmm-init-model[5.5.1023~1-d673]:InitAmGmm():gmm-init-model.cc:83) Very small count for state 20: 83; corresponding phone list: 83 84 85 86 
WARNING (gmm-init-model[5.5.1023~1-d673]:InitAmGmm():gmm-init-model.cc:83) Very small count for state 39: 61; corresponding phone list: 39 40 41 42 
WARNING (gmm-init-model[5.5.1023~1-d673]:InitAmGmm():gmm-init-model.cc:83) Very small count for state 46: 53; corresponding phone list: 23 24 25 26 
WARNING (gmm-init-model[5.5.1023~1-d673]:InitAmGmm():gmm-init-model.cc:83) Very small count for state 48: 80; corresponding phone list: 47 48 49 50 
WARNING (gmm-init-model[5.5.1023~1-d673]:InitAmGmm():gmm-init-model.cc:83) Very small count for state 56: 64; corresponding phone list: 1 2 3 4 5 
WARNING (gmm-init-model[5.5.1023~1-d673]:InitAmGmm():gmm-init-model.cc:83) Very small count for state 59: 82; corresponding phone list: 55 56 57 58 
WARNING (gmm-init-model[5.5.1023~1-d673]:InitAmGmm():gmm-init-model.cc:83) Very small count for state 64: 91; corresponding phone list: 95 96 97 98 
WARNING (gmm-init-model[5.5.1023~1-d673]:InitAmGmm():gmm-init-model.cc:83) Very small count for state 72: 59; corresponding phone list: 43 44 45 46 
WARNING (gmm-init-model[5.5.1023~1-d673]:InitAmGmm():gmm-init-model.cc:83) Very small count for state 86: 73; corresponding phone list: 55 56 57 58 
LOG (gmm-init-model[5.5.1023~1-d673]:main():gmm-init-model.cc:306) Wrote model.
# Accounting: time=0 threads=1
# Ended (code 0) at Thứ ba, 17 Tháng 5 năm 2022 12:22:49 +07, elapsed time 0 seconds
