# gmm-est --mix-up=7040 --power=0.25 --write-occs=exp/tri1/16.occs exp/tri1/15.mdl "gmm-sum-accs - exp/tri1/15.*.acc |" exp/tri1/16.mdl 
# Started at Thứ ba, 17 Tháng 5 năm 2022 12:22:56 +07
#
gmm-est --mix-up=7040 --power=0.25 --write-occs=exp/tri1/16.occs exp/tri1/15.mdl 'gmm-sum-accs - exp/tri1/15.*.acc |' exp/tri1/16.mdl 
gmm-sum-accs - exp/tri1/15.1.acc 
LOG (gmm-sum-accs[5.5.1023~1-d673]:main():gmm-sum-accs.cc:63) Summed 1 stats, total count 39759, avg like/frame -80.2796
LOG (gmm-sum-accs[5.5.1023~1-d673]:main():gmm-sum-accs.cc:66) Total count of stats is 39759
LOG (gmm-sum-accs[5.5.1023~1-d673]:main():gmm-sum-accs.cc:67) Written stats to -
LOG (gmm-est[5.5.1023~1-d673]:MleUpdate():transition-model.cc:528) TransitionModel::Update, objf change is 0 per frame over 39759 frames. 
LOG (gmm-est[5.5.1023~1-d673]:MleUpdate():transition-model.cc:531) 21 probabilities floored, 387 out of 494 transition-states skipped due to insuffient data (it is normal to have some skipped.)
LOG (gmm-est[5.5.1023~1-d673]:main():gmm-est.cc:102) Transition model update: Overall 0 log-like improvement per frame over 39759 frames.
WARNING (gmm-est[5.5.1023~1-d673]:MleDiagGmmUpdate():mle-diag-gmm.cc:359) Too little data - removing Gaussian (weight 0.010402, occupation count 9.424197, vector size 39)
WARNING (gmm-est[5.5.1023~1-d673]:MleDiagGmmUpdate():mle-diag-gmm.cc:365) Gaussian has too little data but not removing it because it is the last Gaussian: i = 0, occ = 0, weight = 1
WARNING (gmm-est[5.5.1023~1-d673]:MleDiagGmmUpdate():mle-diag-gmm.cc:365) Gaussian has too little data but not removing it because it is the last Gaussian: i = 0, occ = 0, weight = 1
WARNING (gmm-est[5.5.1023~1-d673]:MleDiagGmmUpdate():mle-diag-gmm.cc:365) Gaussian has too little data but not removing it because it is the last Gaussian: i = 0, occ = 0, weight = 1
WARNING (gmm-est[5.5.1023~1-d673]:MleDiagGmmUpdate():mle-diag-gmm.cc:365) Gaussian has too little data but not removing it because it is the last Gaussian: i = 0, occ = 0, weight = 1
LOG (gmm-est[5.5.1023~1-d673]:MleAmDiagGmmUpdate():mle-am-diag-gmm.cc:225) 10 variance elements floored in 10 Gaussians, out of 1950
LOG (gmm-est[5.5.1023~1-d673]:MleAmDiagGmmUpdate():mle-am-diag-gmm.cc:229) Removed 1 Gaussians due to counts < --min-gaussian-occupancy=10 and --remove-low-count-gaussians=true
LOG (gmm-est[5.5.1023~1-d673]:main():gmm-est.cc:113) GMM update: Overall 0.0389886 objective function improvement per frame over 39759 frames
LOG (gmm-est[5.5.1023~1-d673]:main():gmm-est.cc:116) GMM update: Overall avg like per frame = -80.2796 over 39759 frames.
WARNING (gmm-est[5.5.1023~1-d673]:GetSplitTargets():model-common.cc:134) Could not split up to 7040 due to min-count = 20 (or no counts at all)

LOG (gmm-est[5.5.1023~1-d673]:SplitByCount():am-diag-gmm.cc:116) Split 97 states with target = 7040, power = 0.25, perturb_factor = 0.01 and min_count = 20, split #Gauss from 1950 to 1951
LOG (gmm-est[5.5.1023~1-d673]:main():gmm-est.cc:146) Written model to exp/tri1/16.mdl
# Accounting: time=0 threads=1
# Ended (code 0) at Thứ ba, 17 Tháng 5 năm 2022 12:22:56 +07, elapsed time 0 seconds
