# align-equal-compiled "ark:gunzip -c exp/mono/fsts.1.gz|" "ark,s,cs:apply-cmvn  --utt2spk=ark:data/train/split1/1/utt2spk scp:data/train/split1/1/cmvn.scp scp:data/train/split1/1/feats.scp ark:- | add-deltas  ark:- ark:- |" ark,t:- | gmm-acc-stats-ali --binary=true exp/mono/0.mdl "ark,s,cs:apply-cmvn  --utt2spk=ark:data/train/split1/1/utt2spk scp:data/train/split1/1/cmvn.scp scp:data/train/split1/1/feats.scp ark:- | add-deltas  ark:- ark:- |" ark:- exp/mono/0.1.acc 
# Started at Thứ ba, 17 Tháng 5 năm 2022 12:22:13 +07
#
align-equal-compiled 'ark:gunzip -c exp/mono/fsts.1.gz|' 'ark,s,cs:apply-cmvn  --utt2spk=ark:data/train/split1/1/utt2spk scp:data/train/split1/1/cmvn.scp scp:data/train/split1/1/feats.scp ark:- | add-deltas  ark:- ark:- |' ark,t:- 
gmm-acc-stats-ali --binary=true exp/mono/0.mdl 'ark,s,cs:apply-cmvn  --utt2spk=ark:data/train/split1/1/utt2spk scp:data/train/split1/1/cmvn.scp scp:data/train/split1/1/feats.scp ark:- | add-deltas  ark:- ark:- |' ark:- exp/mono/0.1.acc 
add-deltas ark:- ark:- 
add-deltas ark:- ark:- 
apply-cmvn --utt2spk=ark:data/train/split1/1/utt2spk scp:data/train/split1/1/cmvn.scp scp:data/train/split1/1/feats.scp ark:- 
apply-cmvn --utt2spk=ark:data/train/split1/1/utt2spk scp:data/train/split1/1/cmvn.scp scp:data/train/split1/1/feats.scp ark:- 
LOG (gmm-acc-stats-ali[5.5.1023~1-d673]:main():gmm-acc-stats-ali.cc:105) Processed 50 utterances; for utterance S_S01_W_muowi_05 avg. like is -121.403 over 13 frames.
LOG (gmm-acc-stats-ali[5.5.1023~1-d673]:main():gmm-acc-stats-ali.cc:105) Processed 100 utterances; for utterance S_S01_W_trawm_11 avg. like is -118.203 over 27 frames.
LOG (gmm-acc-stats-ali[5.5.1023~1-d673]:main():gmm-acc-stats-ali.cc:105) Processed 150 utterances; for utterance S_S03_W_mootj_01 avg. like is -150.996 over 25 frames.
LOG (gmm-acc-stats-ali[5.5.1023~1-d673]:main():gmm-acc-stats-ali.cc:105) Processed 200 utterances; for utterance S_S03_W_tams_08 avg. like is -153.84 over 28 frames.
LOG (gmm-acc-stats-ali[5.5.1023~1-d673]:main():gmm-acc-stats-ali.cc:105) Processed 250 utterances; for utterance S_S04_W_hai_02 avg. like is -94.0201 over 49 frames.
LOG (gmm-acc-stats-ali[5.5.1023~1-d673]:main():gmm-acc-stats-ali.cc:105) Processed 300 utterances; for utterance S_S04_W_saus_08 avg. like is -160.615 over 32 frames.
LOG (gmm-acc-stats-ali[5.5.1023~1-d673]:main():gmm-acc-stats-ali.cc:105) Processed 350 utterances; for utterance S_S05_W_bayr_06 avg. like is -141.941 over 24 frames.
LOG (gmm-acc-stats-ali[5.5.1023~1-d673]:main():gmm-acc-stats-ali.cc:105) Processed 400 utterances; for utterance S_S05_W_muowi_22 avg. like is -134.033 over 20 frames.
LOG (gmm-acc-stats-ali[5.5.1023~1-d673]:main():gmm-acc-stats-ali.cc:105) Processed 450 utterances; for utterance S_S06_W_ba_06 avg. like is -111.179 over 42 frames.
LOG (gmm-acc-stats-ali[5.5.1023~1-d673]:main():gmm-acc-stats-ali.cc:105) Processed 500 utterances; for utterance S_S06_W_muowi_11 avg. like is -197.136 over 26 frames.
LOG (gmm-acc-stats-ali[5.5.1023~1-d673]:main():gmm-acc-stats-ali.cc:105) Processed 550 utterances; for utterance S_S06_W_trawm_17 avg. like is -155.834 over 37 frames.
WARNING (align-equal-compiled[5.5.1023~1-d673]:EqualAlign():fstext/fstext-utils-inl.h:919) EqualAlign: the randomly constructed paths lengths: 18,29,26,19,14,20,17,15,18,15
WARNING (align-equal-compiled[5.5.1023~1-d673]:EqualAlign():fstext/fstext-utils-inl.h:920) EqualAlign: utterance has too few frames 12 to align.
WARNING (align-equal-compiled[5.5.1023~1-d673]:main():align-equal-compiled.cc:100) AlignEqual: did not align utterence S_S07_W_mootj_06
WARNING (align-equal-compiled[5.5.1023~1-d673]:EqualAlign():fstext/fstext-utils-inl.h:919) EqualAlign: the randomly constructed paths lengths: 16,10,9,14,9,21,13,23,30,15
WARNING (align-equal-compiled[5.5.1023~1-d673]:EqualAlign():fstext/fstext-utils-inl.h:920) EqualAlign: utterance has too few frames 7 to align.
WARNING (align-equal-compiled[5.5.1023~1-d673]:main():align-equal-compiled.cc:100) AlignEqual: did not align utterence S_S07_W_muowi_08
WARNING (align-equal-compiled[5.5.1023~1-d673]:EqualAlign():fstext/fstext-utils-inl.h:919) EqualAlign: the randomly constructed paths lengths: 13,10,9,15,18,11,16,10,11,9
WARNING (align-equal-compiled[5.5.1023~1-d673]:EqualAlign():fstext/fstext-utils-inl.h:920) EqualAlign: utterance has too few frames 7 to align.
WARNING (align-equal-compiled[5.5.1023~1-d673]:main():align-equal-compiled.cc:100) AlignEqual: did not align utterence S_S07_W_muowi_13
WARNING (align-equal-compiled[5.5.1023~1-d673]:EqualAlign():fstext/fstext-utils-inl.h:919) EqualAlign: the randomly constructed paths lengths: 14,17,18,21,13,18,18,20,16,14
WARNING (align-equal-compiled[5.5.1023~1-d673]:EqualAlign():fstext/fstext-utils-inl.h:920) EqualAlign: utterance has too few frames 12 to align.
WARNING (align-equal-compiled[5.5.1023~1-d673]:main():align-equal-compiled.cc:100) AlignEqual: did not align utterence S_S07_W_tams_05
WARNING (align-equal-compiled[5.5.1023~1-d673]:EqualAlign():fstext/fstext-utils-inl.h:919) EqualAlign: the randomly constructed paths lengths: 15,20,12,16,13,24,16,19,17,15
WARNING (align-equal-compiled[5.5.1023~1-d673]:EqualAlign():fstext/fstext-utils-inl.h:920) EqualAlign: utterance has too few frames 9 to align.
WARNING (align-equal-compiled[5.5.1023~1-d673]:main():align-equal-compiled.cc:100) AlignEqual: did not align utterence S_S10_W_mootj_02
WARNING (align-equal-compiled[5.5.1023~1-d673]:EqualAlign():fstext/fstext-utils-inl.h:919) EqualAlign: the randomly constructed paths lengths: 15,14,35,13,17,12,15,21,15,15
WARNING (align-equal-compiled[5.5.1023~1-d673]:EqualAlign():fstext/fstext-utils-inl.h:920) EqualAlign: utterance has too few frames 11 to align.
WARNING (align-equal-compiled[5.5.1023~1-d673]:main():align-equal-compiled.cc:100) AlignEqual: did not align utterence S_S10_W_mootj_04
WARNING (align-equal-compiled[5.5.1023~1-d673]:EqualAlign():fstext/fstext-utils-inl.h:919) EqualAlign: the randomly constructed paths lengths: 12,12,17,12,15,19,15,16,12,17
WARNING (align-equal-compiled[5.5.1023~1-d673]:EqualAlign():fstext/fstext-utils-inl.h:920) EqualAlign: utterance has too few frames 9 to align.
WARNING (align-equal-compiled[5.5.1023~1-d673]:main():align-equal-compiled.cc:100) AlignEqual: did not align utterence S_S10_W_tams_01
WARNING (align-equal-compiled[5.5.1023~1-d673]:EqualAlign():fstext/fstext-utils-inl.h:919) EqualAlign: the randomly constructed paths lengths: 17,24,21,16,16,21,21,12,16,19
WARNING (align-equal-compiled[5.5.1023~1-d673]:EqualAlign():fstext/fstext-utils-inl.h:920) EqualAlign: utterance has too few frames 11 to align.
WARNING (align-equal-compiled[5.5.1023~1-d673]:main():align-equal-compiled.cc:100) AlignEqual: did not align utterence S_S10_W_tams_08
WARNING (align-equal-compiled[5.5.1023~1-d673]:EqualAlign():fstext/fstext-utils-inl.h:919) EqualAlign: the randomly constructed paths lengths: 18,17,21,30,22,18,27,19,13,22
WARNING (align-equal-compiled[5.5.1023~1-d673]:EqualAlign():fstext/fstext-utils-inl.h:920) EqualAlign: utterance has too few frames 9 to align.
WARNING (align-equal-compiled[5.5.1023~1-d673]:main():align-equal-compiled.cc:100) AlignEqual: did not align utterence S_S11_W_boons_01
WARNING (align-equal-compiled[5.5.1023~1-d673]:EqualAlign():fstext/fstext-utils-inl.h:919) EqualAlign: the randomly constructed paths lengths: 12,15,9,12,13,18,11,16,14,10
WARNING (align-equal-compiled[5.5.1023~1-d673]:EqualAlign():fstext/fstext-utils-inl.h:920) EqualAlign: utterance has too few frames 6 to align.
WARNING (align-equal-compiled[5.5.1023~1-d673]:main():align-equal-compiled.cc:100) AlignEqual: did not align utterence S_S14_W_hai_06
WARNING (align-equal-compiled[5.5.1023~1-d673]:EqualAlign():fstext/fstext-utils-inl.h:919) EqualAlign: the randomly constructed paths lengths: 18,14,12,12,19,12,17,16,13,14
WARNING (align-equal-compiled[5.5.1023~1-d673]:EqualAlign():fstext/fstext-utils-inl.h:920) EqualAlign: utterance has too few frames 10 to align.
WARNING (align-equal-compiled[5.5.1023~1-d673]:main():align-equal-compiled.cc:100) AlignEqual: did not align utterence S_S14_W_tams_01
WARNING (align-equal-compiled[5.5.1023~1-d673]:EqualAlign():fstext/fstext-utils-inl.h:919) EqualAlign: the randomly constructed paths lengths: 12,16,9,23,12,21,13,16,18,19
WARNING (align-equal-compiled[5.5.1023~1-d673]:EqualAlign():fstext/fstext-utils-inl.h:920) EqualAlign: utterance has too few frames 5 to align.
WARNING (align-equal-compiled[5.5.1023~1-d673]:main():align-equal-compiled.cc:100) AlignEqual: did not align utterence S_S14_W_tams_04
WARNING (align-equal-compiled[5.5.1023~1-d673]:EqualAlign():fstext/fstext-utils-inl.h:919) EqualAlign: the randomly constructed paths lengths: 18,19,23,14,17,26,20,13,14,15
WARNING (align-equal-compiled[5.5.1023~1-d673]:EqualAlign():fstext/fstext-utils-inl.h:920) EqualAlign: utterance has too few frames 7 to align.
WARNING (align-equal-compiled[5.5.1023~1-d673]:main():align-equal-compiled.cc:100) AlignEqual: did not align utterence S_S14_W_tams_05
WARNING (align-equal-compiled[5.5.1023~1-d673]:EqualAlign():fstext/fstext-utils-inl.h:919) EqualAlign: the randomly constructed paths lengths: 21,18,19,26,20,12,17,17,16,18
WARNING (align-equal-compiled[5.5.1023~1-d673]:EqualAlign():fstext/fstext-utils-inl.h:920) EqualAlign: utterance has too few frames 10 to align.
WARNING (align-equal-compiled[5.5.1023~1-d673]:main():align-equal-compiled.cc:100) AlignEqual: did not align utterence S_S14_W_tams_06
WARNING (align-equal-compiled[5.5.1023~1-d673]:EqualAlign():fstext/fstext-utils-inl.h:919) EqualAlign: the randomly constructed paths lengths: 19,19,12,12,12,16,9,9,15,14
WARNING (align-equal-compiled[5.5.1023~1-d673]:EqualAlign():fstext/fstext-utils-inl.h:920) EqualAlign: utterance has too few frames 6 to align.
WARNING (align-equal-compiled[5.5.1023~1-d673]:main():align-equal-compiled.cc:100) AlignEqual: did not align utterence S_S14_W_trawm_02
WARNING (align-equal-compiled[5.5.1023~1-d673]:EqualAlign():fstext/fstext-utils-inl.h:919) EqualAlign: the randomly constructed paths lengths: 16,20,10,10,12,17,16,15,15,14
WARNING (align-equal-compiled[5.5.1023~1-d673]:EqualAlign():fstext/fstext-utils-inl.h:920) EqualAlign: utterance has too few frames 9 to align.
WARNING (align-equal-compiled[5.5.1023~1-d673]:main():align-equal-compiled.cc:100) AlignEqual: did not align utterence S_S16_W_ba_03
WARNING (align-equal-compiled[5.5.1023~1-d673]:EqualAlign():fstext/fstext-utils-inl.h:919) EqualAlign: the randomly constructed paths lengths: 14,22,12,13,12,15,12,12,17,18
WARNING (align-equal-compiled[5.5.1023~1-d673]:EqualAlign():fstext/fstext-utils-inl.h:920) EqualAlign: utterance has too few frames 11 to align.
WARNING (align-equal-compiled[5.5.1023~1-d673]:main():align-equal-compiled.cc:100) AlignEqual: did not align utterence S_S16_W_chins_02
WARNING (align-equal-compiled[5.5.1023~1-d673]:EqualAlign():fstext/fstext-utils-inl.h:919) EqualAlign: the randomly constructed paths lengths: 12,18,17,17,22,29,17,20,13,23
WARNING (align-equal-compiled[5.5.1023~1-d673]:EqualAlign():fstext/fstext-utils-inl.h:920) EqualAlign: utterance has too few frames 5 to align.
WARNING (align-equal-compiled[5.5.1023~1-d673]:main():align-equal-compiled.cc:100) AlignEqual: did not align utterence S_S16_W_chins_04
WARNING (align-equal-compiled[5.5.1023~1-d673]:EqualAlign():fstext/fstext-utils-inl.h:919) EqualAlign: the randomly constructed paths lengths: 11,22,14,9,29,16,11,11,10,15
WARNING (align-equal-compiled[5.5.1023~1-d673]:EqualAlign():fstext/fstext-utils-inl.h:920) EqualAlign: utterance has too few frames 8 to align.
WARNING (align-equal-compiled[5.5.1023~1-d673]:main():align-equal-compiled.cc:100) AlignEqual: did not align utterence S_S16_W_muowi_08
WARNING (align-equal-compiled[5.5.1023~1-d673]:EqualAlign():fstext/fstext-utils-inl.h:919) EqualAlign: the randomly constructed paths lengths: 13,20,15,16,18,23,14,16,19,15
WARNING (align-equal-compiled[5.5.1023~1-d673]:EqualAlign():fstext/fstext-utils-inl.h:920) EqualAlign: utterance has too few frames 9 to align.
WARNING (align-equal-compiled[5.5.1023~1-d673]:main():align-equal-compiled.cc:100) AlignEqual: did not align utterence S_S16_W_muowi_17
WARNING (align-equal-compiled[5.5.1023~1-d673]:EqualAlign():fstext/fstext-utils-inl.h:919) EqualAlign: the randomly constructed paths lengths: 16,9,17,13,18,16,12,18,26,15
WARNING (align-equal-compiled[5.5.1023~1-d673]:EqualAlign():fstext/fstext-utils-inl.h:920) EqualAlign: utterance has too few frames 6 to align.
WARNING (align-equal-compiled[5.5.1023~1-d673]:main():align-equal-compiled.cc:100) AlignEqual: did not align utterence S_S16_W_tams_04
WARNING (align-equal-compiled[5.5.1023~1-d673]:EqualAlign():fstext/fstext-utils-inl.h:919) EqualAlign: the randomly constructed paths lengths: 22,14,13,21,15,19,12,19,16,15
WARNING (align-equal-compiled[5.5.1023~1-d673]:EqualAlign():fstext/fstext-utils-inl.h:920) EqualAlign: utterance has too few frames 7 to align.
WARNING (align-equal-compiled[5.5.1023~1-d673]:main():align-equal-compiled.cc:100) AlignEqual: did not align utterence S_S16_W_tams_06
WARNING (align-equal-compiled[5.5.1023~1-d673]:EqualAlign():fstext/fstext-utils-inl.h:919) EqualAlign: the randomly constructed paths lengths: 12,21,12,15,16,15,13,13,18,21
WARNING (align-equal-compiled[5.5.1023~1-d673]:EqualAlign():fstext/fstext-utils-inl.h:920) EqualAlign: utterance has too few frames 9 to align.
WARNING (align-equal-compiled[5.5.1023~1-d673]:main():align-equal-compiled.cc:100) AlignEqual: did not align utterence S_S16_W_tams_08
WARNING (align-equal-compiled[5.5.1023~1-d673]:EqualAlign():fstext/fstext-utils-inl.h:919) EqualAlign: the randomly constructed paths lengths: 15,24,15,13,17,17,20,14,13,15
WARNING (align-equal-compiled[5.5.1023~1-d673]:EqualAlign():fstext/fstext-utils-inl.h:920) EqualAlign: utterance has too few frames 12 to align.
WARNING (align-equal-compiled[5.5.1023~1-d673]:main():align-equal-compiled.cc:100) AlignEqual: did not align utterence S_S18_W_mootj_05
WARNING (align-equal-compiled[5.5.1023~1-d673]:EqualAlign():fstext/fstext-utils-inl.h:919) EqualAlign: the randomly constructed paths lengths: 19,9,22,16,10,9,9,13,27,18
WARNING (align-equal-compiled[5.5.1023~1-d673]:EqualAlign():fstext/fstext-utils-inl.h:920) EqualAlign: utterance has too few frames 7 to align.
WARNING (align-equal-compiled[5.5.1023~1-d673]:main():align-equal-compiled.cc:100) AlignEqual: did not align utterence S_S21_W_ba_08
WARNING (align-equal-compiled[5.5.1023~1-d673]:EqualAlign():fstext/fstext-utils-inl.h:919) EqualAlign: the randomly constructed paths lengths: 13,13,22,10,19,12,14,15,20,23
WARNING (align-equal-compiled[5.5.1023~1-d673]:EqualAlign():fstext/fstext-utils-inl.h:920) EqualAlign: utterance has too few frames 8 to align.
WARNING (align-equal-compiled[5.5.1023~1-d673]:main():align-equal-compiled.cc:100) AlignEqual: did not align utterence S_S21_W_bayr_01
WARNING (align-equal-compiled[5.5.1023~1-d673]:EqualAlign():fstext/fstext-utils-inl.h:919) EqualAlign: the randomly constructed paths lengths: 17,18,9,22,15,15,15,12,12,9
WARNING (align-equal-compiled[5.5.1023~1-d673]:EqualAlign():fstext/fstext-utils-inl.h:920) EqualAlign: utterance has too few frames 8 to align.
WARNING (align-equal-compiled[5.5.1023~1-d673]:main():align-equal-compiled.cc:100) AlignEqual: did not align utterence S_S21_W_boons_01
WARNING (align-equal-compiled[5.5.1023~1-d673]:EqualAlign():fstext/fstext-utils-inl.h:919) EqualAlign: the randomly constructed paths lengths: 22,12,20,17,23,12,16,23,13,19
WARNING (align-equal-compiled[5.5.1023~1-d673]:EqualAlign():fstext/fstext-utils-inl.h:920) EqualAlign: utterance has too few frames 10 to align.
WARNING (align-equal-compiled[5.5.1023~1-d673]:main():align-equal-compiled.cc:100) AlignEqual: did not align utterence S_S21_W_mootj_02
WARNING (align-equal-compiled[5.5.1023~1-d673]:EqualAlign():fstext/fstext-utils-inl.h:919) EqualAlign: the randomly constructed paths lengths: 16,19,24,23,12,13,15,31,17,14
WARNING (align-equal-compiled[5.5.1023~1-d673]:EqualAlign():fstext/fstext-utils-inl.h:920) EqualAlign: utterance has too few frames 8 to align.
WARNING (align-equal-compiled[5.5.1023~1-d673]:main():align-equal-compiled.cc:100) AlignEqual: did not align utterence S_S21_W_mootj_03
WARNING (align-equal-compiled[5.5.1023~1-d673]:EqualAlign():fstext/fstext-utils-inl.h:919) EqualAlign: the randomly constructed paths lengths: 20,18,24,17,22,12,15,12,22,20
WARNING (align-equal-compiled[5.5.1023~1-d673]:EqualAlign():fstext/fstext-utils-inl.h:920) EqualAlign: utterance has too few frames 8 to align.
WARNING (align-equal-compiled[5.5.1023~1-d673]:main():align-equal-compiled.cc:100) AlignEqual: did not align utterence S_S21_W_mootj_04
WARNING (align-equal-compiled[5.5.1023~1-d673]:EqualAlign():fstext/fstext-utils-inl.h:919) EqualAlign: the randomly constructed paths lengths: 23,16,18,12,9,18,17,16,21,18
WARNING (align-equal-compiled[5.5.1023~1-d673]:EqualAlign():fstext/fstext-utils-inl.h:920) EqualAlign: utterance has too few frames 8 to align.
WARNING (align-equal-compiled[5.5.1023~1-d673]:main():align-equal-compiled.cc:100) AlignEqual: did not align utterence S_S21_W_mootj_05
WARNING (align-equal-compiled[5.5.1023~1-d673]:EqualAlign():fstext/fstext-utils-inl.h:919) EqualAlign: the randomly constructed paths lengths: 13,12,20,18,14,18,9,9,23,18
WARNING (align-equal-compiled[5.5.1023~1-d673]:EqualAlign():fstext/fstext-utils-inl.h:920) EqualAlign: utterance has too few frames 8 to align.
WARNING (align-equal-compiled[5.5.1023~1-d673]:main():align-equal-compiled.cc:100) AlignEqual: did not align utterence S_S21_W_mootj_06
WARNING (align-equal-compiled[5.5.1023~1-d673]:EqualAlign():fstext/fstext-utils-inl.h:919) EqualAlign: the randomly constructed paths lengths: 15,9,14,14,14,15,10,9,10,10
WARNING (align-equal-compiled[5.5.1023~1-d673]:EqualAlign():fstext/fstext-utils-inl.h:920) EqualAlign: utterance has too few frames 7 to align.
WARNING (align-equal-compiled[5.5.1023~1-d673]:main():align-equal-compiled.cc:100) AlignEqual: did not align utterence S_S21_W_muowi_21
WARNING (align-equal-compiled[5.5.1023~1-d673]:EqualAlign():fstext/fstext-utils-inl.h:919) EqualAlign: the randomly constructed paths lengths: 21,26,13,12,23,12,17,12,14,16
WARNING (align-equal-compiled[5.5.1023~1-d673]:EqualAlign():fstext/fstext-utils-inl.h:920) EqualAlign: utterance has too few frames 11 to align.
WARNING (align-equal-compiled[5.5.1023~1-d673]:main():align-equal-compiled.cc:100) AlignEqual: did not align utterence S_S21_W_tams_06
WARNING (align-equal-compiled[5.5.1023~1-d673]:EqualAlign():fstext/fstext-utils-inl.h:919) EqualAlign: the randomly constructed paths lengths: 18,9,11,16,18,16,12,14,12,19
WARNING (align-equal-compiled[5.5.1023~1-d673]:EqualAlign():fstext/fstext-utils-inl.h:920) EqualAlign: utterance has too few frames 7 to align.
WARNING (align-equal-compiled[5.5.1023~1-d673]:main():align-equal-compiled.cc:100) AlignEqual: did not align utterence S_S23_W_ba_01
WARNING (align-equal-compiled[5.5.1023~1-d673]:EqualAlign():fstext/fstext-utils-inl.h:919) EqualAlign: the randomly constructed paths lengths: 10,9,12,9,18,22,15,18,11,9
WARNING (align-equal-compiled[5.5.1023~1-d673]:EqualAlign():fstext/fstext-utils-inl.h:920) EqualAlign: utterance has too few frames 7 to align.
WARNING (align-equal-compiled[5.5.1023~1-d673]:main():align-equal-compiled.cc:100) AlignEqual: did not align utterence S_S23_W_bayr_09
WARNING (align-equal-compiled[5.5.1023~1-d673]:EqualAlign():fstext/fstext-utils-inl.h:919) EqualAlign: the randomly constructed paths lengths: 14,15,17,20,16,13,14,14,17,15
WARNING (align-equal-compiled[5.5.1023~1-d673]:EqualAlign():fstext/fstext-utils-inl.h:920) EqualAlign: utterance has too few frames 8 to align.
WARNING (align-equal-compiled[5.5.1023~1-d673]:main():align-equal-compiled.cc:100) AlignEqual: did not align utterence S_S23_W_boons_01
LOG (apply-cmvn[5.5.1023~1-d673]:main():apply-cmvn.cc:162) Applied cepstral mean normalization to 1555 utterances, errors on 0
WARNING (align-equal-compiled[5.5.1023~1-d673]:EqualAlign():fstext/fstext-utils-inl.h:919) EqualAlign: the randomly constructed paths lengths: 15,13,12,20,18,23,13,20,14,13
WARNING (align-equal-compiled[5.5.1023~1-d673]:EqualAlign():fstext/fstext-utils-inl.h:920) EqualAlign: utterance has too few frames 10 to align.
WARNING (align-equal-compiled[5.5.1023~1-d673]:main():align-equal-compiled.cc:100) AlignEqual: did not align utterence S_S23_W_mootj_02
WARNING (align-equal-compiled[5.5.1023~1-d673]:EqualAlign():fstext/fstext-utils-inl.h:919) EqualAlign: the randomly constructed paths lengths: 9,16,15,12,17,9,18,20,17,16
WARNING (align-equal-compiled[5.5.1023~1-d673]:EqualAlign():fstext/fstext-utils-inl.h:920) EqualAlign: utterance has too few frames 8 to align.
WARNING (align-equal-compiled[5.5.1023~1-d673]:main():align-equal-compiled.cc:100) AlignEqual: did not align utterence S_S23_W_mootj_03
WARNING (align-equal-compiled[5.5.1023~1-d673]:EqualAlign():fstext/fstext-utils-inl.h:919) EqualAlign: the randomly constructed paths lengths: 15,18,16,17,13,14,12,13,15,17
WARNING (align-equal-compiled[5.5.1023~1-d673]:EqualAlign():fstext/fstext-utils-inl.h:920) EqualAlign: utterance has too few frames 8 to align.
WARNING (align-equal-compiled[5.5.1023~1-d673]:main():align-equal-compiled.cc:100) AlignEqual: did not align utterence S_S23_W_mootj_04
WARNING (align-equal-compiled[5.5.1023~1-d673]:EqualAlign():fstext/fstext-utils-inl.h:919) EqualAlign: the randomly constructed paths lengths: 31,19,21,17,12,14,21,15,16,13
WARNING (align-equal-compiled[5.5.1023~1-d673]:EqualAlign():fstext/fstext-utils-inl.h:920) EqualAlign: utterance has too few frames 10 to align.
WARNING (align-equal-compiled[5.5.1023~1-d673]:main():align-equal-compiled.cc:100) AlignEqual: did not align utterence S_S23_W_mootj_05
WARNING (align-equal-compiled[5.5.1023~1-d673]:EqualAlign():fstext/fstext-utils-inl.h:919) EqualAlign: the randomly constructed paths lengths: 15,15,21,12,13,18,26,16,12,13
WARNING (align-equal-compiled[5.5.1023~1-d673]:EqualAlign():fstext/fstext-utils-inl.h:920) EqualAlign: utterance has too few frames 9 to align.
WARNING (align-equal-compiled[5.5.1023~1-d673]:main():align-equal-compiled.cc:100) AlignEqual: did not align utterence S_S23_W_mootj_06
WARNING (align-equal-compiled[5.5.1023~1-d673]:EqualAlign():fstext/fstext-utils-inl.h:919) EqualAlign: the randomly constructed paths lengths: 17,23,14,15,24,18,16,21,15,18
WARNING (align-equal-compiled[5.5.1023~1-d673]:EqualAlign():fstext/fstext-utils-inl.h:920) EqualAlign: utterance has too few frames 13 to align.
WARNING (align-equal-compiled[5.5.1023~1-d673]:main():align-equal-compiled.cc:100) AlignEqual: did not align utterence S_S23_W_tams_01
WARNING (align-equal-compiled[5.5.1023~1-d673]:EqualAlign():fstext/fstext-utils-inl.h:919) EqualAlign: the randomly constructed paths lengths: 17,13,21,9,19,12,19,17,17,17
WARNING (align-equal-compiled[5.5.1023~1-d673]:EqualAlign():fstext/fstext-utils-inl.h:920) EqualAlign: utterance has too few frames 7 to align.
WARNING (align-equal-compiled[5.5.1023~1-d673]:main():align-equal-compiled.cc:100) AlignEqual: did not align utterence S_S23_W_tams_06
WARNING (align-equal-compiled[5.5.1023~1-d673]:EqualAlign():fstext/fstext-utils-inl.h:919) EqualAlign: the randomly constructed paths lengths: 13,12,22,18,12,15,13,23,12,17
WARNING (align-equal-compiled[5.5.1023~1-d673]:EqualAlign():fstext/fstext-utils-inl.h:920) EqualAlign: utterance has too few frames 10 to align.
WARNING (align-equal-compiled[5.5.1023~1-d673]:main():align-equal-compiled.cc:100) AlignEqual: did not align utterence S_S23_W_trawm_20
WARNING (align-equal-compiled[5.5.1023~1-d673]:EqualAlign():fstext/fstext-utils-inl.h:919) EqualAlign: the randomly constructed paths lengths: 18,17,21,12,16,15,15,18,13,21
WARNING (align-equal-compiled[5.5.1023~1-d673]:EqualAlign():fstext/fstext-utils-inl.h:920) EqualAlign: utterance has too few frames 11 to align.
WARNING (align-equal-compiled[5.5.1023~1-d673]:main():align-equal-compiled.cc:100) AlignEqual: did not align utterence S_S23_W_trawm_21
WARNING (align-equal-compiled[5.5.1023~1-d673]:main():align-equal-compiled.cc:109) Computed 1509 alignments; 0 lacked features, 46 had other errors.
WARNING (gmm-acc-stats-ali[5.5.1023~1-d673]:main():gmm-acc-stats-ali.cc:79) No alignment for utterance S_S07_W_mootj_06
LOG (gmm-acc-stats-ali[5.5.1023~1-d673]:main():gmm-acc-stats-ali.cc:105) Processed 600 utterances; for utterance S_S07_W_muowi_01 avg. like is -200.266 over 20 frames.
WARNING (gmm-acc-stats-ali[5.5.1023~1-d673]:main():gmm-acc-stats-ali.cc:79) No alignment for utterance S_S07_W_muowi_08
WARNING (gmm-acc-stats-ali[5.5.1023~1-d673]:main():gmm-acc-stats-ali.cc:79) No alignment for utterance S_S07_W_muowi_13
WARNING (gmm-acc-stats-ali[5.5.1023~1-d673]:main():gmm-acc-stats-ali.cc:79) No alignment for utterance S_S07_W_tams_05
LOG (gmm-acc-stats-ali[5.5.1023~1-d673]:main():gmm-acc-stats-ali.cc:105) Processed 650 utterances; for utterance S_S07_W_trawm_09 avg. like is -149.554 over 28 frames.
LOG (gmm-acc-stats-ali[5.5.1023~1-d673]:main():gmm-acc-stats-ali.cc:105) Processed 700 utterances; for utterance S_S08_W_lawm_01 avg. like is -108.631 over 43 frames.
LOG (gmm-acc-stats-ali[5.5.1023~1-d673]:main():gmm-acc-stats-ali.cc:105) Processed 750 utterances; for utterance S_S08_W_tams_06 avg. like is -123.998 over 21 frames.
LOG (gmm-acc-stats-ali[5.5.1023~1-d673]:main():gmm-acc-stats-ali.cc:105) Processed 800 utterances; for utterance S_S10_W_chins_04 avg. like is -187.781 over 11 frames.
WARNING (gmm-acc-stats-ali[5.5.1023~1-d673]:main():gmm-acc-stats-ali.cc:79) No alignment for utterance S_S10_W_mootj_02
WARNING (gmm-acc-stats-ali[5.5.1023~1-d673]:main():gmm-acc-stats-ali.cc:79) No alignment for utterance S_S10_W_mootj_04
LOG (gmm-acc-stats-ali[5.5.1023~1-d673]:main():gmm-acc-stats-ali.cc:105) Processed 850 utterances; for utterance S_S10_W_saus_08 avg. like is -135.377 over 32 frames.
WARNING (gmm-acc-stats-ali[5.5.1023~1-d673]:main():gmm-acc-stats-ali.cc:79) No alignment for utterance S_S10_W_tams_01
WARNING (gmm-acc-stats-ali[5.5.1023~1-d673]:main():gmm-acc-stats-ali.cc:79) No alignment for utterance S_S10_W_tams_08
LOG (gmm-acc-stats-ali[5.5.1023~1-d673]:main():gmm-acc-stats-ali.cc:105) Processed 900 utterances; for utterance S_S11_W_bayr_08 avg. like is -126.482 over 22 frames.
WARNING (gmm-acc-stats-ali[5.5.1023~1-d673]:main():gmm-acc-stats-ali.cc:79) No alignment for utterance S_S11_W_boons_01
LOG (gmm-acc-stats-ali[5.5.1023~1-d673]:main():gmm-acc-stats-ali.cc:105) Processed 950 utterances; for utterance S_S11_W_nawm_03 avg. like is -106.017 over 17 frames.
LOG (gmm-acc-stats-ali[5.5.1023~1-d673]:main():gmm-acc-stats-ali.cc:105) Processed 1000 utterances; for utterance S_S14_W_ba_09 avg. like is -138.288 over 66 frames.
WARNING (gmm-acc-stats-ali[5.5.1023~1-d673]:main():gmm-acc-stats-ali.cc:79) No alignment for utterance S_S14_W_hai_06
LOG (gmm-acc-stats-ali[5.5.1023~1-d673]:main():gmm-acc-stats-ali.cc:105) Processed 1050 utterances; for utterance S_S14_W_muowi_15 avg. like is -132.211 over 19 frames.
WARNING (gmm-acc-stats-ali[5.5.1023~1-d673]:main():gmm-acc-stats-ali.cc:79) No alignment for utterance S_S14_W_tams_01
WARNING (gmm-acc-stats-ali[5.5.1023~1-d673]:main():gmm-acc-stats-ali.cc:79) No alignment for utterance S_S14_W_tams_04
WARNING (gmm-acc-stats-ali[5.5.1023~1-d673]:main():gmm-acc-stats-ali.cc:79) No alignment for utterance S_S14_W_tams_05
WARNING (gmm-acc-stats-ali[5.5.1023~1-d673]:main():gmm-acc-stats-ali.cc:79) No alignment for utterance S_S14_W_tams_06
WARNING (gmm-acc-stats-ali[5.5.1023~1-d673]:main():gmm-acc-stats-ali.cc:79) No alignment for utterance S_S14_W_trawm_02
WARNING (gmm-acc-stats-ali[5.5.1023~1-d673]:main():gmm-acc-stats-ali.cc:79) No alignment for utterance S_S16_W_ba_03
LOG (gmm-acc-stats-ali[5.5.1023~1-d673]:main():gmm-acc-stats-ali.cc:105) Processed 1100 utterances; for utterance S_S16_W_ba_05 avg. like is -116.245 over 38 frames.
WARNING (gmm-acc-stats-ali[5.5.1023~1-d673]:main():gmm-acc-stats-ali.cc:79) No alignment for utterance S_S16_W_chins_02
WARNING (gmm-acc-stats-ali[5.5.1023~1-d673]:main():gmm-acc-stats-ali.cc:79) No alignment for utterance S_S16_W_chins_04
WARNING (gmm-acc-stats-ali[5.5.1023~1-d673]:main():gmm-acc-stats-ali.cc:79) No alignment for utterance S_S16_W_muowi_08
LOG (gmm-acc-stats-ali[5.5.1023~1-d673]:main():gmm-acc-stats-ali.cc:105) Processed 1150 utterances; for utterance S_S16_W_muowi_13 avg. like is -133.798 over 20 frames.
WARNING (gmm-acc-stats-ali[5.5.1023~1-d673]:main():gmm-acc-stats-ali.cc:79) No alignment for utterance S_S16_W_muowi_17
WARNING (gmm-acc-stats-ali[5.5.1023~1-d673]:main():gmm-acc-stats-ali.cc:79) No alignment for utterance S_S16_W_tams_04
WARNING (gmm-acc-stats-ali[5.5.1023~1-d673]:main():gmm-acc-stats-ali.cc:79) No alignment for utterance S_S16_W_tams_06
WARNING (gmm-acc-stats-ali[5.5.1023~1-d673]:main():gmm-acc-stats-ali.cc:79) No alignment for utterance S_S16_W_tams_08
LOG (gmm-acc-stats-ali[5.5.1023~1-d673]:main():gmm-acc-stats-ali.cc:105) Processed 1200 utterances; for utterance S_S18_W_ba_01 avg. like is -102.07 over 23 frames.
WARNING (gmm-acc-stats-ali[5.5.1023~1-d673]:main():gmm-acc-stats-ali.cc:79) No alignment for utterance S_S18_W_mootj_05
LOG (gmm-acc-stats-ali[5.5.1023~1-d673]:main():gmm-acc-stats-ali.cc:105) Processed 1250 utterances; for utterance S_S18_W_muowi_07 avg. like is -126.464 over 18 frames.
LOG (gmm-acc-stats-ali[5.5.1023~1-d673]:main():gmm-acc-stats-ali.cc:105) Processed 1300 utterances; for utterance S_S18_W_trawm_13 avg. like is -159.969 over 23 frames.
WARNING (gmm-acc-stats-ali[5.5.1023~1-d673]:main():gmm-acc-stats-ali.cc:79) No alignment for utterance S_S21_W_ba_08
WARNING (gmm-acc-stats-ali[5.5.1023~1-d673]:main():gmm-acc-stats-ali.cc:79) No alignment for utterance S_S21_W_bayr_01
WARNING (gmm-acc-stats-ali[5.5.1023~1-d673]:main():gmm-acc-stats-ali.cc:79) No alignment for utterance S_S21_W_boons_01
WARNING (gmm-acc-stats-ali[5.5.1023~1-d673]:main():gmm-acc-stats-ali.cc:79) No alignment for utterance S_S21_W_mootj_02
WARNING (gmm-acc-stats-ali[5.5.1023~1-d673]:main():gmm-acc-stats-ali.cc:79) No alignment for utterance S_S21_W_mootj_03
WARNING (gmm-acc-stats-ali[5.5.1023~1-d673]:main():gmm-acc-stats-ali.cc:79) No alignment for utterance S_S21_W_mootj_04
WARNING (gmm-acc-stats-ali[5.5.1023~1-d673]:main():gmm-acc-stats-ali.cc:79) No alignment for utterance S_S21_W_mootj_05
WARNING (gmm-acc-stats-ali[5.5.1023~1-d673]:main():gmm-acc-stats-ali.cc:79) No alignment for utterance S_S21_W_mootj_06
LOG (gmm-acc-stats-ali[5.5.1023~1-d673]:main():gmm-acc-stats-ali.cc:105) Processed 1350 utterances; for utterance S_S21_W_muowi_04 avg. like is -110.723 over 16 frames.
WARNING (gmm-acc-stats-ali[5.5.1023~1-d673]:main():gmm-acc-stats-ali.cc:79) No alignment for utterance S_S21_W_muowi_21
WARNING (gmm-acc-stats-ali[5.5.1023~1-d673]:main():gmm-acc-stats-ali.cc:79) No alignment for utterance S_S21_W_tams_06
LOG (gmm-acc-stats-ali[5.5.1023~1-d673]:main():gmm-acc-stats-ali.cc:105) Processed 1400 utterances; for utterance S_S21_W_trawm_12 avg. like is -161.58 over 19 frames.
WARNING (gmm-acc-stats-ali[5.5.1023~1-d673]:main():gmm-acc-stats-ali.cc:79) No alignment for utterance S_S23_W_ba_01
WARNING (gmm-acc-stats-ali[5.5.1023~1-d673]:main():gmm-acc-stats-ali.cc:79) No alignment for utterance S_S23_W_bayr_09
WARNING (gmm-acc-stats-ali[5.5.1023~1-d673]:main():gmm-acc-stats-ali.cc:79) No alignment for utterance S_S23_W_boons_01
LOG (apply-cmvn[5.5.1023~1-d673]:main():apply-cmvn.cc:162) Applied cepstral mean normalization to 1555 utterances, errors on 0
WARNING (gmm-acc-stats-ali[5.5.1023~1-d673]:main():gmm-acc-stats-ali.cc:79) No alignment for utterance S_S23_W_mootj_02
WARNING (gmm-acc-stats-ali[5.5.1023~1-d673]:main():gmm-acc-stats-ali.cc:79) No alignment for utterance S_S23_W_mootj_03
WARNING (gmm-acc-stats-ali[5.5.1023~1-d673]:main():gmm-acc-stats-ali.cc:79) No alignment for utterance S_S23_W_mootj_04
WARNING (gmm-acc-stats-ali[5.5.1023~1-d673]:main():gmm-acc-stats-ali.cc:79) No alignment for utterance S_S23_W_mootj_05
WARNING (gmm-acc-stats-ali[5.5.1023~1-d673]:main():gmm-acc-stats-ali.cc:79) No alignment for utterance S_S23_W_mootj_06
LOG (gmm-acc-stats-ali[5.5.1023~1-d673]:main():gmm-acc-stats-ali.cc:105) Processed 1450 utterances; for utterance S_S23_W_muowi_03 avg. like is -126.364 over 23 frames.
WARNING (gmm-acc-stats-ali[5.5.1023~1-d673]:main():gmm-acc-stats-ali.cc:79) No alignment for utterance S_S23_W_tams_01
WARNING (gmm-acc-stats-ali[5.5.1023~1-d673]:main():gmm-acc-stats-ali.cc:79) No alignment for utterance S_S23_W_tams_06
LOG (gmm-acc-stats-ali[5.5.1023~1-d673]:main():gmm-acc-stats-ali.cc:105) Processed 1500 utterances; for utterance S_S23_W_trawm_11 avg. like is -145.53 over 17 frames.
WARNING (gmm-acc-stats-ali[5.5.1023~1-d673]:main():gmm-acc-stats-ali.cc:79) No alignment for utterance S_S23_W_trawm_20
WARNING (gmm-acc-stats-ali[5.5.1023~1-d673]:main():gmm-acc-stats-ali.cc:79) No alignment for utterance S_S23_W_trawm_21
LOG (gmm-acc-stats-ali[5.5.1023~1-d673]:main():gmm-acc-stats-ali.cc:112) Done 1509 files, 46 with errors.
LOG (gmm-acc-stats-ali[5.5.1023~1-d673]:main():gmm-acc-stats-ali.cc:115) Overall avg like per frame (Gaussian only) = -138.321 over 39468 frames.
LOG (gmm-acc-stats-ali[5.5.1023~1-d673]:main():gmm-acc-stats-ali.cc:123) Written accs.
# Accounting: time=1 threads=1
# Ended (code 0) at Thứ ba, 17 Tháng 5 năm 2022 12:22:14 +07, elapsed time 1 seconds
