# gmm-est --write-occs=exp/mono/31.occs --mix-up=958 --power=0.25 exp/mono/30.mdl "gmm-sum-accs - exp/mono/30.*.acc|" exp/mono/31.mdl 
# Started at Thứ ba, 17 Tháng 5 năm 2022 12:22:38 +07
#
gmm-est --write-occs=exp/mono/31.occs --mix-up=958 --power=0.25 exp/mono/30.mdl 'gmm-sum-accs - exp/mono/30.*.acc|' exp/mono/31.mdl 
gmm-sum-accs - exp/mono/30.1.acc 
LOG (gmm-sum-accs[5.5.1023~1-d673]:main():gmm-sum-accs.cc:63) Summed 1 stats, total count 39759, avg like/frame -84.9933
LOG (gmm-sum-accs[5.5.1023~1-d673]:main():gmm-sum-accs.cc:66) Total count of stats is 39759
LOG (gmm-sum-accs[5.5.1023~1-d673]:main():gmm-sum-accs.cc:67) Written stats to -
LOG (gmm-est[5.5.1023~1-d673]:MleUpdate():transition-model.cc:528) TransitionModel::Update, objf change is 0 per frame over 39759 frames. 
LOG (gmm-est[5.5.1023~1-d673]:MleUpdate():transition-model.cc:531) 8 probabilities floored, 282 out of 362 transition-states skipped due to insuffient data (it is normal to have some skipped.)
LOG (gmm-est[5.5.1023~1-d673]:main():gmm-est.cc:102) Transition model update: Overall 0 log-like improvement per frame over 39759 frames.
WARNING (gmm-est[5.5.1023~1-d673]:MleDiagGmmUpdate():mle-diag-gmm.cc:365) Gaussian has too little data but not removing it because it is the last Gaussian: i = 0, occ = 0, weight = 1
WARNING (gmm-est[5.5.1023~1-d673]:MleDiagGmmUpdate():mle-diag-gmm.cc:365) Gaussian has too little data but not removing it because it is the last Gaussian: i = 0, occ = 0, weight = 1
WARNING (gmm-est[5.5.1023~1-d673]:MleDiagGmmUpdate():mle-diag-gmm.cc:365) Gaussian has too little data but not removing it because it is the last Gaussian: i = 0, occ = 0, weight = 1
WARNING (gmm-est[5.5.1023~1-d673]:MleDiagGmmUpdate():mle-diag-gmm.cc:365) Gaussian has too little data but not removing it because it is the last Gaussian: i = 0, occ = 0, weight = 1
WARNING (gmm-est[5.5.1023~1-d673]:MleDiagGmmUpdate():mle-diag-gmm.cc:365) Gaussian has too little data but not removing it because it is the last Gaussian: i = 0, occ = 0, weight = 1
WARNING (gmm-est[5.5.1023~1-d673]:MleDiagGmmUpdate():mle-diag-gmm.cc:365) Gaussian has too little data but not removing it because it is the last Gaussian: i = 0, occ = 0, weight = 1
WARNING (gmm-est[5.5.1023~1-d673]:MleDiagGmmUpdate():mle-diag-gmm.cc:365) Gaussian has too little data but not removing it because it is the last Gaussian: i = 0, occ = 0, weight = 1
WARNING (gmm-est[5.5.1023~1-d673]:MleDiagGmmUpdate():mle-diag-gmm.cc:365) Gaussian has too little data but not removing it because it is the last Gaussian: i = 0, occ = 0, weight = 1
WARNING (gmm-est[5.5.1023~1-d673]:MleDiagGmmUpdate():mle-diag-gmm.cc:365) Gaussian has too little data but not removing it because it is the last Gaussian: i = 0, occ = 0, weight = 1
WARNING (gmm-est[5.5.1023~1-d673]:MleDiagGmmUpdate():mle-diag-gmm.cc:365) Gaussian has too little data but not removing it because it is the last Gaussian: i = 0, occ = 0, weight = 1
WARNING (gmm-est[5.5.1023~1-d673]:MleDiagGmmUpdate():mle-diag-gmm.cc:365) Gaussian has too little data but not removing it because it is the last Gaussian: i = 0, occ = 0, weight = 1
WARNING (gmm-est[5.5.1023~1-d673]:MleDiagGmmUpdate():mle-diag-gmm.cc:365) Gaussian has too little data but not removing it because it is the last Gaussian: i = 0, occ = 0, weight = 1
WARNING (gmm-est[5.5.1023~1-d673]:MleDiagGmmUpdate():mle-diag-gmm.cc:365) Gaussian has too little data but not removing it because it is the last Gaussian: i = 0, occ = 0, weight = 1
WARNING (gmm-est[5.5.1023~1-d673]:MleDiagGmmUpdate():mle-diag-gmm.cc:365) Gaussian has too little data but not removing it because it is the last Gaussian: i = 0, occ = 0, weight = 1
LOG (gmm-est[5.5.1023~1-d673]:MleAmDiagGmmUpdate():mle-am-diag-gmm.cc:225) 2 variance elements floored in 2 Gaussians, out of 932
LOG (gmm-est[5.5.1023~1-d673]:MleAmDiagGmmUpdate():mle-am-diag-gmm.cc:229) Removed 0 Gaussians due to counts < --min-gaussian-occupancy=10 and --remove-low-count-gaussians=true
LOG (gmm-est[5.5.1023~1-d673]:main():gmm-est.cc:113) GMM update: Overall 0.0999638 objective function improvement per frame over 39759 frames
LOG (gmm-est[5.5.1023~1-d673]:main():gmm-est.cc:116) GMM update: Overall avg like per frame = -84.9933 over 39759 frames.
LOG (gmm-est[5.5.1023~1-d673]:SplitByCount():am-diag-gmm.cc:116) Split 88 states with target = 958, power = 0.25, perturb_factor = 0.01 and min_count = 20, split #Gauss from 932 to 962
LOG (gmm-est[5.5.1023~1-d673]:main():gmm-est.cc:146) Written model to exp/mono/31.mdl
# Accounting: time=0 threads=1
# Ended (code 0) at Thứ ba, 17 Tháng 5 năm 2022 12:22:38 +07, elapsed time 0 seconds
