# compute-mfcc-feats --write-utt2dur=ark,t:exp/make_mfcc/train/utt2dur.2 --verbose=2 --config=conf/mfcc.conf scp,p:exp/make_mfcc/train/wav_train.2.scp ark:- | copy-feats --write-num-frames=ark,t:exp/make_mfcc/train/utt2num_frames.2 --compress=true ark:- ark,scp:/home/cs398/kaldi/egs/numbers/mfcc/raw_mfcc_train.2.ark,/home/cs398/kaldi/egs/numbers/mfcc/raw_mfcc_train.2.scp 
# Started at Thứ hai, 18 Tháng 4 năm 2022 12:58:55 +07
#
copy-feats --write-num-frames=ark,t:exp/make_mfcc/train/utt2num_frames.2 --compress=true ark:- ark,scp:/home/cs398/kaldi/egs/numbers/mfcc/raw_mfcc_train.2.ark,/home/cs398/kaldi/egs/numbers/mfcc/raw_mfcc_train.2.scp 
compute-mfcc-feats --write-utt2dur=ark,t:exp/make_mfcc/train/utt2dur.2 --verbose=2 --config=conf/mfcc.conf scp,p:exp/make_mfcc/train/wav_train.2.scp ark:- 
WARNING (compute-mfcc-feats[5.5.1009~1-e4940]:main():compute-mfcc-feats.cc:122) Channel not specified but you have data with 2 channels; defaulting to zero
VLOG[2] (compute-mfcc-feats[5.5.1009~1-e4940]:main():compute-mfcc-feats.cc:182) Processed features for key S_S04_D4
WARNING (compute-mfcc-feats[5.5.1009~1-e4940]:main():compute-mfcc-feats.cc:122) Channel not specified but you have data with 2 channels; defaulting to zero
VLOG[2] (compute-mfcc-feats[5.5.1009~1-e4940]:main():compute-mfcc-feats.cc:182) Processed features for key S_S04_D5
WARNING (compute-mfcc-feats[5.5.1009~1-e4940]:main():compute-mfcc-feats.cc:122) Channel not specified but you have data with 2 channels; defaulting to zero
VLOG[2] (compute-mfcc-feats[5.5.1009~1-e4940]:main():compute-mfcc-feats.cc:182) Processed features for key S_S04_D6
VLOG[2] (compute-mfcc-feats[5.5.1009~1-e4940]:main():compute-mfcc-feats.cc:182) Processed features for key S_S05_D1
VLOG[2] (compute-mfcc-feats[5.5.1009~1-e4940]:main():compute-mfcc-feats.cc:182) Processed features for key S_S05_D2
VLOG[2] (compute-mfcc-feats[5.5.1009~1-e4940]:main():compute-mfcc-feats.cc:182) Processed features for key S_S05_D3
VLOG[2] (compute-mfcc-feats[5.5.1009~1-e4940]:main():compute-mfcc-feats.cc:182) Processed features for key S_S05_D4
VLOG[2] (compute-mfcc-feats[5.5.1009~1-e4940]:main():compute-mfcc-feats.cc:182) Processed features for key S_S05_D5
VLOG[2] (compute-mfcc-feats[5.5.1009~1-e4940]:main():compute-mfcc-feats.cc:182) Processed features for key S_S05_D6
LOG (compute-mfcc-feats[5.5.1009~1-e4940]:main():compute-mfcc-feats.cc:181) Processed 10 utterances
VLOG[2] (compute-mfcc-feats[5.5.1009~1-e4940]:main():compute-mfcc-feats.cc:182) Processed features for key S_S06_D1
VLOG[2] (compute-mfcc-feats[5.5.1009~1-e4940]:main():compute-mfcc-feats.cc:182) Processed features for key S_S06_D2
VLOG[2] (compute-mfcc-feats[5.5.1009~1-e4940]:main():compute-mfcc-feats.cc:182) Processed features for key S_S06_D3
VLOG[2] (compute-mfcc-feats[5.5.1009~1-e4940]:main():compute-mfcc-feats.cc:182) Processed features for key S_S06_D4
VLOG[2] (compute-mfcc-feats[5.5.1009~1-e4940]:main():compute-mfcc-feats.cc:182) Processed features for key S_S06_D5
VLOG[2] (compute-mfcc-feats[5.5.1009~1-e4940]:main():compute-mfcc-feats.cc:182) Processed features for key S_S06_D6
LOG (compute-mfcc-feats[5.5.1009~1-e4940]:main():compute-mfcc-feats.cc:185)  Done 15 out of 15 utterances.
LOG (copy-feats[5.5.1009~1-e4940]:main():copy-feats.cc:143) Copied 15 feature matrices.
# Accounting: time=2 threads=1
# Ended (code 0) at Thứ hai, 18 Tháng 4 năm 2022 12:58:57 +07, elapsed time 2 seconds
