# compute-mfcc-feats --write-utt2dur=ark,t:exp/make_mfcc/train/utt2dur.1 --verbose=2 --config=conf/mfcc.conf scp,p:exp/make_mfcc/train/wav_train.1.scp ark:- | copy-feats --write-num-frames=ark,t:exp/make_mfcc/train/utt2num_frames.1 --compress=true ark:- ark,scp:/home/cs398/kaldi/egs/numbers/mfcc/raw_mfcc_train.1.ark,/home/cs398/kaldi/egs/numbers/mfcc/raw_mfcc_train.1.scp 
# Started at Thứ hai, 18 Tháng 4 năm 2022 13:40:21 +07
#
copy-feats --write-num-frames=ark,t:exp/make_mfcc/train/utt2num_frames.1 --compress=true ark:- ark,scp:/home/cs398/kaldi/egs/numbers/mfcc/raw_mfcc_train.1.ark,/home/cs398/kaldi/egs/numbers/mfcc/raw_mfcc_train.1.scp 
compute-mfcc-feats --write-utt2dur=ark,t:exp/make_mfcc/train/utt2dur.1 --verbose=2 --config=conf/mfcc.conf scp,p:exp/make_mfcc/train/wav_train.1.scp ark:- 
VLOG[2] (compute-mfcc-feats[5.5.1009~1-e4940]:main():compute-mfcc-feats.cc:182) Processed features for key S_S01_D1
WARNING (compute-mfcc-feats[5.5.1009~1-e4940]:main():compute-mfcc-feats.cc:122) Channel not specified but you have data with 2 channels; defaulting to zero
VLOG[2] (compute-mfcc-feats[5.5.1009~1-e4940]:main():compute-mfcc-feats.cc:182) Processed features for key S_S01_D2
WARNING (compute-mfcc-feats[5.5.1009~1-e4940]:main():compute-mfcc-feats.cc:122) Channel not specified but you have data with 2 channels; defaulting to zero
VLOG[2] (compute-mfcc-feats[5.5.1009~1-e4940]:main():compute-mfcc-feats.cc:182) Processed features for key S_S01_D3
WARNING (compute-mfcc-feats[5.5.1009~1-e4940]:main():compute-mfcc-feats.cc:122) Channel not specified but you have data with 2 channels; defaulting to zero
VLOG[2] (compute-mfcc-feats[5.5.1009~1-e4940]:main():compute-mfcc-feats.cc:182) Processed features for key S_S01_D4
WARNING (compute-mfcc-feats[5.5.1009~1-e4940]:main():compute-mfcc-feats.cc:122) Channel not specified but you have data with 2 channels; defaulting to zero
VLOG[2] (compute-mfcc-feats[5.5.1009~1-e4940]:main():compute-mfcc-feats.cc:182) Processed features for key S_S01_D5
WARNING (compute-mfcc-feats[5.5.1009~1-e4940]:main():compute-mfcc-feats.cc:122) Channel not specified but you have data with 2 channels; defaulting to zero
VLOG[2] (compute-mfcc-feats[5.5.1009~1-e4940]:main():compute-mfcc-feats.cc:182) Processed features for key S_S01_D6
VLOG[2] (compute-mfcc-feats[5.5.1009~1-e4940]:main():compute-mfcc-feats.cc:182) Processed features for key S_S03_D1
VLOG[2] (compute-mfcc-feats[5.5.1009~1-e4940]:main():compute-mfcc-feats.cc:182) Processed features for key S_S03_D2
VLOG[2] (compute-mfcc-feats[5.5.1009~1-e4940]:main():compute-mfcc-feats.cc:182) Processed features for key S_S03_D3
LOG (compute-mfcc-feats[5.5.1009~1-e4940]:main():compute-mfcc-feats.cc:181) Processed 10 utterances
VLOG[2] (compute-mfcc-feats[5.5.1009~1-e4940]:main():compute-mfcc-feats.cc:182) Processed features for key S_S03_D4
VLOG[2] (compute-mfcc-feats[5.5.1009~1-e4940]:main():compute-mfcc-feats.cc:182) Processed features for key S_S03_D5
VLOG[2] (compute-mfcc-feats[5.5.1009~1-e4940]:main():compute-mfcc-feats.cc:182) Processed features for key S_S03_D6
WARNING (compute-mfcc-feats[5.5.1009~1-e4940]:main():compute-mfcc-feats.cc:122) Channel not specified but you have data with 2 channels; defaulting to zero
VLOG[2] (compute-mfcc-feats[5.5.1009~1-e4940]:main():compute-mfcc-feats.cc:182) Processed features for key S_S04_D1
WARNING (compute-mfcc-feats[5.5.1009~1-e4940]:main():compute-mfcc-feats.cc:122) Channel not specified but you have data with 2 channels; defaulting to zero
VLOG[2] (compute-mfcc-feats[5.5.1009~1-e4940]:main():compute-mfcc-feats.cc:182) Processed features for key S_S04_D2
WARNING (compute-mfcc-feats[5.5.1009~1-e4940]:main():compute-mfcc-feats.cc:122) Channel not specified but you have data with 2 channels; defaulting to zero
VLOG[2] (compute-mfcc-feats[5.5.1009~1-e4940]:main():compute-mfcc-feats.cc:182) Processed features for key S_S04_D3
WARNING (compute-mfcc-feats[5.5.1009~1-e4940]:main():compute-mfcc-feats.cc:122) Channel not specified but you have data with 2 channels; defaulting to zero
VLOG[2] (compute-mfcc-feats[5.5.1009~1-e4940]:main():compute-mfcc-feats.cc:182) Processed features for key S_S04_D4
WARNING (compute-mfcc-feats[5.5.1009~1-e4940]:main():compute-mfcc-feats.cc:122) Channel not specified but you have data with 2 channels; defaulting to zero
VLOG[2] (compute-mfcc-feats[5.5.1009~1-e4940]:main():compute-mfcc-feats.cc:182) Processed features for key S_S04_D5
WARNING (compute-mfcc-feats[5.5.1009~1-e4940]:main():compute-mfcc-feats.cc:122) Channel not specified but you have data with 2 channels; defaulting to zero
VLOG[2] (compute-mfcc-feats[5.5.1009~1-e4940]:main():compute-mfcc-feats.cc:182) Processed features for key S_S04_D6
VLOG[2] (compute-mfcc-feats[5.5.1009~1-e4940]:main():compute-mfcc-feats.cc:182) Processed features for key S_S05_D1
LOG (compute-mfcc-feats[5.5.1009~1-e4940]:main():compute-mfcc-feats.cc:181) Processed 20 utterances
VLOG[2] (compute-mfcc-feats[5.5.1009~1-e4940]:main():compute-mfcc-feats.cc:182) Processed features for key S_S05_D2
VLOG[2] (compute-mfcc-feats[5.5.1009~1-e4940]:main():compute-mfcc-feats.cc:182) Processed features for key S_S05_D3
VLOG[2] (compute-mfcc-feats[5.5.1009~1-e4940]:main():compute-mfcc-feats.cc:182) Processed features for key S_S05_D4
VLOG[2] (compute-mfcc-feats[5.5.1009~1-e4940]:main():compute-mfcc-feats.cc:182) Processed features for key S_S05_D5
VLOG[2] (compute-mfcc-feats[5.5.1009~1-e4940]:main():compute-mfcc-feats.cc:182) Processed features for key S_S05_D6
VLOG[2] (compute-mfcc-feats[5.5.1009~1-e4940]:main():compute-mfcc-feats.cc:182) Processed features for key S_S06_D1
VLOG[2] (compute-mfcc-feats[5.5.1009~1-e4940]:main():compute-mfcc-feats.cc:182) Processed features for key S_S06_D2
VLOG[2] (compute-mfcc-feats[5.5.1009~1-e4940]:main():compute-mfcc-feats.cc:182) Processed features for key S_S06_D3
VLOG[2] (compute-mfcc-feats[5.5.1009~1-e4940]:main():compute-mfcc-feats.cc:182) Processed features for key S_S06_D4
VLOG[2] (compute-mfcc-feats[5.5.1009~1-e4940]:main():compute-mfcc-feats.cc:182) Processed features for key S_S06_D5
LOG (compute-mfcc-feats[5.5.1009~1-e4940]:main():compute-mfcc-feats.cc:181) Processed 30 utterances
VLOG[2] (compute-mfcc-feats[5.5.1009~1-e4940]:main():compute-mfcc-feats.cc:182) Processed features for key S_S06_D6
WARNING (compute-mfcc-feats[5.5.1009~1-e4940]:Read():wave-reader.cc:260) Expected 1404658 bytes in RIFF chunk, but after first data block there will be 36 + 1404532 bytes (we do not support reading multiple data chunks).
WARNING (compute-mfcc-feats[5.5.1009~1-e4940]:main():compute-mfcc-feats.cc:122) Channel not specified but you have data with 2 channels; defaulting to zero
VLOG[2] (compute-mfcc-feats[5.5.1009~1-e4940]:main():compute-mfcc-feats.cc:182) Processed features for key S_S08_D1
WARNING (compute-mfcc-feats[5.5.1009~1-e4940]:Read():wave-reader.cc:260) Expected 1550030 bytes in RIFF chunk, but after first data block there will be 36 + 1549904 bytes (we do not support reading multiple data chunks).
WARNING (compute-mfcc-feats[5.5.1009~1-e4940]:main():compute-mfcc-feats.cc:122) Channel not specified but you have data with 2 channels; defaulting to zero
VLOG[2] (compute-mfcc-feats[5.5.1009~1-e4940]:main():compute-mfcc-feats.cc:182) Processed features for key S_S08_D2
WARNING (compute-mfcc-feats[5.5.1009~1-e4940]:Read():wave-reader.cc:260) Expected 1499754 bytes in RIFF chunk, but after first data block there will be 36 + 1499628 bytes (we do not support reading multiple data chunks).
WARNING (compute-mfcc-feats[5.5.1009~1-e4940]:main():compute-mfcc-feats.cc:122) Channel not specified but you have data with 2 channels; defaulting to zero
VLOG[2] (compute-mfcc-feats[5.5.1009~1-e4940]:main():compute-mfcc-feats.cc:182) Processed features for key S_S08_D3
WARNING (compute-mfcc-feats[5.5.1009~1-e4940]:Read():wave-reader.cc:260) Expected 1410122 bytes in RIFF chunk, but after first data block there will be 36 + 1409996 bytes (we do not support reading multiple data chunks).
WARNING (compute-mfcc-feats[5.5.1009~1-e4940]:main():compute-mfcc-feats.cc:122) Channel not specified but you have data with 2 channels; defaulting to zero
VLOG[2] (compute-mfcc-feats[5.5.1009~1-e4940]:main():compute-mfcc-feats.cc:182) Processed features for key S_S08_D4
WARNING (compute-mfcc-feats[5.5.1009~1-e4940]:Read():wave-reader.cc:260) Expected 1563146 bytes in RIFF chunk, but after first data block there will be 36 + 1563020 bytes (we do not support reading multiple data chunks).
WARNING (compute-mfcc-feats[5.5.1009~1-e4940]:main():compute-mfcc-feats.cc:122) Channel not specified but you have data with 2 channels; defaulting to zero
VLOG[2] (compute-mfcc-feats[5.5.1009~1-e4940]:main():compute-mfcc-feats.cc:182) Processed features for key S_S08_D5
WARNING (compute-mfcc-feats[5.5.1009~1-e4940]:Read():wave-reader.cc:260) Expected 1440728 bytes in RIFF chunk, but after first data block there will be 36 + 1440600 bytes (we do not support reading multiple data chunks).
WARNING (compute-mfcc-feats[5.5.1009~1-e4940]:main():compute-mfcc-feats.cc:122) Channel not specified but you have data with 2 channels; defaulting to zero
VLOG[2] (compute-mfcc-feats[5.5.1009~1-e4940]:main():compute-mfcc-feats.cc:182) Processed features for key S_S08_D6
WARNING (compute-mfcc-feats[5.5.1009~1-e4940]:Read():wave-reader.cc:260) Expected 542152 bytes in RIFF chunk, but after first data block there will be 36 + 541952 bytes (we do not support reading multiple data chunks).
VLOG[2] (compute-mfcc-feats[5.5.1009~1-e4940]:main():compute-mfcc-feats.cc:182) Processed features for key S_S09_D1
WARNING (compute-mfcc-feats[5.5.1009~1-e4940]:Read():wave-reader.cc:260) Expected 629422 bytes in RIFF chunk, but after first data block there will be 36 + 629222 bytes (we do not support reading multiple data chunks).
VLOG[2] (compute-mfcc-feats[5.5.1009~1-e4940]:main():compute-mfcc-feats.cc:182) Processed features for key S_S09_D2
WARNING (compute-mfcc-feats[5.5.1009~1-e4940]:Read():wave-reader.cc:260) Expected 632040 bytes in RIFF chunk, but after first data block there will be 36 + 631840 bytes (we do not support reading multiple data chunks).
VLOG[2] (compute-mfcc-feats[5.5.1009~1-e4940]:main():compute-mfcc-feats.cc:182) Processed features for key S_S09_D3
WARNING (compute-mfcc-feats[5.5.1009~1-e4940]:Read():wave-reader.cc:260) Expected 615458 bytes in RIFF chunk, but after first data block there will be 36 + 615258 bytes (we do not support reading multiple data chunks).
LOG (compute-mfcc-feats[5.5.1009~1-e4940]:main():compute-mfcc-feats.cc:181) Processed 40 utterances
VLOG[2] (compute-mfcc-feats[5.5.1009~1-e4940]:main():compute-mfcc-feats.cc:182) Processed features for key S_S09_D4
WARNING (compute-mfcc-feats[5.5.1009~1-e4940]:Read():wave-reader.cc:260) Expected 747238 bytes in RIFF chunk, but after first data block there will be 36 + 747038 bytes (we do not support reading multiple data chunks).
VLOG[2] (compute-mfcc-feats[5.5.1009~1-e4940]:main():compute-mfcc-feats.cc:182) Processed features for key S_S09_D5
WARNING (compute-mfcc-feats[5.5.1009~1-e4940]:Read():wave-reader.cc:260) Expected 639898 bytes in RIFF chunk, but after first data block there will be 36 + 639694 bytes (we do not support reading multiple data chunks).
VLOG[2] (compute-mfcc-feats[5.5.1009~1-e4940]:main():compute-mfcc-feats.cc:182) Processed features for key S_S09_D6
WARNING (compute-mfcc-feats[5.5.1009~1-e4940]:main():compute-mfcc-feats.cc:122) Channel not specified but you have data with 2 channels; defaulting to zero
VLOG[2] (compute-mfcc-feats[5.5.1009~1-e4940]:main():compute-mfcc-feats.cc:182) Processed features for key S_S13_D1
WARNING (compute-mfcc-feats[5.5.1009~1-e4940]:main():compute-mfcc-feats.cc:122) Channel not specified but you have data with 2 channels; defaulting to zero
VLOG[2] (compute-mfcc-feats[5.5.1009~1-e4940]:main():compute-mfcc-feats.cc:182) Processed features for key S_S13_D2
WARNING (compute-mfcc-feats[5.5.1009~1-e4940]:main():compute-mfcc-feats.cc:122) Channel not specified but you have data with 2 channels; defaulting to zero
VLOG[2] (compute-mfcc-feats[5.5.1009~1-e4940]:main():compute-mfcc-feats.cc:182) Processed features for key S_S13_D3
WARNING (compute-mfcc-feats[5.5.1009~1-e4940]:main():compute-mfcc-feats.cc:122) Channel not specified but you have data with 2 channels; defaulting to zero
VLOG[2] (compute-mfcc-feats[5.5.1009~1-e4940]:main():compute-mfcc-feats.cc:182) Processed features for key S_S13_D4
WARNING (compute-mfcc-feats[5.5.1009~1-e4940]:main():compute-mfcc-feats.cc:122) Channel not specified but you have data with 2 channels; defaulting to zero
VLOG[2] (compute-mfcc-feats[5.5.1009~1-e4940]:main():compute-mfcc-feats.cc:182) Processed features for key S_S13_D5
WARNING (compute-mfcc-feats[5.5.1009~1-e4940]:main():compute-mfcc-feats.cc:122) Channel not specified but you have data with 2 channels; defaulting to zero
VLOG[2] (compute-mfcc-feats[5.5.1009~1-e4940]:main():compute-mfcc-feats.cc:182) Processed features for key S_S13_D6
WARNING (compute-mfcc-feats[5.5.1009~1-e4940]:main():compute-mfcc-feats.cc:122) Channel not specified but you have data with 2 channels; defaulting to zero
VLOG[2] (compute-mfcc-feats[5.5.1009~1-e4940]:main():compute-mfcc-feats.cc:182) Processed features for key S_S18_D1
WARNING (compute-mfcc-feats[5.5.1009~1-e4940]:main():compute-mfcc-feats.cc:122) Channel not specified but you have data with 2 channels; defaulting to zero
LOG (compute-mfcc-feats[5.5.1009~1-e4940]:main():compute-mfcc-feats.cc:181) Processed 50 utterances
VLOG[2] (compute-mfcc-feats[5.5.1009~1-e4940]:main():compute-mfcc-feats.cc:182) Processed features for key S_S18_D2
WARNING (compute-mfcc-feats[5.5.1009~1-e4940]:main():compute-mfcc-feats.cc:122) Channel not specified but you have data with 2 channels; defaulting to zero
VLOG[2] (compute-mfcc-feats[5.5.1009~1-e4940]:main():compute-mfcc-feats.cc:182) Processed features for key S_S18_D3
WARNING (compute-mfcc-feats[5.5.1009~1-e4940]:main():compute-mfcc-feats.cc:122) Channel not specified but you have data with 2 channels; defaulting to zero
VLOG[2] (compute-mfcc-feats[5.5.1009~1-e4940]:main():compute-mfcc-feats.cc:182) Processed features for key S_S18_D4
WARNING (compute-mfcc-feats[5.5.1009~1-e4940]:main():compute-mfcc-feats.cc:122) Channel not specified but you have data with 2 channels; defaulting to zero
VLOG[2] (compute-mfcc-feats[5.5.1009~1-e4940]:main():compute-mfcc-feats.cc:182) Processed features for key S_S18_D5
WARNING (compute-mfcc-feats[5.5.1009~1-e4940]:main():compute-mfcc-feats.cc:122) Channel not specified but you have data with 2 channels; defaulting to zero
VLOG[2] (compute-mfcc-feats[5.5.1009~1-e4940]:main():compute-mfcc-feats.cc:182) Processed features for key S_S18_D6
VLOG[2] (compute-mfcc-feats[5.5.1009~1-e4940]:main():compute-mfcc-feats.cc:182) Processed features for key S_S19_D1
VLOG[2] (compute-mfcc-feats[5.5.1009~1-e4940]:main():compute-mfcc-feats.cc:182) Processed features for key S_S19_D2
VLOG[2] (compute-mfcc-feats[5.5.1009~1-e4940]:main():compute-mfcc-feats.cc:182) Processed features for key S_S19_D3
VLOG[2] (compute-mfcc-feats[5.5.1009~1-e4940]:main():compute-mfcc-feats.cc:182) Processed features for key S_S19_D4
VLOG[2] (compute-mfcc-feats[5.5.1009~1-e4940]:main():compute-mfcc-feats.cc:182) Processed features for key S_S19_D5
LOG (compute-mfcc-feats[5.5.1009~1-e4940]:main():compute-mfcc-feats.cc:181) Processed 60 utterances
VLOG[2] (compute-mfcc-feats[5.5.1009~1-e4940]:main():compute-mfcc-feats.cc:182) Processed features for key S_S19_D6
LOG (compute-mfcc-feats[5.5.1009~1-e4940]:main():compute-mfcc-feats.cc:185)  Done 60 out of 60 utterances.
LOG (copy-feats[5.5.1009~1-e4940]:main():copy-feats.cc:143) Copied 60 feature matrices.
# Accounting: time=7 threads=1
# Ended (code 0) at Thứ hai, 18 Tháng 4 năm 2022 13:40:28 +07, elapsed time 7 seconds
