# compute-mfcc-feats --write-utt2dur=ark,t:exp/make_mfcc/train/utt2dur.4 --verbose=2 --config=conf/mfcc.conf scp,p:exp/make_mfcc/train/wav_train.4.scp ark:- | copy-feats --write-num-frames=ark,t:exp/make_mfcc/train/utt2num_frames.4 --compress=true ark:- ark,scp:/home/cs398/kaldi/egs/numbers/mfcc/raw_mfcc_train.4.ark,/home/cs398/kaldi/egs/numbers/mfcc/raw_mfcc_train.4.scp 
# Started at Thứ hai, 18 Tháng 4 năm 2022 12:58:58 +07
#
compute-mfcc-feats --write-utt2dur=ark,t:exp/make_mfcc/train/utt2dur.4 --verbose=2 --config=conf/mfcc.conf scp,p:exp/make_mfcc/train/wav_train.4.scp ark:- 
copy-feats --write-num-frames=ark,t:exp/make_mfcc/train/utt2num_frames.4 --compress=true ark:- ark,scp:/home/cs398/kaldi/egs/numbers/mfcc/raw_mfcc_train.4.ark,/home/cs398/kaldi/egs/numbers/mfcc/raw_mfcc_train.4.scp 
WARNING (compute-mfcc-feats[5.5.1009~1-e4940]:main():compute-mfcc-feats.cc:122) Channel not specified but you have data with 2 channels; defaulting to zero
VLOG[2] (compute-mfcc-feats[5.5.1009~1-e4940]:main():compute-mfcc-feats.cc:182) Processed features for key S_S13_D4
WARNING (compute-mfcc-feats[5.5.1009~1-e4940]:main():compute-mfcc-feats.cc:122) Channel not specified but you have data with 2 channels; defaulting to zero
VLOG[2] (compute-mfcc-feats[5.5.1009~1-e4940]:main():compute-mfcc-feats.cc:182) Processed features for key S_S13_D5
WARNING (compute-mfcc-feats[5.5.1009~1-e4940]:main():compute-mfcc-feats.cc:122) Channel not specified but you have data with 2 channels; defaulting to zero
VLOG[2] (compute-mfcc-feats[5.5.1009~1-e4940]:main():compute-mfcc-feats.cc:182) Processed features for key S_S13_D6
WARNING (compute-mfcc-feats[5.5.1009~1-e4940]:main():compute-mfcc-feats.cc:122) Channel not specified but you have data with 2 channels; defaulting to zero
VLOG[2] (compute-mfcc-feats[5.5.1009~1-e4940]:main():compute-mfcc-feats.cc:182) Processed features for key S_S18_D1
WARNING (compute-mfcc-feats[5.5.1009~1-e4940]:main():compute-mfcc-feats.cc:122) Channel not specified but you have data with 2 channels; defaulting to zero
VLOG[2] (compute-mfcc-feats[5.5.1009~1-e4940]:main():compute-mfcc-feats.cc:182) Processed features for key S_S18_D2
WARNING (compute-mfcc-feats[5.5.1009~1-e4940]:main():compute-mfcc-feats.cc:122) Channel not specified but you have data with 2 channels; defaulting to zero
VLOG[2] (compute-mfcc-feats[5.5.1009~1-e4940]:main():compute-mfcc-feats.cc:182) Processed features for key S_S18_D3
WARNING (compute-mfcc-feats[5.5.1009~1-e4940]:main():compute-mfcc-feats.cc:122) Channel not specified but you have data with 2 channels; defaulting to zero
VLOG[2] (compute-mfcc-feats[5.5.1009~1-e4940]:main():compute-mfcc-feats.cc:182) Processed features for key S_S18_D4
WARNING (compute-mfcc-feats[5.5.1009~1-e4940]:main():compute-mfcc-feats.cc:122) Channel not specified but you have data with 2 channels; defaulting to zero
VLOG[2] (compute-mfcc-feats[5.5.1009~1-e4940]:main():compute-mfcc-feats.cc:182) Processed features for key S_S18_D5
WARNING (compute-mfcc-feats[5.5.1009~1-e4940]:main():compute-mfcc-feats.cc:122) Channel not specified but you have data with 2 channels; defaulting to zero
VLOG[2] (compute-mfcc-feats[5.5.1009~1-e4940]:main():compute-mfcc-feats.cc:182) Processed features for key S_S18_D6
LOG (compute-mfcc-feats[5.5.1009~1-e4940]:main():compute-mfcc-feats.cc:181) Processed 10 utterances
VLOG[2] (compute-mfcc-feats[5.5.1009~1-e4940]:main():compute-mfcc-feats.cc:182) Processed features for key S_S19_D1
VLOG[2] (compute-mfcc-feats[5.5.1009~1-e4940]:main():compute-mfcc-feats.cc:182) Processed features for key S_S19_D2
VLOG[2] (compute-mfcc-feats[5.5.1009~1-e4940]:main():compute-mfcc-feats.cc:182) Processed features for key S_S19_D3
VLOG[2] (compute-mfcc-feats[5.5.1009~1-e4940]:main():compute-mfcc-feats.cc:182) Processed features for key S_S19_D4
VLOG[2] (compute-mfcc-feats[5.5.1009~1-e4940]:main():compute-mfcc-feats.cc:182) Processed features for key S_S19_D5
VLOG[2] (compute-mfcc-feats[5.5.1009~1-e4940]:main():compute-mfcc-feats.cc:182) Processed features for key S_S19_D6
LOG (compute-mfcc-feats[5.5.1009~1-e4940]:main():compute-mfcc-feats.cc:185)  Done 15 out of 15 utterances.
LOG (copy-feats[5.5.1009~1-e4940]:main():copy-feats.cc:143) Copied 15 feature matrices.
# Accounting: time=1 threads=1
# Ended (code 0) at Thứ hai, 18 Tháng 4 năm 2022 12:58:59 +07, elapsed time 1 seconds
